[9.219s] DEBUG:colcon:Command line arguments: ['/usr/bin/colcon', 'build']
[9.219s] DEBUG:colcon:Parsed command line arguments: Namespace(allow_overriding=[], ament_cmake_args=None, base_paths=['.'], build_base='build', catkin_cmake_args=None, catkin_skip_building_tests=False, cmake_args=None, cmake_clean_cache=False, cmake_clean_first=False, cmake_force_configure=False, cmake_target=None, cmake_target_skip_unavailable=False, continue_on_error=False, event_handlers=None, executor='parallel', ignore_user_meta=False, install_base='install', log_base=None, log_level=None, main=<bound method BuildVerb.main of <colcon_core.verb.build.BuildVerb object at 0x7fb05232b250>>, merge_install=False, metas=['./colcon.meta'], packages_above=None, packages_above_and_dependencies=None, packages_above_depth=None, packages_end=None, packages_ignore=None, packages_ignore_regex=None, packages_select=None, packages_select_build_failed=False, packages_select_by_dep=None, packages_select_regex=None, packages_select_test_failures=False, packages_skip=None, packages_skip_build_finished=False, packages_skip_by_dep=None, packages_skip_regex=None, packages_skip_test_passed=False, packages_skip_up_to=None, packages_start=None, packages_up_to=None, packages_up_to_regex=None, parallel_workers=16, paths=None, symlink_install=False, test_result_base=None, verb_extension=<colcon_core.verb.build.BuildVerb object at 0x7fb05232b250>, verb_name='build', verb_parser=<colcon_defaults.argument_parser.defaults.DefaultArgumentsDecorator object at 0x7fb052331af0>)
[9.624s] Level 1:colcon.colcon_core.package_discovery:discover_packages(colcon_meta) check parameters
[9.624s] Level 1:colcon.colcon_core.package_discovery:discover_packages(recursive) check parameters
[9.624s] Level 1:colcon.colcon_core.package_discovery:discover_packages(ignore) check parameters
[9.624s] Level 1:colcon.colcon_core.package_discovery:discover_packages(path) check parameters
[9.624s] Level 1:colcon.colcon_core.package_discovery:discover_packages(colcon_meta) discover
[9.624s] Level 1:colcon.colcon_core.package_discovery:discover_packages(recursive) discover
[9.624s] INFO:colcon.colcon_core.package_discovery:Crawling recursively for packages in '/home/lion/intellicar/ros2_ws/src/centralized_bringup/launch'
[9.625s] Level 1:colcon.colcon_core.package_identification:_identify(.) by extensions ['ignore', 'ignore_ament_install']
[9.625s] Level 1:colcon.colcon_core.package_identification:_identify(.) by extension 'ignore'
[9.625s] Level 1:colcon.colcon_core.package_identification:_identify(.) by extension 'ignore_ament_install'
[9.625s] Level 1:colcon.colcon_core.package_identification:_identify(.) by extensions ['colcon_pkg']
[9.625s] Level 1:colcon.colcon_core.package_identification:_identify(.) by extension 'colcon_pkg'
[9.625s] Level 1:colcon.colcon_core.package_identification:_identify(.) by extensions ['colcon_meta']
[9.625s] Level 1:colcon.colcon_core.package_identification:_identify(.) by extension 'colcon_meta'
[9.625s] Level 1:colcon.colcon_core.package_identification:_identify(.) by extensions ['ros']
[9.625s] Level 1:colcon.colcon_core.package_identification:_identify(.) by extension 'ros'
[9.645s] Level 1:colcon.colcon_core.package_identification:_identify(.) by extensions ['cmake', 'python']
[9.646s] Level 1:colcon.colcon_core.package_identification:_identify(.) by extension 'cmake'
[9.646s] Level 1:colcon.colcon_core.package_identification:_identify(.) by extension 'python'
[9.646s] Level 1:colcon.colcon_core.package_identification:_identify(.) by extensions ['python_setup_py']
[9.646s] Level 1:colcon.colcon_core.package_identification:_identify(.) by extension 'python_setup_py'
[9.646s] Level 1:colcon.colcon_core.package_identification:_identify(build) by extensions ['ignore', 'ignore_ament_install']
[9.646s] Level 1:colcon.colcon_core.package_identification:_identify(build) by extension 'ignore'
[9.646s] Level 1:colcon.colcon_core.package_identification:_identify(build) ignored
[9.647s] Level 1:colcon.colcon_core.package_identification:_identify(install) by extensions ['ignore', 'ignore_ament_install']
[9.647s] Level 1:colcon.colcon_core.package_identification:_identify(install) by extension 'ignore'
[9.647s] Level 1:colcon.colcon_core.package_identification:_identify(install) ignored
[9.647s] Level 1:colcon.colcon_core.package_identification:_identify(log) by extensions ['ignore', 'ignore_ament_install']
[9.647s] Level 1:colcon.colcon_core.package_identification:_identify(log) by extension 'ignore'
[9.647s] Level 1:colcon.colcon_core.package_identification:_identify(log) ignored
[9.648s] Level 1:colcon.colcon_core.package_discovery:discover_packages(recursive) using defaults
[9.648s] Level 1:colcon.colcon_core.package_discovery:discover_packages(ignore) discover
[9.648s] Level 1:colcon.colcon_core.package_discovery:discover_packages(ignore) using defaults
[9.648s] Level 1:colcon.colcon_core.package_discovery:discover_packages(path) discover
[9.648s] Level 1:colcon.colcon_core.package_discovery:discover_packages(path) using defaults
[10.620s] Level 1:colcon.colcon_core.package_discovery:discover_packages(prefix_path) check parameters
[10.621s] Level 1:colcon.colcon_core.package_discovery:discover_packages(prefix_path) discover
[10.955s] DEBUG:colcon.colcon_installed_package_information.package_discovery:Found 23 installed packages in /home/lion/intellicar/ros2_ws/install
[11.119s] DEBUG:colcon.colcon_installed_package_information.package_discovery:Found 259 installed packages in /opt/ros/foxy
[11.121s] Level 1:colcon.colcon_core.package_discovery:discover_packages(prefix_path) using defaults
[11.606s] INFO:colcon.colcon_core.executor:Executing jobs using 'parallel' executor
[11.762s] DEBUG:colcon.colcon_parallel_executor.executor.parallel:run_until_complete
[11.762s] DEBUG:colcon.colcon_parallel_executor.executor.parallel:closing loop
[11.762s] DEBUG:colcon.colcon_parallel_executor.executor.parallel:loop closed
[11.762s] DEBUG:colcon.colcon_parallel_executor.executor.parallel:run_until_complete finished with '0'
[11.762s] DEBUG:colcon.colcon_core.event_reactor:joining thread
[11.948s] INFO:colcon.colcon_core.plugin_system:Skipping extension 'colcon_notification.desktop_notification.terminal_notifier': Not used on non-Darwin systems
[11.948s] INFO:colcon.colcon_core.plugin_system:Skipping extension 'colcon_notification.desktop_notification.win32': Not used on non-Windows systems
[11.948s] INFO:colcon.colcon_notification.desktop_notification:Sending desktop notification using 'notify2'
[11.963s] DEBUG:colcon.colcon_core.event_reactor:joined thread
[12.138s] INFO:colcon.colcon_core.plugin_system:Skipping extension 'colcon_core.shell.bat': Not used on non-Windows systems
[12.138s] INFO:colcon.colcon_core.shell:Creating prefix script '/home/lion/intellicar/ros2_ws/src/centralized_bringup/launch/install/local_setup.ps1'
[12.139s] INFO:colcon.colcon_core.shell:Creating prefix util module '/home/lion/intellicar/ros2_ws/src/centralized_bringup/launch/install/_local_setup_util_ps1.py'
[12.141s] INFO:colcon.colcon_core.shell:Creating prefix chain script '/home/lion/intellicar/ros2_ws/src/centralized_bringup/launch/install/setup.ps1'
[12.316s] INFO:colcon.colcon_core.shell:Creating prefix script '/home/lion/intellicar/ros2_ws/src/centralized_bringup/launch/install/local_setup.sh'
[12.316s] INFO:colcon.colcon_core.shell:Creating prefix util module '/home/lion/intellicar/ros2_ws/src/centralized_bringup/launch/install/_local_setup_util_sh.py'
[12.317s] INFO:colcon.colcon_core.shell:Creating prefix chain script '/home/lion/intellicar/ros2_ws/src/centralized_bringup/launch/install/setup.sh'
[12.498s] INFO:colcon.colcon_core.shell:Creating prefix script '/home/lion/intellicar/ros2_ws/src/centralized_bringup/launch/install/local_setup.bash'
[12.499s] INFO:colcon.colcon_core.shell:Creating prefix chain script '/home/lion/intellicar/ros2_ws/src/centralized_bringup/launch/install/setup.bash'
[12.673s] INFO:colcon.colcon_core.shell:Creating prefix script '/home/lion/intellicar/ros2_ws/src/centralized_bringup/launch/install/local_setup.zsh'
[12.673s] INFO:colcon.colcon_core.shell:Creating prefix chain script '/home/lion/intellicar/ros2_ws/src/centralized_bringup/launch/install/setup.zsh'
