[8.636s] Invoking command in '/home/lion/intellicar/ros2_ws/build/carla_msgs': CMAKE_PREFIX_PATH=${CMAKE_PREFIX_PATH}:/home/lion/intellicar/ros2_ws/install/carla_ad_demo:/home/lion/intellicar/ros2_ws/install/rqt_carla_control:/home/lion/intellicar/ros2_ws/install/carla_waypoint_publisher:/home/lion/intellicar/ros2_ws/install/carla_ackermann_control:/home/lion/intellicar/ros2_ws/install/carla_ros_bridge:/home/lion/intellicar/ros2_ws/install/carla_spawn_objects:/home/lion/intellicar/ros2_ws/install/carla_manual_control:/home/lion/intellicar/ros2_ws/install/carla_ad_agent:/home/lion/intellicar/ros2_ws/install/ros_compatibility:/home/lion/intellicar/ros2_ws/install/carla_walker_agent:/home/lion/intellicar/ros2_ws/install/carla_twist_to_control:/home/lion/intellicar/ros2_ws/install/carla_ros_scenario_runner:/home/lion/intellicar/ros2_ws/install/carla_common:/opt/ros/foxy /usr/bin/cmake --build /home/lion/intellicar/ros2_ws/build/carla_msgs -- -j16 -l16
[14.347s] [  0%] Built target carla_msgs__cpp
[14.347s] [ 12%] Built target carla_msgs__rosidl_generator_c
[14.347s] [ 24%] Built target carla_msgs__rosidl_typesupport_fastrtps_cpp
[14.347s] [ 36%] Built target carla_msgs__rosidl_typesupport_c
[14.347s] [ 48%] Built target carla_msgs__rosidl_typesupport_fastrtps_c
[14.347s] [ 60%] Built target carla_msgs__rosidl_typesupport_introspection_c
[14.347s] [ 72%] Built target carla_msgs__rosidl_typesupport_cpp
[14.347s] [ 85%] Built target carla_msgs__rosidl_typesupport_introspection_cpp
[14.347s] [ 85%] Built target carla_msgs
[14.347s] [ 86%] Built target carla_msgs__py
[14.347s] [ 97%] Built target carla_msgs__python
[14.348s] [ 98%] Built target carla_msgs__rosidl_typesupport_c__pyext
[14.348s] [ 99%] Built target carla_msgs__rosidl_typesupport_fastrtps_c__pyext
[14.348s] [100%] Built target carla_msgs__rosidl_typesupport_introspection_c__pyext
[14.355s] Invoked command in '/home/lion/intellicar/ros2_ws/build/carla_msgs' returned '0': CMAKE_PREFIX_PATH=${CMAKE_PREFIX_PATH}:/home/lion/intellicar/ros2_ws/install/carla_ad_demo:/home/lion/intellicar/ros2_ws/install/rqt_carla_control:/home/lion/intellicar/ros2_ws/install/carla_waypoint_publisher:/home/lion/intellicar/ros2_ws/install/carla_ackermann_control:/home/lion/intellicar/ros2_ws/install/carla_ros_bridge:/home/lion/intellicar/ros2_ws/install/carla_spawn_objects:/home/lion/intellicar/ros2_ws/install/carla_manual_control:/home/lion/intellicar/ros2_ws/install/carla_ad_agent:/home/lion/intellicar/ros2_ws/install/ros_compatibility:/home/lion/intellicar/ros2_ws/install/carla_walker_agent:/home/lion/intellicar/ros2_ws/install/carla_twist_to_control:/home/lion/intellicar/ros2_ws/install/carla_ros_scenario_runner:/home/lion/intellicar/ros2_ws/install/carla_common:/opt/ros/foxy /usr/bin/cmake --build /home/lion/intellicar/ros2_ws/build/carla_msgs -- -j16 -l16
[16.397s] Invoking command in '/home/lion/intellicar/ros2_ws/build/carla_msgs': CMAKE_PREFIX_PATH=${CMAKE_PREFIX_PATH}:/home/lion/intellicar/ros2_ws/install/carla_ad_demo:/home/lion/intellicar/ros2_ws/install/rqt_carla_control:/home/lion/intellicar/ros2_ws/install/carla_waypoint_publisher:/home/lion/intellicar/ros2_ws/install/carla_ackermann_control:/home/lion/intellicar/ros2_ws/install/carla_ros_bridge:/home/lion/intellicar/ros2_ws/install/carla_spawn_objects:/home/lion/intellicar/ros2_ws/install/carla_manual_control:/home/lion/intellicar/ros2_ws/install/carla_ad_agent:/home/lion/intellicar/ros2_ws/install/ros_compatibility:/home/lion/intellicar/ros2_ws/install/carla_walker_agent:/home/lion/intellicar/ros2_ws/install/carla_twist_to_control:/home/lion/intellicar/ros2_ws/install/carla_ros_scenario_runner:/home/lion/intellicar/ros2_ws/install/carla_common:/opt/ros/foxy /usr/bin/cmake --install /home/lion/intellicar/ros2_ws/build/carla_msgs
[17.690s] -- Install configuration: ""
[17.691s] -- Up-to-date: /home/lion/intellicar/ros2_ws/install/carla_msgs/share/ament_index/resource_index/rosidl_interfaces/carla_msgs
[17.693s] -- Up-to-date: /home/lion/intellicar/ros2_ws/install/carla_msgs/include/carla_msgs
[17.695s] -- Up-to-date: /home/lion/intellicar/ros2_ws/install/carla_msgs/include/carla_msgs/msg
[17.695s] -- Up-to-date: /home/lion/intellicar/ros2_ws/install/carla_msgs/include/carla_msgs/msg/carla_bounding_box.h
[17.696s] -- Up-to-date: /home/lion/intellicar/ros2_ws/install/carla_msgs/include/carla_msgs/msg/carla_ego_vehicle_status.h
[17.702s] -- Up-to-date: /home/lion/intellicar/ros2_ws/install/carla_msgs/include/carla_msgs/msg/carla_ego_vehicle_info_wheel.h
[17.703s] -- Up-to-date: /home/lion/intellicar/ros2_ws/install/carla_msgs/include/carla_msgs/msg/carla_walker_control.h
[17.703s] -- Up-to-date: /home/lion/intellicar/ros2_ws/install/carla_msgs/include/carla_msgs/msg/detail
[17.705s] -- Up-to-date: /home/lion/intellicar/ros2_ws/install/carla_msgs/include/carla_msgs/msg/detail/carla_lane_invasion_event__functions.h
[17.707s] -- Up-to-date: /home/lion/intellicar/ros2_ws/install/carla_msgs/include/carla_msgs/msg/detail/carla_control__functions.h
[17.708s] -- Up-to-date: /home/lion/intellicar/ros2_ws/install/carla_msgs/include/carla_msgs/msg/detail/carla_traffic_light_status__type_support.h
[17.708s] -- Up-to-date: /home/lion/intellicar/ros2_ws/install/carla_msgs/include/carla_msgs/msg/detail/carla_actor_list__functions.h
[17.708s] -- Up-to-date: /home/lion/intellicar/ros2_ws/install/carla_msgs/include/carla_msgs/msg/detail/carla_traffic_light_status__functions.c
[17.708s] -- Up-to-date: /home/lion/intellicar/ros2_ws/install/carla_msgs/include/carla_msgs/msg/detail/carla_walker_control__type_support.h
[17.708s] -- Up-to-date: /home/lion/intellicar/ros2_ws/install/carla_msgs/include/carla_msgs/msg/detail/carla_world_info__functions.c
[17.708s] -- Up-to-date: /home/lion/intellicar/ros2_ws/install/carla_msgs/include/carla_msgs/msg/detail/carla_control__type_support.h
[17.708s] -- Up-to-date: /home/lion/intellicar/ros2_ws/install/carla_msgs/include/carla_msgs/msg/detail/carla_traffic_light_info__struct.h
[17.708s] -- Up-to-date: /home/lion/intellicar/ros2_ws/install/carla_msgs/include/carla_msgs/msg/detail/carla_walker_control__struct.h
[17.708s] -- Up-to-date: /home/lion/intellicar/ros2_ws/install/carla_msgs/include/carla_msgs/msg/detail/carla_ego_vehicle_info__functions.c
[17.708s] -- Up-to-date: /home/lion/intellicar/ros2_ws/install/carla_msgs/include/carla_msgs/msg/detail/carla_weather_parameters__struct.h
[17.709s] -- Up-to-date: /home/lion/intellicar/ros2_ws/install/carla_msgs/include/carla_msgs/msg/detail/carla_collision_event__type_support.h
[17.709s] -- Up-to-date: /home/lion/intellicar/ros2_ws/install/carla_msgs/include/carla_msgs/msg/detail/carla_ego_vehicle_info_wheel__type_support.h
[17.709s] -- Up-to-date: /home/lion/intellicar/ros2_ws/install/carla_msgs/include/carla_msgs/msg/detail/carla_traffic_light_info_list__struct.h
[17.709s] -- Up-to-date: /home/lion/intellicar/ros2_ws/install/carla_msgs/include/carla_msgs/msg/detail/carla_traffic_light_info_list__type_support.h
[17.709s] -- Up-to-date: /home/lion/intellicar/ros2_ws/install/carla_msgs/include/carla_msgs/msg/detail/carla_world_info__functions.h
[17.709s] -- Up-to-date: /home/lion/intellicar/ros2_ws/install/carla_msgs/include/carla_msgs/msg/detail/carla_traffic_light_status_list__type_support.h
[17.709s] -- Up-to-date: /home/lion/intellicar/ros2_ws/install/carla_msgs/include/carla_msgs/msg/detail/carla_actor_info__struct.h
[17.713s] -- Up-to-date: /home/lion/intellicar/ros2_ws/install/carla_msgs/include/carla_msgs/msg/detail/carla_actor_info__type_support.h
[17.713s] -- Up-to-date: /home/lion/intellicar/ros2_ws/install/carla_msgs/include/carla_msgs/msg/detail/carla_status__type_support.h
[17.713s] -- Up-to-date: /home/lion/intellicar/ros2_ws/install/carla_msgs/include/carla_msgs/msg/detail/carla_ego_vehicle_info_wheel__functions.h
[17.713s] -- Up-to-date: /home/lion/intellicar/ros2_ws/install/carla_msgs/include/carla_msgs/msg/detail/carla_control__struct.h
[17.713s] -- Up-to-date: /home/lion/intellicar/ros2_ws/install/carla_msgs/include/carla_msgs/msg/detail/carla_actor_list__struct.h
[17.713s] -- Up-to-date: /home/lion/intellicar/ros2_ws/install/carla_msgs/include/carla_msgs/msg/detail/carla_collision_event__functions.h
[17.713s] -- Up-to-date: /home/lion/intellicar/ros2_ws/install/carla_msgs/include/carla_msgs/msg/detail/carla_bounding_box__type_support.h
[17.713s] -- Up-to-date: /home/lion/intellicar/ros2_ws/install/carla_msgs/include/carla_msgs/msg/detail/carla_status__struct.h
[17.713s] -- Up-to-date: /home/lion/intellicar/ros2_ws/install/carla_msgs/include/carla_msgs/msg/detail/carla_traffic_light_info_list__functions.c
[17.713s] -- Up-to-date: /home/lion/intellicar/ros2_ws/install/carla_msgs/include/carla_msgs/msg/detail/carla_ego_vehicle_control__functions.c
[17.720s] -- Up-to-date: /home/lion/intellicar/ros2_ws/install/carla_msgs/include/carla_msgs/msg/detail/carla_status__functions.c
[17.720s] -- Up-to-date: /home/lion/intellicar/ros2_ws/install/carla_msgs/include/carla_msgs/msg/detail/carla_traffic_light_info_list__functions.h
[17.720s] -- Up-to-date: /home/lion/intellicar/ros2_ws/install/carla_msgs/include/carla_msgs/msg/detail/carla_ego_vehicle_info__struct.h
[17.721s] -- Up-to-date: /home/lion/intellicar/ros2_ws/install/carla_msgs/include/carla_msgs/msg/detail/carla_ego_vehicle_status__functions.c
[17.721s] -- Up-to-date: /home/lion/intellicar/ros2_ws/install/carla_msgs/include/carla_msgs/msg/detail/carla_traffic_light_info__functions.c
[17.721s] -- Up-to-date: /home/lion/intellicar/ros2_ws/install/carla_msgs/include/carla_msgs/msg/detail/carla_weather_parameters__functions.h
[17.721s] -- Up-to-date: /home/lion/intellicar/ros2_ws/install/carla_msgs/include/carla_msgs/msg/detail/carla_bounding_box__functions.h
[17.722s] -- Up-to-date: /home/lion/intellicar/ros2_ws/install/carla_msgs/include/carla_msgs/msg/detail/carla_ego_vehicle_control__type_support.h
[17.722s] -- Up-to-date: /home/lion/intellicar/ros2_ws/install/carla_msgs/include/carla_msgs/msg/detail/carla_bounding_box__struct.h
[17.722s] -- Up-to-date: /home/lion/intellicar/ros2_ws/install/carla_msgs/include/carla_msgs/msg/detail/carla_traffic_light_info__functions.h
[17.722s] -- Up-to-date: /home/lion/intellicar/ros2_ws/install/carla_msgs/include/carla_msgs/msg/detail/carla_lane_invasion_event__struct.h
[17.722s] -- Up-to-date: /home/lion/intellicar/ros2_ws/install/carla_msgs/include/carla_msgs/msg/detail/carla_actor_info__functions.c
[17.722s] -- Up-to-date: /home/lion/intellicar/ros2_ws/install/carla_msgs/include/carla_msgs/msg/detail/carla_actor_list__type_support.h
[17.723s] -- Up-to-date: /home/lion/intellicar/ros2_ws/install/carla_msgs/include/carla_msgs/msg/detail/carla_collision_event__functions.c
[17.723s] -- Up-to-date: /home/lion/intellicar/ros2_ws/install/carla_msgs/include/carla_msgs/msg/detail/carla_ego_vehicle_info_wheel__functions.c
[17.723s] -- Up-to-date: /home/lion/intellicar/ros2_ws/install/carla_msgs/include/carla_msgs/msg/detail/carla_status__functions.h
[17.723s] -- Up-to-date: /home/lion/intellicar/ros2_ws/install/carla_msgs/include/carla_msgs/msg/detail/carla_ego_vehicle_control__functions.h
[17.723s] -- Up-to-date: /home/lion/intellicar/ros2_ws/install/carla_msgs/include/carla_msgs/msg/detail/carla_actor_list__functions.c
[17.724s] -- Up-to-date: /home/lion/intellicar/ros2_ws/install/carla_msgs/include/carla_msgs/msg/detail/carla_lane_invasion_event__functions.c
[17.724s] -- Up-to-date: /home/lion/intellicar/ros2_ws/install/carla_msgs/include/carla_msgs/msg/detail/carla_ego_vehicle_status__struct.h
[17.724s] -- Up-to-date: /home/lion/intellicar/ros2_ws/install/carla_msgs/include/carla_msgs/msg/detail/carla_traffic_light_info__type_support.h
[17.725s] -- Up-to-date: /home/lion/intellicar/ros2_ws/install/carla_msgs/include/carla_msgs/msg/detail/carla_actor_info__functions.h
[17.726s] -- Up-to-date: /home/lion/intellicar/ros2_ws/install/carla_msgs/include/carla_msgs/msg/detail/carla_world_info__type_support.h
[17.726s] -- Up-to-date: /home/lion/intellicar/ros2_ws/install/carla_msgs/include/carla_msgs/msg/detail/carla_bounding_box__functions.c
[17.727s] -- Up-to-date: /home/lion/intellicar/ros2_ws/install/carla_msgs/include/carla_msgs/msg/detail/carla_ego_vehicle_info__functions.h
[17.729s] -- Up-to-date: /home/lion/intellicar/ros2_ws/install/carla_msgs/include/carla_msgs/msg/detail/carla_ego_vehicle_control__struct.h
[17.729s] -- Up-to-date: /home/lion/intellicar/ros2_ws/install/carla_msgs/include/carla_msgs/msg/detail/carla_traffic_light_status_list__functions.c
[17.752s] -- Up-to-date: /home/lion/intellicar/ros2_ws/install/carla_msgs/include/carla_msgs/msg/detail/carla_ego_vehicle_info__type_support.h
[17.753s] -- Up-to-date: /home/lion/intellicar/ros2_ws/install/carla_msgs/include/carla_msgs/msg/detail/carla_collision_event__struct.h
[17.753s] -- Up-to-date: /home/lion/intellicar/ros2_ws/install/carla_msgs/include/carla_msgs/msg/detail/carla_ego_vehicle_status__type_support.h
[17.753s] -- Up-to-date: /home/lion/intellicar/ros2_ws/install/carla_msgs/include/carla_msgs/msg/detail/carla_weather_parameters__functions.c
[17.753s] -- Up-to-date: /home/lion/intellicar/ros2_ws/install/carla_msgs/include/carla_msgs/msg/detail/carla_traffic_light_status__struct.h
[17.753s] -- Up-to-date: /home/lion/intellicar/ros2_ws/install/carla_msgs/include/carla_msgs/msg/detail/carla_ego_vehicle_info_wheel__struct.h
[17.753s] -- Up-to-date: /home/lion/intellicar/ros2_ws/install/carla_msgs/include/carla_msgs/msg/detail/carla_traffic_light_status_list__struct.h
[17.753s] -- Up-to-date: /home/lion/intellicar/ros2_ws/install/carla_msgs/include/carla_msgs/msg/detail/carla_traffic_light_status_list__functions.h
[17.753s] -- Up-to-date: /home/lion/intellicar/ros2_ws/install/carla_msgs/include/carla_msgs/msg/detail/carla_world_info__struct.h
[17.753s] -- Up-to-date: /home/lion/intellicar/ros2_ws/install/carla_msgs/include/carla_msgs/msg/detail/carla_walker_control__functions.c
[17.754s] -- Up-to-date: /home/lion/intellicar/ros2_ws/install/carla_msgs/include/carla_msgs/msg/detail/carla_weather_parameters__type_support.h
[17.754s] -- Up-to-date: /home/lion/intellicar/ros2_ws/install/carla_msgs/include/carla_msgs/msg/detail/carla_traffic_light_status__functions.h
[17.754s] -- Up-to-date: /home/lion/intellicar/ros2_ws/install/carla_msgs/include/carla_msgs/msg/detail/carla_control__functions.c
[17.754s] -- Up-to-date: /home/lion/intellicar/ros2_ws/install/carla_msgs/include/carla_msgs/msg/detail/carla_walker_control__functions.h
[17.754s] -- Up-to-date: /home/lion/intellicar/ros2_ws/install/carla_msgs/include/carla_msgs/msg/detail/carla_ego_vehicle_status__functions.h
[17.754s] -- Up-to-date: /home/lion/intellicar/ros2_ws/install/carla_msgs/include/carla_msgs/msg/detail/carla_lane_invasion_event__type_support.h
[17.754s] -- Up-to-date: /home/lion/intellicar/ros2_ws/install/carla_msgs/include/carla_msgs/msg/carla_status.h
[17.754s] -- Up-to-date: /home/lion/intellicar/ros2_ws/install/carla_msgs/include/carla_msgs/msg/carla_traffic_light_info.h
[17.755s] -- Up-to-date: /home/lion/intellicar/ros2_ws/install/carla_msgs/include/carla_msgs/msg/carla_actor_info.h
[17.755s] -- Up-to-date: /home/lion/intellicar/ros2_ws/install/carla_msgs/include/carla_msgs/msg/carla_lane_invasion_event.h
[17.755s] -- Up-to-date: /home/lion/intellicar/ros2_ws/install/carla_msgs/include/carla_msgs/msg/carla_ego_vehicle_info.h
[17.755s] -- Up-to-date: /home/lion/intellicar/ros2_ws/install/carla_msgs/include/carla_msgs/msg/carla_ego_vehicle_control.h
[17.755s] -- Up-to-date: /home/lion/intellicar/ros2_ws/install/carla_msgs/include/carla_msgs/msg/carla_collision_event.h
[17.756s] -- Up-to-date: /home/lion/intellicar/ros2_ws/install/carla_msgs/include/carla_msgs/msg/carla_traffic_light_info_list.h
[17.756s] -- Up-to-date: /home/lion/intellicar/ros2_ws/install/carla_msgs/include/carla_msgs/msg/carla_traffic_light_status_list.h
[17.756s] -- Up-to-date: /home/lion/intellicar/ros2_ws/install/carla_msgs/include/carla_msgs/msg/carla_weather_parameters.h
[17.756s] -- Up-to-date: /home/lion/intellicar/ros2_ws/install/carla_msgs/include/carla_msgs/msg/carla_traffic_light_status.h
[17.756s] -- Up-to-date: /home/lion/intellicar/ros2_ws/install/carla_msgs/include/carla_msgs/msg/carla_actor_list.h
[17.756s] -- Up-to-date: /home/lion/intellicar/ros2_ws/install/carla_msgs/include/carla_msgs/msg/rosidl_generator_c__visibility_control.h
[17.756s] -- Up-to-date: /home/lion/intellicar/ros2_ws/install/carla_msgs/include/carla_msgs/msg/carla_control.h
[17.758s] -- Up-to-date: /home/lion/intellicar/ros2_ws/install/carla_msgs/include/carla_msgs/msg/carla_world_info.h
[17.759s] -- Up-to-date: /home/lion/intellicar/ros2_ws/install/carla_msgs/include/carla_msgs/srv
[17.759s] -- Up-to-date: /home/lion/intellicar/ros2_ws/install/carla_msgs/include/carla_msgs/srv/detail
[17.759s] -- Up-to-date: /home/lion/intellicar/ros2_ws/install/carla_msgs/include/carla_msgs/srv/detail/spawn_object__functions.c
[17.759s] -- Up-to-date: /home/lion/intellicar/ros2_ws/install/carla_msgs/include/carla_msgs/srv/detail/destroy_object__type_support.h
[17.759s] -- Up-to-date: /home/lion/intellicar/ros2_ws/install/carla_msgs/include/carla_msgs/srv/detail/spawn_object__functions.h
[17.759s] -- Up-to-date: /home/lion/intellicar/ros2_ws/install/carla_msgs/include/carla_msgs/srv/detail/get_blueprints__functions.h
[17.759s] -- Up-to-date: /home/lion/intellicar/ros2_ws/install/carla_msgs/include/carla_msgs/srv/detail/get_blueprints__struct.h
[17.759s] -- Up-to-date: /home/lion/intellicar/ros2_ws/install/carla_msgs/include/carla_msgs/srv/detail/spawn_object__type_support.h
[17.760s] -- Up-to-date: /home/lion/intellicar/ros2_ws/install/carla_msgs/include/carla_msgs/srv/detail/destroy_object__functions.c
[17.760s] -- Up-to-date: /home/lion/intellicar/ros2_ws/install/carla_msgs/include/carla_msgs/srv/detail/spawn_object__struct.h
[17.760s] -- Up-to-date: /home/lion/intellicar/ros2_ws/install/carla_msgs/include/carla_msgs/srv/detail/get_blueprints__functions.c
[17.760s] -- Up-to-date: /home/lion/intellicar/ros2_ws/install/carla_msgs/include/carla_msgs/srv/detail/destroy_object__functions.h
[17.760s] -- Up-to-date: /home/lion/intellicar/ros2_ws/install/carla_msgs/include/carla_msgs/srv/detail/get_blueprints__type_support.h
[17.760s] -- Up-to-date: /home/lion/intellicar/ros2_ws/install/carla_msgs/include/carla_msgs/srv/detail/destroy_object__struct.h
[17.760s] -- Up-to-date: /home/lion/intellicar/ros2_ws/install/carla_msgs/include/carla_msgs/srv/destroy_object.h
[17.761s] -- Up-to-date: /home/lion/intellicar/ros2_ws/install/carla_msgs/include/carla_msgs/srv/spawn_object.h
[17.766s] -- Up-to-date: /home/lion/intellicar/ros2_ws/install/carla_msgs/include/carla_msgs/srv/get_blueprints.h
[17.767s] -- Up-to-date: /home/lion/intellicar/ros2_ws/install/carla_msgs/share/carla_msgs/environment/library_path.sh
[17.767s] -- Up-to-date: /home/lion/intellicar/ros2_ws/install/carla_msgs/share/carla_msgs/environment/library_path.dsv
[17.767s] -- Up-to-date: /home/lion/intellicar/ros2_ws/install/carla_msgs/lib/libcarla_msgs__rosidl_generator_c.so
[17.767s] -- Up-to-date: /home/lion/intellicar/ros2_ws/install/carla_msgs/include/carla_msgs
[17.767s] -- Up-to-date: /home/lion/intellicar/ros2_ws/install/carla_msgs/include/carla_msgs/msg
[17.767s] -- Up-to-date: /home/lion/intellicar/ros2_ws/install/carla_msgs/include/carla_msgs/msg/detail
[17.767s] -- Up-to-date: /home/lion/intellicar/ros2_ws/install/carla_msgs/include/carla_msgs/msg/detail/carla_traffic_light_info_list__rosidl_typesupport_fastrtps_c.h
[17.767s] -- Up-to-date: /home/lion/intellicar/ros2_ws/install/carla_msgs/include/carla_msgs/msg/detail/carla_status__rosidl_typesupport_fastrtps_c.h
[17.768s] -- Up-to-date: /home/lion/intellicar/ros2_ws/install/carla_msgs/include/carla_msgs/msg/detail/carla_collision_event__rosidl_typesupport_fastrtps_c.h
[17.768s] -- Up-to-date: /home/lion/intellicar/ros2_ws/install/carla_msgs/include/carla_msgs/msg/detail/carla_traffic_light_status__rosidl_typesupport_fastrtps_c.h
[17.768s] -- Up-to-date: /home/lion/intellicar/ros2_ws/install/carla_msgs/include/carla_msgs/msg/detail/carla_walker_control__rosidl_typesupport_fastrtps_c.h
[17.768s] -- Up-to-date: /home/lion/intellicar/ros2_ws/install/carla_msgs/include/carla_msgs/msg/detail/carla_ego_vehicle_info_wheel__rosidl_typesupport_fastrtps_c.h
[17.768s] -- Up-to-date: /home/lion/intellicar/ros2_ws/install/carla_msgs/include/carla_msgs/msg/detail/carla_lane_invasion_event__rosidl_typesupport_fastrtps_c.h
[17.768s] -- Up-to-date: /home/lion/intellicar/ros2_ws/install/carla_msgs/include/carla_msgs/msg/detail/carla_actor_list__rosidl_typesupport_fastrtps_c.h
[17.768s] -- Up-to-date: /home/lion/intellicar/ros2_ws/install/carla_msgs/include/carla_msgs/msg/detail/carla_actor_info__rosidl_typesupport_fastrtps_c.h
[17.768s] -- Up-to-date: /home/lion/intellicar/ros2_ws/install/carla_msgs/include/carla_msgs/msg/detail/carla_traffic_light_info__rosidl_typesupport_fastrtps_c.h
[17.768s] -- Up-to-date: /home/lion/intellicar/ros2_ws/install/carla_msgs/include/carla_msgs/msg/detail/carla_control__rosidl_typesupport_fastrtps_c.h
[17.768s] -- Up-to-date: /home/lion/intellicar/ros2_ws/install/carla_msgs/include/carla_msgs/msg/detail/carla_traffic_light_status_list__rosidl_typesupport_fastrtps_c.h
[17.769s] -- Up-to-date: /home/lion/intellicar/ros2_ws/install/carla_msgs/include/carla_msgs/msg/detail/carla_ego_vehicle_status__rosidl_typesupport_fastrtps_c.h
[17.769s] -- Up-to-date: /home/lion/intellicar/ros2_ws/install/carla_msgs/include/carla_msgs/msg/detail/carla_ego_vehicle_info__rosidl_typesupport_fastrtps_c.h
[17.769s] -- Up-to-date: /home/lion/intellicar/ros2_ws/install/carla_msgs/include/carla_msgs/msg/detail/carla_ego_vehicle_control__rosidl_typesupport_fastrtps_c.h
[17.769s] -- Up-to-date: /home/lion/intellicar/ros2_ws/install/carla_msgs/include/carla_msgs/msg/detail/carla_weather_parameters__rosidl_typesupport_fastrtps_c.h
[17.769s] -- Up-to-date: /home/lion/intellicar/ros2_ws/install/carla_msgs/include/carla_msgs/msg/detail/carla_bounding_box__rosidl_typesupport_fastrtps_c.h
[17.769s] -- Up-to-date: /home/lion/intellicar/ros2_ws/install/carla_msgs/include/carla_msgs/msg/detail/carla_world_info__rosidl_typesupport_fastrtps_c.h
[17.769s] -- Up-to-date: /home/lion/intellicar/ros2_ws/install/carla_msgs/include/carla_msgs/msg/rosidl_typesupport_fastrtps_c__visibility_control.h
[17.769s] -- Up-to-date: /home/lion/intellicar/ros2_ws/install/carla_msgs/include/carla_msgs/srv
[17.769s] -- Up-to-date: /home/lion/intellicar/ros2_ws/install/carla_msgs/include/carla_msgs/srv/detail
[17.769s] -- Up-to-date: /home/lion/intellicar/ros2_ws/install/carla_msgs/include/carla_msgs/srv/detail/destroy_object__rosidl_typesupport_fastrtps_c.h
[17.770s] -- Up-to-date: /home/lion/intellicar/ros2_ws/install/carla_msgs/include/carla_msgs/srv/detail/get_blueprints__rosidl_typesupport_fastrtps_c.h
[17.770s] -- Up-to-date: /home/lion/intellicar/ros2_ws/install/carla_msgs/include/carla_msgs/srv/detail/spawn_object__rosidl_typesupport_fastrtps_c.h
[17.770s] -- Up-to-date: /home/lion/intellicar/ros2_ws/install/carla_msgs/lib/libcarla_msgs__rosidl_typesupport_fastrtps_c.so
[17.770s] -- Up-to-date: /home/lion/intellicar/ros2_ws/install/carla_msgs/include/carla_msgs
[17.770s] -- Up-to-date: /home/lion/intellicar/ros2_ws/install/carla_msgs/include/carla_msgs/msg
[17.770s] -- Up-to-date: /home/lion/intellicar/ros2_ws/install/carla_msgs/include/carla_msgs/msg/detail
[17.770s] -- Up-to-date: /home/lion/intellicar/ros2_ws/install/carla_msgs/include/carla_msgs/msg/detail/carla_ego_vehicle_status__rosidl_typesupport_fastrtps_cpp.hpp
[17.770s] -- Up-to-date: /home/lion/intellicar/ros2_ws/install/carla_msgs/include/carla_msgs/msg/detail/carla_walker_control__rosidl_typesupport_fastrtps_cpp.hpp
[17.771s] -- Up-to-date: /home/lion/intellicar/ros2_ws/install/carla_msgs/include/carla_msgs/msg/detail/carla_actor_info__rosidl_typesupport_fastrtps_cpp.hpp
[17.771s] -- Up-to-date: /home/lion/intellicar/ros2_ws/install/carla_msgs/include/carla_msgs/msg/detail/carla_status__rosidl_typesupport_fastrtps_cpp.hpp
[17.771s] -- Up-to-date: /home/lion/intellicar/ros2_ws/install/carla_msgs/include/carla_msgs/msg/detail/dds_fastrtps
[17.771s] -- Up-to-date: /home/lion/intellicar/ros2_ws/install/carla_msgs/include/carla_msgs/msg/detail/carla_ego_vehicle_info__rosidl_typesupport_fastrtps_cpp.hpp
[17.771s] -- Up-to-date: /home/lion/intellicar/ros2_ws/install/carla_msgs/include/carla_msgs/msg/detail/carla_bounding_box__rosidl_typesupport_fastrtps_cpp.hpp
[17.771s] -- Up-to-date: /home/lion/intellicar/ros2_ws/install/carla_msgs/include/carla_msgs/msg/detail/carla_traffic_light_status__rosidl_typesupport_fastrtps_cpp.hpp
[17.771s] -- Up-to-date: /home/lion/intellicar/ros2_ws/install/carla_msgs/include/carla_msgs/msg/detail/carla_weather_parameters__rosidl_typesupport_fastrtps_cpp.hpp
[17.771s] -- Up-to-date: /home/lion/intellicar/ros2_ws/install/carla_msgs/include/carla_msgs/msg/detail/carla_actor_list__rosidl_typesupport_fastrtps_cpp.hpp
[17.772s] -- Up-to-date: /home/lion/intellicar/ros2_ws/install/carla_msgs/include/carla_msgs/msg/detail/carla_traffic_light_info__rosidl_typesupport_fastrtps_cpp.hpp
[17.772s] -- Up-to-date: /home/lion/intellicar/ros2_ws/install/carla_msgs/include/carla_msgs/msg/detail/carla_collision_event__rosidl_typesupport_fastrtps_cpp.hpp
[17.772s] -- Up-to-date: /home/lion/intellicar/ros2_ws/install/carla_msgs/include/carla_msgs/msg/detail/carla_lane_invasion_event__rosidl_typesupport_fastrtps_cpp.hpp
[17.772s] -- Up-to-date: /home/lion/intellicar/ros2_ws/install/carla_msgs/include/carla_msgs/msg/detail/carla_world_info__rosidl_typesupport_fastrtps_cpp.hpp
[17.772s] -- Up-to-date: /home/lion/intellicar/ros2_ws/install/carla_msgs/include/carla_msgs/msg/detail/carla_ego_vehicle_control__rosidl_typesupport_fastrtps_cpp.hpp
[17.772s] -- Up-to-date: /home/lion/intellicar/ros2_ws/install/carla_msgs/include/carla_msgs/msg/detail/carla_traffic_light_info_list__rosidl_typesupport_fastrtps_cpp.hpp
[17.772s] -- Up-to-date: /home/lion/intellicar/ros2_ws/install/carla_msgs/include/carla_msgs/msg/detail/carla_traffic_light_status_list__rosidl_typesupport_fastrtps_cpp.hpp
[17.772s] -- Up-to-date: /home/lion/intellicar/ros2_ws/install/carla_msgs/include/carla_msgs/msg/detail/carla_ego_vehicle_info_wheel__rosidl_typesupport_fastrtps_cpp.hpp
[17.772s] -- Up-to-date: /home/lion/intellicar/ros2_ws/install/carla_msgs/include/carla_msgs/msg/detail/carla_control__rosidl_typesupport_fastrtps_cpp.hpp
[17.772s] -- Up-to-date: /home/lion/intellicar/ros2_ws/install/carla_msgs/include/carla_msgs/msg/rosidl_typesupport_fastrtps_cpp__visibility_control.h
[17.772s] -- Up-to-date: /home/lion/intellicar/ros2_ws/install/carla_msgs/include/carla_msgs/srv
[17.773s] -- Up-to-date: /home/lion/intellicar/ros2_ws/install/carla_msgs/include/carla_msgs/srv/detail
[17.773s] -- Up-to-date: /home/lion/intellicar/ros2_ws/install/carla_msgs/include/carla_msgs/srv/detail/dds_fastrtps
[17.773s] -- Up-to-date: /home/lion/intellicar/ros2_ws/install/carla_msgs/include/carla_msgs/srv/detail/destroy_object__rosidl_typesupport_fastrtps_cpp.hpp
[17.773s] -- Up-to-date: /home/lion/intellicar/ros2_ws/install/carla_msgs/include/carla_msgs/srv/detail/get_blueprints__rosidl_typesupport_fastrtps_cpp.hpp
[17.773s] -- Up-to-date: /home/lion/intellicar/ros2_ws/install/carla_msgs/include/carla_msgs/srv/detail/spawn_object__rosidl_typesupport_fastrtps_cpp.hpp
[17.773s] -- Up-to-date: /home/lion/intellicar/ros2_ws/install/carla_msgs/lib/libcarla_msgs__rosidl_typesupport_fastrtps_cpp.so
[17.773s] -- Up-to-date: /home/lion/intellicar/ros2_ws/install/carla_msgs/include/carla_msgs
[17.773s] -- Up-to-date: /home/lion/intellicar/ros2_ws/install/carla_msgs/include/carla_msgs/msg
[17.773s] -- Up-to-date: /home/lion/intellicar/ros2_ws/install/carla_msgs/include/carla_msgs/msg/detail
[17.773s] -- Up-to-date: /home/lion/intellicar/ros2_ws/install/carla_msgs/include/carla_msgs/msg/detail/carla_traffic_light_info__type_support.c
[17.773s] -- Up-to-date: /home/lion/intellicar/ros2_ws/install/carla_msgs/include/carla_msgs/msg/detail/carla_weather_parameters__type_support.c
[17.774s] -- Up-to-date: /home/lion/intellicar/ros2_ws/install/carla_msgs/include/carla_msgs/msg/detail/carla_walker_control__type_support.c
[17.774s] -- Up-to-date: /home/lion/intellicar/ros2_ws/install/carla_msgs/include/carla_msgs/msg/detail/carla_ego_vehicle_info__rosidl_typesupport_introspection_c.h
[17.774s] -- Up-to-date: /home/lion/intellicar/ros2_ws/install/carla_msgs/include/carla_msgs/msg/detail/carla_traffic_light_info_list__type_support.c
[17.782s] -- Up-to-date: /home/lion/intellicar/ros2_ws/install/carla_msgs/include/carla_msgs/msg/detail/carla_weather_parameters__rosidl_typesupport_introspection_c.h
[17.783s] -- Up-to-date: /home/lion/intellicar/ros2_ws/install/carla_msgs/include/carla_msgs/msg/detail/carla_bounding_box__type_support.c
[17.783s] -- Up-to-date: /home/lion/intellicar/ros2_ws/install/carla_msgs/include/carla_msgs/msg/detail/carla_traffic_light_status__rosidl_typesupport_introspection_c.h
[17.783s] -- Up-to-date: /home/lion/intellicar/ros2_ws/install/carla_msgs/include/carla_msgs/msg/detail/carla_actor_list__type_support.c
[17.783s] -- Up-to-date: /home/lion/intellicar/ros2_ws/install/carla_msgs/include/carla_msgs/msg/detail/carla_status__type_support.c
[17.783s] -- Up-to-date: /home/lion/intellicar/ros2_ws/install/carla_msgs/include/carla_msgs/msg/detail/carla_walker_control__rosidl_typesupport_introspection_c.h
[17.783s] -- Up-to-date: /home/lion/intellicar/ros2_ws/install/carla_msgs/include/carla_msgs/msg/detail/carla_actor_info__type_support.c
[17.783s] -- Up-to-date: /home/lion/intellicar/ros2_ws/install/carla_msgs/include/carla_msgs/msg/detail/carla_ego_vehicle_info_wheel__type_support.c
[17.783s] -- Up-to-date: /home/lion/intellicar/ros2_ws/install/carla_msgs/include/carla_msgs/msg/detail/carla_control__type_support.c
[17.783s] -- Up-to-date: /home/lion/intellicar/ros2_ws/install/carla_msgs/include/carla_msgs/msg/detail/carla_ego_vehicle_info__type_support.c
[17.783s] -- Up-to-date: /home/lion/intellicar/ros2_ws/install/carla_msgs/include/carla_msgs/msg/detail/carla_traffic_light_status_list__rosidl_typesupport_introspection_c.h
[17.784s] -- Up-to-date: /home/lion/intellicar/ros2_ws/install/carla_msgs/include/carla_msgs/msg/detail/carla_lane_invasion_event__rosidl_typesupport_introspection_c.h
[17.784s] -- Up-to-date: /home/lion/intellicar/ros2_ws/install/carla_msgs/include/carla_msgs/msg/detail/carla_world_info__rosidl_typesupport_introspection_c.h
[17.784s] -- Up-to-date: /home/lion/intellicar/ros2_ws/install/carla_msgs/include/carla_msgs/msg/detail/carla_control__rosidl_typesupport_introspection_c.h
[17.784s] -- Up-to-date: /home/lion/intellicar/ros2_ws/install/carla_msgs/include/carla_msgs/msg/detail/carla_actor_list__rosidl_typesupport_introspection_c.h
[17.784s] -- Up-to-date: /home/lion/intellicar/ros2_ws/install/carla_msgs/include/carla_msgs/msg/detail/carla_world_info__type_support.c
[17.784s] -- Up-to-date: /home/lion/intellicar/ros2_ws/install/carla_msgs/include/carla_msgs/msg/detail/carla_traffic_light_status_list__type_support.c
[17.784s] -- Up-to-date: /home/lion/intellicar/ros2_ws/install/carla_msgs/include/carla_msgs/msg/detail/carla_ego_vehicle_control__type_support.c
[17.784s] -- Up-to-date: /home/lion/intellicar/ros2_ws/install/carla_msgs/include/carla_msgs/msg/detail/carla_lane_invasion_event__type_support.c
[17.785s] -- Up-to-date: /home/lion/intellicar/ros2_ws/install/carla_msgs/include/carla_msgs/msg/detail/carla_collision_event__rosidl_typesupport_introspection_c.h
[17.785s] -- Up-to-date: /home/lion/intellicar/ros2_ws/install/carla_msgs/include/carla_msgs/msg/detail/carla_ego_vehicle_control__rosidl_typesupport_introspection_c.h
[17.785s] -- Up-to-date: /home/lion/intellicar/ros2_ws/install/carla_msgs/include/carla_msgs/msg/detail/carla_bounding_box__rosidl_typesupport_introspection_c.h
[17.786s] -- Up-to-date: /home/lion/intellicar/ros2_ws/install/carla_msgs/include/carla_msgs/msg/detail/carla_traffic_light_info_list__rosidl_typesupport_introspection_c.h
[17.786s] -- Up-to-date: /home/lion/intellicar/ros2_ws/install/carla_msgs/include/carla_msgs/msg/detail/carla_traffic_light_status__type_support.c
[17.786s] -- Up-to-date: /home/lion/intellicar/ros2_ws/install/carla_msgs/include/carla_msgs/msg/detail/carla_ego_vehicle_info_wheel__rosidl_typesupport_introspection_c.h
[17.786s] -- Up-to-date: /home/lion/intellicar/ros2_ws/install/carla_msgs/include/carla_msgs/msg/detail/carla_ego_vehicle_status__type_support.c
[17.786s] -- Up-to-date: /home/lion/intellicar/ros2_ws/install/carla_msgs/include/carla_msgs/msg/detail/carla_status__rosidl_typesupport_introspection_c.h
[17.786s] -- Up-to-date: /home/lion/intellicar/ros2_ws/install/carla_msgs/include/carla_msgs/msg/detail/carla_traffic_light_info__rosidl_typesupport_introspection_c.h
[17.786s] -- Up-to-date: /home/lion/intellicar/ros2_ws/install/carla_msgs/include/carla_msgs/msg/detail/carla_ego_vehicle_status__rosidl_typesupport_introspection_c.h
[17.786s] -- Up-to-date: /home/lion/intellicar/ros2_ws/install/carla_msgs/include/carla_msgs/msg/detail/carla_collision_event__type_support.c
[17.786s] -- Up-to-date: /home/lion/intellicar/ros2_ws/install/carla_msgs/include/carla_msgs/msg/detail/carla_actor_info__rosidl_typesupport_introspection_c.h
[17.787s] -- Up-to-date: /home/lion/intellicar/ros2_ws/install/carla_msgs/include/carla_msgs/msg/rosidl_typesupport_introspection_c__visibility_control.h
[17.787s] -- Up-to-date: /home/lion/intellicar/ros2_ws/install/carla_msgs/include/carla_msgs/srv
[17.787s] -- Up-to-date: /home/lion/intellicar/ros2_ws/install/carla_msgs/include/carla_msgs/srv/detail
[17.787s] -- Up-to-date: /home/lion/intellicar/ros2_ws/install/carla_msgs/include/carla_msgs/srv/detail/spawn_object__type_support.c
[17.787s] -- Up-to-date: /home/lion/intellicar/ros2_ws/install/carla_msgs/include/carla_msgs/srv/detail/destroy_object__type_support.c
[17.787s] -- Up-to-date: /home/lion/intellicar/ros2_ws/install/carla_msgs/include/carla_msgs/srv/detail/get_blueprints__type_support.c
[17.787s] -- Up-to-date: /home/lion/intellicar/ros2_ws/install/carla_msgs/include/carla_msgs/srv/detail/get_blueprints__rosidl_typesupport_introspection_c.h
[17.787s] -- Up-to-date: /home/lion/intellicar/ros2_ws/install/carla_msgs/include/carla_msgs/srv/detail/destroy_object__rosidl_typesupport_introspection_c.h
[17.788s] -- Up-to-date: /home/lion/intellicar/ros2_ws/install/carla_msgs/include/carla_msgs/srv/detail/spawn_object__rosidl_typesupport_introspection_c.h
[17.788s] -- Up-to-date: /home/lion/intellicar/ros2_ws/install/carla_msgs/lib/libcarla_msgs__rosidl_typesupport_introspection_c.so
[17.788s] -- Up-to-date: /home/lion/intellicar/ros2_ws/install/carla_msgs/lib/libcarla_msgs__rosidl_typesupport_c.so
[17.788s] -- Up-to-date: /home/lion/intellicar/ros2_ws/install/carla_msgs/include/carla_msgs
[17.788s] -- Up-to-date: /home/lion/intellicar/ros2_ws/install/carla_msgs/include/carla_msgs/msg
[17.788s] -- Up-to-date: /home/lion/intellicar/ros2_ws/install/carla_msgs/include/carla_msgs/msg/carla_traffic_light_info_list.hpp
[17.788s] -- Up-to-date: /home/lion/intellicar/ros2_ws/install/carla_msgs/include/carla_msgs/msg/carla_status.hpp
[17.788s] -- Up-to-date: /home/lion/intellicar/ros2_ws/install/carla_msgs/include/carla_msgs/msg/rosidl_generator_cpp__visibility_control.hpp
[17.788s] -- Up-to-date: /home/lion/intellicar/ros2_ws/install/carla_msgs/include/carla_msgs/msg/detail
[17.789s] -- Up-to-date: /home/lion/intellicar/ros2_ws/install/carla_msgs/include/carla_msgs/msg/detail/carla_ego_vehicle_info__type_support.hpp
[17.789s] -- Up-to-date: /home/lion/intellicar/ros2_ws/install/carla_msgs/include/carla_msgs/msg/detail/carla_lane_invasion_event__builder.hpp
[17.789s] -- Up-to-date: /home/lion/intellicar/ros2_ws/install/carla_msgs/include/carla_msgs/msg/detail/carla_actor_list__traits.hpp
[17.789s] -- Up-to-date: /home/lion/intellicar/ros2_ws/install/carla_msgs/include/carla_msgs/msg/detail/carla_status__traits.hpp
[17.789s] -- Up-to-date: /home/lion/intellicar/ros2_ws/install/carla_msgs/include/carla_msgs/msg/detail/carla_collision_event__builder.hpp
[17.789s] -- Up-to-date: /home/lion/intellicar/ros2_ws/install/carla_msgs/include/carla_msgs/msg/detail/carla_bounding_box__struct.hpp
[17.789s] -- Up-to-date: /home/lion/intellicar/ros2_ws/install/carla_msgs/include/carla_msgs/msg/detail/carla_traffic_light_status_list__builder.hpp
[17.789s] -- Up-to-date: /home/lion/intellicar/ros2_ws/install/carla_msgs/include/carla_msgs/msg/detail/carla_actor_info__traits.hpp
[17.789s] -- Up-to-date: /home/lion/intellicar/ros2_ws/install/carla_msgs/include/carla_msgs/msg/detail/carla_traffic_light_status__struct.hpp
[17.790s] -- Up-to-date: /home/lion/intellicar/ros2_ws/install/carla_msgs/include/carla_msgs/msg/detail/carla_traffic_light_info__traits.hpp
[17.790s] -- Up-to-date: /home/lion/intellicar/ros2_ws/install/carla_msgs/include/carla_msgs/msg/detail/carla_world_info__traits.hpp
[17.790s] -- Up-to-date: /home/lion/intellicar/ros2_ws/install/carla_msgs/include/carla_msgs/msg/detail/carla_traffic_light_status_list__type_support.hpp
[17.790s] -- Up-to-date: /home/lion/intellicar/ros2_ws/install/carla_msgs/include/carla_msgs/msg/detail/carla_ego_vehicle_status__builder.hpp
[17.790s] -- Up-to-date: /home/lion/intellicar/ros2_ws/install/carla_msgs/include/carla_msgs/msg/detail/carla_status__type_support.hpp
[17.790s] -- Up-to-date: /home/lion/intellicar/ros2_ws/install/carla_msgs/include/carla_msgs/msg/detail/carla_ego_vehicle_control__builder.hpp
[17.790s] -- Up-to-date: /home/lion/intellicar/ros2_ws/install/carla_msgs/include/carla_msgs/msg/detail/carla_ego_vehicle_control__type_support.hpp
[17.790s] -- Up-to-date: /home/lion/intellicar/ros2_ws/install/carla_msgs/include/carla_msgs/msg/detail/carla_traffic_light_status_list__traits.hpp
[17.790s] -- Up-to-date: /home/lion/intellicar/ros2_ws/install/carla_msgs/include/carla_msgs/msg/detail/carla_lane_invasion_event__struct.hpp
[17.791s] -- Up-to-date: /home/lion/intellicar/ros2_ws/install/carla_msgs/include/carla_msgs/msg/detail/carla_control__type_support.hpp
[17.791s] -- Up-to-date: /home/lion/intellicar/ros2_ws/install/carla_msgs/include/carla_msgs/msg/detail/carla_ego_vehicle_info_wheel__type_support.hpp
[17.791s] -- Up-to-date: /home/lion/intellicar/ros2_ws/install/carla_msgs/include/carla_msgs/msg/detail/carla_ego_vehicle_status__traits.hpp
[17.791s] -- Up-to-date: /home/lion/intellicar/ros2_ws/install/carla_msgs/include/carla_msgs/msg/detail/carla_walker_control__builder.hpp
[17.791s] -- Up-to-date: /home/lion/intellicar/ros2_ws/install/carla_msgs/include/carla_msgs/msg/detail/carla_collision_event__struct.hpp
[17.791s] -- Up-to-date: /home/lion/intellicar/ros2_ws/install/carla_msgs/include/carla_msgs/msg/detail/carla_status__builder.hpp
[17.791s] -- Up-to-date: /home/lion/intellicar/ros2_ws/install/carla_msgs/include/carla_msgs/msg/detail/carla_traffic_light_info_list__type_support.hpp
[17.791s] -- Up-to-date: /home/lion/intellicar/ros2_ws/install/carla_msgs/include/carla_msgs/msg/detail/carla_ego_vehicle_info__struct.hpp
[17.791s] -- Up-to-date: /home/lion/intellicar/ros2_ws/install/carla_msgs/include/carla_msgs/msg/detail/carla_ego_vehicle_control__struct.hpp
[17.792s] -- Up-to-date: /home/lion/intellicar/ros2_ws/install/carla_msgs/include/carla_msgs/msg/detail/carla_bounding_box__builder.hpp
[17.792s] -- Up-to-date: /home/lion/intellicar/ros2_ws/install/carla_msgs/include/carla_msgs/msg/detail/carla_traffic_light_info__struct.hpp
[17.792s] -- Up-to-date: /home/lion/intellicar/ros2_ws/install/carla_msgs/include/carla_msgs/msg/detail/carla_traffic_light_info_list__traits.hpp
[17.792s] -- Up-to-date: /home/lion/intellicar/ros2_ws/install/carla_msgs/include/carla_msgs/msg/detail/carla_traffic_light_status_list__struct.hpp
[17.792s] -- Up-to-date: /home/lion/intellicar/ros2_ws/install/carla_msgs/include/carla_msgs/msg/detail/carla_actor_info__struct.hpp
[17.792s] -- Up-to-date: /home/lion/intellicar/ros2_ws/install/carla_msgs/include/carla_msgs/msg/detail/carla_walker_control__traits.hpp
[17.792s] -- Up-to-date: /home/lion/intellicar/ros2_ws/install/carla_msgs/include/carla_msgs/msg/detail/carla_traffic_light_status__type_support.hpp
[17.792s] -- Up-to-date: /home/lion/intellicar/ros2_ws/install/carla_msgs/include/carla_msgs/msg/detail/carla_actor_list__type_support.hpp
[17.792s] -- Up-to-date: /home/lion/intellicar/ros2_ws/install/carla_msgs/include/carla_msgs/msg/detail/carla_control__struct.hpp
[17.792s] -- Up-to-date: /home/lion/intellicar/ros2_ws/install/carla_msgs/include/carla_msgs/msg/detail/carla_walker_control__type_support.hpp
[17.793s] -- Up-to-date: /home/lion/intellicar/ros2_ws/install/carla_msgs/include/carla_msgs/msg/detail/carla_ego_vehicle_info__traits.hpp
[17.793s] -- Up-to-date: /home/lion/intellicar/ros2_ws/install/carla_msgs/include/carla_msgs/msg/detail/carla_ego_vehicle_status__type_support.hpp
[17.793s] -- Up-to-date: /home/lion/intellicar/ros2_ws/install/carla_msgs/include/carla_msgs/msg/detail/carla_ego_vehicle_control__traits.hpp
[17.793s] -- Up-to-date: /home/lion/intellicar/ros2_ws/install/carla_msgs/include/carla_msgs/msg/detail/carla_world_info__type_support.hpp
[17.793s] -- Up-to-date: /home/lion/intellicar/ros2_ws/install/carla_msgs/include/carla_msgs/msg/detail/carla_weather_parameters__builder.hpp
[17.793s] -- Up-to-date: /home/lion/intellicar/ros2_ws/install/carla_msgs/include/carla_msgs/msg/detail/carla_world_info__builder.hpp
[17.793s] -- Up-to-date: /home/lion/intellicar/ros2_ws/install/carla_msgs/include/carla_msgs/msg/detail/carla_status__struct.hpp
[17.793s] -- Up-to-date: /home/lion/intellicar/ros2_ws/install/carla_msgs/include/carla_msgs/msg/detail/carla_collision_event__traits.hpp
[17.793s] -- Up-to-date: /home/lion/intellicar/ros2_ws/install/carla_msgs/include/carla_msgs/msg/detail/carla_ego_vehicle_info_wheel__builder.hpp
[17.793s] -- Up-to-date: /home/lion/intellicar/ros2_ws/install/carla_msgs/include/carla_msgs/msg/detail/carla_control__builder.hpp
[17.794s] -- Up-to-date: /home/lion/intellicar/ros2_ws/install/carla_msgs/include/carla_msgs/msg/detail/carla_lane_invasion_event__type_support.hpp
[17.794s] -- Up-to-date: /home/lion/intellicar/ros2_ws/install/carla_msgs/include/carla_msgs/msg/detail/carla_traffic_light_status__traits.hpp
[17.794s] -- Up-to-date: /home/lion/intellicar/ros2_ws/install/carla_msgs/include/carla_msgs/msg/detail/carla_control__traits.hpp
[17.794s] -- Up-to-date: /home/lion/intellicar/ros2_ws/install/carla_msgs/include/carla_msgs/msg/detail/carla_traffic_light_status__builder.hpp
[17.794s] -- Up-to-date: /home/lion/intellicar/ros2_ws/install/carla_msgs/include/carla_msgs/msg/detail/carla_traffic_light_info_list__struct.hpp
[17.794s] -- Up-to-date: /home/lion/intellicar/ros2_ws/install/carla_msgs/include/carla_msgs/msg/detail/carla_lane_invasion_event__traits.hpp
[17.808s] -- Up-to-date: /home/lion/intellicar/ros2_ws/install/carla_msgs/include/carla_msgs/msg/detail/carla_actor_list__builder.hpp
[17.809s] -- Up-to-date: /home/lion/intellicar/ros2_ws/install/carla_msgs/include/carla_msgs/msg/detail/carla_weather_parameters__traits.hpp
[17.812s] -- Up-to-date: /home/lion/intellicar/ros2_ws/install/carla_msgs/include/carla_msgs/msg/detail/carla_world_info__struct.hpp
[17.812s] -- Up-to-date: /home/lion/intellicar/ros2_ws/install/carla_msgs/include/carla_msgs/msg/detail/carla_traffic_light_info__builder.hpp
[17.812s] -- Up-to-date: /home/lion/intellicar/ros2_ws/install/carla_msgs/include/carla_msgs/msg/detail/carla_ego_vehicle_info_wheel__struct.hpp
[17.812s] -- Up-to-date: /home/lion/intellicar/ros2_ws/install/carla_msgs/include/carla_msgs/msg/detail/carla_ego_vehicle_status__struct.hpp
[17.812s] -- Up-to-date: /home/lion/intellicar/ros2_ws/install/carla_msgs/include/carla_msgs/msg/detail/carla_actor_info__builder.hpp
[17.812s] -- Up-to-date: /home/lion/intellicar/ros2_ws/install/carla_msgs/include/carla_msgs/msg/detail/carla_collision_event__type_support.hpp
[17.812s] -- Up-to-date: /home/lion/intellicar/ros2_ws/install/carla_msgs/include/carla_msgs/msg/detail/carla_actor_info__type_support.hpp
[17.812s] -- Up-to-date: /home/lion/intellicar/ros2_ws/install/carla_msgs/include/carla_msgs/msg/detail/carla_bounding_box__type_support.hpp
[17.812s] -- Up-to-date: /home/lion/intellicar/ros2_ws/install/carla_msgs/include/carla_msgs/msg/detail/carla_actor_list__struct.hpp
[17.813s] -- Up-to-date: /home/lion/intellicar/ros2_ws/install/carla_msgs/include/carla_msgs/msg/detail/carla_traffic_light_info__type_support.hpp
[17.813s] -- Up-to-date: /home/lion/intellicar/ros2_ws/install/carla_msgs/include/carla_msgs/msg/detail/carla_bounding_box__traits.hpp
[17.813s] -- Up-to-date: /home/lion/intellicar/ros2_ws/install/carla_msgs/include/carla_msgs/msg/detail/carla_ego_vehicle_info_wheel__traits.hpp
[17.813s] -- Up-to-date: /home/lion/intellicar/ros2_ws/install/carla_msgs/include/carla_msgs/msg/detail/carla_walker_control__struct.hpp
[17.813s] -- Up-to-date: /home/lion/intellicar/ros2_ws/install/carla_msgs/include/carla_msgs/msg/detail/carla_traffic_light_info_list__builder.hpp
[17.813s] -- Up-to-date: /home/lion/intellicar/ros2_ws/install/carla_msgs/include/carla_msgs/msg/detail/carla_weather_parameters__struct.hpp
[17.813s] -- Up-to-date: /home/lion/intellicar/ros2_ws/install/carla_msgs/include/carla_msgs/msg/detail/carla_ego_vehicle_info__builder.hpp
[17.813s] -- Up-to-date: /home/lion/intellicar/ros2_ws/install/carla_msgs/include/carla_msgs/msg/detail/carla_weather_parameters__type_support.hpp
[17.813s] -- Up-to-date: /home/lion/intellicar/ros2_ws/install/carla_msgs/include/carla_msgs/msg/carla_traffic_light_status.hpp
[17.813s] -- Up-to-date: /home/lion/intellicar/ros2_ws/install/carla_msgs/include/carla_msgs/msg/carla_ego_vehicle_info.hpp
[17.814s] -- Up-to-date: /home/lion/intellicar/ros2_ws/install/carla_msgs/include/carla_msgs/msg/carla_traffic_light_info.hpp
[17.814s] -- Up-to-date: /home/lion/intellicar/ros2_ws/install/carla_msgs/include/carla_msgs/msg/carla_actor_info.hpp
[17.814s] -- Up-to-date: /home/lion/intellicar/ros2_ws/install/carla_msgs/include/carla_msgs/msg/carla_traffic_light_status_list.hpp
[17.814s] -- Up-to-date: /home/lion/intellicar/ros2_ws/install/carla_msgs/include/carla_msgs/msg/carla_weather_parameters.hpp
[17.814s] -- Up-to-date: /home/lion/intellicar/ros2_ws/install/carla_msgs/include/carla_msgs/msg/carla_bounding_box.hpp
[17.814s] -- Up-to-date: /home/lion/intellicar/ros2_ws/install/carla_msgs/include/carla_msgs/msg/carla_actor_list.hpp
[17.814s] -- Up-to-date: /home/lion/intellicar/ros2_ws/install/carla_msgs/include/carla_msgs/msg/carla_world_info.hpp
[17.827s] -- Up-to-date: /home/lion/intellicar/ros2_ws/install/carla_msgs/include/carla_msgs/msg/carla_ego_vehicle_control.hpp
[17.829s] -- Up-to-date: /home/lion/intellicar/ros2_ws/install/carla_msgs/include/carla_msgs/msg/carla_walker_control.hpp
[17.830s] -- Up-to-date: /home/lion/intellicar/ros2_ws/install/carla_msgs/include/carla_msgs/msg/carla_ego_vehicle_info_wheel.hpp
[17.832s] -- Up-to-date: /home/lion/intellicar/ros2_ws/install/carla_msgs/include/carla_msgs/msg/carla_ego_vehicle_status.hpp
[17.833s] -- Up-to-date: /home/lion/intellicar/ros2_ws/install/carla_msgs/include/carla_msgs/msg/carla_control.hpp
[17.840s] -- Up-to-date: /home/lion/intellicar/ros2_ws/install/carla_msgs/include/carla_msgs/msg/carla_collision_event.hpp
[17.840s] -- Up-to-date: /home/lion/intellicar/ros2_ws/install/carla_msgs/include/carla_msgs/msg/carla_lane_invasion_event.hpp
[17.840s] -- Up-to-date: /home/lion/intellicar/ros2_ws/install/carla_msgs/include/carla_msgs/srv
[17.840s] -- Up-to-date: /home/lion/intellicar/ros2_ws/install/carla_msgs/include/carla_msgs/srv/detail
[17.840s] -- Up-to-date: /home/lion/intellicar/ros2_ws/install/carla_msgs/include/carla_msgs/srv/detail/destroy_object__builder.hpp
[17.841s] -- Up-to-date: /home/lion/intellicar/ros2_ws/install/carla_msgs/include/carla_msgs/srv/detail/get_blueprints__traits.hpp
[17.841s] -- Up-to-date: /home/lion/intellicar/ros2_ws/install/carla_msgs/include/carla_msgs/srv/detail/spawn_object__type_support.hpp
[17.841s] -- Up-to-date: /home/lion/intellicar/ros2_ws/install/carla_msgs/include/carla_msgs/srv/detail/get_blueprints__builder.hpp
[17.841s] -- Up-to-date: /home/lion/intellicar/ros2_ws/install/carla_msgs/include/carla_msgs/srv/detail/spawn_object__struct.hpp
[17.841s] -- Up-to-date: /home/lion/intellicar/ros2_ws/install/carla_msgs/include/carla_msgs/srv/detail/spawn_object__traits.hpp
[17.841s] -- Up-to-date: /home/lion/intellicar/ros2_ws/install/carla_msgs/include/carla_msgs/srv/detail/destroy_object__traits.hpp
[17.841s] -- Up-to-date: /home/lion/intellicar/ros2_ws/install/carla_msgs/include/carla_msgs/srv/detail/get_blueprints__struct.hpp
[17.841s] -- Up-to-date: /home/lion/intellicar/ros2_ws/install/carla_msgs/include/carla_msgs/srv/detail/spawn_object__builder.hpp
[17.841s] -- Up-to-date: /home/lion/intellicar/ros2_ws/install/carla_msgs/include/carla_msgs/srv/detail/destroy_object__type_support.hpp
[17.841s] -- Up-to-date: /home/lion/intellicar/ros2_ws/install/carla_msgs/include/carla_msgs/srv/detail/get_blueprints__type_support.hpp
[17.842s] -- Up-to-date: /home/lion/intellicar/ros2_ws/install/carla_msgs/include/carla_msgs/srv/detail/destroy_object__struct.hpp
[17.842s] -- Up-to-date: /home/lion/intellicar/ros2_ws/install/carla_msgs/include/carla_msgs/srv/destroy_object.hpp
[17.842s] -- Up-to-date: /home/lion/intellicar/ros2_ws/install/carla_msgs/include/carla_msgs/srv/get_blueprints.hpp
[17.842s] -- Up-to-date: /home/lion/intellicar/ros2_ws/install/carla_msgs/include/carla_msgs/srv/spawn_object.hpp
[17.842s] -- Up-to-date: /home/lion/intellicar/ros2_ws/install/carla_msgs/include/carla_msgs
[17.842s] -- Up-to-date: /home/lion/intellicar/ros2_ws/install/carla_msgs/include/carla_msgs/msg
[17.842s] -- Up-to-date: /home/lion/intellicar/ros2_ws/install/carla_msgs/include/carla_msgs/msg/detail
[17.842s] -- Up-to-date: /home/lion/intellicar/ros2_ws/install/carla_msgs/include/carla_msgs/msg/detail/carla_traffic_light_status__rosidl_typesupport_introspection_cpp.hpp
[17.842s] -- Up-to-date: /home/lion/intellicar/ros2_ws/install/carla_msgs/include/carla_msgs/msg/detail/carla_world_info__type_support.cpp
[17.842s] -- Up-to-date: /home/lion/intellicar/ros2_ws/install/carla_msgs/include/carla_msgs/msg/detail/carla_ego_vehicle_info_wheel__type_support.cpp
[17.842s] -- Up-to-date: /home/lion/intellicar/ros2_ws/install/carla_msgs/include/carla_msgs/msg/detail/carla_lane_invasion_event__rosidl_typesupport_introspection_cpp.hpp
[17.843s] -- Up-to-date: /home/lion/intellicar/ros2_ws/install/carla_msgs/include/carla_msgs/msg/detail/carla_ego_vehicle_control__type_support.cpp
[17.843s] -- Up-to-date: /home/lion/intellicar/ros2_ws/install/carla_msgs/include/carla_msgs/msg/detail/carla_weather_parameters__type_support.cpp
[17.843s] -- Up-to-date: /home/lion/intellicar/ros2_ws/install/carla_msgs/include/carla_msgs/msg/detail/carla_ego_vehicle_status__rosidl_typesupport_introspection_cpp.hpp
[17.843s] -- Up-to-date: /home/lion/intellicar/ros2_ws/install/carla_msgs/include/carla_msgs/msg/detail/carla_traffic_light_info_list__type_support.cpp
[17.844s] -- Up-to-date: /home/lion/intellicar/ros2_ws/install/carla_msgs/include/carla_msgs/msg/detail/carla_ego_vehicle_info__rosidl_typesupport_introspection_cpp.hpp
[17.844s] -- Up-to-date: /home/lion/intellicar/ros2_ws/install/carla_msgs/include/carla_msgs/msg/detail/carla_bounding_box__rosidl_typesupport_introspection_cpp.hpp
[17.844s] -- Up-to-date: /home/lion/intellicar/ros2_ws/install/carla_msgs/include/carla_msgs/msg/detail/carla_actor_list__rosidl_typesupport_introspection_cpp.hpp
[17.844s] -- Up-to-date: /home/lion/intellicar/ros2_ws/install/carla_msgs/include/carla_msgs/msg/detail/carla_ego_vehicle_status__type_support.cpp
[17.845s] -- Up-to-date: /home/lion/intellicar/ros2_ws/install/carla_msgs/include/carla_msgs/msg/detail/carla_lane_invasion_event__type_support.cpp
[17.846s] -- Up-to-date: /home/lion/intellicar/ros2_ws/install/carla_msgs/include/carla_msgs/msg/detail/carla_control__rosidl_typesupport_introspection_cpp.hpp
[17.846s] -- Up-to-date: /home/lion/intellicar/ros2_ws/install/carla_msgs/include/carla_msgs/msg/detail/carla_control__type_support.cpp
[17.847s] -- Up-to-date: /home/lion/intellicar/ros2_ws/install/carla_msgs/include/carla_msgs/msg/detail/carla_walker_control__rosidl_typesupport_introspection_cpp.hpp
[17.847s] -- Up-to-date: /home/lion/intellicar/ros2_ws/install/carla_msgs/include/carla_msgs/msg/detail/carla_traffic_light_info__rosidl_typesupport_introspection_cpp.hpp
[17.848s] -- Up-to-date: /home/lion/intellicar/ros2_ws/install/carla_msgs/include/carla_msgs/msg/detail/carla_traffic_light_status_list__rosidl_typesupport_introspection_cpp.hpp
[17.849s] -- Up-to-date: /home/lion/intellicar/ros2_ws/install/carla_msgs/include/carla_msgs/msg/detail/carla_actor_info__type_support.cpp
[17.849s] -- Up-to-date: /home/lion/intellicar/ros2_ws/install/carla_msgs/include/carla_msgs/msg/detail/carla_weather_parameters__rosidl_typesupport_introspection_cpp.hpp
[17.849s] -- Up-to-date: /home/lion/intellicar/ros2_ws/install/carla_msgs/include/carla_msgs/msg/detail/carla_bounding_box__type_support.cpp
[17.850s] -- Up-to-date: /home/lion/intellicar/ros2_ws/install/carla_msgs/include/carla_msgs/msg/detail/carla_ego_vehicle_info__type_support.cpp
[17.850s] -- Up-to-date: /home/lion/intellicar/ros2_ws/install/carla_msgs/include/carla_msgs/msg/detail/carla_traffic_light_status_list__type_support.cpp
[17.850s] -- Up-to-date: /home/lion/intellicar/ros2_ws/install/carla_msgs/include/carla_msgs/msg/detail/carla_actor_info__rosidl_typesupport_introspection_cpp.hpp
[17.850s] -- Up-to-date: /home/lion/intellicar/ros2_ws/install/carla_msgs/include/carla_msgs/msg/detail/carla_status__rosidl_typesupport_introspection_cpp.hpp
[17.850s] -- Up-to-date: /home/lion/intellicar/ros2_ws/install/carla_msgs/include/carla_msgs/msg/detail/carla_world_info__rosidl_typesupport_introspection_cpp.hpp
[17.850s] -- Up-to-date: /home/lion/intellicar/ros2_ws/install/carla_msgs/include/carla_msgs/msg/detail/carla_traffic_light_info__type_support.cpp
[17.850s] -- Up-to-date: /home/lion/intellicar/ros2_ws/install/carla_msgs/include/carla_msgs/msg/detail/carla_ego_vehicle_info_wheel__rosidl_typesupport_introspection_cpp.hpp
[17.851s] -- Up-to-date: /home/lion/intellicar/ros2_ws/install/carla_msgs/include/carla_msgs/msg/detail/carla_traffic_light_info_list__rosidl_typesupport_introspection_cpp.hpp
[17.852s] -- Up-to-date: /home/lion/intellicar/ros2_ws/install/carla_msgs/include/carla_msgs/msg/detail/carla_status__type_support.cpp
[17.854s] -- Up-to-date: /home/lion/intellicar/ros2_ws/install/carla_msgs/include/carla_msgs/msg/detail/carla_traffic_light_status__type_support.cpp
[17.855s] -- Up-to-date: /home/lion/intellicar/ros2_ws/install/carla_msgs/include/carla_msgs/msg/detail/carla_collision_event__type_support.cpp
[17.855s] -- Up-to-date: /home/lion/intellicar/ros2_ws/install/carla_msgs/include/carla_msgs/msg/detail/carla_ego_vehicle_control__rosidl_typesupport_introspection_cpp.hpp
[17.855s] -- Up-to-date: /home/lion/intellicar/ros2_ws/install/carla_msgs/include/carla_msgs/msg/detail/carla_collision_event__rosidl_typesupport_introspection_cpp.hpp
[17.855s] -- Up-to-date: /home/lion/intellicar/ros2_ws/install/carla_msgs/include/carla_msgs/msg/detail/carla_actor_list__type_support.cpp
[17.856s] -- Up-to-date: /home/lion/intellicar/ros2_ws/install/carla_msgs/include/carla_msgs/msg/detail/carla_walker_control__type_support.cpp
[17.857s] -- Up-to-date: /home/lion/intellicar/ros2_ws/install/carla_msgs/include/carla_msgs/srv
[17.858s] -- Up-to-date: /home/lion/intellicar/ros2_ws/install/carla_msgs/include/carla_msgs/srv/detail
[17.858s] -- Up-to-date: /home/lion/intellicar/ros2_ws/install/carla_msgs/include/carla_msgs/srv/detail/spawn_object__rosidl_typesupport_introspection_cpp.hpp
[17.859s] -- Up-to-date: /home/lion/intellicar/ros2_ws/install/carla_msgs/include/carla_msgs/srv/detail/spawn_object__type_support.cpp
[17.860s] -- Up-to-date: /home/lion/intellicar/ros2_ws/install/carla_msgs/include/carla_msgs/srv/detail/destroy_object__type_support.cpp
[17.860s] -- Up-to-date: /home/lion/intellicar/ros2_ws/install/carla_msgs/include/carla_msgs/srv/detail/get_blueprints__rosidl_typesupport_introspection_cpp.hpp
[17.863s] -- Up-to-date: /home/lion/intellicar/ros2_ws/install/carla_msgs/include/carla_msgs/srv/detail/destroy_object__rosidl_typesupport_introspection_cpp.hpp
[17.863s] -- Up-to-date: /home/lion/intellicar/ros2_ws/install/carla_msgs/include/carla_msgs/srv/detail/get_blueprints__type_support.cpp
[17.863s] -- Up-to-date: /home/lion/intellicar/ros2_ws/install/carla_msgs/lib/libcarla_msgs__rosidl_typesupport_introspection_cpp.so
[17.863s] -- Up-to-date: /home/lion/intellicar/ros2_ws/install/carla_msgs/lib/libcarla_msgs__rosidl_typesupport_cpp.so
[17.864s] -- Up-to-date: /home/lion/intellicar/ros2_ws/install/carla_msgs/share/carla_msgs/environment/pythonpath.sh
[17.864s] -- Up-to-date: /home/lion/intellicar/ros2_ws/install/carla_msgs/share/carla_msgs/environment/pythonpath.dsv
[17.864s] -- Up-to-date: /home/lion/intellicar/ros2_ws/install/carla_msgs/lib/python3.8/site-packages/carla_msgs/__init__.py
[17.864s] -- Up-to-date: /home/lion/intellicar/ros2_ws/install/carla_msgs/lib/python3.8/site-packages/carla_msgs/msg
[17.864s] -- Up-to-date: /home/lion/intellicar/ros2_ws/install/carla_msgs/lib/python3.8/site-packages/carla_msgs/msg/_carla_ego_vehicle_info_s.c
[17.864s] -- Up-to-date: /home/lion/intellicar/ros2_ws/install/carla_msgs/lib/python3.8/site-packages/carla_msgs/msg/_carla_actor_info.py
[17.864s] -- Up-to-date: /home/lion/intellicar/ros2_ws/install/carla_msgs/lib/python3.8/site-packages/carla_msgs/msg/_carla_weather_parameters_s.c
[17.864s] -- Up-to-date: /home/lion/intellicar/ros2_ws/install/carla_msgs/lib/python3.8/site-packages/carla_msgs/msg/_carla_lane_invasion_event.py
[17.865s] -- Up-to-date: /home/lion/intellicar/ros2_ws/install/carla_msgs/lib/python3.8/site-packages/carla_msgs/msg/_carla_world_info.py
[17.865s] -- Up-to-date: /home/lion/intellicar/ros2_ws/install/carla_msgs/lib/python3.8/site-packages/carla_msgs/msg/_carla_weather_parameters.py
[17.865s] -- Up-to-date: /home/lion/intellicar/ros2_ws/install/carla_msgs/lib/python3.8/site-packages/carla_msgs/msg/_carla_ego_vehicle_info_wheel.py
[17.865s] -- Up-to-date: /home/lion/intellicar/ros2_ws/install/carla_msgs/lib/python3.8/site-packages/carla_msgs/msg/_carla_collision_event.py
[17.865s] -- Up-to-date: /home/lion/intellicar/ros2_ws/install/carla_msgs/lib/python3.8/site-packages/carla_msgs/msg/_carla_traffic_light_info_list.py
[17.865s] -- Up-to-date: /home/lion/intellicar/ros2_ws/install/carla_msgs/lib/python3.8/site-packages/carla_msgs/msg/_carla_bounding_box_s.c
[17.865s] -- Up-to-date: /home/lion/intellicar/ros2_ws/install/carla_msgs/lib/python3.8/site-packages/carla_msgs/msg/_carla_actor_list_s.c
[17.865s] -- Up-to-date: /home/lion/intellicar/ros2_ws/install/carla_msgs/lib/python3.8/site-packages/carla_msgs/msg/_carla_ego_vehicle_control.py
[17.865s] -- Up-to-date: /home/lion/intellicar/ros2_ws/install/carla_msgs/lib/python3.8/site-packages/carla_msgs/msg/_carla_bounding_box.py
[17.865s] -- Up-to-date: /home/lion/intellicar/ros2_ws/install/carla_msgs/lib/python3.8/site-packages/carla_msgs/msg/_carla_walker_control_s.c
[17.865s] -- Up-to-date: /home/lion/intellicar/ros2_ws/install/carla_msgs/lib/python3.8/site-packages/carla_msgs/msg/_carla_collision_event_s.c
[17.865s] -- Up-to-date: /home/lion/intellicar/ros2_ws/install/carla_msgs/lib/python3.8/site-packages/carla_msgs/msg/_carla_ego_vehicle_info_wheel_s.c
[17.865s] -- Up-to-date: /home/lion/intellicar/ros2_ws/install/carla_msgs/lib/python3.8/site-packages/carla_msgs/msg/__init__.py
[17.865s] -- Up-to-date: /home/lion/intellicar/ros2_ws/install/carla_msgs/lib/python3.8/site-packages/carla_msgs/msg/_carla_control_s.c
[17.866s] -- Up-to-date: /home/lion/intellicar/ros2_ws/install/carla_msgs/lib/python3.8/site-packages/carla_msgs/msg/_carla_walker_control.py
[17.866s] -- Up-to-date: /home/lion/intellicar/ros2_ws/install/carla_msgs/lib/python3.8/site-packages/carla_msgs/msg/_carla_ego_vehicle_control_s.c
[17.866s] -- Up-to-date: /home/lion/intellicar/ros2_ws/install/carla_msgs/lib/python3.8/site-packages/carla_msgs/msg/_carla_traffic_light_status_list_s.c
[17.866s] -- Up-to-date: /home/lion/intellicar/ros2_ws/install/carla_msgs/lib/python3.8/site-packages/carla_msgs/msg/_carla_control.py
[17.866s] -- Up-to-date: /home/lion/intellicar/ros2_ws/install/carla_msgs/lib/python3.8/site-packages/carla_msgs/msg/_carla_world_info_s.c
[17.867s] -- Up-to-date: /home/lion/intellicar/ros2_ws/install/carla_msgs/lib/python3.8/site-packages/carla_msgs/msg/_carla_lane_invasion_event_s.c
[17.878s] -- Up-to-date: /home/lion/intellicar/ros2_ws/install/carla_msgs/lib/python3.8/site-packages/carla_msgs/msg/_carla_traffic_light_info_s.c
[17.879s] -- Up-to-date: /home/lion/intellicar/ros2_ws/install/carla_msgs/lib/python3.8/site-packages/carla_msgs/msg/_carla_traffic_light_info_list_s.c
[17.879s] -- Up-to-date: /home/lion/intellicar/ros2_ws/install/carla_msgs/lib/python3.8/site-packages/carla_msgs/msg/_carla_traffic_light_status.py
[17.880s] -- Up-to-date: /home/lion/intellicar/ros2_ws/install/carla_msgs/lib/python3.8/site-packages/carla_msgs/msg/_carla_actor_list.py
[17.880s] -- Up-to-date: /home/lion/intellicar/ros2_ws/install/carla_msgs/lib/python3.8/site-packages/carla_msgs/msg/_carla_traffic_light_info.py
[17.881s] -- Up-to-date: /home/lion/intellicar/ros2_ws/install/carla_msgs/lib/python3.8/site-packages/carla_msgs/msg/_carla_ego_vehicle_info.py
[17.881s] -- Up-to-date: /home/lion/intellicar/ros2_ws/install/carla_msgs/lib/python3.8/site-packages/carla_msgs/msg/_carla_traffic_light_status_s.c
[17.882s] -- Up-to-date: /home/lion/intellicar/ros2_ws/install/carla_msgs/lib/python3.8/site-packages/carla_msgs/msg/_carla_traffic_light_status_list.py
[17.887s] -- Up-to-date: /home/lion/intellicar/ros2_ws/install/carla_msgs/lib/python3.8/site-packages/carla_msgs/msg/_carla_status_s.c
[17.887s] -- Up-to-date: /home/lion/intellicar/ros2_ws/install/carla_msgs/lib/python3.8/site-packages/carla_msgs/msg/_carla_ego_vehicle_status_s.c
[17.887s] -- Up-to-date: /home/lion/intellicar/ros2_ws/install/carla_msgs/lib/python3.8/site-packages/carla_msgs/msg/_carla_actor_info_s.c
[17.887s] -- Up-to-date: /home/lion/intellicar/ros2_ws/install/carla_msgs/lib/python3.8/site-packages/carla_msgs/msg/_carla_ego_vehicle_status.py
[17.887s] -- Up-to-date: /home/lion/intellicar/ros2_ws/install/carla_msgs/lib/python3.8/site-packages/carla_msgs/msg/_carla_status.py
[17.887s] -- Up-to-date: /home/lion/intellicar/ros2_ws/install/carla_msgs/lib/python3.8/site-packages/carla_msgs/srv
[17.887s] -- Up-to-date: /home/lion/intellicar/ros2_ws/install/carla_msgs/lib/python3.8/site-packages/carla_msgs/srv/_spawn_object_s.c
[17.888s] -- Up-to-date: /home/lion/intellicar/ros2_ws/install/carla_msgs/lib/python3.8/site-packages/carla_msgs/srv/_destroy_object_s.c
[17.888s] -- Up-to-date: /home/lion/intellicar/ros2_ws/install/carla_msgs/lib/python3.8/site-packages/carla_msgs/srv/__init__.py
[17.888s] -- Up-to-date: /home/lion/intellicar/ros2_ws/install/carla_msgs/lib/python3.8/site-packages/carla_msgs/srv/_destroy_object.py
[17.888s] -- Up-to-date: /home/lion/intellicar/ros2_ws/install/carla_msgs/lib/python3.8/site-packages/carla_msgs/srv/_get_blueprints.py
[17.888s] -- Up-to-date: /home/lion/intellicar/ros2_ws/install/carla_msgs/lib/python3.8/site-packages/carla_msgs/srv/_get_blueprints_s.c
[17.888s] -- Up-to-date: /home/lion/intellicar/ros2_ws/install/carla_msgs/lib/python3.8/site-packages/carla_msgs/srv/_spawn_object.py
[17.888s] -- Up-to-date: /home/lion/intellicar/ros2_ws/install/carla_msgs/lib/python3.8/site-packages/carla_msgs/carla_msgs_s__rosidl_typesupport_fastrtps_c.cpython-38-x86_64-linux-gnu.so
[17.888s] -- Up-to-date: /home/lion/intellicar/ros2_ws/install/carla_msgs/lib/python3.8/site-packages/carla_msgs/carla_msgs_s__rosidl_typesupport_introspection_c.cpython-38-x86_64-linux-gnu.so
[17.888s] -- Up-to-date: /home/lion/intellicar/ros2_ws/install/carla_msgs/lib/python3.8/site-packages/carla_msgs/carla_msgs_s__rosidl_typesupport_c.cpython-38-x86_64-linux-gnu.so
[17.888s] -- Up-to-date: /home/lion/intellicar/ros2_ws/install/carla_msgs/lib/libcarla_msgs__python.so
[17.888s] -- Up-to-date: /home/lion/intellicar/ros2_ws/install/carla_msgs/share/carla_msgs/msg/CarlaBoundingBox.idl
[17.888s] -- Up-to-date: /home/lion/intellicar/ros2_ws/install/carla_msgs/share/carla_msgs/msg/CarlaEgoVehicleControl.idl
[17.888s] -- Up-to-date: /home/lion/intellicar/ros2_ws/install/carla_msgs/share/carla_msgs/msg/CarlaEgoVehicleStatus.idl
[17.888s] -- Up-to-date: /home/lion/intellicar/ros2_ws/install/carla_msgs/share/carla_msgs/msg/CarlaEgoVehicleInfoWheel.idl
[17.888s] -- Up-to-date: /home/lion/intellicar/ros2_ws/install/carla_msgs/share/carla_msgs/msg/CarlaEgoVehicleInfo.idl
[17.888s] -- Up-to-date: /home/lion/intellicar/ros2_ws/install/carla_msgs/share/carla_msgs/msg/CarlaCollisionEvent.idl
[17.888s] -- Up-to-date: /home/lion/intellicar/ros2_ws/install/carla_msgs/share/carla_msgs/msg/CarlaLaneInvasionEvent.idl
[17.888s] -- Up-to-date: /home/lion/intellicar/ros2_ws/install/carla_msgs/share/carla_msgs/msg/CarlaWorldInfo.idl
[17.889s] -- Up-to-date: /home/lion/intellicar/ros2_ws/install/carla_msgs/share/carla_msgs/msg/CarlaActorInfo.idl
[17.889s] -- Up-to-date: /home/lion/intellicar/ros2_ws/install/carla_msgs/share/carla_msgs/msg/CarlaActorList.idl
[17.889s] -- Up-to-date: /home/lion/intellicar/ros2_ws/install/carla_msgs/share/carla_msgs/msg/CarlaControl.idl
[17.889s] -- Up-to-date: /home/lion/intellicar/ros2_ws/install/carla_msgs/share/carla_msgs/msg/CarlaStatus.idl
[17.889s] -- Up-to-date: /home/lion/intellicar/ros2_ws/install/carla_msgs/share/carla_msgs/msg/CarlaTrafficLightInfo.idl
[17.889s] -- Up-to-date: /home/lion/intellicar/ros2_ws/install/carla_msgs/share/carla_msgs/msg/CarlaTrafficLightInfoList.idl
[17.889s] -- Up-to-date: /home/lion/intellicar/ros2_ws/install/carla_msgs/share/carla_msgs/msg/CarlaTrafficLightStatus.idl
[17.889s] -- Up-to-date: /home/lion/intellicar/ros2_ws/install/carla_msgs/share/carla_msgs/msg/CarlaTrafficLightStatusList.idl
[17.889s] -- Up-to-date: /home/lion/intellicar/ros2_ws/install/carla_msgs/share/carla_msgs/msg/CarlaWalkerControl.idl
[17.889s] -- Up-to-date: /home/lion/intellicar/ros2_ws/install/carla_msgs/share/carla_msgs/msg/CarlaWeatherParameters.idl
[17.889s] -- Up-to-date: /home/lion/intellicar/ros2_ws/install/carla_msgs/share/carla_msgs/srv/SpawnObject.idl
[17.889s] -- Up-to-date: /home/lion/intellicar/ros2_ws/install/carla_msgs/share/carla_msgs/srv/DestroyObject.idl
[17.889s] -- Up-to-date: /home/lion/intellicar/ros2_ws/install/carla_msgs/share/carla_msgs/srv/GetBlueprints.idl
[17.889s] -- Up-to-date: /home/lion/intellicar/ros2_ws/install/carla_msgs/share/carla_msgs/msg/CarlaBoundingBox.msg
[17.889s] -- Up-to-date: /home/lion/intellicar/ros2_ws/install/carla_msgs/share/carla_msgs/msg/CarlaEgoVehicleControl.msg
[17.889s] -- Up-to-date: /home/lion/intellicar/ros2_ws/install/carla_msgs/share/carla_msgs/msg/CarlaEgoVehicleStatus.msg
[17.889s] -- Up-to-date: /home/lion/intellicar/ros2_ws/install/carla_msgs/share/carla_msgs/msg/CarlaEgoVehicleInfoWheel.msg
[17.889s] -- Up-to-date: /home/lion/intellicar/ros2_ws/install/carla_msgs/share/carla_msgs/msg/CarlaEgoVehicleInfo.msg
[17.889s] -- Up-to-date: /home/lion/intellicar/ros2_ws/install/carla_msgs/share/carla_msgs/msg/CarlaCollisionEvent.msg
[17.890s] -- Up-to-date: /home/lion/intellicar/ros2_ws/install/carla_msgs/share/carla_msgs/msg/CarlaLaneInvasionEvent.msg
[17.890s] -- Up-to-date: /home/lion/intellicar/ros2_ws/install/carla_msgs/share/carla_msgs/msg/CarlaWorldInfo.msg
[17.890s] -- Up-to-date: /home/lion/intellicar/ros2_ws/install/carla_msgs/share/carla_msgs/msg/CarlaActorInfo.msg
[17.890s] -- Up-to-date: /home/lion/intellicar/ros2_ws/install/carla_msgs/share/carla_msgs/msg/CarlaActorList.msg
[17.890s] -- Up-to-date: /home/lion/intellicar/ros2_ws/install/carla_msgs/share/carla_msgs/msg/CarlaControl.msg
[17.890s] -- Up-to-date: /home/lion/intellicar/ros2_ws/install/carla_msgs/share/carla_msgs/msg/CarlaStatus.msg
[17.890s] -- Up-to-date: /home/lion/intellicar/ros2_ws/install/carla_msgs/share/carla_msgs/msg/CarlaTrafficLightInfo.msg
[17.890s] -- Up-to-date: /home/lion/intellicar/ros2_ws/install/carla_msgs/share/carla_msgs/msg/CarlaTrafficLightInfoList.msg
[17.891s] -- Up-to-date: /home/lion/intellicar/ros2_ws/install/carla_msgs/share/carla_msgs/msg/CarlaTrafficLightStatus.msg
[17.891s] -- Up-to-date: /home/lion/intellicar/ros2_ws/install/carla_msgs/share/carla_msgs/msg/CarlaTrafficLightStatusList.msg
[17.891s] -- Up-to-date: /home/lion/intellicar/ros2_ws/install/carla_msgs/share/carla_msgs/msg/CarlaWalkerControl.msg
[17.892s] -- Up-to-date: /home/lion/intellicar/ros2_ws/install/carla_msgs/share/carla_msgs/msg/CarlaWeatherParameters.msg
[17.892s] -- Up-to-date: /home/lion/intellicar/ros2_ws/install/carla_msgs/share/carla_msgs/srv/SpawnObject.srv
[17.892s] -- Up-to-date: /home/lion/intellicar/ros2_ws/install/carla_msgs/share/carla_msgs/srv/SpawnObject_Request.msg
[17.892s] -- Up-to-date: /home/lion/intellicar/ros2_ws/install/carla_msgs/share/carla_msgs/srv/SpawnObject_Response.msg
[17.892s] -- Up-to-date: /home/lion/intellicar/ros2_ws/install/carla_msgs/share/carla_msgs/srv/DestroyObject.srv
[17.893s] -- Up-to-date: /home/lion/intellicar/ros2_ws/install/carla_msgs/share/carla_msgs/srv/DestroyObject_Request.msg
[17.893s] -- Up-to-date: /home/lion/intellicar/ros2_ws/install/carla_msgs/share/carla_msgs/srv/DestroyObject_Response.msg
[17.893s] -- Up-to-date: /home/lion/intellicar/ros2_ws/install/carla_msgs/share/carla_msgs/srv/GetBlueprints.srv
[17.895s] -- Up-to-date: /home/lion/intellicar/ros2_ws/install/carla_msgs/share/carla_msgs/srv/GetBlueprints_Request.msg
[17.896s] -- Up-to-date: /home/lion/intellicar/ros2_ws/install/carla_msgs/share/carla_msgs/srv/GetBlueprints_Response.msg
[17.896s] -- Up-to-date: /home/lion/intellicar/ros2_ws/install/carla_msgs/share/ament_index/resource_index/package_run_dependencies/carla_msgs
[17.896s] -- Up-to-date: /home/lion/intellicar/ros2_ws/install/carla_msgs/share/ament_index/resource_index/parent_prefix_path/carla_msgs
[17.897s] -- Up-to-date: /home/lion/intellicar/ros2_ws/install/carla_msgs/share/carla_msgs/environment/ament_prefix_path.sh
[17.897s] -- Up-to-date: /home/lion/intellicar/ros2_ws/install/carla_msgs/share/carla_msgs/environment/ament_prefix_path.dsv
[17.897s] -- Up-to-date: /home/lion/intellicar/ros2_ws/install/carla_msgs/share/carla_msgs/environment/path.sh
[17.897s] -- Up-to-date: /home/lion/intellicar/ros2_ws/install/carla_msgs/share/carla_msgs/environment/path.dsv
[17.897s] -- Up-to-date: /home/lion/intellicar/ros2_ws/install/carla_msgs/share/carla_msgs/local_setup.bash
[17.897s] -- Up-to-date: /home/lion/intellicar/ros2_ws/install/carla_msgs/share/carla_msgs/local_setup.sh
[17.898s] -- Up-to-date: /home/lion/intellicar/ros2_ws/install/carla_msgs/share/carla_msgs/local_setup.zsh
[17.898s] -- Up-to-date: /home/lion/intellicar/ros2_ws/install/carla_msgs/share/carla_msgs/local_setup.dsv
[17.898s] -- Installing: /home/lion/intellicar/ros2_ws/install/carla_msgs/share/carla_msgs/package.dsv
[17.898s] -- Up-to-date: /home/lion/intellicar/ros2_ws/install/carla_msgs/share/ament_index/resource_index/packages/carla_msgs
[17.898s] -- Up-to-date: /home/lion/intellicar/ros2_ws/install/carla_msgs/share/carla_msgs/cmake/carla_msgs__rosidl_generator_cExport.cmake
[17.898s] -- Up-to-date: /home/lion/intellicar/ros2_ws/install/carla_msgs/share/carla_msgs/cmake/carla_msgs__rosidl_generator_cExport-noconfig.cmake
[17.898s] -- Up-to-date: /home/lion/intellicar/ros2_ws/install/carla_msgs/share/carla_msgs/cmake/carla_msgs__rosidl_typesupport_introspection_cExport.cmake
[17.898s] -- Up-to-date: /home/lion/intellicar/ros2_ws/install/carla_msgs/share/carla_msgs/cmake/carla_msgs__rosidl_typesupport_introspection_cExport-noconfig.cmake
[17.899s] -- Up-to-date: /home/lion/intellicar/ros2_ws/install/carla_msgs/share/carla_msgs/cmake/carla_msgs__rosidl_typesupport_cExport.cmake
[17.900s] -- Up-to-date: /home/lion/intellicar/ros2_ws/install/carla_msgs/share/carla_msgs/cmake/carla_msgs__rosidl_typesupport_cExport-noconfig.cmake
[17.901s] -- Up-to-date: /home/lion/intellicar/ros2_ws/install/carla_msgs/share/carla_msgs/cmake/carla_msgs__rosidl_generator_cppExport.cmake
[17.907s] -- Up-to-date: /home/lion/intellicar/ros2_ws/install/carla_msgs/share/carla_msgs/cmake/carla_msgs__rosidl_typesupport_introspection_cppExport.cmake
[17.907s] -- Up-to-date: /home/lion/intellicar/ros2_ws/install/carla_msgs/share/carla_msgs/cmake/carla_msgs__rosidl_typesupport_introspection_cppExport-noconfig.cmake
[17.907s] -- Up-to-date: /home/lion/intellicar/ros2_ws/install/carla_msgs/share/carla_msgs/cmake/carla_msgs__rosidl_typesupport_cppExport.cmake
[17.907s] -- Up-to-date: /home/lion/intellicar/ros2_ws/install/carla_msgs/share/carla_msgs/cmake/carla_msgs__rosidl_typesupport_cppExport-noconfig.cmake
[17.907s] -- Up-to-date: /home/lion/intellicar/ros2_ws/install/carla_msgs/share/carla_msgs/cmake/rosidl_cmake-extras.cmake
[17.907s] -- Up-to-date: /home/lion/intellicar/ros2_ws/install/carla_msgs/share/carla_msgs/cmake/ament_cmake_export_dependencies-extras.cmake
[17.908s] -- Up-to-date: /home/lion/intellicar/ros2_ws/install/carla_msgs/share/carla_msgs/cmake/ament_cmake_export_libraries-extras.cmake
[17.908s] -- Up-to-date: /home/lion/intellicar/ros2_ws/install/carla_msgs/share/carla_msgs/cmake/ament_cmake_export_targets-extras.cmake
[17.908s] -- Up-to-date: /home/lion/intellicar/ros2_ws/install/carla_msgs/share/carla_msgs/cmake/ament_cmake_export_include_directories-extras.cmake
[17.908s] -- Up-to-date: /home/lion/intellicar/ros2_ws/install/carla_msgs/share/carla_msgs/cmake/rosidl_cmake_export_typesupport_libraries-extras.cmake
[17.908s] -- Up-to-date: /home/lion/intellicar/ros2_ws/install/carla_msgs/share/carla_msgs/cmake/rosidl_cmake_export_typesupport_targets-extras.cmake
[17.908s] -- Up-to-date: /home/lion/intellicar/ros2_ws/install/carla_msgs/share/carla_msgs/cmake/carla_msgsConfig.cmake
[17.908s] -- Up-to-date: /home/lion/intellicar/ros2_ws/install/carla_msgs/share/carla_msgs/cmake/carla_msgsConfig-version.cmake
[17.908s] -- Up-to-date: /home/lion/intellicar/ros2_ws/install/carla_msgs/share/carla_msgs/package.xml
[21.701s] Invoked command in '/home/lion/intellicar/ros2_ws/build/carla_msgs' returned '0': CMAKE_PREFIX_PATH=${CMAKE_PREFIX_PATH}:/home/lion/intellicar/ros2_ws/install/carla_ad_demo:/home/lion/intellicar/ros2_ws/install/rqt_carla_control:/home/lion/intellicar/ros2_ws/install/carla_waypoint_publisher:/home/lion/intellicar/ros2_ws/install/carla_ackermann_control:/home/lion/intellicar/ros2_ws/install/carla_ros_bridge:/home/lion/intellicar/ros2_ws/install/carla_spawn_objects:/home/lion/intellicar/ros2_ws/install/carla_manual_control:/home/lion/intellicar/ros2_ws/install/carla_ad_agent:/home/lion/intellicar/ros2_ws/install/ros_compatibility:/home/lion/intellicar/ros2_ws/install/carla_walker_agent:/home/lion/intellicar/ros2_ws/install/carla_twist_to_control:/home/lion/intellicar/ros2_ws/install/carla_ros_scenario_runner:/home/lion/intellicar/ros2_ws/install/carla_common:/opt/ros/foxy /usr/bin/cmake --install /home/lion/intellicar/ros2_ws/build/carla_msgs
