[7.425s] Invoking command in '/home/lion/intellicar/ros2_ws/src/ros-bridge/carla_common': PYTHONPATH=/home/lion/intellicar/ros2_ws/build/carla_common/prefix_override:/home/lion/intellicar/ros2_ws/install/carla_common/lib/python3.8/site-packages:${PYTHONPATH} /usr/bin/python3 setup.py egg_info --egg-base ../../../build/carla_common build --build-base /home/lion/intellicar/ros2_ws/build/carla_common/build install --record /home/lion/intellicar/ros2_ws/build/carla_common/install.log --single-version-externally-managed
[7.810s] running egg_info
[7.811s] creating ../../../build/carla_common/carla_common.egg-info
[7.812s] writing ../../../build/carla_common/carla_common.egg-info/PKG-INFO
[7.812s] writing dependency_links to ../../../build/carla_common/carla_common.egg-info/dependency_links.txt
[7.812s] writing requirements to ../../../build/carla_common/carla_common.egg-info/requires.txt
[7.813s] writing top-level names to ../../../build/carla_common/carla_common.egg-info/top_level.txt
[7.815s] writing manifest file '../../../build/carla_common/carla_common.egg-info/SOURCES.txt'
[7.873s] reading manifest file '../../../build/carla_common/carla_common.egg-info/SOURCES.txt'
[7.874s] writing manifest file '../../../build/carla_common/carla_common.egg-info/SOURCES.txt'
[7.874s] running build
[7.874s] running build_py
[7.874s] creating /home/lion/intellicar/ros2_ws/build/carla_common/build
[7.875s] creating /home/lion/intellicar/ros2_ws/build/carla_common/build/lib
[7.875s] creating /home/lion/intellicar/ros2_ws/build/carla_common/build/lib/carla_common
[7.875s] copying src/carla_common/__init__.py -> /home/lion/intellicar/ros2_ws/build/carla_common/build/lib/carla_common
[7.875s] copying src/carla_common/transforms.py -> /home/lion/intellicar/ros2_ws/build/carla_common/build/lib/carla_common
[7.875s] running install
[7.876s] running install_lib
[7.878s] creating /home/lion/intellicar/ros2_ws/install/carla_common/lib/python3.8/site-packages/carla_common
[7.879s] copying /home/lion/intellicar/ros2_ws/build/carla_common/build/lib/carla_common/__init__.py -> /home/lion/intellicar/ros2_ws/install/carla_common/lib/python3.8/site-packages/carla_common
[7.881s] copying /home/lion/intellicar/ros2_ws/build/carla_common/build/lib/carla_common/transforms.py -> /home/lion/intellicar/ros2_ws/install/carla_common/lib/python3.8/site-packages/carla_common
[7.882s] byte-compiling /home/lion/intellicar/ros2_ws/install/carla_common/lib/python3.8/site-packages/carla_common/__init__.py to __init__.cpython-38.pyc
[7.884s] byte-compiling /home/lion/intellicar/ros2_ws/install/carla_common/lib/python3.8/site-packages/carla_common/transforms.py to transforms.cpython-38.pyc
[7.886s] running install_data
[7.887s] creating /home/lion/intellicar/ros2_ws/install/carla_common/share/ament_index
[7.890s] creating /home/lion/intellicar/ros2_ws/install/carla_common/share/ament_index/resource_index
[7.890s] creating /home/lion/intellicar/ros2_ws/install/carla_common/share/ament_index/resource_index/packages
[7.891s] copying resource/carla_common -> /home/lion/intellicar/ros2_ws/install/carla_common/share/ament_index/resource_index/packages
[7.893s] copying package.xml -> /home/lion/intellicar/ros2_ws/install/carla_common/share/carla_common
[7.893s] running install_egg_info
[7.896s] Copying ../../../build/carla_common/carla_common.egg-info to /home/lion/intellicar/ros2_ws/install/carla_common/lib/python3.8/site-packages/carla_common-0.0.0-py3.8.egg-info
[7.897s] running install_scripts
[7.924s] writing list of installed files to '/home/lion/intellicar/ros2_ws/build/carla_common/install.log'
[8.018s] Invoked command in '/home/lion/intellicar/ros2_ws/src/ros-bridge/carla_common' returned '0': PYTHONPATH=/home/lion/intellicar/ros2_ws/build/carla_common/prefix_override:/home/lion/intellicar/ros2_ws/install/carla_common/lib/python3.8/site-packages:${PYTHONPATH} /usr/bin/python3 setup.py egg_info --egg-base ../../../build/carla_common build --build-base /home/lion/intellicar/ros2_ws/build/carla_common/build install --record /home/lion/intellicar/ros2_ws/build/carla_common/install.log --single-version-externally-managed
