[8.470s] Invoking command in '/home/lion/intellicar/ros2_ws/build/carla_msgs': CMAKE_PREFIX_PATH=${CMAKE_PREFIX_PATH}:/home/lion/intellicar/ros2_ws/install/carla_ad_demo:/home/lion/intellicar/ros2_ws/install/rqt_carla_control:/home/lion/intellicar/ros2_ws/install/carla_waypoint_publisher:/home/lion/intellicar/ros2_ws/install/carla_ackermann_control:/home/lion/intellicar/ros2_ws/install/carla_ros_bridge:/home/lion/intellicar/ros2_ws/install/carla_spawn_objects:/home/lion/intellicar/ros2_ws/install/carla_manual_control:/home/lion/intellicar/ros2_ws/install/carla_ad_agent:/home/lion/intellicar/ros2_ws/install/ros_compatibility:/home/lion/intellicar/ros2_ws/install/carla_walker_agent:/home/lion/intellicar/ros2_ws/install/carla_twist_to_control:/home/lion/intellicar/ros2_ws/install/carla_ros_scenario_runner:/home/lion/intellicar/ros2_ws/install/carla_common:/opt/ros/foxy /usr/bin/cmake --build /home/lion/intellicar/ros2_ws/build/carla_msgs -- -j16 -l16
[15.432s] [  0%] Built target carla_msgs__cpp
[15.436s] [ 12%] Built target carla_msgs__rosidl_generator_c
[15.441s] [ 24%] Built target carla_msgs__rosidl_typesupport_fastrtps_cpp
[15.447s] [ 36%] Built target carla_msgs__rosidl_typesupport_c
[15.451s] [ 48%] Built target carla_msgs__rosidl_typesupport_fastrtps_c
[15.460s] [ 60%] Built target carla_msgs__rosidl_typesupport_introspection_c
[15.484s] [ 72%] Built target carla_msgs__rosidl_typesupport_cpp
[15.484s] [ 85%] Built target carla_msgs__rosidl_typesupport_introspection_cpp
[15.484s] [ 85%] Built target carla_msgs
[15.485s] [ 86%] Built target carla_msgs__py
[15.485s] [ 97%] Built target carla_msgs__python
[15.485s] [ 98%] Built target carla_msgs__rosidl_typesupport_c__pyext
[15.485s] [ 99%] Built target carla_msgs__rosidl_typesupport_fastrtps_c__pyext
[15.485s] [100%] Built target carla_msgs__rosidl_typesupport_introspection_c__pyext
[15.491s] Invoked command in '/home/lion/intellicar/ros2_ws/build/carla_msgs' returned '0': CMAKE_PREFIX_PATH=${CMAKE_PREFIX_PATH}:/home/lion/intellicar/ros2_ws/install/carla_ad_demo:/home/lion/intellicar/ros2_ws/install/rqt_carla_control:/home/lion/intellicar/ros2_ws/install/carla_waypoint_publisher:/home/lion/intellicar/ros2_ws/install/carla_ackermann_control:/home/lion/intellicar/ros2_ws/install/carla_ros_bridge:/home/lion/intellicar/ros2_ws/install/carla_spawn_objects:/home/lion/intellicar/ros2_ws/install/carla_manual_control:/home/lion/intellicar/ros2_ws/install/carla_ad_agent:/home/lion/intellicar/ros2_ws/install/ros_compatibility:/home/lion/intellicar/ros2_ws/install/carla_walker_agent:/home/lion/intellicar/ros2_ws/install/carla_twist_to_control:/home/lion/intellicar/ros2_ws/install/carla_ros_scenario_runner:/home/lion/intellicar/ros2_ws/install/carla_common:/opt/ros/foxy /usr/bin/cmake --build /home/lion/intellicar/ros2_ws/build/carla_msgs -- -j16 -l16
[19.520s] Invoking command in '/home/lion/intellicar/ros2_ws/build/carla_msgs': CMAKE_PREFIX_PATH=${CMAKE_PREFIX_PATH}:/home/lion/intellicar/ros2_ws/install/carla_ad_demo:/home/lion/intellicar/ros2_ws/install/rqt_carla_control:/home/lion/intellicar/ros2_ws/install/carla_waypoint_publisher:/home/lion/intellicar/ros2_ws/install/carla_ackermann_control:/home/lion/intellicar/ros2_ws/install/carla_ros_bridge:/home/lion/intellicar/ros2_ws/install/carla_spawn_objects:/home/lion/intellicar/ros2_ws/install/carla_manual_control:/home/lion/intellicar/ros2_ws/install/carla_ad_agent:/home/lion/intellicar/ros2_ws/install/ros_compatibility:/home/lion/intellicar/ros2_ws/install/carla_walker_agent:/home/lion/intellicar/ros2_ws/install/carla_twist_to_control:/home/lion/intellicar/ros2_ws/install/carla_ros_scenario_runner:/home/lion/intellicar/ros2_ws/install/carla_common:/opt/ros/foxy /usr/bin/cmake --install /home/lion/intellicar/ros2_ws/build/carla_msgs
[19.624s] -- Install configuration: ""
[19.625s] -- Up-to-date: /home/lion/intellicar/ros2_ws/install/carla_msgs/share/ament_index/resource_index/rosidl_interfaces/carla_msgs
[19.626s] -- Up-to-date: /home/lion/intellicar/ros2_ws/install/carla_msgs/include/carla_msgs
[19.627s] -- Up-to-date: /home/lion/intellicar/ros2_ws/install/carla_msgs/include/carla_msgs/msg
[19.628s] -- Up-to-date: /home/lion/intellicar/ros2_ws/install/carla_msgs/include/carla_msgs/msg/carla_bounding_box.h
[19.629s] -- Up-to-date: /home/lion/intellicar/ros2_ws/install/carla_msgs/include/carla_msgs/msg/carla_ego_vehicle_status.h
[19.630s] -- Up-to-date: /home/lion/intellicar/ros2_ws/install/carla_msgs/include/carla_msgs/msg/carla_ego_vehicle_info_wheel.h
[19.632s] -- Up-to-date: /home/lion/intellicar/ros2_ws/install/carla_msgs/include/carla_msgs/msg/carla_walker_control.h
[19.632s] -- Up-to-date: /home/lion/intellicar/ros2_ws/install/carla_msgs/include/carla_msgs/msg/detail
[19.633s] -- Up-to-date: /home/lion/intellicar/ros2_ws/install/carla_msgs/include/carla_msgs/msg/detail/carla_lane_invasion_event__functions.h
[19.634s] -- Up-to-date: /home/lion/intellicar/ros2_ws/install/carla_msgs/include/carla_msgs/msg/detail/carla_control__functions.h
[19.634s] -- Up-to-date: /home/lion/intellicar/ros2_ws/install/carla_msgs/include/carla_msgs/msg/detail/carla_traffic_light_status__type_support.h
[19.637s] -- Up-to-date: /home/lion/intellicar/ros2_ws/install/carla_msgs/include/carla_msgs/msg/detail/carla_actor_list__functions.h
[19.638s] -- Up-to-date: /home/lion/intellicar/ros2_ws/install/carla_msgs/include/carla_msgs/msg/detail/carla_traffic_light_status__functions.c
[19.638s] -- Up-to-date: /home/lion/intellicar/ros2_ws/install/carla_msgs/include/carla_msgs/msg/detail/carla_walker_control__type_support.h
[19.638s] -- Up-to-date: /home/lion/intellicar/ros2_ws/install/carla_msgs/include/carla_msgs/msg/detail/carla_world_info__functions.c
[19.638s] -- Up-to-date: /home/lion/intellicar/ros2_ws/install/carla_msgs/include/carla_msgs/msg/detail/carla_control__type_support.h
[19.638s] -- Up-to-date: /home/lion/intellicar/ros2_ws/install/carla_msgs/include/carla_msgs/msg/detail/carla_traffic_light_info__struct.h
[19.638s] -- Up-to-date: /home/lion/intellicar/ros2_ws/install/carla_msgs/include/carla_msgs/msg/detail/carla_walker_control__struct.h
[19.638s] -- Up-to-date: /home/lion/intellicar/ros2_ws/install/carla_msgs/include/carla_msgs/msg/detail/carla_ego_vehicle_info__functions.c
[19.639s] -- Up-to-date: /home/lion/intellicar/ros2_ws/install/carla_msgs/include/carla_msgs/msg/detail/carla_weather_parameters__struct.h
[19.639s] -- Up-to-date: /home/lion/intellicar/ros2_ws/install/carla_msgs/include/carla_msgs/msg/detail/carla_collision_event__type_support.h
[19.639s] -- Up-to-date: /home/lion/intellicar/ros2_ws/install/carla_msgs/include/carla_msgs/msg/detail/carla_ego_vehicle_info_wheel__type_support.h
[19.639s] -- Up-to-date: /home/lion/intellicar/ros2_ws/install/carla_msgs/include/carla_msgs/msg/detail/carla_traffic_light_info_list__struct.h
[19.639s] -- Up-to-date: /home/lion/intellicar/ros2_ws/install/carla_msgs/include/carla_msgs/msg/detail/carla_traffic_light_info_list__type_support.h
[19.639s] -- Up-to-date: /home/lion/intellicar/ros2_ws/install/carla_msgs/include/carla_msgs/msg/detail/carla_world_info__functions.h
[19.639s] -- Up-to-date: /home/lion/intellicar/ros2_ws/install/carla_msgs/include/carla_msgs/msg/detail/carla_traffic_light_status_list__type_support.h
[19.639s] -- Up-to-date: /home/lion/intellicar/ros2_ws/install/carla_msgs/include/carla_msgs/msg/detail/carla_actor_info__struct.h
[19.639s] -- Up-to-date: /home/lion/intellicar/ros2_ws/install/carla_msgs/include/carla_msgs/msg/detail/carla_actor_info__type_support.h
[19.640s] -- Up-to-date: /home/lion/intellicar/ros2_ws/install/carla_msgs/include/carla_msgs/msg/detail/carla_status__type_support.h
[19.640s] -- Up-to-date: /home/lion/intellicar/ros2_ws/install/carla_msgs/include/carla_msgs/msg/detail/carla_ego_vehicle_info_wheel__functions.h
[19.640s] -- Up-to-date: /home/lion/intellicar/ros2_ws/install/carla_msgs/include/carla_msgs/msg/detail/carla_control__struct.h
[19.640s] -- Up-to-date: /home/lion/intellicar/ros2_ws/install/carla_msgs/include/carla_msgs/msg/detail/carla_actor_list__struct.h
[19.640s] -- Up-to-date: /home/lion/intellicar/ros2_ws/install/carla_msgs/include/carla_msgs/msg/detail/carla_collision_event__functions.h
[19.640s] -- Up-to-date: /home/lion/intellicar/ros2_ws/install/carla_msgs/include/carla_msgs/msg/detail/carla_bounding_box__type_support.h
[19.640s] -- Up-to-date: /home/lion/intellicar/ros2_ws/install/carla_msgs/include/carla_msgs/msg/detail/carla_status__struct.h
[19.640s] -- Up-to-date: /home/lion/intellicar/ros2_ws/install/carla_msgs/include/carla_msgs/msg/detail/carla_traffic_light_info_list__functions.c
[19.640s] -- Up-to-date: /home/lion/intellicar/ros2_ws/install/carla_msgs/include/carla_msgs/msg/detail/carla_ego_vehicle_control__functions.c
[19.640s] -- Up-to-date: /home/lion/intellicar/ros2_ws/install/carla_msgs/include/carla_msgs/msg/detail/carla_status__functions.c
[19.640s] -- Up-to-date: /home/lion/intellicar/ros2_ws/install/carla_msgs/include/carla_msgs/msg/detail/carla_traffic_light_info_list__functions.h
[19.641s] -- Up-to-date: /home/lion/intellicar/ros2_ws/install/carla_msgs/include/carla_msgs/msg/detail/carla_ego_vehicle_info__struct.h
[19.641s] -- Up-to-date: /home/lion/intellicar/ros2_ws/install/carla_msgs/include/carla_msgs/msg/detail/carla_ego_vehicle_status__functions.c
[19.641s] -- Up-to-date: /home/lion/intellicar/ros2_ws/install/carla_msgs/include/carla_msgs/msg/detail/carla_traffic_light_info__functions.c
[19.641s] -- Up-to-date: /home/lion/intellicar/ros2_ws/install/carla_msgs/include/carla_msgs/msg/detail/carla_weather_parameters__functions.h
[19.641s] -- Up-to-date: /home/lion/intellicar/ros2_ws/install/carla_msgs/include/carla_msgs/msg/detail/carla_bounding_box__functions.h
[19.641s] -- Up-to-date: /home/lion/intellicar/ros2_ws/install/carla_msgs/include/carla_msgs/msg/detail/carla_ego_vehicle_control__type_support.h
[19.641s] -- Up-to-date: /home/lion/intellicar/ros2_ws/install/carla_msgs/include/carla_msgs/msg/detail/carla_bounding_box__struct.h
[19.641s] -- Up-to-date: /home/lion/intellicar/ros2_ws/install/carla_msgs/include/carla_msgs/msg/detail/carla_traffic_light_info__functions.h
[19.641s] -- Up-to-date: /home/lion/intellicar/ros2_ws/install/carla_msgs/include/carla_msgs/msg/detail/carla_lane_invasion_event__struct.h
[19.641s] -- Up-to-date: /home/lion/intellicar/ros2_ws/install/carla_msgs/include/carla_msgs/msg/detail/carla_actor_info__functions.c
[19.641s] -- Up-to-date: /home/lion/intellicar/ros2_ws/install/carla_msgs/include/carla_msgs/msg/detail/carla_actor_list__type_support.h
[19.642s] -- Up-to-date: /home/lion/intellicar/ros2_ws/install/carla_msgs/include/carla_msgs/msg/detail/carla_collision_event__functions.c
[19.642s] -- Up-to-date: /home/lion/intellicar/ros2_ws/install/carla_msgs/include/carla_msgs/msg/detail/carla_ego_vehicle_info_wheel__functions.c
[19.642s] -- Up-to-date: /home/lion/intellicar/ros2_ws/install/carla_msgs/include/carla_msgs/msg/detail/carla_status__functions.h
[19.642s] -- Up-to-date: /home/lion/intellicar/ros2_ws/install/carla_msgs/include/carla_msgs/msg/detail/carla_ego_vehicle_control__functions.h
[19.642s] -- Up-to-date: /home/lion/intellicar/ros2_ws/install/carla_msgs/include/carla_msgs/msg/detail/carla_actor_list__functions.c
[19.642s] -- Up-to-date: /home/lion/intellicar/ros2_ws/install/carla_msgs/include/carla_msgs/msg/detail/carla_lane_invasion_event__functions.c
[19.642s] -- Up-to-date: /home/lion/intellicar/ros2_ws/install/carla_msgs/include/carla_msgs/msg/detail/carla_ego_vehicle_status__struct.h
[19.642s] -- Up-to-date: /home/lion/intellicar/ros2_ws/install/carla_msgs/include/carla_msgs/msg/detail/carla_traffic_light_info__type_support.h
[19.642s] -- Up-to-date: /home/lion/intellicar/ros2_ws/install/carla_msgs/include/carla_msgs/msg/detail/carla_actor_info__functions.h
[19.642s] -- Up-to-date: /home/lion/intellicar/ros2_ws/install/carla_msgs/include/carla_msgs/msg/detail/carla_world_info__type_support.h
[19.642s] -- Up-to-date: /home/lion/intellicar/ros2_ws/install/carla_msgs/include/carla_msgs/msg/detail/carla_bounding_box__functions.c
[19.642s] -- Up-to-date: /home/lion/intellicar/ros2_ws/install/carla_msgs/include/carla_msgs/msg/detail/carla_ego_vehicle_info__functions.h
[19.643s] -- Up-to-date: /home/lion/intellicar/ros2_ws/install/carla_msgs/include/carla_msgs/msg/detail/carla_ego_vehicle_control__struct.h
[19.643s] -- Up-to-date: /home/lion/intellicar/ros2_ws/install/carla_msgs/include/carla_msgs/msg/detail/carla_traffic_light_status_list__functions.c
[19.643s] -- Up-to-date: /home/lion/intellicar/ros2_ws/install/carla_msgs/include/carla_msgs/msg/detail/carla_ego_vehicle_info__type_support.h
[19.643s] -- Up-to-date: /home/lion/intellicar/ros2_ws/install/carla_msgs/include/carla_msgs/msg/detail/carla_collision_event__struct.h
[19.643s] -- Up-to-date: /home/lion/intellicar/ros2_ws/install/carla_msgs/include/carla_msgs/msg/detail/carla_ego_vehicle_status__type_support.h
[19.643s] -- Up-to-date: /home/lion/intellicar/ros2_ws/install/carla_msgs/include/carla_msgs/msg/detail/carla_weather_parameters__functions.c
[19.643s] -- Up-to-date: /home/lion/intellicar/ros2_ws/install/carla_msgs/include/carla_msgs/msg/detail/carla_traffic_light_status__struct.h
[19.645s] -- Up-to-date: /home/lion/intellicar/ros2_ws/install/carla_msgs/include/carla_msgs/msg/detail/carla_ego_vehicle_info_wheel__struct.h
[19.645s] -- Up-to-date: /home/lion/intellicar/ros2_ws/install/carla_msgs/include/carla_msgs/msg/detail/carla_traffic_light_status_list__struct.h
[19.645s] -- Up-to-date: /home/lion/intellicar/ros2_ws/install/carla_msgs/include/carla_msgs/msg/detail/carla_traffic_light_status_list__functions.h
[19.645s] -- Up-to-date: /home/lion/intellicar/ros2_ws/install/carla_msgs/include/carla_msgs/msg/detail/carla_world_info__struct.h
[19.645s] -- Up-to-date: /home/lion/intellicar/ros2_ws/install/carla_msgs/include/carla_msgs/msg/detail/carla_walker_control__functions.c
[19.645s] -- Up-to-date: /home/lion/intellicar/ros2_ws/install/carla_msgs/include/carla_msgs/msg/detail/carla_weather_parameters__type_support.h
[19.646s] -- Up-to-date: /home/lion/intellicar/ros2_ws/install/carla_msgs/include/carla_msgs/msg/detail/carla_traffic_light_status__functions.h
[19.646s] -- Up-to-date: /home/lion/intellicar/ros2_ws/install/carla_msgs/include/carla_msgs/msg/detail/carla_control__functions.c
[19.646s] -- Up-to-date: /home/lion/intellicar/ros2_ws/install/carla_msgs/include/carla_msgs/msg/detail/carla_walker_control__functions.h
[19.646s] -- Up-to-date: /home/lion/intellicar/ros2_ws/install/carla_msgs/include/carla_msgs/msg/detail/carla_ego_vehicle_status__functions.h
[19.646s] -- Up-to-date: /home/lion/intellicar/ros2_ws/install/carla_msgs/include/carla_msgs/msg/detail/carla_lane_invasion_event__type_support.h
[19.646s] -- Up-to-date: /home/lion/intellicar/ros2_ws/install/carla_msgs/include/carla_msgs/msg/carla_status.h
[19.646s] -- Up-to-date: /home/lion/intellicar/ros2_ws/install/carla_msgs/include/carla_msgs/msg/carla_traffic_light_info.h
[19.646s] -- Up-to-date: /home/lion/intellicar/ros2_ws/install/carla_msgs/include/carla_msgs/msg/carla_actor_info.h
[19.646s] -- Up-to-date: /home/lion/intellicar/ros2_ws/install/carla_msgs/include/carla_msgs/msg/carla_lane_invasion_event.h
[19.646s] -- Up-to-date: /home/lion/intellicar/ros2_ws/install/carla_msgs/include/carla_msgs/msg/carla_ego_vehicle_info.h
[19.646s] -- Up-to-date: /home/lion/intellicar/ros2_ws/install/carla_msgs/include/carla_msgs/msg/carla_ego_vehicle_control.h
[19.646s] -- Up-to-date: /home/lion/intellicar/ros2_ws/install/carla_msgs/include/carla_msgs/msg/carla_collision_event.h
[19.646s] -- Up-to-date: /home/lion/intellicar/ros2_ws/install/carla_msgs/include/carla_msgs/msg/carla_traffic_light_info_list.h
[19.646s] -- Up-to-date: /home/lion/intellicar/ros2_ws/install/carla_msgs/include/carla_msgs/msg/carla_traffic_light_status_list.h
[19.646s] -- Up-to-date: /home/lion/intellicar/ros2_ws/install/carla_msgs/include/carla_msgs/msg/carla_weather_parameters.h
[19.646s] -- Up-to-date: /home/lion/intellicar/ros2_ws/install/carla_msgs/include/carla_msgs/msg/carla_traffic_light_status.h
[19.647s] -- Up-to-date: /home/lion/intellicar/ros2_ws/install/carla_msgs/include/carla_msgs/msg/carla_actor_list.h
[19.647s] -- Up-to-date: /home/lion/intellicar/ros2_ws/install/carla_msgs/include/carla_msgs/msg/rosidl_generator_c__visibility_control.h
[19.647s] -- Up-to-date: /home/lion/intellicar/ros2_ws/install/carla_msgs/include/carla_msgs/msg/carla_control.h
[19.647s] -- Up-to-date: /home/lion/intellicar/ros2_ws/install/carla_msgs/include/carla_msgs/msg/carla_world_info.h
[19.647s] -- Up-to-date: /home/lion/intellicar/ros2_ws/install/carla_msgs/include/carla_msgs/srv
[19.647s] -- Up-to-date: /home/lion/intellicar/ros2_ws/install/carla_msgs/include/carla_msgs/srv/detail
[19.647s] -- Up-to-date: /home/lion/intellicar/ros2_ws/install/carla_msgs/include/carla_msgs/srv/detail/spawn_object__functions.c
[19.658s] -- Up-to-date: /home/lion/intellicar/ros2_ws/install/carla_msgs/include/carla_msgs/srv/detail/destroy_object__type_support.h
[19.660s] -- Up-to-date: /home/lion/intellicar/ros2_ws/install/carla_msgs/include/carla_msgs/srv/detail/spawn_object__functions.h
[19.661s] -- Up-to-date: /home/lion/intellicar/ros2_ws/install/carla_msgs/include/carla_msgs/srv/detail/get_blueprints__functions.h
[19.661s] -- Up-to-date: /home/lion/intellicar/ros2_ws/install/carla_msgs/include/carla_msgs/srv/detail/get_blueprints__struct.h
[19.661s] -- Up-to-date: /home/lion/intellicar/ros2_ws/install/carla_msgs/include/carla_msgs/srv/detail/spawn_object__type_support.h
[19.661s] -- Up-to-date: /home/lion/intellicar/ros2_ws/install/carla_msgs/include/carla_msgs/srv/detail/destroy_object__functions.c
[19.661s] -- Up-to-date: /home/lion/intellicar/ros2_ws/install/carla_msgs/include/carla_msgs/srv/detail/spawn_object__struct.h
[19.661s] -- Up-to-date: /home/lion/intellicar/ros2_ws/install/carla_msgs/include/carla_msgs/srv/detail/get_blueprints__functions.c
[19.661s] -- Up-to-date: /home/lion/intellicar/ros2_ws/install/carla_msgs/include/carla_msgs/srv/detail/destroy_object__functions.h
[19.661s] -- Up-to-date: /home/lion/intellicar/ros2_ws/install/carla_msgs/include/carla_msgs/srv/detail/get_blueprints__type_support.h
[19.661s] -- Up-to-date: /home/lion/intellicar/ros2_ws/install/carla_msgs/include/carla_msgs/srv/detail/destroy_object__struct.h
[19.662s] -- Up-to-date: /home/lion/intellicar/ros2_ws/install/carla_msgs/include/carla_msgs/srv/destroy_object.h
[19.662s] -- Up-to-date: /home/lion/intellicar/ros2_ws/install/carla_msgs/include/carla_msgs/srv/spawn_object.h
[19.662s] -- Up-to-date: /home/lion/intellicar/ros2_ws/install/carla_msgs/include/carla_msgs/srv/get_blueprints.h
[19.662s] -- Up-to-date: /home/lion/intellicar/ros2_ws/install/carla_msgs/share/carla_msgs/environment/library_path.sh
[19.662s] -- Up-to-date: /home/lion/intellicar/ros2_ws/install/carla_msgs/share/carla_msgs/environment/library_path.dsv
[19.662s] -- Up-to-date: /home/lion/intellicar/ros2_ws/install/carla_msgs/lib/libcarla_msgs__rosidl_generator_c.so
[19.662s] -- Up-to-date: /home/lion/intellicar/ros2_ws/install/carla_msgs/include/carla_msgs
[19.662s] -- Up-to-date: /home/lion/intellicar/ros2_ws/install/carla_msgs/include/carla_msgs/msg
[19.662s] -- Up-to-date: /home/lion/intellicar/ros2_ws/install/carla_msgs/include/carla_msgs/msg/detail
[19.662s] -- Up-to-date: /home/lion/intellicar/ros2_ws/install/carla_msgs/include/carla_msgs/msg/detail/carla_traffic_light_info_list__rosidl_typesupport_fastrtps_c.h
[19.662s] -- Up-to-date: /home/lion/intellicar/ros2_ws/install/carla_msgs/include/carla_msgs/msg/detail/carla_status__rosidl_typesupport_fastrtps_c.h
[19.663s] -- Up-to-date: /home/lion/intellicar/ros2_ws/install/carla_msgs/include/carla_msgs/msg/detail/carla_collision_event__rosidl_typesupport_fastrtps_c.h
[19.663s] -- Up-to-date: /home/lion/intellicar/ros2_ws/install/carla_msgs/include/carla_msgs/msg/detail/carla_traffic_light_status__rosidl_typesupport_fastrtps_c.h
[19.663s] -- Up-to-date: /home/lion/intellicar/ros2_ws/install/carla_msgs/include/carla_msgs/msg/detail/carla_walker_control__rosidl_typesupport_fastrtps_c.h
[19.663s] -- Up-to-date: /home/lion/intellicar/ros2_ws/install/carla_msgs/include/carla_msgs/msg/detail/carla_ego_vehicle_info_wheel__rosidl_typesupport_fastrtps_c.h
[19.663s] -- Up-to-date: /home/lion/intellicar/ros2_ws/install/carla_msgs/include/carla_msgs/msg/detail/carla_lane_invasion_event__rosidl_typesupport_fastrtps_c.h
[19.665s] -- Up-to-date: /home/lion/intellicar/ros2_ws/install/carla_msgs/include/carla_msgs/msg/detail/carla_actor_list__rosidl_typesupport_fastrtps_c.h
[19.665s] -- Up-to-date: /home/lion/intellicar/ros2_ws/install/carla_msgs/include/carla_msgs/msg/detail/carla_actor_info__rosidl_typesupport_fastrtps_c.h
[19.665s] -- Up-to-date: /home/lion/intellicar/ros2_ws/install/carla_msgs/include/carla_msgs/msg/detail/carla_traffic_light_info__rosidl_typesupport_fastrtps_c.h
[19.666s] -- Up-to-date: /home/lion/intellicar/ros2_ws/install/carla_msgs/include/carla_msgs/msg/detail/carla_control__rosidl_typesupport_fastrtps_c.h
[19.666s] -- Up-to-date: /home/lion/intellicar/ros2_ws/install/carla_msgs/include/carla_msgs/msg/detail/carla_traffic_light_status_list__rosidl_typesupport_fastrtps_c.h
[19.666s] -- Up-to-date: /home/lion/intellicar/ros2_ws/install/carla_msgs/include/carla_msgs/msg/detail/carla_ego_vehicle_status__rosidl_typesupport_fastrtps_c.h
[19.666s] -- Up-to-date: /home/lion/intellicar/ros2_ws/install/carla_msgs/include/carla_msgs/msg/detail/carla_ego_vehicle_info__rosidl_typesupport_fastrtps_c.h
[19.666s] -- Up-to-date: /home/lion/intellicar/ros2_ws/install/carla_msgs/include/carla_msgs/msg/detail/carla_ego_vehicle_control__rosidl_typesupport_fastrtps_c.h
[19.666s] -- Up-to-date: /home/lion/intellicar/ros2_ws/install/carla_msgs/include/carla_msgs/msg/detail/carla_weather_parameters__rosidl_typesupport_fastrtps_c.h
[19.666s] -- Up-to-date: /home/lion/intellicar/ros2_ws/install/carla_msgs/include/carla_msgs/msg/detail/carla_bounding_box__rosidl_typesupport_fastrtps_c.h
[19.666s] -- Up-to-date: /home/lion/intellicar/ros2_ws/install/carla_msgs/include/carla_msgs/msg/detail/carla_world_info__rosidl_typesupport_fastrtps_c.h
[19.666s] -- Up-to-date: /home/lion/intellicar/ros2_ws/install/carla_msgs/include/carla_msgs/msg/rosidl_typesupport_fastrtps_c__visibility_control.h
[19.666s] -- Up-to-date: /home/lion/intellicar/ros2_ws/install/carla_msgs/include/carla_msgs/srv
[19.666s] -- Up-to-date: /home/lion/intellicar/ros2_ws/install/carla_msgs/include/carla_msgs/srv/detail
[19.667s] -- Up-to-date: /home/lion/intellicar/ros2_ws/install/carla_msgs/include/carla_msgs/srv/detail/destroy_object__rosidl_typesupport_fastrtps_c.h
[19.667s] -- Up-to-date: /home/lion/intellicar/ros2_ws/install/carla_msgs/include/carla_msgs/srv/detail/get_blueprints__rosidl_typesupport_fastrtps_c.h
[19.667s] -- Up-to-date: /home/lion/intellicar/ros2_ws/install/carla_msgs/include/carla_msgs/srv/detail/spawn_object__rosidl_typesupport_fastrtps_c.h
[19.667s] -- Up-to-date: /home/lion/intellicar/ros2_ws/install/carla_msgs/lib/libcarla_msgs__rosidl_typesupport_fastrtps_c.so
[19.667s] -- Up-to-date: /home/lion/intellicar/ros2_ws/install/carla_msgs/include/carla_msgs
[19.667s] -- Up-to-date: /home/lion/intellicar/ros2_ws/install/carla_msgs/include/carla_msgs/msg
[19.667s] -- Up-to-date: /home/lion/intellicar/ros2_ws/install/carla_msgs/include/carla_msgs/msg/detail
[19.667s] -- Up-to-date: /home/lion/intellicar/ros2_ws/install/carla_msgs/include/carla_msgs/msg/detail/carla_ego_vehicle_status__rosidl_typesupport_fastrtps_cpp.hpp
[19.667s] -- Up-to-date: /home/lion/intellicar/ros2_ws/install/carla_msgs/include/carla_msgs/msg/detail/carla_walker_control__rosidl_typesupport_fastrtps_cpp.hpp
[19.667s] -- Up-to-date: /home/lion/intellicar/ros2_ws/install/carla_msgs/include/carla_msgs/msg/detail/carla_actor_info__rosidl_typesupport_fastrtps_cpp.hpp
[19.668s] -- Up-to-date: /home/lion/intellicar/ros2_ws/install/carla_msgs/include/carla_msgs/msg/detail/carla_status__rosidl_typesupport_fastrtps_cpp.hpp
[19.668s] -- Up-to-date: /home/lion/intellicar/ros2_ws/install/carla_msgs/include/carla_msgs/msg/detail/dds_fastrtps
[19.668s] -- Up-to-date: /home/lion/intellicar/ros2_ws/install/carla_msgs/include/carla_msgs/msg/detail/carla_ego_vehicle_info__rosidl_typesupport_fastrtps_cpp.hpp
[19.668s] -- Up-to-date: /home/lion/intellicar/ros2_ws/install/carla_msgs/include/carla_msgs/msg/detail/carla_bounding_box__rosidl_typesupport_fastrtps_cpp.hpp
[19.668s] -- Up-to-date: /home/lion/intellicar/ros2_ws/install/carla_msgs/include/carla_msgs/msg/detail/carla_traffic_light_status__rosidl_typesupport_fastrtps_cpp.hpp
[19.668s] -- Up-to-date: /home/lion/intellicar/ros2_ws/install/carla_msgs/include/carla_msgs/msg/detail/carla_weather_parameters__rosidl_typesupport_fastrtps_cpp.hpp
[19.668s] -- Up-to-date: /home/lion/intellicar/ros2_ws/install/carla_msgs/include/carla_msgs/msg/detail/carla_actor_list__rosidl_typesupport_fastrtps_cpp.hpp
[19.668s] -- Up-to-date: /home/lion/intellicar/ros2_ws/install/carla_msgs/include/carla_msgs/msg/detail/carla_traffic_light_info__rosidl_typesupport_fastrtps_cpp.hpp
[19.668s] -- Up-to-date: /home/lion/intellicar/ros2_ws/install/carla_msgs/include/carla_msgs/msg/detail/carla_collision_event__rosidl_typesupport_fastrtps_cpp.hpp
[19.668s] -- Up-to-date: /home/lion/intellicar/ros2_ws/install/carla_msgs/include/carla_msgs/msg/detail/carla_lane_invasion_event__rosidl_typesupport_fastrtps_cpp.hpp
[19.668s] -- Up-to-date: /home/lion/intellicar/ros2_ws/install/carla_msgs/include/carla_msgs/msg/detail/carla_world_info__rosidl_typesupport_fastrtps_cpp.hpp
[19.669s] -- Up-to-date: /home/lion/intellicar/ros2_ws/install/carla_msgs/include/carla_msgs/msg/detail/carla_ego_vehicle_control__rosidl_typesupport_fastrtps_cpp.hpp
[19.669s] -- Up-to-date: /home/lion/intellicar/ros2_ws/install/carla_msgs/include/carla_msgs/msg/detail/carla_traffic_light_info_list__rosidl_typesupport_fastrtps_cpp.hpp
[19.669s] -- Up-to-date: /home/lion/intellicar/ros2_ws/install/carla_msgs/include/carla_msgs/msg/detail/carla_traffic_light_status_list__rosidl_typesupport_fastrtps_cpp.hpp
[19.669s] -- Up-to-date: /home/lion/intellicar/ros2_ws/install/carla_msgs/include/carla_msgs/msg/detail/carla_ego_vehicle_info_wheel__rosidl_typesupport_fastrtps_cpp.hpp
[19.669s] -- Up-to-date: /home/lion/intellicar/ros2_ws/install/carla_msgs/include/carla_msgs/msg/detail/carla_control__rosidl_typesupport_fastrtps_cpp.hpp
[19.669s] -- Up-to-date: /home/lion/intellicar/ros2_ws/install/carla_msgs/include/carla_msgs/msg/rosidl_typesupport_fastrtps_cpp__visibility_control.h
[19.669s] -- Up-to-date: /home/lion/intellicar/ros2_ws/install/carla_msgs/include/carla_msgs/srv
[19.669s] -- Up-to-date: /home/lion/intellicar/ros2_ws/install/carla_msgs/include/carla_msgs/srv/detail
[19.669s] -- Up-to-date: /home/lion/intellicar/ros2_ws/install/carla_msgs/include/carla_msgs/srv/detail/dds_fastrtps
[19.669s] -- Up-to-date: /home/lion/intellicar/ros2_ws/install/carla_msgs/include/carla_msgs/srv/detail/destroy_object__rosidl_typesupport_fastrtps_cpp.hpp
[19.669s] -- Up-to-date: /home/lion/intellicar/ros2_ws/install/carla_msgs/include/carla_msgs/srv/detail/get_blueprints__rosidl_typesupport_fastrtps_cpp.hpp
[19.670s] -- Up-to-date: /home/lion/intellicar/ros2_ws/install/carla_msgs/include/carla_msgs/srv/detail/spawn_object__rosidl_typesupport_fastrtps_cpp.hpp
[19.670s] -- Up-to-date: /home/lion/intellicar/ros2_ws/install/carla_msgs/lib/libcarla_msgs__rosidl_typesupport_fastrtps_cpp.so
[19.670s] -- Up-to-date: /home/lion/intellicar/ros2_ws/install/carla_msgs/include/carla_msgs
[19.670s] -- Up-to-date: /home/lion/intellicar/ros2_ws/install/carla_msgs/include/carla_msgs/msg
[19.670s] -- Up-to-date: /home/lion/intellicar/ros2_ws/install/carla_msgs/include/carla_msgs/msg/detail
[19.670s] -- Up-to-date: /home/lion/intellicar/ros2_ws/install/carla_msgs/include/carla_msgs/msg/detail/carla_traffic_light_info__type_support.c
[19.670s] -- Up-to-date: /home/lion/intellicar/ros2_ws/install/carla_msgs/include/carla_msgs/msg/detail/carla_weather_parameters__type_support.c
[19.670s] -- Up-to-date: /home/lion/intellicar/ros2_ws/install/carla_msgs/include/carla_msgs/msg/detail/carla_walker_control__type_support.c
[19.670s] -- Up-to-date: /home/lion/intellicar/ros2_ws/install/carla_msgs/include/carla_msgs/msg/detail/carla_ego_vehicle_info__rosidl_typesupport_introspection_c.h
[19.670s] -- Up-to-date: /home/lion/intellicar/ros2_ws/install/carla_msgs/include/carla_msgs/msg/detail/carla_traffic_light_info_list__type_support.c
[19.671s] -- Up-to-date: /home/lion/intellicar/ros2_ws/install/carla_msgs/include/carla_msgs/msg/detail/carla_weather_parameters__rosidl_typesupport_introspection_c.h
[19.672s] -- Up-to-date: /home/lion/intellicar/ros2_ws/install/carla_msgs/include/carla_msgs/msg/detail/carla_bounding_box__type_support.c
[19.672s] -- Up-to-date: /home/lion/intellicar/ros2_ws/install/carla_msgs/include/carla_msgs/msg/detail/carla_traffic_light_status__rosidl_typesupport_introspection_c.h
[19.672s] -- Up-to-date: /home/lion/intellicar/ros2_ws/install/carla_msgs/include/carla_msgs/msg/detail/carla_actor_list__type_support.c
[19.673s] -- Up-to-date: /home/lion/intellicar/ros2_ws/install/carla_msgs/include/carla_msgs/msg/detail/carla_status__type_support.c
[19.673s] -- Up-to-date: /home/lion/intellicar/ros2_ws/install/carla_msgs/include/carla_msgs/msg/detail/carla_walker_control__rosidl_typesupport_introspection_c.h
[19.673s] -- Up-to-date: /home/lion/intellicar/ros2_ws/install/carla_msgs/include/carla_msgs/msg/detail/carla_actor_info__type_support.c
[19.673s] -- Up-to-date: /home/lion/intellicar/ros2_ws/install/carla_msgs/include/carla_msgs/msg/detail/carla_ego_vehicle_info_wheel__type_support.c
[19.673s] -- Up-to-date: /home/lion/intellicar/ros2_ws/install/carla_msgs/include/carla_msgs/msg/detail/carla_control__type_support.c
[19.673s] -- Up-to-date: /home/lion/intellicar/ros2_ws/install/carla_msgs/include/carla_msgs/msg/detail/carla_ego_vehicle_info__type_support.c
[19.673s] -- Up-to-date: /home/lion/intellicar/ros2_ws/install/carla_msgs/include/carla_msgs/msg/detail/carla_traffic_light_status_list__rosidl_typesupport_introspection_c.h
[19.673s] -- Up-to-date: /home/lion/intellicar/ros2_ws/install/carla_msgs/include/carla_msgs/msg/detail/carla_lane_invasion_event__rosidl_typesupport_introspection_c.h
[19.673s] -- Up-to-date: /home/lion/intellicar/ros2_ws/install/carla_msgs/include/carla_msgs/msg/detail/carla_world_info__rosidl_typesupport_introspection_c.h
[19.674s] -- Up-to-date: /home/lion/intellicar/ros2_ws/install/carla_msgs/include/carla_msgs/msg/detail/carla_control__rosidl_typesupport_introspection_c.h
[19.674s] -- Up-to-date: /home/lion/intellicar/ros2_ws/install/carla_msgs/include/carla_msgs/msg/detail/carla_actor_list__rosidl_typesupport_introspection_c.h
[19.674s] -- Up-to-date: /home/lion/intellicar/ros2_ws/install/carla_msgs/include/carla_msgs/msg/detail/carla_world_info__type_support.c
[19.674s] -- Up-to-date: /home/lion/intellicar/ros2_ws/install/carla_msgs/include/carla_msgs/msg/detail/carla_traffic_light_status_list__type_support.c
[19.674s] -- Up-to-date: /home/lion/intellicar/ros2_ws/install/carla_msgs/include/carla_msgs/msg/detail/carla_ego_vehicle_control__type_support.c
[19.674s] -- Up-to-date: /home/lion/intellicar/ros2_ws/install/carla_msgs/include/carla_msgs/msg/detail/carla_lane_invasion_event__type_support.c
[19.674s] -- Up-to-date: /home/lion/intellicar/ros2_ws/install/carla_msgs/include/carla_msgs/msg/detail/carla_collision_event__rosidl_typesupport_introspection_c.h
[19.674s] -- Up-to-date: /home/lion/intellicar/ros2_ws/install/carla_msgs/include/carla_msgs/msg/detail/carla_ego_vehicle_control__rosidl_typesupport_introspection_c.h
[19.674s] -- Up-to-date: /home/lion/intellicar/ros2_ws/install/carla_msgs/include/carla_msgs/msg/detail/carla_bounding_box__rosidl_typesupport_introspection_c.h
[19.674s] -- Up-to-date: /home/lion/intellicar/ros2_ws/install/carla_msgs/include/carla_msgs/msg/detail/carla_traffic_light_info_list__rosidl_typesupport_introspection_c.h
[19.674s] -- Up-to-date: /home/lion/intellicar/ros2_ws/install/carla_msgs/include/carla_msgs/msg/detail/carla_traffic_light_status__type_support.c
[19.675s] -- Up-to-date: /home/lion/intellicar/ros2_ws/install/carla_msgs/include/carla_msgs/msg/detail/carla_ego_vehicle_info_wheel__rosidl_typesupport_introspection_c.h
[19.675s] -- Up-to-date: /home/lion/intellicar/ros2_ws/install/carla_msgs/include/carla_msgs/msg/detail/carla_ego_vehicle_status__type_support.c
[19.675s] -- Up-to-date: /home/lion/intellicar/ros2_ws/install/carla_msgs/include/carla_msgs/msg/detail/carla_status__rosidl_typesupport_introspection_c.h
[19.675s] -- Up-to-date: /home/lion/intellicar/ros2_ws/install/carla_msgs/include/carla_msgs/msg/detail/carla_traffic_light_info__rosidl_typesupport_introspection_c.h
[19.675s] -- Up-to-date: /home/lion/intellicar/ros2_ws/install/carla_msgs/include/carla_msgs/msg/detail/carla_ego_vehicle_status__rosidl_typesupport_introspection_c.h
[19.675s] -- Up-to-date: /home/lion/intellicar/ros2_ws/install/carla_msgs/include/carla_msgs/msg/detail/carla_collision_event__type_support.c
[19.675s] -- Up-to-date: /home/lion/intellicar/ros2_ws/install/carla_msgs/include/carla_msgs/msg/detail/carla_actor_info__rosidl_typesupport_introspection_c.h
[19.675s] -- Up-to-date: /home/lion/intellicar/ros2_ws/install/carla_msgs/include/carla_msgs/msg/rosidl_typesupport_introspection_c__visibility_control.h
[19.675s] -- Up-to-date: /home/lion/intellicar/ros2_ws/install/carla_msgs/include/carla_msgs/srv
[19.676s] -- Up-to-date: /home/lion/intellicar/ros2_ws/install/carla_msgs/include/carla_msgs/srv/detail
[19.676s] -- Up-to-date: /home/lion/intellicar/ros2_ws/install/carla_msgs/include/carla_msgs/srv/detail/spawn_object__type_support.c
[19.676s] -- Up-to-date: /home/lion/intellicar/ros2_ws/install/carla_msgs/include/carla_msgs/srv/detail/destroy_object__type_support.c
[19.676s] -- Up-to-date: /home/lion/intellicar/ros2_ws/install/carla_msgs/include/carla_msgs/srv/detail/get_blueprints__type_support.c
[19.677s] -- Up-to-date: /home/lion/intellicar/ros2_ws/install/carla_msgs/include/carla_msgs/srv/detail/get_blueprints__rosidl_typesupport_introspection_c.h
[19.677s] -- Up-to-date: /home/lion/intellicar/ros2_ws/install/carla_msgs/include/carla_msgs/srv/detail/destroy_object__rosidl_typesupport_introspection_c.h
[19.677s] -- Up-to-date: /home/lion/intellicar/ros2_ws/install/carla_msgs/include/carla_msgs/srv/detail/spawn_object__rosidl_typesupport_introspection_c.h
[19.677s] -- Up-to-date: /home/lion/intellicar/ros2_ws/install/carla_msgs/lib/libcarla_msgs__rosidl_typesupport_introspection_c.so
[19.677s] -- Up-to-date: /home/lion/intellicar/ros2_ws/install/carla_msgs/lib/libcarla_msgs__rosidl_typesupport_c.so
[19.677s] -- Up-to-date: /home/lion/intellicar/ros2_ws/install/carla_msgs/include/carla_msgs
[19.677s] -- Up-to-date: /home/lion/intellicar/ros2_ws/install/carla_msgs/include/carla_msgs/msg
[19.677s] -- Up-to-date: /home/lion/intellicar/ros2_ws/install/carla_msgs/include/carla_msgs/msg/carla_traffic_light_info_list.hpp
[19.677s] -- Up-to-date: /home/lion/intellicar/ros2_ws/install/carla_msgs/include/carla_msgs/msg/carla_status.hpp
[19.677s] -- Up-to-date: /home/lion/intellicar/ros2_ws/install/carla_msgs/include/carla_msgs/msg/rosidl_generator_cpp__visibility_control.hpp
[19.677s] -- Up-to-date: /home/lion/intellicar/ros2_ws/install/carla_msgs/include/carla_msgs/msg/detail
[19.678s] -- Up-to-date: /home/lion/intellicar/ros2_ws/install/carla_msgs/include/carla_msgs/msg/detail/carla_ego_vehicle_info__type_support.hpp
[19.678s] -- Up-to-date: /home/lion/intellicar/ros2_ws/install/carla_msgs/include/carla_msgs/msg/detail/carla_lane_invasion_event__builder.hpp
[19.678s] -- Up-to-date: /home/lion/intellicar/ros2_ws/install/carla_msgs/include/carla_msgs/msg/detail/carla_actor_list__traits.hpp
[19.678s] -- Up-to-date: /home/lion/intellicar/ros2_ws/install/carla_msgs/include/carla_msgs/msg/detail/carla_status__traits.hpp
[19.678s] -- Up-to-date: /home/lion/intellicar/ros2_ws/install/carla_msgs/include/carla_msgs/msg/detail/carla_collision_event__builder.hpp
[19.678s] -- Up-to-date: /home/lion/intellicar/ros2_ws/install/carla_msgs/include/carla_msgs/msg/detail/carla_bounding_box__struct.hpp
[19.678s] -- Up-to-date: /home/lion/intellicar/ros2_ws/install/carla_msgs/include/carla_msgs/msg/detail/carla_traffic_light_status_list__builder.hpp
[19.678s] -- Up-to-date: /home/lion/intellicar/ros2_ws/install/carla_msgs/include/carla_msgs/msg/detail/carla_actor_info__traits.hpp
[19.678s] -- Up-to-date: /home/lion/intellicar/ros2_ws/install/carla_msgs/include/carla_msgs/msg/detail/carla_traffic_light_status__struct.hpp
[19.678s] -- Up-to-date: /home/lion/intellicar/ros2_ws/install/carla_msgs/include/carla_msgs/msg/detail/carla_traffic_light_info__traits.hpp
[19.679s] -- Up-to-date: /home/lion/intellicar/ros2_ws/install/carla_msgs/include/carla_msgs/msg/detail/carla_world_info__traits.hpp
[19.679s] -- Up-to-date: /home/lion/intellicar/ros2_ws/install/carla_msgs/include/carla_msgs/msg/detail/carla_traffic_light_status_list__type_support.hpp
[19.679s] -- Up-to-date: /home/lion/intellicar/ros2_ws/install/carla_msgs/include/carla_msgs/msg/detail/carla_ego_vehicle_status__builder.hpp
[19.679s] -- Up-to-date: /home/lion/intellicar/ros2_ws/install/carla_msgs/include/carla_msgs/msg/detail/carla_status__type_support.hpp
[19.679s] -- Up-to-date: /home/lion/intellicar/ros2_ws/install/carla_msgs/include/carla_msgs/msg/detail/carla_ego_vehicle_control__builder.hpp
[19.679s] -- Up-to-date: /home/lion/intellicar/ros2_ws/install/carla_msgs/include/carla_msgs/msg/detail/carla_ego_vehicle_control__type_support.hpp
[19.679s] -- Up-to-date: /home/lion/intellicar/ros2_ws/install/carla_msgs/include/carla_msgs/msg/detail/carla_traffic_light_status_list__traits.hpp
[19.680s] -- Up-to-date: /home/lion/intellicar/ros2_ws/install/carla_msgs/include/carla_msgs/msg/detail/carla_lane_invasion_event__struct.hpp
[19.680s] -- Up-to-date: /home/lion/intellicar/ros2_ws/install/carla_msgs/include/carla_msgs/msg/detail/carla_control__type_support.hpp
[19.680s] -- Up-to-date: /home/lion/intellicar/ros2_ws/install/carla_msgs/include/carla_msgs/msg/detail/carla_ego_vehicle_info_wheel__type_support.hpp
[19.680s] -- Up-to-date: /home/lion/intellicar/ros2_ws/install/carla_msgs/include/carla_msgs/msg/detail/carla_ego_vehicle_status__traits.hpp
[19.680s] -- Up-to-date: /home/lion/intellicar/ros2_ws/install/carla_msgs/include/carla_msgs/msg/detail/carla_walker_control__builder.hpp
[19.680s] -- Up-to-date: /home/lion/intellicar/ros2_ws/install/carla_msgs/include/carla_msgs/msg/detail/carla_collision_event__struct.hpp
[19.688s] -- Up-to-date: /home/lion/intellicar/ros2_ws/install/carla_msgs/include/carla_msgs/msg/detail/carla_status__builder.hpp
[19.688s] -- Up-to-date: /home/lion/intellicar/ros2_ws/install/carla_msgs/include/carla_msgs/msg/detail/carla_traffic_light_info_list__type_support.hpp
[19.689s] -- Up-to-date: /home/lion/intellicar/ros2_ws/install/carla_msgs/include/carla_msgs/msg/detail/carla_ego_vehicle_info__struct.hpp
[19.689s] -- Up-to-date: /home/lion/intellicar/ros2_ws/install/carla_msgs/include/carla_msgs/msg/detail/carla_ego_vehicle_control__struct.hpp
[19.689s] -- Up-to-date: /home/lion/intellicar/ros2_ws/install/carla_msgs/include/carla_msgs/msg/detail/carla_bounding_box__builder.hpp
[19.689s] -- Up-to-date: /home/lion/intellicar/ros2_ws/install/carla_msgs/include/carla_msgs/msg/detail/carla_traffic_light_info__struct.hpp
[19.690s] -- Up-to-date: /home/lion/intellicar/ros2_ws/install/carla_msgs/include/carla_msgs/msg/detail/carla_traffic_light_info_list__traits.hpp
[19.690s] -- Up-to-date: /home/lion/intellicar/ros2_ws/install/carla_msgs/include/carla_msgs/msg/detail/carla_traffic_light_status_list__struct.hpp
[19.690s] -- Up-to-date: /home/lion/intellicar/ros2_ws/install/carla_msgs/include/carla_msgs/msg/detail/carla_actor_info__struct.hpp
[19.690s] -- Up-to-date: /home/lion/intellicar/ros2_ws/install/carla_msgs/include/carla_msgs/msg/detail/carla_walker_control__traits.hpp
[19.691s] -- Up-to-date: /home/lion/intellicar/ros2_ws/install/carla_msgs/include/carla_msgs/msg/detail/carla_traffic_light_status__type_support.hpp
[19.691s] -- Up-to-date: /home/lion/intellicar/ros2_ws/install/carla_msgs/include/carla_msgs/msg/detail/carla_actor_list__type_support.hpp
[19.691s] -- Up-to-date: /home/lion/intellicar/ros2_ws/install/carla_msgs/include/carla_msgs/msg/detail/carla_control__struct.hpp
[19.693s] -- Up-to-date: /home/lion/intellicar/ros2_ws/install/carla_msgs/include/carla_msgs/msg/detail/carla_walker_control__type_support.hpp
[19.693s] -- Up-to-date: /home/lion/intellicar/ros2_ws/install/carla_msgs/include/carla_msgs/msg/detail/carla_ego_vehicle_info__traits.hpp
[19.695s] -- Up-to-date: /home/lion/intellicar/ros2_ws/install/carla_msgs/include/carla_msgs/msg/detail/carla_ego_vehicle_status__type_support.hpp
[19.696s] -- Up-to-date: /home/lion/intellicar/ros2_ws/install/carla_msgs/include/carla_msgs/msg/detail/carla_ego_vehicle_control__traits.hpp
[19.696s] -- Up-to-date: /home/lion/intellicar/ros2_ws/install/carla_msgs/include/carla_msgs/msg/detail/carla_world_info__type_support.hpp
[19.696s] -- Up-to-date: /home/lion/intellicar/ros2_ws/install/carla_msgs/include/carla_msgs/msg/detail/carla_weather_parameters__builder.hpp
[19.697s] -- Up-to-date: /home/lion/intellicar/ros2_ws/install/carla_msgs/include/carla_msgs/msg/detail/carla_world_info__builder.hpp
[19.697s] -- Up-to-date: /home/lion/intellicar/ros2_ws/install/carla_msgs/include/carla_msgs/msg/detail/carla_status__struct.hpp
[19.697s] -- Up-to-date: /home/lion/intellicar/ros2_ws/install/carla_msgs/include/carla_msgs/msg/detail/carla_collision_event__traits.hpp
[19.700s] -- Up-to-date: /home/lion/intellicar/ros2_ws/install/carla_msgs/include/carla_msgs/msg/detail/carla_ego_vehicle_info_wheel__builder.hpp
[19.700s] -- Up-to-date: /home/lion/intellicar/ros2_ws/install/carla_msgs/include/carla_msgs/msg/detail/carla_control__builder.hpp
[19.700s] -- Up-to-date: /home/lion/intellicar/ros2_ws/install/carla_msgs/include/carla_msgs/msg/detail/carla_lane_invasion_event__type_support.hpp
[19.700s] -- Up-to-date: /home/lion/intellicar/ros2_ws/install/carla_msgs/include/carla_msgs/msg/detail/carla_traffic_light_status__traits.hpp
[19.703s] -- Up-to-date: /home/lion/intellicar/ros2_ws/install/carla_msgs/include/carla_msgs/msg/detail/carla_control__traits.hpp
[19.704s] -- Up-to-date: /home/lion/intellicar/ros2_ws/install/carla_msgs/include/carla_msgs/msg/detail/carla_traffic_light_status__builder.hpp
[19.704s] -- Up-to-date: /home/lion/intellicar/ros2_ws/install/carla_msgs/include/carla_msgs/msg/detail/carla_traffic_light_info_list__struct.hpp
[19.715s] -- Up-to-date: /home/lion/intellicar/ros2_ws/install/carla_msgs/include/carla_msgs/msg/detail/carla_lane_invasion_event__traits.hpp
[19.719s] -- Up-to-date: /home/lion/intellicar/ros2_ws/install/carla_msgs/include/carla_msgs/msg/detail/carla_actor_list__builder.hpp
[19.719s] -- Up-to-date: /home/lion/intellicar/ros2_ws/install/carla_msgs/include/carla_msgs/msg/detail/carla_weather_parameters__traits.hpp
[19.720s] -- Up-to-date: /home/lion/intellicar/ros2_ws/install/carla_msgs/include/carla_msgs/msg/detail/carla_world_info__struct.hpp
[19.720s] -- Up-to-date: /home/lion/intellicar/ros2_ws/install/carla_msgs/include/carla_msgs/msg/detail/carla_traffic_light_info__builder.hpp
[19.720s] -- Up-to-date: /home/lion/intellicar/ros2_ws/install/carla_msgs/include/carla_msgs/msg/detail/carla_ego_vehicle_info_wheel__struct.hpp
[19.720s] -- Up-to-date: /home/lion/intellicar/ros2_ws/install/carla_msgs/include/carla_msgs/msg/detail/carla_ego_vehicle_status__struct.hpp
[19.720s] -- Up-to-date: /home/lion/intellicar/ros2_ws/install/carla_msgs/include/carla_msgs/msg/detail/carla_actor_info__builder.hpp
[19.720s] -- Up-to-date: /home/lion/intellicar/ros2_ws/install/carla_msgs/include/carla_msgs/msg/detail/carla_collision_event__type_support.hpp
[19.720s] -- Up-to-date: /home/lion/intellicar/ros2_ws/install/carla_msgs/include/carla_msgs/msg/detail/carla_actor_info__type_support.hpp
[19.720s] -- Up-to-date: /home/lion/intellicar/ros2_ws/install/carla_msgs/include/carla_msgs/msg/detail/carla_bounding_box__type_support.hpp
[19.720s] -- Up-to-date: /home/lion/intellicar/ros2_ws/install/carla_msgs/include/carla_msgs/msg/detail/carla_actor_list__struct.hpp
[19.720s] -- Up-to-date: /home/lion/intellicar/ros2_ws/install/carla_msgs/include/carla_msgs/msg/detail/carla_traffic_light_info__type_support.hpp
[19.721s] -- Up-to-date: /home/lion/intellicar/ros2_ws/install/carla_msgs/include/carla_msgs/msg/detail/carla_bounding_box__traits.hpp
[19.721s] -- Up-to-date: /home/lion/intellicar/ros2_ws/install/carla_msgs/include/carla_msgs/msg/detail/carla_ego_vehicle_info_wheel__traits.hpp
[19.721s] -- Up-to-date: /home/lion/intellicar/ros2_ws/install/carla_msgs/include/carla_msgs/msg/detail/carla_walker_control__struct.hpp
[19.721s] -- Up-to-date: /home/lion/intellicar/ros2_ws/install/carla_msgs/include/carla_msgs/msg/detail/carla_traffic_light_info_list__builder.hpp
[19.721s] -- Up-to-date: /home/lion/intellicar/ros2_ws/install/carla_msgs/include/carla_msgs/msg/detail/carla_weather_parameters__struct.hpp
[19.721s] -- Up-to-date: /home/lion/intellicar/ros2_ws/install/carla_msgs/include/carla_msgs/msg/detail/carla_ego_vehicle_info__builder.hpp
[19.721s] -- Up-to-date: /home/lion/intellicar/ros2_ws/install/carla_msgs/include/carla_msgs/msg/detail/carla_weather_parameters__type_support.hpp
[19.721s] -- Up-to-date: /home/lion/intellicar/ros2_ws/install/carla_msgs/include/carla_msgs/msg/carla_traffic_light_status.hpp
[19.721s] -- Up-to-date: /home/lion/intellicar/ros2_ws/install/carla_msgs/include/carla_msgs/msg/carla_ego_vehicle_info.hpp
[19.721s] -- Up-to-date: /home/lion/intellicar/ros2_ws/install/carla_msgs/include/carla_msgs/msg/carla_traffic_light_info.hpp
[19.722s] -- Up-to-date: /home/lion/intellicar/ros2_ws/install/carla_msgs/include/carla_msgs/msg/carla_actor_info.hpp
[19.722s] -- Up-to-date: /home/lion/intellicar/ros2_ws/install/carla_msgs/include/carla_msgs/msg/carla_traffic_light_status_list.hpp
[19.722s] -- Up-to-date: /home/lion/intellicar/ros2_ws/install/carla_msgs/include/carla_msgs/msg/carla_weather_parameters.hpp
[19.722s] -- Up-to-date: /home/lion/intellicar/ros2_ws/install/carla_msgs/include/carla_msgs/msg/carla_bounding_box.hpp
[19.722s] -- Up-to-date: /home/lion/intellicar/ros2_ws/install/carla_msgs/include/carla_msgs/msg/carla_actor_list.hpp
[19.722s] -- Up-to-date: /home/lion/intellicar/ros2_ws/install/carla_msgs/include/carla_msgs/msg/carla_world_info.hpp
[19.722s] -- Up-to-date: /home/lion/intellicar/ros2_ws/install/carla_msgs/include/carla_msgs/msg/carla_ego_vehicle_control.hpp
[19.722s] -- Up-to-date: /home/lion/intellicar/ros2_ws/install/carla_msgs/include/carla_msgs/msg/carla_walker_control.hpp
[19.722s] -- Up-to-date: /home/lion/intellicar/ros2_ws/install/carla_msgs/include/carla_msgs/msg/carla_ego_vehicle_info_wheel.hpp
[19.722s] -- Up-to-date: /home/lion/intellicar/ros2_ws/install/carla_msgs/include/carla_msgs/msg/carla_ego_vehicle_status.hpp
[19.723s] -- Up-to-date: /home/lion/intellicar/ros2_ws/install/carla_msgs/include/carla_msgs/msg/carla_control.hpp
[19.723s] -- Up-to-date: /home/lion/intellicar/ros2_ws/install/carla_msgs/include/carla_msgs/msg/carla_collision_event.hpp
[19.723s] -- Up-to-date: /home/lion/intellicar/ros2_ws/install/carla_msgs/include/carla_msgs/msg/carla_lane_invasion_event.hpp
[19.723s] -- Up-to-date: /home/lion/intellicar/ros2_ws/install/carla_msgs/include/carla_msgs/srv
[19.723s] -- Up-to-date: /home/lion/intellicar/ros2_ws/install/carla_msgs/include/carla_msgs/srv/detail
[19.723s] -- Up-to-date: /home/lion/intellicar/ros2_ws/install/carla_msgs/include/carla_msgs/srv/detail/destroy_object__builder.hpp
[19.723s] -- Up-to-date: /home/lion/intellicar/ros2_ws/install/carla_msgs/include/carla_msgs/srv/detail/get_blueprints__traits.hpp
[19.723s] -- Up-to-date: /home/lion/intellicar/ros2_ws/install/carla_msgs/include/carla_msgs/srv/detail/spawn_object__type_support.hpp
[19.723s] -- Up-to-date: /home/lion/intellicar/ros2_ws/install/carla_msgs/include/carla_msgs/srv/detail/get_blueprints__builder.hpp
[19.723s] -- Up-to-date: /home/lion/intellicar/ros2_ws/install/carla_msgs/include/carla_msgs/srv/detail/spawn_object__struct.hpp
[19.724s] -- Up-to-date: /home/lion/intellicar/ros2_ws/install/carla_msgs/include/carla_msgs/srv/detail/spawn_object__traits.hpp
[19.724s] -- Up-to-date: /home/lion/intellicar/ros2_ws/install/carla_msgs/include/carla_msgs/srv/detail/destroy_object__traits.hpp
[19.724s] -- Up-to-date: /home/lion/intellicar/ros2_ws/install/carla_msgs/include/carla_msgs/srv/detail/get_blueprints__struct.hpp
[19.724s] -- Up-to-date: /home/lion/intellicar/ros2_ws/install/carla_msgs/include/carla_msgs/srv/detail/spawn_object__builder.hpp
[19.724s] -- Up-to-date: /home/lion/intellicar/ros2_ws/install/carla_msgs/include/carla_msgs/srv/detail/destroy_object__type_support.hpp
[19.724s] -- Up-to-date: /home/lion/intellicar/ros2_ws/install/carla_msgs/include/carla_msgs/srv/detail/get_blueprints__type_support.hpp
[19.724s] -- Up-to-date: /home/lion/intellicar/ros2_ws/install/carla_msgs/include/carla_msgs/srv/detail/destroy_object__struct.hpp
[19.724s] -- Up-to-date: /home/lion/intellicar/ros2_ws/install/carla_msgs/include/carla_msgs/srv/destroy_object.hpp
[19.725s] -- Up-to-date: /home/lion/intellicar/ros2_ws/install/carla_msgs/include/carla_msgs/srv/get_blueprints.hpp
[19.725s] -- Up-to-date: /home/lion/intellicar/ros2_ws/install/carla_msgs/include/carla_msgs/srv/spawn_object.hpp
[19.725s] -- Up-to-date: /home/lion/intellicar/ros2_ws/install/carla_msgs/include/carla_msgs
[19.725s] -- Up-to-date: /home/lion/intellicar/ros2_ws/install/carla_msgs/include/carla_msgs/msg
[19.725s] -- Up-to-date: /home/lion/intellicar/ros2_ws/install/carla_msgs/include/carla_msgs/msg/detail
[19.725s] -- Up-to-date: /home/lion/intellicar/ros2_ws/install/carla_msgs/include/carla_msgs/msg/detail/carla_traffic_light_status__rosidl_typesupport_introspection_cpp.hpp
[19.726s] -- Up-to-date: /home/lion/intellicar/ros2_ws/install/carla_msgs/include/carla_msgs/msg/detail/carla_world_info__type_support.cpp
[19.726s] -- Up-to-date: /home/lion/intellicar/ros2_ws/install/carla_msgs/include/carla_msgs/msg/detail/carla_ego_vehicle_info_wheel__type_support.cpp
[19.726s] -- Up-to-date: /home/lion/intellicar/ros2_ws/install/carla_msgs/include/carla_msgs/msg/detail/carla_lane_invasion_event__rosidl_typesupport_introspection_cpp.hpp
[19.726s] -- Up-to-date: /home/lion/intellicar/ros2_ws/install/carla_msgs/include/carla_msgs/msg/detail/carla_ego_vehicle_control__type_support.cpp
[19.726s] -- Up-to-date: /home/lion/intellicar/ros2_ws/install/carla_msgs/include/carla_msgs/msg/detail/carla_weather_parameters__type_support.cpp
[19.726s] -- Up-to-date: /home/lion/intellicar/ros2_ws/install/carla_msgs/include/carla_msgs/msg/detail/carla_ego_vehicle_status__rosidl_typesupport_introspection_cpp.hpp
[19.726s] -- Up-to-date: /home/lion/intellicar/ros2_ws/install/carla_msgs/include/carla_msgs/msg/detail/carla_traffic_light_info_list__type_support.cpp
[19.726s] -- Up-to-date: /home/lion/intellicar/ros2_ws/install/carla_msgs/include/carla_msgs/msg/detail/carla_ego_vehicle_info__rosidl_typesupport_introspection_cpp.hpp
[19.727s] -- Up-to-date: /home/lion/intellicar/ros2_ws/install/carla_msgs/include/carla_msgs/msg/detail/carla_bounding_box__rosidl_typesupport_introspection_cpp.hpp
[19.727s] -- Up-to-date: /home/lion/intellicar/ros2_ws/install/carla_msgs/include/carla_msgs/msg/detail/carla_actor_list__rosidl_typesupport_introspection_cpp.hpp
[19.727s] -- Up-to-date: /home/lion/intellicar/ros2_ws/install/carla_msgs/include/carla_msgs/msg/detail/carla_ego_vehicle_status__type_support.cpp
[19.727s] -- Up-to-date: /home/lion/intellicar/ros2_ws/install/carla_msgs/include/carla_msgs/msg/detail/carla_lane_invasion_event__type_support.cpp
[19.727s] -- Up-to-date: /home/lion/intellicar/ros2_ws/install/carla_msgs/include/carla_msgs/msg/detail/carla_control__rosidl_typesupport_introspection_cpp.hpp
[19.727s] -- Up-to-date: /home/lion/intellicar/ros2_ws/install/carla_msgs/include/carla_msgs/msg/detail/carla_control__type_support.cpp
[19.727s] -- Up-to-date: /home/lion/intellicar/ros2_ws/install/carla_msgs/include/carla_msgs/msg/detail/carla_walker_control__rosidl_typesupport_introspection_cpp.hpp
[19.727s] -- Up-to-date: /home/lion/intellicar/ros2_ws/install/carla_msgs/include/carla_msgs/msg/detail/carla_traffic_light_info__rosidl_typesupport_introspection_cpp.hpp
[19.728s] -- Up-to-date: /home/lion/intellicar/ros2_ws/install/carla_msgs/include/carla_msgs/msg/detail/carla_traffic_light_status_list__rosidl_typesupport_introspection_cpp.hpp
[19.728s] -- Up-to-date: /home/lion/intellicar/ros2_ws/install/carla_msgs/include/carla_msgs/msg/detail/carla_actor_info__type_support.cpp
[19.729s] -- Up-to-date: /home/lion/intellicar/ros2_ws/install/carla_msgs/include/carla_msgs/msg/detail/carla_weather_parameters__rosidl_typesupport_introspection_cpp.hpp
[19.733s] -- Up-to-date: /home/lion/intellicar/ros2_ws/install/carla_msgs/include/carla_msgs/msg/detail/carla_bounding_box__type_support.cpp
[19.733s] -- Up-to-date: /home/lion/intellicar/ros2_ws/install/carla_msgs/include/carla_msgs/msg/detail/carla_ego_vehicle_info__type_support.cpp
[19.736s] -- Up-to-date: /home/lion/intellicar/ros2_ws/install/carla_msgs/include/carla_msgs/msg/detail/carla_traffic_light_status_list__type_support.cpp
[19.737s] -- Up-to-date: /home/lion/intellicar/ros2_ws/install/carla_msgs/include/carla_msgs/msg/detail/carla_actor_info__rosidl_typesupport_introspection_cpp.hpp
[19.738s] -- Up-to-date: /home/lion/intellicar/ros2_ws/install/carla_msgs/include/carla_msgs/msg/detail/carla_status__rosidl_typesupport_introspection_cpp.hpp
[19.738s] -- Up-to-date: /home/lion/intellicar/ros2_ws/install/carla_msgs/include/carla_msgs/msg/detail/carla_world_info__rosidl_typesupport_introspection_cpp.hpp
[19.739s] -- Up-to-date: /home/lion/intellicar/ros2_ws/install/carla_msgs/include/carla_msgs/msg/detail/carla_traffic_light_info__type_support.cpp
[19.740s] -- Up-to-date: /home/lion/intellicar/ros2_ws/install/carla_msgs/include/carla_msgs/msg/detail/carla_ego_vehicle_info_wheel__rosidl_typesupport_introspection_cpp.hpp
[19.740s] -- Up-to-date: /home/lion/intellicar/ros2_ws/install/carla_msgs/include/carla_msgs/msg/detail/carla_traffic_light_info_list__rosidl_typesupport_introspection_cpp.hpp
[19.740s] -- Up-to-date: /home/lion/intellicar/ros2_ws/install/carla_msgs/include/carla_msgs/msg/detail/carla_status__type_support.cpp
[19.741s] -- Up-to-date: /home/lion/intellicar/ros2_ws/install/carla_msgs/include/carla_msgs/msg/detail/carla_traffic_light_status__type_support.cpp
[19.742s] -- Up-to-date: /home/lion/intellicar/ros2_ws/install/carla_msgs/include/carla_msgs/msg/detail/carla_collision_event__type_support.cpp
[19.742s] -- Up-to-date: /home/lion/intellicar/ros2_ws/install/carla_msgs/include/carla_msgs/msg/detail/carla_ego_vehicle_control__rosidl_typesupport_introspection_cpp.hpp
[19.743s] -- Up-to-date: /home/lion/intellicar/ros2_ws/install/carla_msgs/include/carla_msgs/msg/detail/carla_collision_event__rosidl_typesupport_introspection_cpp.hpp
[19.743s] -- Up-to-date: /home/lion/intellicar/ros2_ws/install/carla_msgs/include/carla_msgs/msg/detail/carla_actor_list__type_support.cpp
[19.744s] -- Up-to-date: /home/lion/intellicar/ros2_ws/install/carla_msgs/include/carla_msgs/msg/detail/carla_walker_control__type_support.cpp
[19.744s] -- Up-to-date: /home/lion/intellicar/ros2_ws/install/carla_msgs/include/carla_msgs/srv
[19.745s] -- Up-to-date: /home/lion/intellicar/ros2_ws/install/carla_msgs/include/carla_msgs/srv/detail
[19.745s] -- Up-to-date: /home/lion/intellicar/ros2_ws/install/carla_msgs/include/carla_msgs/srv/detail/spawn_object__rosidl_typesupport_introspection_cpp.hpp
[19.745s] -- Up-to-date: /home/lion/intellicar/ros2_ws/install/carla_msgs/include/carla_msgs/srv/detail/spawn_object__type_support.cpp
[19.745s] -- Up-to-date: /home/lion/intellicar/ros2_ws/install/carla_msgs/include/carla_msgs/srv/detail/destroy_object__type_support.cpp
[19.745s] -- Up-to-date: /home/lion/intellicar/ros2_ws/install/carla_msgs/include/carla_msgs/srv/detail/get_blueprints__rosidl_typesupport_introspection_cpp.hpp
[19.746s] -- Up-to-date: /home/lion/intellicar/ros2_ws/install/carla_msgs/include/carla_msgs/srv/detail/destroy_object__rosidl_typesupport_introspection_cpp.hpp
[19.746s] -- Up-to-date: /home/lion/intellicar/ros2_ws/install/carla_msgs/include/carla_msgs/srv/detail/get_blueprints__type_support.cpp
[19.746s] -- Up-to-date: /home/lion/intellicar/ros2_ws/install/carla_msgs/lib/libcarla_msgs__rosidl_typesupport_introspection_cpp.so
[19.746s] -- Up-to-date: /home/lion/intellicar/ros2_ws/install/carla_msgs/lib/libcarla_msgs__rosidl_typesupport_cpp.so
[19.746s] -- Up-to-date: /home/lion/intellicar/ros2_ws/install/carla_msgs/share/carla_msgs/environment/pythonpath.sh
[19.747s] -- Up-to-date: /home/lion/intellicar/ros2_ws/install/carla_msgs/share/carla_msgs/environment/pythonpath.dsv
[19.747s] -- Up-to-date: /home/lion/intellicar/ros2_ws/install/carla_msgs/lib/python3.8/site-packages/carla_msgs/__init__.py
[19.747s] -- Up-to-date: /home/lion/intellicar/ros2_ws/install/carla_msgs/lib/python3.8/site-packages/carla_msgs/msg
[19.747s] -- Up-to-date: /home/lion/intellicar/ros2_ws/install/carla_msgs/lib/python3.8/site-packages/carla_msgs/msg/_carla_ego_vehicle_info_s.c
[19.747s] -- Up-to-date: /home/lion/intellicar/ros2_ws/install/carla_msgs/lib/python3.8/site-packages/carla_msgs/msg/_carla_actor_info.py
[19.748s] -- Up-to-date: /home/lion/intellicar/ros2_ws/install/carla_msgs/lib/python3.8/site-packages/carla_msgs/msg/_carla_weather_parameters_s.c
[19.748s] -- Up-to-date: /home/lion/intellicar/ros2_ws/install/carla_msgs/lib/python3.8/site-packages/carla_msgs/msg/_carla_lane_invasion_event.py
[19.748s] -- Up-to-date: /home/lion/intellicar/ros2_ws/install/carla_msgs/lib/python3.8/site-packages/carla_msgs/msg/_carla_world_info.py
[19.748s] -- Up-to-date: /home/lion/intellicar/ros2_ws/install/carla_msgs/lib/python3.8/site-packages/carla_msgs/msg/_carla_weather_parameters.py
[19.748s] -- Up-to-date: /home/lion/intellicar/ros2_ws/install/carla_msgs/lib/python3.8/site-packages/carla_msgs/msg/_carla_ego_vehicle_info_wheel.py
[19.748s] -- Up-to-date: /home/lion/intellicar/ros2_ws/install/carla_msgs/lib/python3.8/site-packages/carla_msgs/msg/_carla_collision_event.py
[19.748s] -- Up-to-date: /home/lion/intellicar/ros2_ws/install/carla_msgs/lib/python3.8/site-packages/carla_msgs/msg/_carla_traffic_light_info_list.py
[19.750s] -- Up-to-date: /home/lion/intellicar/ros2_ws/install/carla_msgs/lib/python3.8/site-packages/carla_msgs/msg/_carla_bounding_box_s.c
[19.750s] -- Up-to-date: /home/lion/intellicar/ros2_ws/install/carla_msgs/lib/python3.8/site-packages/carla_msgs/msg/_carla_actor_list_s.c
[19.750s] -- Up-to-date: /home/lion/intellicar/ros2_ws/install/carla_msgs/lib/python3.8/site-packages/carla_msgs/msg/_carla_ego_vehicle_control.py
[19.750s] -- Up-to-date: /home/lion/intellicar/ros2_ws/install/carla_msgs/lib/python3.8/site-packages/carla_msgs/msg/_carla_bounding_box.py
[19.750s] -- Up-to-date: /home/lion/intellicar/ros2_ws/install/carla_msgs/lib/python3.8/site-packages/carla_msgs/msg/_carla_walker_control_s.c
[19.750s] -- Up-to-date: /home/lion/intellicar/ros2_ws/install/carla_msgs/lib/python3.8/site-packages/carla_msgs/msg/_carla_collision_event_s.c
[19.751s] -- Up-to-date: /home/lion/intellicar/ros2_ws/install/carla_msgs/lib/python3.8/site-packages/carla_msgs/msg/_carla_ego_vehicle_info_wheel_s.c
[19.751s] -- Up-to-date: /home/lion/intellicar/ros2_ws/install/carla_msgs/lib/python3.8/site-packages/carla_msgs/msg/__init__.py
[19.751s] -- Up-to-date: /home/lion/intellicar/ros2_ws/install/carla_msgs/lib/python3.8/site-packages/carla_msgs/msg/_carla_control_s.c
[19.751s] -- Up-to-date: /home/lion/intellicar/ros2_ws/install/carla_msgs/lib/python3.8/site-packages/carla_msgs/msg/_carla_walker_control.py
[19.751s] -- Up-to-date: /home/lion/intellicar/ros2_ws/install/carla_msgs/lib/python3.8/site-packages/carla_msgs/msg/_carla_ego_vehicle_control_s.c
[19.751s] -- Up-to-date: /home/lion/intellicar/ros2_ws/install/carla_msgs/lib/python3.8/site-packages/carla_msgs/msg/_carla_traffic_light_status_list_s.c
[19.751s] -- Up-to-date: /home/lion/intellicar/ros2_ws/install/carla_msgs/lib/python3.8/site-packages/carla_msgs/msg/_carla_control.py
[19.751s] -- Up-to-date: /home/lion/intellicar/ros2_ws/install/carla_msgs/lib/python3.8/site-packages/carla_msgs/msg/_carla_world_info_s.c
[19.751s] -- Up-to-date: /home/lion/intellicar/ros2_ws/install/carla_msgs/lib/python3.8/site-packages/carla_msgs/msg/_carla_lane_invasion_event_s.c
[19.751s] -- Up-to-date: /home/lion/intellicar/ros2_ws/install/carla_msgs/lib/python3.8/site-packages/carla_msgs/msg/_carla_traffic_light_info_s.c
[19.751s] -- Up-to-date: /home/lion/intellicar/ros2_ws/install/carla_msgs/lib/python3.8/site-packages/carla_msgs/msg/_carla_traffic_light_info_list_s.c
[19.752s] -- Up-to-date: /home/lion/intellicar/ros2_ws/install/carla_msgs/lib/python3.8/site-packages/carla_msgs/msg/_carla_traffic_light_status.py
[19.752s] -- Up-to-date: /home/lion/intellicar/ros2_ws/install/carla_msgs/lib/python3.8/site-packages/carla_msgs/msg/_carla_actor_list.py
[19.752s] -- Up-to-date: /home/lion/intellicar/ros2_ws/install/carla_msgs/lib/python3.8/site-packages/carla_msgs/msg/_carla_traffic_light_info.py
[19.752s] -- Up-to-date: /home/lion/intellicar/ros2_ws/install/carla_msgs/lib/python3.8/site-packages/carla_msgs/msg/_carla_ego_vehicle_info.py
[19.752s] -- Up-to-date: /home/lion/intellicar/ros2_ws/install/carla_msgs/lib/python3.8/site-packages/carla_msgs/msg/_carla_traffic_light_status_s.c
[19.752s] -- Up-to-date: /home/lion/intellicar/ros2_ws/install/carla_msgs/lib/python3.8/site-packages/carla_msgs/msg/_carla_traffic_light_status_list.py
[19.752s] -- Up-to-date: /home/lion/intellicar/ros2_ws/install/carla_msgs/lib/python3.8/site-packages/carla_msgs/msg/_carla_status_s.c
[19.752s] -- Up-to-date: /home/lion/intellicar/ros2_ws/install/carla_msgs/lib/python3.8/site-packages/carla_msgs/msg/_carla_ego_vehicle_status_s.c
[19.752s] -- Up-to-date: /home/lion/intellicar/ros2_ws/install/carla_msgs/lib/python3.8/site-packages/carla_msgs/msg/_carla_actor_info_s.c
[19.752s] -- Up-to-date: /home/lion/intellicar/ros2_ws/install/carla_msgs/lib/python3.8/site-packages/carla_msgs/msg/_carla_ego_vehicle_status.py
[19.752s] -- Up-to-date: /home/lion/intellicar/ros2_ws/install/carla_msgs/lib/python3.8/site-packages/carla_msgs/msg/_carla_status.py
[19.752s] -- Up-to-date: /home/lion/intellicar/ros2_ws/install/carla_msgs/lib/python3.8/site-packages/carla_msgs/srv
[19.753s] -- Up-to-date: /home/lion/intellicar/ros2_ws/install/carla_msgs/lib/python3.8/site-packages/carla_msgs/srv/_spawn_object_s.c
[19.753s] -- Up-to-date: /home/lion/intellicar/ros2_ws/install/carla_msgs/lib/python3.8/site-packages/carla_msgs/srv/_destroy_object_s.c
[19.753s] -- Up-to-date: /home/lion/intellicar/ros2_ws/install/carla_msgs/lib/python3.8/site-packages/carla_msgs/srv/__init__.py
[19.753s] -- Up-to-date: /home/lion/intellicar/ros2_ws/install/carla_msgs/lib/python3.8/site-packages/carla_msgs/srv/_destroy_object.py
[19.753s] -- Up-to-date: /home/lion/intellicar/ros2_ws/install/carla_msgs/lib/python3.8/site-packages/carla_msgs/srv/_get_blueprints.py
[19.753s] -- Up-to-date: /home/lion/intellicar/ros2_ws/install/carla_msgs/lib/python3.8/site-packages/carla_msgs/srv/_get_blueprints_s.c
[19.753s] -- Up-to-date: /home/lion/intellicar/ros2_ws/install/carla_msgs/lib/python3.8/site-packages/carla_msgs/srv/_spawn_object.py
[19.753s] -- Up-to-date: /home/lion/intellicar/ros2_ws/install/carla_msgs/lib/python3.8/site-packages/carla_msgs/carla_msgs_s__rosidl_typesupport_fastrtps_c.cpython-38-x86_64-linux-gnu.so
[19.753s] -- Up-to-date: /home/lion/intellicar/ros2_ws/install/carla_msgs/lib/python3.8/site-packages/carla_msgs/carla_msgs_s__rosidl_typesupport_introspection_c.cpython-38-x86_64-linux-gnu.so
[19.753s] -- Up-to-date: /home/lion/intellicar/ros2_ws/install/carla_msgs/lib/python3.8/site-packages/carla_msgs/carla_msgs_s__rosidl_typesupport_c.cpython-38-x86_64-linux-gnu.so
[19.753s] -- Up-to-date: /home/lion/intellicar/ros2_ws/install/carla_msgs/lib/libcarla_msgs__python.so
[19.754s] -- Up-to-date: /home/lion/intellicar/ros2_ws/install/carla_msgs/share/carla_msgs/msg/CarlaBoundingBox.idl
[19.754s] -- Up-to-date: /home/lion/intellicar/ros2_ws/install/carla_msgs/share/carla_msgs/msg/CarlaEgoVehicleControl.idl
[19.754s] -- Up-to-date: /home/lion/intellicar/ros2_ws/install/carla_msgs/share/carla_msgs/msg/CarlaEgoVehicleStatus.idl
[19.754s] -- Up-to-date: /home/lion/intellicar/ros2_ws/install/carla_msgs/share/carla_msgs/msg/CarlaEgoVehicleInfoWheel.idl
[19.754s] -- Up-to-date: /home/lion/intellicar/ros2_ws/install/carla_msgs/share/carla_msgs/msg/CarlaEgoVehicleInfo.idl
[19.754s] -- Up-to-date: /home/lion/intellicar/ros2_ws/install/carla_msgs/share/carla_msgs/msg/CarlaCollisionEvent.idl
[19.754s] -- Up-to-date: /home/lion/intellicar/ros2_ws/install/carla_msgs/share/carla_msgs/msg/CarlaLaneInvasionEvent.idl
[19.754s] -- Up-to-date: /home/lion/intellicar/ros2_ws/install/carla_msgs/share/carla_msgs/msg/CarlaWorldInfo.idl
[19.754s] -- Up-to-date: /home/lion/intellicar/ros2_ws/install/carla_msgs/share/carla_msgs/msg/CarlaActorInfo.idl
[19.754s] -- Up-to-date: /home/lion/intellicar/ros2_ws/install/carla_msgs/share/carla_msgs/msg/CarlaActorList.idl
[19.754s] -- Up-to-date: /home/lion/intellicar/ros2_ws/install/carla_msgs/share/carla_msgs/msg/CarlaControl.idl
[19.754s] -- Up-to-date: /home/lion/intellicar/ros2_ws/install/carla_msgs/share/carla_msgs/msg/CarlaStatus.idl
[19.755s] -- Up-to-date: /home/lion/intellicar/ros2_ws/install/carla_msgs/share/carla_msgs/msg/CarlaTrafficLightInfo.idl
[19.755s] -- Up-to-date: /home/lion/intellicar/ros2_ws/install/carla_msgs/share/carla_msgs/msg/CarlaTrafficLightInfoList.idl
[19.755s] -- Up-to-date: /home/lion/intellicar/ros2_ws/install/carla_msgs/share/carla_msgs/msg/CarlaTrafficLightStatus.idl
[19.755s] -- Up-to-date: /home/lion/intellicar/ros2_ws/install/carla_msgs/share/carla_msgs/msg/CarlaTrafficLightStatusList.idl
[19.755s] -- Up-to-date: /home/lion/intellicar/ros2_ws/install/carla_msgs/share/carla_msgs/msg/CarlaWalkerControl.idl
[19.755s] -- Up-to-date: /home/lion/intellicar/ros2_ws/install/carla_msgs/share/carla_msgs/msg/CarlaWeatherParameters.idl
[19.755s] -- Up-to-date: /home/lion/intellicar/ros2_ws/install/carla_msgs/share/carla_msgs/srv/SpawnObject.idl
[19.755s] -- Up-to-date: /home/lion/intellicar/ros2_ws/install/carla_msgs/share/carla_msgs/srv/DestroyObject.idl
[19.755s] -- Up-to-date: /home/lion/intellicar/ros2_ws/install/carla_msgs/share/carla_msgs/srv/GetBlueprints.idl
[19.755s] -- Up-to-date: /home/lion/intellicar/ros2_ws/install/carla_msgs/share/carla_msgs/msg/CarlaBoundingBox.msg
[19.756s] -- Up-to-date: /home/lion/intellicar/ros2_ws/install/carla_msgs/share/carla_msgs/msg/CarlaEgoVehicleControl.msg
[19.756s] -- Up-to-date: /home/lion/intellicar/ros2_ws/install/carla_msgs/share/carla_msgs/msg/CarlaEgoVehicleStatus.msg
[19.756s] -- Up-to-date: /home/lion/intellicar/ros2_ws/install/carla_msgs/share/carla_msgs/msg/CarlaEgoVehicleInfoWheel.msg
[19.756s] -- Up-to-date: /home/lion/intellicar/ros2_ws/install/carla_msgs/share/carla_msgs/msg/CarlaEgoVehicleInfo.msg
[19.756s] -- Up-to-date: /home/lion/intellicar/ros2_ws/install/carla_msgs/share/carla_msgs/msg/CarlaCollisionEvent.msg
[19.757s] -- Up-to-date: /home/lion/intellicar/ros2_ws/install/carla_msgs/share/carla_msgs/msg/CarlaLaneInvasionEvent.msg
[19.757s] -- Up-to-date: /home/lion/intellicar/ros2_ws/install/carla_msgs/share/carla_msgs/msg/CarlaWorldInfo.msg
[19.757s] -- Up-to-date: /home/lion/intellicar/ros2_ws/install/carla_msgs/share/carla_msgs/msg/CarlaActorInfo.msg
[19.757s] -- Up-to-date: /home/lion/intellicar/ros2_ws/install/carla_msgs/share/carla_msgs/msg/CarlaActorList.msg
[19.757s] -- Up-to-date: /home/lion/intellicar/ros2_ws/install/carla_msgs/share/carla_msgs/msg/CarlaControl.msg
[19.757s] -- Up-to-date: /home/lion/intellicar/ros2_ws/install/carla_msgs/share/carla_msgs/msg/CarlaStatus.msg
[19.757s] -- Up-to-date: /home/lion/intellicar/ros2_ws/install/carla_msgs/share/carla_msgs/msg/CarlaTrafficLightInfo.msg
[19.757s] -- Up-to-date: /home/lion/intellicar/ros2_ws/install/carla_msgs/share/carla_msgs/msg/CarlaTrafficLightInfoList.msg
[19.757s] -- Up-to-date: /home/lion/intellicar/ros2_ws/install/carla_msgs/share/carla_msgs/msg/CarlaTrafficLightStatus.msg
[19.757s] -- Up-to-date: /home/lion/intellicar/ros2_ws/install/carla_msgs/share/carla_msgs/msg/CarlaTrafficLightStatusList.msg
[19.757s] -- Up-to-date: /home/lion/intellicar/ros2_ws/install/carla_msgs/share/carla_msgs/msg/CarlaWalkerControl.msg
[19.758s] -- Up-to-date: /home/lion/intellicar/ros2_ws/install/carla_msgs/share/carla_msgs/msg/CarlaWeatherParameters.msg
[19.758s] -- Up-to-date: /home/lion/intellicar/ros2_ws/install/carla_msgs/share/carla_msgs/srv/SpawnObject.srv
[19.758s] -- Up-to-date: /home/lion/intellicar/ros2_ws/install/carla_msgs/share/carla_msgs/srv/SpawnObject_Request.msg
[19.758s] -- Up-to-date: /home/lion/intellicar/ros2_ws/install/carla_msgs/share/carla_msgs/srv/SpawnObject_Response.msg
[19.758s] -- Up-to-date: /home/lion/intellicar/ros2_ws/install/carla_msgs/share/carla_msgs/srv/DestroyObject.srv
[19.758s] -- Up-to-date: /home/lion/intellicar/ros2_ws/install/carla_msgs/share/carla_msgs/srv/DestroyObject_Request.msg
[19.758s] -- Up-to-date: /home/lion/intellicar/ros2_ws/install/carla_msgs/share/carla_msgs/srv/DestroyObject_Response.msg
[19.758s] -- Up-to-date: /home/lion/intellicar/ros2_ws/install/carla_msgs/share/carla_msgs/srv/GetBlueprints.srv
[19.758s] -- Up-to-date: /home/lion/intellicar/ros2_ws/install/carla_msgs/share/carla_msgs/srv/GetBlueprints_Request.msg
[19.758s] -- Up-to-date: /home/lion/intellicar/ros2_ws/install/carla_msgs/share/carla_msgs/srv/GetBlueprints_Response.msg
[19.758s] -- Up-to-date: /home/lion/intellicar/ros2_ws/install/carla_msgs/share/ament_index/resource_index/package_run_dependencies/carla_msgs
[19.758s] -- Up-to-date: /home/lion/intellicar/ros2_ws/install/carla_msgs/share/ament_index/resource_index/parent_prefix_path/carla_msgs
[19.759s] -- Up-to-date: /home/lion/intellicar/ros2_ws/install/carla_msgs/share/carla_msgs/environment/ament_prefix_path.sh
[19.759s] -- Up-to-date: /home/lion/intellicar/ros2_ws/install/carla_msgs/share/carla_msgs/environment/ament_prefix_path.dsv
[19.759s] -- Up-to-date: /home/lion/intellicar/ros2_ws/install/carla_msgs/share/carla_msgs/environment/path.sh
[19.759s] -- Up-to-date: /home/lion/intellicar/ros2_ws/install/carla_msgs/share/carla_msgs/environment/path.dsv
[19.759s] -- Up-to-date: /home/lion/intellicar/ros2_ws/install/carla_msgs/share/carla_msgs/local_setup.bash
[19.759s] -- Up-to-date: /home/lion/intellicar/ros2_ws/install/carla_msgs/share/carla_msgs/local_setup.sh
[19.759s] -- Up-to-date: /home/lion/intellicar/ros2_ws/install/carla_msgs/share/carla_msgs/local_setup.zsh
[19.759s] -- Up-to-date: /home/lion/intellicar/ros2_ws/install/carla_msgs/share/carla_msgs/local_setup.dsv
[19.759s] -- Installing: /home/lion/intellicar/ros2_ws/install/carla_msgs/share/carla_msgs/package.dsv
[19.759s] -- Up-to-date: /home/lion/intellicar/ros2_ws/install/carla_msgs/share/ament_index/resource_index/packages/carla_msgs
[19.760s] -- Up-to-date: /home/lion/intellicar/ros2_ws/install/carla_msgs/share/carla_msgs/cmake/carla_msgs__rosidl_generator_cExport.cmake
[19.760s] -- Up-to-date: /home/lion/intellicar/ros2_ws/install/carla_msgs/share/carla_msgs/cmake/carla_msgs__rosidl_generator_cExport-noconfig.cmake
[19.760s] -- Up-to-date: /home/lion/intellicar/ros2_ws/install/carla_msgs/share/carla_msgs/cmake/carla_msgs__rosidl_typesupport_introspection_cExport.cmake
[19.760s] -- Up-to-date: /home/lion/intellicar/ros2_ws/install/carla_msgs/share/carla_msgs/cmake/carla_msgs__rosidl_typesupport_introspection_cExport-noconfig.cmake
[19.760s] -- Up-to-date: /home/lion/intellicar/ros2_ws/install/carla_msgs/share/carla_msgs/cmake/carla_msgs__rosidl_typesupport_cExport.cmake
[19.760s] -- Up-to-date: /home/lion/intellicar/ros2_ws/install/carla_msgs/share/carla_msgs/cmake/carla_msgs__rosidl_typesupport_cExport-noconfig.cmake
[19.760s] -- Up-to-date: /home/lion/intellicar/ros2_ws/install/carla_msgs/share/carla_msgs/cmake/carla_msgs__rosidl_generator_cppExport.cmake
[19.760s] -- Up-to-date: /home/lion/intellicar/ros2_ws/install/carla_msgs/share/carla_msgs/cmake/carla_msgs__rosidl_typesupport_introspection_cppExport.cmake
[19.760s] -- Up-to-date: /home/lion/intellicar/ros2_ws/install/carla_msgs/share/carla_msgs/cmake/carla_msgs__rosidl_typesupport_introspection_cppExport-noconfig.cmake
[19.760s] -- Up-to-date: /home/lion/intellicar/ros2_ws/install/carla_msgs/share/carla_msgs/cmake/carla_msgs__rosidl_typesupport_cppExport.cmake
[19.761s] -- Up-to-date: /home/lion/intellicar/ros2_ws/install/carla_msgs/share/carla_msgs/cmake/carla_msgs__rosidl_typesupport_cppExport-noconfig.cmake
[19.761s] -- Up-to-date: /home/lion/intellicar/ros2_ws/install/carla_msgs/share/carla_msgs/cmake/rosidl_cmake-extras.cmake
[19.761s] -- Up-to-date: /home/lion/intellicar/ros2_ws/install/carla_msgs/share/carla_msgs/cmake/ament_cmake_export_dependencies-extras.cmake
[19.761s] -- Up-to-date: /home/lion/intellicar/ros2_ws/install/carla_msgs/share/carla_msgs/cmake/ament_cmake_export_libraries-extras.cmake
[19.761s] -- Up-to-date: /home/lion/intellicar/ros2_ws/install/carla_msgs/share/carla_msgs/cmake/ament_cmake_export_targets-extras.cmake
[19.761s] -- Up-to-date: /home/lion/intellicar/ros2_ws/install/carla_msgs/share/carla_msgs/cmake/ament_cmake_export_include_directories-extras.cmake
[19.761s] -- Up-to-date: /home/lion/intellicar/ros2_ws/install/carla_msgs/share/carla_msgs/cmake/rosidl_cmake_export_typesupport_libraries-extras.cmake
[19.761s] -- Up-to-date: /home/lion/intellicar/ros2_ws/install/carla_msgs/share/carla_msgs/cmake/rosidl_cmake_export_typesupport_targets-extras.cmake
[19.761s] -- Up-to-date: /home/lion/intellicar/ros2_ws/install/carla_msgs/share/carla_msgs/cmake/carla_msgsConfig.cmake
[19.761s] -- Up-to-date: /home/lion/intellicar/ros2_ws/install/carla_msgs/share/carla_msgs/cmake/carla_msgsConfig-version.cmake
[19.761s] -- Up-to-date: /home/lion/intellicar/ros2_ws/install/carla_msgs/share/carla_msgs/package.xml
[21.774s] Invoked command in '/home/lion/intellicar/ros2_ws/build/carla_msgs' returned '0': CMAKE_PREFIX_PATH=${CMAKE_PREFIX_PATH}:/home/lion/intellicar/ros2_ws/install/carla_ad_demo:/home/lion/intellicar/ros2_ws/install/rqt_carla_control:/home/lion/intellicar/ros2_ws/install/carla_waypoint_publisher:/home/lion/intellicar/ros2_ws/install/carla_ackermann_control:/home/lion/intellicar/ros2_ws/install/carla_ros_bridge:/home/lion/intellicar/ros2_ws/install/carla_spawn_objects:/home/lion/intellicar/ros2_ws/install/carla_manual_control:/home/lion/intellicar/ros2_ws/install/carla_ad_agent:/home/lion/intellicar/ros2_ws/install/ros_compatibility:/home/lion/intellicar/ros2_ws/install/carla_walker_agent:/home/lion/intellicar/ros2_ws/install/carla_twist_to_control:/home/lion/intellicar/ros2_ws/install/carla_ros_scenario_runner:/home/lion/intellicar/ros2_ws/install/carla_common:/opt/ros/foxy /usr/bin/cmake --install /home/lion/intellicar/ros2_ws/build/carla_msgs
