[4.755s] Invoking command in '/home/lion/intellicar/ros2_ws/src/ros-bridge/carla_ackermann_control': AMENT_PREFIX_PATH=/home/lion/intellicar/ros2_ws/install/carla_ros_bridge:/home/lion/intellicar/ros2_ws/install/carla_spawn_objects:/home/lion/intellicar/ros2_ws/install/carla_manual_control:/home/lion/intellicar/ros2_ws/install/carla_ackermann_msgs:/home/lion/intellicar/ros2_ws/install/ros_compatibility:/home/lion/intellicar/ros2_ws/install/carla_msgs:/home/lion/intellicar/ros2_ws/install/carla_common:${AMENT_PREFIX_PATH} CMAKE_PREFIX_PATH=/home/lion/intellicar/ros2_ws/install/carla_ackermann_msgs:/home/lion/intellicar/ros2_ws/install/carla_msgs LD_LIBRARY_PATH=/home/lion/intellicar/ros2_ws/install/carla_ackermann_msgs/lib:/home/lion/intellicar/ros2_ws/install/carla_msgs/lib:${LD_LIBRARY_PATH} PYTHONPATH=/home/lion/intellicar/ros2_ws/build/carla_ackermann_control/prefix_override:/home/lion/intellicar/ros2_ws/install/carla_ackermann_control/lib/python3.8/site-packages:/home/lion/intellicar/ros2_ws/install/carla_ros_bridge/lib/python3.8/site-packages:/home/lion/intellicar/ros2_ws/install/carla_spawn_objects/lib/python3.8/site-packages:/home/lion/intellicar/ros2_ws/install/carla_manual_control/lib/python3.8/site-packages:/home/lion/intellicar/ros2_ws/install/carla_ackermann_msgs/lib/python3.8/site-packages:/home/lion/intellicar/ros2_ws/install/ros_compatibility/lib/python3.8/site-packages:/home/lion/intellicar/ros2_ws/install/carla_msgs/lib/python3.8/site-packages:/home/lion/intellicar/ros2_ws/install/carla_common/lib/python3.8/site-packages:${PYTHONPATH} /usr/bin/python3 setup.py egg_info --egg-base ../../../build/carla_ackermann_control build --build-base /home/lion/intellicar/ros2_ws/build/carla_ackermann_control/build install --record /home/lion/intellicar/ros2_ws/build/carla_ackermann_control/install.log --single-version-externally-managed
[5.071s] running egg_info
[5.072s] writing ../../../build/carla_ackermann_control/carla_ackermann_control.egg-info/PKG-INFO
[5.073s] writing dependency_links to ../../../build/carla_ackermann_control/carla_ackermann_control.egg-info/dependency_links.txt
[5.073s] writing entry points to ../../../build/carla_ackermann_control/carla_ackermann_control.egg-info/entry_points.txt
[5.073s] writing requirements to ../../../build/carla_ackermann_control/carla_ackermann_control.egg-info/requires.txt
[5.073s] writing top-level names to ../../../build/carla_ackermann_control/carla_ackermann_control.egg-info/top_level.txt
[5.122s] reading manifest file '../../../build/carla_ackermann_control/carla_ackermann_control.egg-info/SOURCES.txt'
[5.123s] writing manifest file '../../../build/carla_ackermann_control/carla_ackermann_control.egg-info/SOURCES.txt'
[5.124s] running build
[5.124s] running build_py
[5.124s] running install
[5.125s] running install_lib
[5.127s] running install_data
[5.128s] running install_egg_info
[5.131s] removing '/home/lion/intellicar/ros2_ws/install/carla_ackermann_control/lib/python3.8/site-packages/carla_ackermann_control-0.0.0-py3.8.egg-info' (and everything under it)
[5.132s] Copying ../../../build/carla_ackermann_control/carla_ackermann_control.egg-info to /home/lion/intellicar/ros2_ws/install/carla_ackermann_control/lib/python3.8/site-packages/carla_ackermann_control-0.0.0-py3.8.egg-info
[5.133s] running install_scripts
[5.162s] Installing carla_ackermann_control_node script to /home/lion/intellicar/ros2_ws/install/carla_ackermann_control/lib/carla_ackermann_control
[5.163s] writing list of installed files to '/home/lion/intellicar/ros2_ws/build/carla_ackermann_control/install.log'
[5.627s] Invoked command in '/home/lion/intellicar/ros2_ws/src/ros-bridge/carla_ackermann_control' returned '0': AMENT_PREFIX_PATH=/home/lion/intellicar/ros2_ws/install/carla_ros_bridge:/home/lion/intellicar/ros2_ws/install/carla_spawn_objects:/home/lion/intellicar/ros2_ws/install/carla_manual_control:/home/lion/intellicar/ros2_ws/install/carla_ackermann_msgs:/home/lion/intellicar/ros2_ws/install/ros_compatibility:/home/lion/intellicar/ros2_ws/install/carla_msgs:/home/lion/intellicar/ros2_ws/install/carla_common:${AMENT_PREFIX_PATH} CMAKE_PREFIX_PATH=/home/lion/intellicar/ros2_ws/install/carla_ackermann_msgs:/home/lion/intellicar/ros2_ws/install/carla_msgs LD_LIBRARY_PATH=/home/lion/intellicar/ros2_ws/install/carla_ackermann_msgs/lib:/home/lion/intellicar/ros2_ws/install/carla_msgs/lib:${LD_LIBRARY_PATH} PYTHONPATH=/home/lion/intellicar/ros2_ws/build/carla_ackermann_control/prefix_override:/home/lion/intellicar/ros2_ws/install/carla_ackermann_control/lib/python3.8/site-packages:/home/lion/intellicar/ros2_ws/install/carla_ros_bridge/lib/python3.8/site-packages:/home/lion/intellicar/ros2_ws/install/carla_spawn_objects/lib/python3.8/site-packages:/home/lion/intellicar/ros2_ws/install/carla_manual_control/lib/python3.8/site-packages:/home/lion/intellicar/ros2_ws/install/carla_ackermann_msgs/lib/python3.8/site-packages:/home/lion/intellicar/ros2_ws/install/ros_compatibility/lib/python3.8/site-packages:/home/lion/intellicar/ros2_ws/install/carla_msgs/lib/python3.8/site-packages:/home/lion/intellicar/ros2_ws/install/carla_common/lib/python3.8/site-packages:${PYTHONPATH} /usr/bin/python3 setup.py egg_info --egg-base ../../../build/carla_ackermann_control build --build-base /home/lion/intellicar/ros2_ws/build/carla_ackermann_control/build install --record /home/lion/intellicar/ros2_ws/build/carla_ackermann_control/install.log --single-version-externally-managed
