[11.672s] Invoking command in '/home/lion/intellicar/ros2_ws/src/ros-bridge/carla_twist_to_control': PYTHONPATH=/home/lion/intellicar/ros2_ws/build/carla_twist_to_control/prefix_override:/home/lion/intellicar/ros2_ws/install/carla_twist_to_control/lib/python3.8/site-packages:${PYTHONPATH} /usr/bin/python3 setup.py egg_info --egg-base ../../../build/carla_twist_to_control build --build-base /home/lion/intellicar/ros2_ws/build/carla_twist_to_control/build install --record /home/lion/intellicar/ros2_ws/build/carla_twist_to_control/install.log --single-version-externally-managed
[12.961s] running egg_info
[12.961s] writing ../../../build/carla_twist_to_control/carla_twist_to_control.egg-info/PKG-INFO
[12.961s] writing dependency_links to ../../../build/carla_twist_to_control/carla_twist_to_control.egg-info/dependency_links.txt
[12.961s] writing entry points to ../../../build/carla_twist_to_control/carla_twist_to_control.egg-info/entry_points.txt
[12.961s] writing requirements to ../../../build/carla_twist_to_control/carla_twist_to_control.egg-info/requires.txt
[12.961s] writing top-level names to ../../../build/carla_twist_to_control/carla_twist_to_control.egg-info/top_level.txt
[12.961s] reading manifest file '../../../build/carla_twist_to_control/carla_twist_to_control.egg-info/SOURCES.txt'
[12.961s] writing manifest file '../../../build/carla_twist_to_control/carla_twist_to_control.egg-info/SOURCES.txt'
[12.961s] running build
[12.961s] running build_py
[12.962s] running install
[12.962s] running install_lib
[12.962s] running install_data
[12.962s] running install_egg_info
[12.962s] removing '/home/lion/intellicar/ros2_ws/install/carla_twist_to_control/lib/python3.8/site-packages/carla_twist_to_control-0.0.0-py3.8.egg-info' (and everything under it)
[12.962s] Copying ../../../build/carla_twist_to_control/carla_twist_to_control.egg-info to /home/lion/intellicar/ros2_ws/install/carla_twist_to_control/lib/python3.8/site-packages/carla_twist_to_control-0.0.0-py3.8.egg-info
[12.962s] running install_scripts
[12.962s] Installing carla_twist_to_control script to /home/lion/intellicar/ros2_ws/install/carla_twist_to_control/lib/carla_twist_to_control
[12.962s] writing list of installed files to '/home/lion/intellicar/ros2_ws/build/carla_twist_to_control/install.log'
[13.638s] Invoked command in '/home/lion/intellicar/ros2_ws/src/ros-bridge/carla_twist_to_control' returned '0': PYTHONPATH=/home/lion/intellicar/ros2_ws/build/carla_twist_to_control/prefix_override:/home/lion/intellicar/ros2_ws/install/carla_twist_to_control/lib/python3.8/site-packages:${PYTHONPATH} /usr/bin/python3 setup.py egg_info --egg-base ../../../build/carla_twist_to_control build --build-base /home/lion/intellicar/ros2_ws/build/carla_twist_to_control/build install --record /home/lion/intellicar/ros2_ws/build/carla_twist_to_control/install.log --single-version-externally-managed
