[4.414s] Invoking command in '/home/lion/intellicar/ros2_ws/build/rviz_carla_plugin': AMENT_PREFIX_PATH=/home/lion/intellicar/ros2_ws/install/carla_ros_scenario_runner_types:/home/lion/intellicar/ros2_ws/install/carla_msgs:${AMENT_PREFIX_PATH} CMAKE_PREFIX_PATH=/home/lion/intellicar/ros2_ws/install/carla_ros_scenario_runner_types:/home/lion/intellicar/ros2_ws/install/carla_msgs:/opt/ros/foxy LD_LIBRARY_PATH=/home/lion/intellicar/ros2_ws/install/carla_ros_scenario_runner_types/lib:/home/lion/intellicar/ros2_ws/install/carla_msgs/lib:${LD_LIBRARY_PATH} PYTHONPATH=/home/lion/intellicar/ros2_ws/install/carla_ros_scenario_runner_types/lib/python3.8/site-packages:/home/lion/intellicar/ros2_ws/install/carla_msgs/lib/python3.8/site-packages:${PYTHONPATH} /usr/bin/cmake --build /home/lion/intellicar/ros2_ws/build/rviz_carla_plugin -- -j16 -l16
[4.512s] [ 12%] [34m[1mAutomatic MOC for target rviz_carla_plugin[0m
[4.541s] [ 12%] Built target rviz_carla_plugin_autogen
[4.623s] [100%] Built target rviz_carla_plugin
[5.317s] Invoked command in '/home/lion/intellicar/ros2_ws/build/rviz_carla_plugin' returned '0': AMENT_PREFIX_PATH=/home/lion/intellicar/ros2_ws/install/carla_ros_scenario_runner_types:/home/lion/intellicar/ros2_ws/install/carla_msgs:${AMENT_PREFIX_PATH} CMAKE_PREFIX_PATH=/home/lion/intellicar/ros2_ws/install/carla_ros_scenario_runner_types:/home/lion/intellicar/ros2_ws/install/carla_msgs:/opt/ros/foxy LD_LIBRARY_PATH=/home/lion/intellicar/ros2_ws/install/carla_ros_scenario_runner_types/lib:/home/lion/intellicar/ros2_ws/install/carla_msgs/lib:${LD_LIBRARY_PATH} PYTHONPATH=/home/lion/intellicar/ros2_ws/install/carla_ros_scenario_runner_types/lib/python3.8/site-packages:/home/lion/intellicar/ros2_ws/install/carla_msgs/lib/python3.8/site-packages:${PYTHONPATH} /usr/bin/cmake --build /home/lion/intellicar/ros2_ws/build/rviz_carla_plugin -- -j16 -l16
[5.392s] Invoking command in '/home/lion/intellicar/ros2_ws/build/rviz_carla_plugin': AMENT_PREFIX_PATH=/home/lion/intellicar/ros2_ws/install/carla_ros_scenario_runner_types:/home/lion/intellicar/ros2_ws/install/carla_msgs:${AMENT_PREFIX_PATH} CMAKE_PREFIX_PATH=/home/lion/intellicar/ros2_ws/install/carla_ros_scenario_runner_types:/home/lion/intellicar/ros2_ws/install/carla_msgs:/opt/ros/foxy LD_LIBRARY_PATH=/home/lion/intellicar/ros2_ws/install/carla_ros_scenario_runner_types/lib:/home/lion/intellicar/ros2_ws/install/carla_msgs/lib:${LD_LIBRARY_PATH} PYTHONPATH=/home/lion/intellicar/ros2_ws/install/carla_ros_scenario_runner_types/lib/python3.8/site-packages:/home/lion/intellicar/ros2_ws/install/carla_msgs/lib/python3.8/site-packages:${PYTHONPATH} /usr/bin/cmake --install /home/lion/intellicar/ros2_ws/build/rviz_carla_plugin
[5.409s] -- Install configuration: ""
[5.409s] -- Up-to-date: /home/lion/intellicar/ros2_ws/install/rviz_carla_plugin/share/rviz_carla_plugin/plugin_description_ros2.xml
[5.409s] -- Up-to-date: /home/lion/intellicar/ros2_ws/install/rviz_carla_plugin/share/rviz_carla_plugin/environment/library_path.sh
[5.410s] -- Up-to-date: /home/lion/intellicar/ros2_ws/install/rviz_carla_plugin/share/rviz_carla_plugin/environment/library_path.dsv
[5.410s] -- Up-to-date: /home/lion/intellicar/ros2_ws/install/rviz_carla_plugin/lib/librviz_carla_plugin.so
[5.410s] -- Up-to-date: /home/lion/intellicar/ros2_ws/install/rviz_carla_plugin/share/rviz_carla_plugin/plugin_description_ros2.xml
[5.410s] -- Up-to-date: /home/lion/intellicar/ros2_ws/install/rviz_carla_plugin/share/rviz_carla_plugin
[5.410s] -- Up-to-date: /home/lion/intellicar/ros2_ws/install/rviz_carla_plugin/share/rviz_carla_plugin/classes
[5.410s] -- Up-to-date: /home/lion/intellicar/ros2_ws/install/rviz_carla_plugin/share/rviz_carla_plugin/classes/CarlaControl.png
[5.410s] -- Up-to-date: /home/lion/intellicar/ros2_ws/install/rviz_carla_plugin/share/rviz_carla_plugin/step_once.png
[5.410s] -- Up-to-date: /home/lion/intellicar/ros2_ws/install/rviz_carla_plugin/share/rviz_carla_plugin/pause.png
[5.410s] -- Up-to-date: /home/lion/intellicar/ros2_ws/install/rviz_carla_plugin/share/rviz_carla_plugin/play.png
[5.410s] -- Up-to-date: /home/lion/intellicar/ros2_ws/install/rviz_carla_plugin/share/ament_index/resource_index/package_run_dependencies/rviz_carla_plugin
[5.411s] -- Up-to-date: /home/lion/intellicar/ros2_ws/install/rviz_carla_plugin/share/ament_index/resource_index/parent_prefix_path/rviz_carla_plugin
[5.411s] -- Up-to-date: /home/lion/intellicar/ros2_ws/install/rviz_carla_plugin/share/rviz_carla_plugin/environment/ament_prefix_path.sh
[5.411s] -- Up-to-date: /home/lion/intellicar/ros2_ws/install/rviz_carla_plugin/share/rviz_carla_plugin/environment/ament_prefix_path.dsv
[5.411s] -- Up-to-date: /home/lion/intellicar/ros2_ws/install/rviz_carla_plugin/share/rviz_carla_plugin/environment/path.sh
[5.411s] -- Up-to-date: /home/lion/intellicar/ros2_ws/install/rviz_carla_plugin/share/rviz_carla_plugin/environment/path.dsv
[5.411s] -- Up-to-date: /home/lion/intellicar/ros2_ws/install/rviz_carla_plugin/share/rviz_carla_plugin/local_setup.bash
[5.411s] -- Up-to-date: /home/lion/intellicar/ros2_ws/install/rviz_carla_plugin/share/rviz_carla_plugin/local_setup.sh
[5.412s] -- Up-to-date: /home/lion/intellicar/ros2_ws/install/rviz_carla_plugin/share/rviz_carla_plugin/local_setup.zsh
[5.412s] -- Up-to-date: /home/lion/intellicar/ros2_ws/install/rviz_carla_plugin/share/rviz_carla_plugin/local_setup.dsv
[5.412s] -- Installing: /home/lion/intellicar/ros2_ws/install/rviz_carla_plugin/share/rviz_carla_plugin/package.dsv
[5.412s] -- Up-to-date: /home/lion/intellicar/ros2_ws/install/rviz_carla_plugin/share/ament_index/resource_index/packages/rviz_carla_plugin
[5.412s] -- Up-to-date: /home/lion/intellicar/ros2_ws/install/rviz_carla_plugin/share/ament_index/resource_index/rviz_common__pluginlib__plugin/rviz_carla_plugin
[5.412s] -- Up-to-date: /home/lion/intellicar/ros2_ws/install/rviz_carla_plugin/share/rviz_carla_plugin/cmake/ament_cmake_export_libraries-extras.cmake
[5.412s] -- Up-to-date: /home/lion/intellicar/ros2_ws/install/rviz_carla_plugin/share/rviz_carla_plugin/cmake/rviz_carla_pluginConfig.cmake
[5.412s] -- Up-to-date: /home/lion/intellicar/ros2_ws/install/rviz_carla_plugin/share/rviz_carla_plugin/cmake/rviz_carla_pluginConfig-version.cmake
[5.412s] -- Up-to-date: /home/lion/intellicar/ros2_ws/install/rviz_carla_plugin/share/rviz_carla_plugin/package.xml
[5.424s] Invoked command in '/home/lion/intellicar/ros2_ws/build/rviz_carla_plugin' returned '0': AMENT_PREFIX_PATH=/home/lion/intellicar/ros2_ws/install/carla_ros_scenario_runner_types:/home/lion/intellicar/ros2_ws/install/carla_msgs:${AMENT_PREFIX_PATH} CMAKE_PREFIX_PATH=/home/lion/intellicar/ros2_ws/install/carla_ros_scenario_runner_types:/home/lion/intellicar/ros2_ws/install/carla_msgs:/opt/ros/foxy LD_LIBRARY_PATH=/home/lion/intellicar/ros2_ws/install/carla_ros_scenario_runner_types/lib:/home/lion/intellicar/ros2_ws/install/carla_msgs/lib:${LD_LIBRARY_PATH} PYTHONPATH=/home/lion/intellicar/ros2_ws/install/carla_ros_scenario_runner_types/lib/python3.8/site-packages:/home/lion/intellicar/ros2_ws/install/carla_msgs/lib/python3.8/site-packages:${PYTHONPATH} /usr/bin/cmake --install /home/lion/intellicar/ros2_ws/build/rviz_carla_plugin
