[7.536s] Invoking command in '/home/lion/intellicar/ros2_ws/src/ros-bridge/carla_ros_scenario_runner': AMENT_PREFIX_PATH=/home/lion/intellicar/ros2_ws/install/carla_ros_scenario_runner_types:/home/lion/intellicar/ros2_ws/install/carla_msgs:/home/lion/intellicar/ros2_ws/install/carla_common:${AMENT_PREFIX_PATH} CMAKE_PREFIX_PATH=/home/lion/intellicar/ros2_ws/install/carla_ros_scenario_runner_types:/home/lion/intellicar/ros2_ws/install/carla_msgs LD_LIBRARY_PATH=/home/lion/intellicar/ros2_ws/install/carla_ros_scenario_runner_types/lib:/home/lion/intellicar/ros2_ws/install/carla_msgs/lib:${LD_LIBRARY_PATH} PYTHONPATH=/home/lion/intellicar/ros2_ws/build/carla_ros_scenario_runner/prefix_override:/home/lion/intellicar/ros2_ws/install/carla_ros_scenario_runner/lib/python3.8/site-packages:/home/lion/intellicar/ros2_ws/install/carla_ros_scenario_runner_types/lib/python3.8/site-packages:/home/lion/intellicar/ros2_ws/install/carla_msgs/lib/python3.8/site-packages:/home/lion/intellicar/ros2_ws/install/carla_common/lib/python3.8/site-packages:${PYTHONPATH} /usr/bin/python3 setup.py egg_info --egg-base ../../../build/carla_ros_scenario_runner build --build-base /home/lion/intellicar/ros2_ws/build/carla_ros_scenario_runner/build install --record /home/lion/intellicar/ros2_ws/build/carla_ros_scenario_runner/install.log --single-version-externally-managed
[8.479s] running egg_info
[8.479s] writing ../../../build/carla_ros_scenario_runner/carla_ros_scenario_runner.egg-info/PKG-INFO
[8.479s] writing dependency_links to ../../../build/carla_ros_scenario_runner/carla_ros_scenario_runner.egg-info/dependency_links.txt
[8.480s] writing entry points to ../../../build/carla_ros_scenario_runner/carla_ros_scenario_runner.egg-info/entry_points.txt
[8.480s] writing requirements to ../../../build/carla_ros_scenario_runner/carla_ros_scenario_runner.egg-info/requires.txt
[8.480s] writing top-level names to ../../../build/carla_ros_scenario_runner/carla_ros_scenario_runner.egg-info/top_level.txt
[8.480s] reading manifest file '../../../build/carla_ros_scenario_runner/carla_ros_scenario_runner.egg-info/SOURCES.txt'
[8.480s] writing manifest file '../../../build/carla_ros_scenario_runner/carla_ros_scenario_runner.egg-info/SOURCES.txt'
[8.480s] running build
[8.481s] running build_py
[8.481s] running install
[8.483s] running install_lib
[8.483s] running install_data
[8.483s] running install_egg_info
[8.483s] removing '/home/lion/intellicar/ros2_ws/install/carla_ros_scenario_runner/lib/python3.8/site-packages/carla_ros_scenario_runner-0.0.0-py3.8.egg-info' (and everything under it)
[8.483s] Copying ../../../build/carla_ros_scenario_runner/carla_ros_scenario_runner.egg-info to /home/lion/intellicar/ros2_ws/install/carla_ros_scenario_runner/lib/python3.8/site-packages/carla_ros_scenario_runner-0.0.0-py3.8.egg-info
[8.483s] running install_scripts
[8.483s] Installing carla_ros_scenario_runner script to /home/lion/intellicar/ros2_ws/install/carla_ros_scenario_runner/lib/carla_ros_scenario_runner
[8.483s] writing list of installed files to '/home/lion/intellicar/ros2_ws/build/carla_ros_scenario_runner/install.log'
[11.781s] Invoked command in '/home/lion/intellicar/ros2_ws/src/ros-bridge/carla_ros_scenario_runner' returned '0': AMENT_PREFIX_PATH=/home/lion/intellicar/ros2_ws/install/carla_ros_scenario_runner_types:/home/lion/intellicar/ros2_ws/install/carla_msgs:/home/lion/intellicar/ros2_ws/install/carla_common:${AMENT_PREFIX_PATH} CMAKE_PREFIX_PATH=/home/lion/intellicar/ros2_ws/install/carla_ros_scenario_runner_types:/home/lion/intellicar/ros2_ws/install/carla_msgs LD_LIBRARY_PATH=/home/lion/intellicar/ros2_ws/install/carla_ros_scenario_runner_types/lib:/home/lion/intellicar/ros2_ws/install/carla_msgs/lib:${LD_LIBRARY_PATH} PYTHONPATH=/home/lion/intellicar/ros2_ws/build/carla_ros_scenario_runner/prefix_override:/home/lion/intellicar/ros2_ws/install/carla_ros_scenario_runner/lib/python3.8/site-packages:/home/lion/intellicar/ros2_ws/install/carla_ros_scenario_runner_types/lib/python3.8/site-packages:/home/lion/intellicar/ros2_ws/install/carla_msgs/lib/python3.8/site-packages:/home/lion/intellicar/ros2_ws/install/carla_common/lib/python3.8/site-packages:${PYTHONPATH} /usr/bin/python3 setup.py egg_info --egg-base ../../../build/carla_ros_scenario_runner build --build-base /home/lion/intellicar/ros2_ws/build/carla_ros_scenario_runner/build install --record /home/lion/intellicar/ros2_ws/build/carla_ros_scenario_runner/install.log --single-version-externally-managed
