[9.202s] Invoking command in '/home/lion/intellicar/ros2_ws/src/ros-bridge/carla_spawn_objects': AMENT_PREFIX_PATH=/home/lion/intellicar/ros2_ws/install/ros_compatibility:/home/lion/intellicar/ros2_ws/install/carla_msgs:${AMENT_PREFIX_PATH} CMAKE_PREFIX_PATH=/home/lion/intellicar/ros2_ws/install/carla_msgs LD_LIBRARY_PATH=/home/lion/intellicar/ros2_ws/install/carla_msgs/lib:${LD_LIBRARY_PATH} PYTHONPATH=/home/lion/intellicar/ros2_ws/build/carla_spawn_objects/prefix_override:/home/lion/intellicar/ros2_ws/install/carla_spawn_objects/lib/python3.8/site-packages:/home/lion/intellicar/ros2_ws/install/ros_compatibility/lib/python3.8/site-packages:/home/lion/intellicar/ros2_ws/install/carla_msgs/lib/python3.8/site-packages:${PYTHONPATH} /usr/bin/python3 setup.py egg_info --egg-base ../../../build/carla_spawn_objects build --build-base /home/lion/intellicar/ros2_ws/build/carla_spawn_objects/build install --record /home/lion/intellicar/ros2_ws/build/carla_spawn_objects/install.log --single-version-externally-managed
[9.557s] running egg_info
[9.558s] writing ../../../build/carla_spawn_objects/carla_spawn_objects.egg-info/PKG-INFO
[9.559s] writing dependency_links to ../../../build/carla_spawn_objects/carla_spawn_objects.egg-info/dependency_links.txt
[9.559s] writing entry points to ../../../build/carla_spawn_objects/carla_spawn_objects.egg-info/entry_points.txt
[9.559s] writing requirements to ../../../build/carla_spawn_objects/carla_spawn_objects.egg-info/requires.txt
[9.559s] writing top-level names to ../../../build/carla_spawn_objects/carla_spawn_objects.egg-info/top_level.txt
[9.633s] reading manifest file '../../../build/carla_spawn_objects/carla_spawn_objects.egg-info/SOURCES.txt'
[9.633s] writing manifest file '../../../build/carla_spawn_objects/carla_spawn_objects.egg-info/SOURCES.txt'
[9.633s] running build
[9.633s] running build_py
[9.633s] running install
[9.634s] running install_lib
[9.634s] running install_data
[9.634s] running install_egg_info
[9.638s] removing '/home/lion/intellicar/ros2_ws/install/carla_spawn_objects/lib/python3.8/site-packages/carla_spawn_objects-0.0.0-py3.8.egg-info' (and everything under it)
[9.639s] Copying ../../../build/carla_spawn_objects/carla_spawn_objects.egg-info to /home/lion/intellicar/ros2_ws/install/carla_spawn_objects/lib/python3.8/site-packages/carla_spawn_objects-0.0.0-py3.8.egg-info
[9.640s] running install_scripts
[9.667s] Installing carla_spawn_objects script to /home/lion/intellicar/ros2_ws/install/carla_spawn_objects/lib/carla_spawn_objects
[9.667s] Installing set_initial_pose script to /home/lion/intellicar/ros2_ws/install/carla_spawn_objects/lib/carla_spawn_objects
[9.668s] writing list of installed files to '/home/lion/intellicar/ros2_ws/build/carla_spawn_objects/install.log'
[11.966s] Invoked command in '/home/lion/intellicar/ros2_ws/src/ros-bridge/carla_spawn_objects' returned '0': AMENT_PREFIX_PATH=/home/lion/intellicar/ros2_ws/install/ros_compatibility:/home/lion/intellicar/ros2_ws/install/carla_msgs:${AMENT_PREFIX_PATH} CMAKE_PREFIX_PATH=/home/lion/intellicar/ros2_ws/install/carla_msgs LD_LIBRARY_PATH=/home/lion/intellicar/ros2_ws/install/carla_msgs/lib:${LD_LIBRARY_PATH} PYTHONPATH=/home/lion/intellicar/ros2_ws/build/carla_spawn_objects/prefix_override:/home/lion/intellicar/ros2_ws/install/carla_spawn_objects/lib/python3.8/site-packages:/home/lion/intellicar/ros2_ws/install/ros_compatibility/lib/python3.8/site-packages:/home/lion/intellicar/ros2_ws/install/carla_msgs/lib/python3.8/site-packages:${PYTHONPATH} /usr/bin/python3 setup.py egg_info --egg-base ../../../build/carla_spawn_objects build --build-base /home/lion/intellicar/ros2_ws/build/carla_spawn_objects/build install --record /home/lion/intellicar/ros2_ws/build/carla_spawn_objects/install.log --single-version-externally-managed
