[0.498s] Invoking command in '/home/lion/intellicar/ros2_ws/src/gamepad_driver/build/gamepad_driver': CMAKE_PREFIX_PATH=/opt/ros/foxy /usr/bin/cmake /home/lion/intellicar/ros2_ws/src/gamepad_driver -DCMAKE_INSTALL_PREFIX=/home/lion/intellicar/ros2_ws/src/gamepad_driver/install/gamepad_driver
[0.577s] -- The C compiler identification is GNU 9.4.0
[0.644s] -- The CXX compiler identification is GNU 9.4.0
[0.649s] -- Check for working C compiler: /usr/bin/cc
[0.745s] -- Check for working C compiler: /usr/bin/cc -- works
[0.746s] -- Detecting C compiler ABI info
[0.843s] -- Detecting C compiler ABI info - done
[0.857s] -- Detecting C compile features
[0.857s] -- Detecting C compile features - done
[0.860s] -- Check for working CXX compiler: /usr/bin/c++
[0.971s] -- Check for working CXX compiler: /usr/bin/c++ -- works
[0.972s] -- Detecting CXX compiler ABI info
[1.080s] -- Detecting CXX compiler ABI info - done
[1.092s] -- Detecting CXX compile features
[1.093s] -- Detecting CXX compile features - done
[1.096s] -- Found ament_cmake: 0.9.12 (/opt/ros/foxy/share/ament_cmake/cmake)
[1.133s] -- Found PythonInterp: /usr/bin/python3 (found suitable version "3.8.10", minimum required is "3") 
[1.133s] -- Using PYTHON_EXECUTABLE: /usr/bin/python3
[1.463s] -- Found rclcpp: 2.4.3 (/opt/ros/foxy/share/rclcpp/cmake)
[1.516s] -- Using all available rosidl_typesupport_c: rosidl_typesupport_fastrtps_c;rosidl_typesupport_introspection_c
[1.525s] -- Found rosidl_adapter: 1.3.1 (/opt/ros/foxy/share/rosidl_adapter/cmake)
[1.650s] -- Found OpenSSL: /usr/lib/x86_64-linux-gnu/libcrypto.so (found version "1.1.1f")  
[1.695s] -- Found FastRTPS: /opt/ros/foxy/include  
[1.798s] -- Using all available rosidl_typesupport_cpp: rosidl_typesupport_fastrtps_cpp;rosidl_typesupport_introspection_cpp
[1.875s] -- Found rmw_implementation_cmake: 1.0.4 (/opt/ros/foxy/share/rmw_implementation_cmake/cmake)
[1.877s] -- Using RMW implementation 'rmw_fastrtps_cpp' as default
[1.878s] -- Looking for pthread.h
[1.999s] -- Looking for pthread.h - found
[2.000s] -- Performing Test CMAKE_HAVE_LIBC_PTHREAD
[2.144s] -- Performing Test CMAKE_HAVE_LIBC_PTHREAD - Failed
[2.144s] -- Looking for pthread_create in pthreads
[2.229s] -- Looking for pthread_create in pthreads - not found
[2.229s] -- Looking for pthread_create in pthread
[2.335s] -- Looking for pthread_create in pthread - found
[2.336s] -- Found Threads: TRUE  
[2.547s] -- Found geometry_msgs: 2.0.5 (/opt/ros/foxy/share/geometry_msgs/cmake)
[2.593s] -- Found sensor_msgs: 2.0.5 (/opt/ros/foxy/share/sensor_msgs/cmake)
[2.783s] -- Configuring done
[2.793s] -- Generating done
[2.795s] -- Build files have been written to: /home/lion/intellicar/ros2_ws/src/gamepad_driver/build/gamepad_driver
[2.817s] Invoked command in '/home/lion/intellicar/ros2_ws/src/gamepad_driver/build/gamepad_driver' returned '0': CMAKE_PREFIX_PATH=/opt/ros/foxy /usr/bin/cmake /home/lion/intellicar/ros2_ws/src/gamepad_driver -DCMAKE_INSTALL_PREFIX=/home/lion/intellicar/ros2_ws/src/gamepad_driver/install/gamepad_driver
[2.818s] Invoking command in '/home/lion/intellicar/ros2_ws/src/gamepad_driver/build/gamepad_driver': CMAKE_PREFIX_PATH=/opt/ros/foxy /usr/bin/cmake --build /home/lion/intellicar/ros2_ws/src/gamepad_driver/build/gamepad_driver -- -j16 -l16
[2.875s] [35m[1mScanning dependencies of target gamepad_driver_node[0m
[2.926s] [ 50%] [32mBuilding CXX object CMakeFiles/gamepad_driver_node.dir/src/gamepad_driver_node.cpp.o[0m
[11.089s] [100%] [32m[1mLinking CXX executable gamepad_driver_node[0m
[11.587s] [100%] Built target gamepad_driver_node
[11.607s] Invoked command in '/home/lion/intellicar/ros2_ws/src/gamepad_driver/build/gamepad_driver' returned '0': CMAKE_PREFIX_PATH=/opt/ros/foxy /usr/bin/cmake --build /home/lion/intellicar/ros2_ws/src/gamepad_driver/build/gamepad_driver -- -j16 -l16
[11.659s] Invoking command in '/home/lion/intellicar/ros2_ws/src/gamepad_driver/build/gamepad_driver': CMAKE_PREFIX_PATH=/opt/ros/foxy /usr/bin/cmake --install /home/lion/intellicar/ros2_ws/src/gamepad_driver/build/gamepad_driver
[11.675s] -- Install configuration: ""
[11.675s] -- Installing: /home/lion/intellicar/ros2_ws/src/gamepad_driver/install/gamepad_driver/lib/gamepad_driver/gamepad_driver_node
[11.678s] -- Set runtime path of "/home/lion/intellicar/ros2_ws/src/gamepad_driver/install/gamepad_driver/lib/gamepad_driver/gamepad_driver_node" to ""
[11.678s] -- Installing: /home/lion/intellicar/ros2_ws/src/gamepad_driver/install/gamepad_driver/share/ament_index/resource_index/package_run_dependencies/gamepad_driver
[11.679s] -- Installing: /home/lion/intellicar/ros2_ws/src/gamepad_driver/install/gamepad_driver/share/ament_index/resource_index/parent_prefix_path/gamepad_driver
[11.679s] -- Installing: /home/lion/intellicar/ros2_ws/src/gamepad_driver/install/gamepad_driver/share/gamepad_driver/environment/ament_prefix_path.sh
[11.679s] -- Installing: /home/lion/intellicar/ros2_ws/src/gamepad_driver/install/gamepad_driver/share/gamepad_driver/environment/ament_prefix_path.dsv
[11.679s] -- Installing: /home/lion/intellicar/ros2_ws/src/gamepad_driver/install/gamepad_driver/share/gamepad_driver/environment/path.sh
[11.679s] -- Installing: /home/lion/intellicar/ros2_ws/src/gamepad_driver/install/gamepad_driver/share/gamepad_driver/environment/path.dsv
[11.679s] -- Installing: /home/lion/intellicar/ros2_ws/src/gamepad_driver/install/gamepad_driver/share/gamepad_driver/local_setup.bash
[11.680s] -- Installing: /home/lion/intellicar/ros2_ws/src/gamepad_driver/install/gamepad_driver/share/gamepad_driver/local_setup.sh
[11.680s] -- Installing: /home/lion/intellicar/ros2_ws/src/gamepad_driver/install/gamepad_driver/share/gamepad_driver/local_setup.zsh
[11.680s] -- Installing: /home/lion/intellicar/ros2_ws/src/gamepad_driver/install/gamepad_driver/share/gamepad_driver/local_setup.dsv
[11.680s] -- Installing: /home/lion/intellicar/ros2_ws/src/gamepad_driver/install/gamepad_driver/share/gamepad_driver/package.dsv
[11.680s] -- Installing: /home/lion/intellicar/ros2_ws/src/gamepad_driver/install/gamepad_driver/share/ament_index/resource_index/packages/gamepad_driver
[11.681s] -- Installing: /home/lion/intellicar/ros2_ws/src/gamepad_driver/install/gamepad_driver/share/gamepad_driver/cmake/gamepad_driverConfig.cmake
[11.681s] -- Installing: /home/lion/intellicar/ros2_ws/src/gamepad_driver/install/gamepad_driver/share/gamepad_driver/cmake/gamepad_driverConfig-version.cmake
[11.681s] -- Installing: /home/lion/intellicar/ros2_ws/src/gamepad_driver/install/gamepad_driver/share/gamepad_driver/package.xml
[11.684s] Invoked command in '/home/lion/intellicar/ros2_ws/src/gamepad_driver/build/gamepad_driver' returned '0': CMAKE_PREFIX_PATH=/opt/ros/foxy /usr/bin/cmake --install /home/lion/intellicar/ros2_ws/src/gamepad_driver/build/gamepad_driver
