[7.365s] Invoking command in '/home/lion/intellicar/ros2_ws/build/centralized_bringup': CMAKE_PREFIX_PATH=${CMAKE_PREFIX_PATH}:/home/lion/intellicar/ros2_ws/install/yolo_detection:/home/lion/intellicar/ros2_ws/install/traffic_light_task:/home/lion/intellicar/ros2_ws/install/carla_ad_demo:/home/lion/intellicar/ros2_ws/install/rqt_carla_control:/home/lion/intellicar/ros2_ws/install/carla_waypoint_publisher:/home/lion/intellicar/ros2_ws/install/carla_ackermann_control:/home/lion/intellicar/ros2_ws/install/carla_ros_bridge:/home/lion/intellicar/ros2_ws/install/carla_spawn_objects:/home/lion/intellicar/ros2_ws/install/carla_manual_control:/home/lion/intellicar/ros2_ws/install/carla_ad_agent:/home/lion/intellicar/ros2_ws/install/ros_compatibility:/home/lion/intellicar/ros2_ws/install/carla_walker_agent:/home/lion/intellicar/ros2_ws/install/carla_twist_to_control:/home/lion/intellicar/ros2_ws/install/carla_ros_scenario_runner:/home/lion/intellicar/ros2_ws/install/carla_common:/opt/ros/foxy /usr/bin/cmake --build /home/lion/intellicar/ros2_ws/build/centralized_bringup -- -j16 -l16
[10.755s] -- Found ament_cmake: 0.9.12 (/opt/ros/foxy/share/ament_cmake/cmake)
[10.755s] -- Using PYTHON_EXECUTABLE: /usr/bin/python3
[10.756s] -- Found ament_lint_auto: 0.9.8 (/opt/ros/foxy/share/ament_lint_auto/cmake)
[10.756s] -- Added test 'copyright' to check source files copyright and LICENSE
[10.756s] -- Added test 'flake8' to check Python code syntax and style conventions
[10.756s] -- Added test 'lint_cmake' to check CMake code style
[10.756s] -- Added test 'pep257' to check Python code against some of the style conventions in PEP 257
[10.756s] -- Added test 'xmllint' to check XML markup files
[10.756s] -- Configuring done
[10.756s] -- Generating done
[10.756s] -- Build files have been written to: /home/lion/intellicar/ros2_ws/build/centralized_bringup
[10.775s] Invoked command in '/home/lion/intellicar/ros2_ws/build/centralized_bringup' returned '0': CMAKE_PREFIX_PATH=${CMAKE_PREFIX_PATH}:/home/lion/intellicar/ros2_ws/install/yolo_detection:/home/lion/intellicar/ros2_ws/install/traffic_light_task:/home/lion/intellicar/ros2_ws/install/carla_ad_demo:/home/lion/intellicar/ros2_ws/install/rqt_carla_control:/home/lion/intellicar/ros2_ws/install/carla_waypoint_publisher:/home/lion/intellicar/ros2_ws/install/carla_ackermann_control:/home/lion/intellicar/ros2_ws/install/carla_ros_bridge:/home/lion/intellicar/ros2_ws/install/carla_spawn_objects:/home/lion/intellicar/ros2_ws/install/carla_manual_control:/home/lion/intellicar/ros2_ws/install/carla_ad_agent:/home/lion/intellicar/ros2_ws/install/ros_compatibility:/home/lion/intellicar/ros2_ws/install/carla_walker_agent:/home/lion/intellicar/ros2_ws/install/carla_twist_to_control:/home/lion/intellicar/ros2_ws/install/carla_ros_scenario_runner:/home/lion/intellicar/ros2_ws/install/carla_common:/opt/ros/foxy /usr/bin/cmake --build /home/lion/intellicar/ros2_ws/build/centralized_bringup -- -j16 -l16
[10.873s] Invoking command in '/home/lion/intellicar/ros2_ws/build/centralized_bringup': CMAKE_PREFIX_PATH=${CMAKE_PREFIX_PATH}:/home/lion/intellicar/ros2_ws/install/yolo_detection:/home/lion/intellicar/ros2_ws/install/traffic_light_task:/home/lion/intellicar/ros2_ws/install/carla_ad_demo:/home/lion/intellicar/ros2_ws/install/rqt_carla_control:/home/lion/intellicar/ros2_ws/install/carla_waypoint_publisher:/home/lion/intellicar/ros2_ws/install/carla_ackermann_control:/home/lion/intellicar/ros2_ws/install/carla_ros_bridge:/home/lion/intellicar/ros2_ws/install/carla_spawn_objects:/home/lion/intellicar/ros2_ws/install/carla_manual_control:/home/lion/intellicar/ros2_ws/install/carla_ad_agent:/home/lion/intellicar/ros2_ws/install/ros_compatibility:/home/lion/intellicar/ros2_ws/install/carla_walker_agent:/home/lion/intellicar/ros2_ws/install/carla_twist_to_control:/home/lion/intellicar/ros2_ws/install/carla_ros_scenario_runner:/home/lion/intellicar/ros2_ws/install/carla_common:/opt/ros/foxy /usr/bin/cmake --install /home/lion/intellicar/ros2_ws/build/centralized_bringup
[10.898s] -- Install configuration: ""
[10.898s] -- Installing: /home/lion/intellicar/ros2_ws/install/centralized_bringup/share/ament_index/resource_index/package_run_dependencies/centralized_bringup
[10.899s] -- Installing: /home/lion/intellicar/ros2_ws/install/centralized_bringup/share/ament_index/resource_index/parent_prefix_path/centralized_bringup
[10.899s] -- Up-to-date: /home/lion/intellicar/ros2_ws/install/centralized_bringup/share/centralized_bringup/environment/ament_prefix_path.sh
[10.899s] -- Installing: /home/lion/intellicar/ros2_ws/install/centralized_bringup/share/centralized_bringup/environment/ament_prefix_path.dsv
[10.899s] -- Up-to-date: /home/lion/intellicar/ros2_ws/install/centralized_bringup/share/centralized_bringup/environment/path.sh
[10.899s] -- Installing: /home/lion/intellicar/ros2_ws/install/centralized_bringup/share/centralized_bringup/environment/path.dsv
[10.900s] -- Up-to-date: /home/lion/intellicar/ros2_ws/install/centralized_bringup/share/centralized_bringup/local_setup.bash
[10.900s] -- Up-to-date: /home/lion/intellicar/ros2_ws/install/centralized_bringup/share/centralized_bringup/local_setup.sh
[10.900s] -- Up-to-date: /home/lion/intellicar/ros2_ws/install/centralized_bringup/share/centralized_bringup/local_setup.zsh
[10.900s] -- Installing: /home/lion/intellicar/ros2_ws/install/centralized_bringup/share/centralized_bringup/local_setup.dsv
[10.900s] -- Installing: /home/lion/intellicar/ros2_ws/install/centralized_bringup/share/centralized_bringup/package.dsv
[10.900s] -- Up-to-date: /home/lion/intellicar/ros2_ws/install/centralized_bringup/share/ament_index/resource_index/packages/centralized_bringup
[10.901s] -- Up-to-date: /home/lion/intellicar/ros2_ws/install/centralized_bringup/share/centralized_bringup/cmake/centralized_bringupConfig.cmake
[10.901s] -- Up-to-date: /home/lion/intellicar/ros2_ws/install/centralized_bringup/share/centralized_bringup/cmake/centralized_bringupConfig-version.cmake
[10.901s] -- Installing: /home/lion/intellicar/ros2_ws/install/centralized_bringup/share/centralized_bringup/package.xml
[10.920s] Invoked command in '/home/lion/intellicar/ros2_ws/build/centralized_bringup' returned '0': CMAKE_PREFIX_PATH=${CMAKE_PREFIX_PATH}:/home/lion/intellicar/ros2_ws/install/yolo_detection:/home/lion/intellicar/ros2_ws/install/traffic_light_task:/home/lion/intellicar/ros2_ws/install/carla_ad_demo:/home/lion/intellicar/ros2_ws/install/rqt_carla_control:/home/lion/intellicar/ros2_ws/install/carla_waypoint_publisher:/home/lion/intellicar/ros2_ws/install/carla_ackermann_control:/home/lion/intellicar/ros2_ws/install/carla_ros_bridge:/home/lion/intellicar/ros2_ws/install/carla_spawn_objects:/home/lion/intellicar/ros2_ws/install/carla_manual_control:/home/lion/intellicar/ros2_ws/install/carla_ad_agent:/home/lion/intellicar/ros2_ws/install/ros_compatibility:/home/lion/intellicar/ros2_ws/install/carla_walker_agent:/home/lion/intellicar/ros2_ws/install/carla_twist_to_control:/home/lion/intellicar/ros2_ws/install/carla_ros_scenario_runner:/home/lion/intellicar/ros2_ws/install/carla_common:/opt/ros/foxy /usr/bin/cmake --install /home/lion/intellicar/ros2_ws/build/centralized_bringup
