[3.908s] Invoking command in '/home/lion/intellicar/ros2_ws/build/carla_ros_scenario_runner_types': CMAKE_PREFIX_PATH=/opt/ros/foxy /usr/bin/cmake /home/lion/intellicar/ros2_ws/src/ros-bridge/carla_ros_scenario_runner_types -DCMAKE_INSTALL_PREFIX=/home/lion/intellicar/ros2_ws/install/carla_ros_scenario_runner_types
[5.869s] -- The C compiler identification is GNU 9.4.0
[5.870s] -- The CXX compiler identification is GNU 9.4.0
[5.872s] -- Check for working C compiler: /usr/bin/cc
[5.875s] -- Check for working C compiler: /usr/bin/cc -- works
[5.875s] -- Detecting C compiler ABI info
[5.876s] -- Detecting C compiler ABI info - done
[5.876s] -- Detecting C compile features
[5.877s] -- Detecting C compile features - done
[5.877s] -- Check for working CXX compiler: /usr/bin/c++
[5.877s] -- Check for working CXX compiler: /usr/bin/c++ -- works
[5.877s] -- Detecting CXX compiler ABI info
[5.877s] -- Detecting CXX compiler ABI info - done
[5.877s] -- Detecting CXX compile features
[5.877s] -- Detecting CXX compile features - done
[5.878s] -- Found ros_environment: 2.5.1 (/opt/ros/foxy/share/ros_environment/cmake)
[5.878s] -- Found ament_cmake: 0.9.12 (/opt/ros/foxy/share/ament_cmake/cmake)
[5.878s] -- Found PythonInterp: /usr/bin/python3 (found suitable version "3.8.10", minimum required is "3") 
[5.878s] -- Using PYTHON_EXECUTABLE: /usr/bin/python3
[5.878s] -- Found builtin_interfaces: 1.0.0 (/opt/ros/foxy/share/builtin_interfaces/cmake)
[5.878s] -- Using all available rosidl_typesupport_c: rosidl_typesupport_fastrtps_c;rosidl_typesupport_introspection_c
[5.878s] -- Found rosidl_adapter: 1.3.1 (/opt/ros/foxy/share/rosidl_adapter/cmake)
[5.878s] -- Found OpenSSL: /usr/lib/x86_64-linux-gnu/libcrypto.so (found version "1.1.1f")  
[5.878s] -- Found FastRTPS: /opt/ros/foxy/include  
[5.878s] -- Using all available rosidl_typesupport_cpp: rosidl_typesupport_fastrtps_cpp;rosidl_typesupport_introspection_cpp
[5.878s] -- Found geometry_msgs: 2.0.5 (/opt/ros/foxy/share/geometry_msgs/cmake)
[5.878s] -- Found rosidl_default_generators: 1.0.1 (/opt/ros/foxy/share/rosidl_default_generators/cmake)
[5.878s] -- Found PythonInterp: /usr/bin/python3 (found version "3.8.10") 
[5.878s] -- Found ament_cmake_cppcheck: 0.9.8 (/opt/ros/foxy/share/ament_cmake_cppcheck/cmake)
[5.878s] -- Found ament_cmake_cpplint: 0.9.8 (/opt/ros/foxy/share/ament_cmake_cpplint/cmake)
[5.878s] -- Found ament_cmake_uncrustify: 0.9.8 (/opt/ros/foxy/share/ament_cmake_uncrustify/cmake)
[5.879s] -- Found ament_cmake_ros: 0.9.2 (/opt/ros/foxy/share/ament_cmake_ros/cmake)
[6.278s] -- Using all available rosidl_typesupport_c: rosidl_typesupport_fastrtps_c;rosidl_typesupport_introspection_c
[6.497s] -- Using all available rosidl_typesupport_cpp: rosidl_typesupport_fastrtps_cpp;rosidl_typesupport_introspection_cpp
[6.540s] -- Found PythonInterp: /usr/bin/python3 (found suitable version "3.8.10", minimum required is "3.5") 
[6.542s] -- Found python_cmake_module: 0.8.1 (/opt/ros/foxy/share/python_cmake_module/cmake)
[6.601s] -- Found PythonLibs: /usr/lib/x86_64-linux-gnu/libpython3.8.so (found suitable version "3.8.10", minimum required is "3.5") 
[6.602s] -- Using PYTHON_EXECUTABLE: /usr/bin/python3
[6.602s] -- Using PYTHON_INCLUDE_DIRS: /usr/include/python3.8
[6.602s] -- Using PYTHON_LIBRARIES: /usr/lib/x86_64-linux-gnu/libpython3.8.so
[6.647s] -- Found PythonExtra: .so  
[6.821s] -- Found ament_cmake_flake8: 0.9.8 (/opt/ros/foxy/share/ament_cmake_flake8/cmake)
[6.826s] -- Found ament_cmake_pep257: 0.9.8 (/opt/ros/foxy/share/ament_cmake_pep257/cmake)
[6.827s] -- Found ament_lint_auto: 0.9.8 (/opt/ros/foxy/share/ament_lint_auto/cmake)
[6.849s] -- Added test 'copyright' to check source files copyright and LICENSE
[6.849s] -- Added test 'lint_cmake' to check CMake code style
[6.850s] -- Added test 'xmllint' to check XML markup files
[6.905s] -- Configuring done
[6.976s] -- Generating done
[6.980s] -- Build files have been written to: /home/lion/intellicar/ros2_ws/build/carla_ros_scenario_runner_types
[7.021s] Invoked command in '/home/lion/intellicar/ros2_ws/build/carla_ros_scenario_runner_types' returned '0': CMAKE_PREFIX_PATH=/opt/ros/foxy /usr/bin/cmake /home/lion/intellicar/ros2_ws/src/ros-bridge/carla_ros_scenario_runner_types -DCMAKE_INSTALL_PREFIX=/home/lion/intellicar/ros2_ws/install/carla_ros_scenario_runner_types
[7.024s] Invoking command in '/home/lion/intellicar/ros2_ws/build/carla_ros_scenario_runner_types': CMAKE_PREFIX_PATH=/opt/ros/foxy /usr/bin/cmake --build /home/lion/intellicar/ros2_ws/build/carla_ros_scenario_runner_types -- -j16 -l16
[7.118s] [35m[1mScanning dependencies of target carla_ros_scenario_runner_types__cpp[0m
[7.140s] [  1%] [34m[1mGenerating C code for ROS interfaces[0m
[7.154s] [  3%] [34m[1mGenerating C++ code for ROS interfaces[0m
[8.033s] [  3%] Built target carla_ros_scenario_runner_types__cpp
[8.057s] [35m[1mScanning dependencies of target carla_ros_scenario_runner_types__rosidl_generator_c[0m
[8.070s] [  5%] [34m[1mGenerating C++ type support dispatch for ROS interfaces[0m
[8.077s] [  7%] [34m[1mGenerating C++ introspection for ROS interfaces[0m
[8.088s] [  9%] [32mBuilding C object CMakeFiles/carla_ros_scenario_runner_types__rosidl_generator_c.dir/rosidl_generator_c/carla_ros_scenario_runner_types/msg/detail/carla_scenario__functions.c.o[0m
[8.090s] [ 10%] [32mBuilding C object CMakeFiles/carla_ros_scenario_runner_types__rosidl_generator_c.dir/rosidl_generator_c/carla_ros_scenario_runner_types/msg/detail/carla_scenario_list__functions.c.o[0m
[8.095s] [ 12%] [32mBuilding C object CMakeFiles/carla_ros_scenario_runner_types__rosidl_generator_c.dir/rosidl_generator_c/carla_ros_scenario_runner_types/msg/detail/carla_scenario_runner_status__functions.c.o[0m
[8.096s] [ 14%] [34m[1mGenerating C++ type support for eProsima Fast-RTPS[0m
[8.106s] [ 16%] [32mBuilding C object CMakeFiles/carla_ros_scenario_runner_types__rosidl_generator_c.dir/rosidl_generator_c/carla_ros_scenario_runner_types/srv/detail/execute_scenario__functions.c.o[0m
[8.240s] [ 18%] [32m[1mLinking C shared library libcarla_ros_scenario_runner_types__rosidl_generator_c.so[0m
[8.400s] [ 18%] Built target carla_ros_scenario_runner_types__rosidl_generator_c
[8.424s] [ 20%] [34m[1mGenerating C introspection for ROS interfaces[0m
[8.453s] [ 21%] [34m[1mGenerating C type support dispatch for ROS interfaces[0m
[8.896s] [35m[1mScanning dependencies of target carla_ros_scenario_runner_types__rosidl_typesupport_cpp[0m
[8.945s] [35m[1mScanning dependencies of target carla_ros_scenario_runner_types__rosidl_typesupport_introspection_cpp[0m
[9.010s] [ 23%] [32mBuilding CXX object CMakeFiles/carla_ros_scenario_runner_types__rosidl_typesupport_cpp.dir/rosidl_typesupport_cpp/carla_ros_scenario_runner_types/msg/carla_scenario_runner_status__type_support.cpp.o[0m
[9.010s] [ 25%] [32mBuilding CXX object CMakeFiles/carla_ros_scenario_runner_types__rosidl_typesupport_cpp.dir/rosidl_typesupport_cpp/carla_ros_scenario_runner_types/msg/carla_scenario_list__type_support.cpp.o[0m
[9.015s] [ 27%] [32mBuilding CXX object CMakeFiles/carla_ros_scenario_runner_types__rosidl_typesupport_cpp.dir/rosidl_typesupport_cpp/carla_ros_scenario_runner_types/msg/carla_scenario__type_support.cpp.o[0m
[9.036s] [ 29%] [32mBuilding CXX object CMakeFiles/carla_ros_scenario_runner_types__rosidl_typesupport_introspection_cpp.dir/rosidl_typesupport_introspection_cpp/carla_ros_scenario_runner_types/msg/detail/carla_scenario__type_support.cpp.o[0m
[9.057s] [ 30%] [32mBuilding CXX object CMakeFiles/carla_ros_scenario_runner_types__rosidl_typesupport_introspection_cpp.dir/rosidl_typesupport_introspection_cpp/carla_ros_scenario_runner_types/msg/detail/carla_scenario_list__type_support.cpp.o[0m
[9.057s] [ 32%] [32mBuilding CXX object CMakeFiles/carla_ros_scenario_runner_types__rosidl_typesupport_introspection_cpp.dir/rosidl_typesupport_introspection_cpp/carla_ros_scenario_runner_types/srv/detail/execute_scenario__type_support.cpp.o[0m
[9.057s] [ 34%] [32mBuilding CXX object CMakeFiles/carla_ros_scenario_runner_types__rosidl_typesupport_introspection_cpp.dir/rosidl_typesupport_introspection_cpp/carla_ros_scenario_runner_types/msg/detail/carla_scenario_runner_status__type_support.cpp.o[0m
[9.083s] [ 36%] [32mBuilding CXX object CMakeFiles/carla_ros_scenario_runner_types__rosidl_typesupport_cpp.dir/rosidl_typesupport_cpp/carla_ros_scenario_runner_types/srv/execute_scenario__type_support.cpp.o[0m
[9.314s] [35m[1mScanning dependencies of target carla_ros_scenario_runner_types__rosidl_typesupport_fastrtps_cpp[0m
[9.396s] [35m[1mScanning dependencies of target carla_ros_scenario_runner_types__rosidl_typesupport_c[0m
[9.451s] [ 38%] [32mBuilding CXX object CMakeFiles/carla_ros_scenario_runner_types__rosidl_typesupport_fastrtps_cpp.dir/rosidl_typesupport_fastrtps_cpp/carla_ros_scenario_runner_types/msg/detail/dds_fastrtps/carla_scenario__type_support.cpp.o[0m
[9.451s] [ 40%] [32mBuilding CXX object CMakeFiles/carla_ros_scenario_runner_types__rosidl_typesupport_fastrtps_cpp.dir/rosidl_typesupport_fastrtps_cpp/carla_ros_scenario_runner_types/msg/detail/dds_fastrtps/carla_scenario_list__type_support.cpp.o[0m
[9.500s] [ 41%] [32mBuilding CXX object CMakeFiles/carla_ros_scenario_runner_types__rosidl_typesupport_c.dir/rosidl_typesupport_c/carla_ros_scenario_runner_types/msg/carla_scenario_list__type_support.cpp.o[0m
[9.501s] [ 43%] [32mBuilding CXX object CMakeFiles/carla_ros_scenario_runner_types__rosidl_typesupport_fastrtps_cpp.dir/rosidl_typesupport_fastrtps_cpp/carla_ros_scenario_runner_types/srv/detail/dds_fastrtps/execute_scenario__type_support.cpp.o[0m
[9.501s] [ 45%] [32mBuilding CXX object CMakeFiles/carla_ros_scenario_runner_types__rosidl_typesupport_c.dir/rosidl_typesupport_c/carla_ros_scenario_runner_types/msg/carla_scenario__type_support.cpp.o[0m
[9.516s] [ 47%] [32mBuilding CXX object CMakeFiles/carla_ros_scenario_runner_types__rosidl_typesupport_fastrtps_cpp.dir/rosidl_typesupport_fastrtps_cpp/carla_ros_scenario_runner_types/msg/detail/dds_fastrtps/carla_scenario_runner_status__type_support.cpp.o[0m
[9.522s] [ 49%] [32mBuilding CXX object CMakeFiles/carla_ros_scenario_runner_types__rosidl_typesupport_c.dir/rosidl_typesupport_c/carla_ros_scenario_runner_types/msg/carla_scenario_runner_status__type_support.cpp.o[0m
[9.743s] [ 50%] [32mBuilding CXX object CMakeFiles/carla_ros_scenario_runner_types__rosidl_typesupport_c.dir/rosidl_typesupport_c/carla_ros_scenario_runner_types/srv/execute_scenario__type_support.cpp.o[0m
[9.956s] [ 52%] [32m[1mLinking CXX shared library libcarla_ros_scenario_runner_types__rosidl_typesupport_c.so[0m
[10.125s] [35m[1mScanning dependencies of target carla_ros_scenario_runner_types__rosidl_typesupport_introspection_c[0m
[10.226s] [ 52%] Built target carla_ros_scenario_runner_types__rosidl_typesupport_c
[10.245s] [ 54%] [32mBuilding C object CMakeFiles/carla_ros_scenario_runner_types__rosidl_typesupport_introspection_c.dir/rosidl_typesupport_introspection_c/carla_ros_scenario_runner_types/msg/detail/carla_scenario_runner_status__type_support.c.o[0m
[10.245s] [ 56%] [32mBuilding C object CMakeFiles/carla_ros_scenario_runner_types__rosidl_typesupport_introspection_c.dir/rosidl_typesupport_introspection_c/carla_ros_scenario_runner_types/msg/detail/carla_scenario__type_support.c.o[0m
[10.268s] [ 58%] [32mBuilding C object CMakeFiles/carla_ros_scenario_runner_types__rosidl_typesupport_introspection_c.dir/rosidl_typesupport_introspection_c/carla_ros_scenario_runner_types/msg/detail/carla_scenario_list__type_support.c.o[0m
[10.329s] [ 60%] [32mBuilding C object CMakeFiles/carla_ros_scenario_runner_types__rosidl_typesupport_introspection_c.dir/rosidl_typesupport_introspection_c/carla_ros_scenario_runner_types/srv/detail/execute_scenario__type_support.c.o[0m
[10.520s] [ 61%] [32m[1mLinking C shared library libcarla_ros_scenario_runner_types__rosidl_typesupport_introspection_c.so[0m
[10.671s] [ 61%] Built target carla_ros_scenario_runner_types__rosidl_typesupport_introspection_c
[10.960s] [ 63%] [32m[1mLinking CXX shared library libcarla_ros_scenario_runner_types__rosidl_typesupport_cpp.so[0m
[11.046s] [ 65%] [32m[1mLinking CXX shared library libcarla_ros_scenario_runner_types__rosidl_typesupport_introspection_cpp.so[0m
[11.185s] [ 65%] Built target carla_ros_scenario_runner_types__rosidl_typesupport_cpp
[11.408s] [ 65%] Built target carla_ros_scenario_runner_types__rosidl_typesupport_introspection_cpp
[11.530s] [ 67%] [32m[1mLinking CXX shared library libcarla_ros_scenario_runner_types__rosidl_typesupport_fastrtps_cpp.so[0m
[11.756s] [ 67%] Built target carla_ros_scenario_runner_types__rosidl_typesupport_fastrtps_cpp
[11.789s] [ 69%] [34m[1mGenerating C type support for eProsima Fast-RTPS[0m
[12.457s] [35m[1mScanning dependencies of target carla_ros_scenario_runner_types__rosidl_typesupport_fastrtps_c[0m
[12.505s] [ 70%] [32mBuilding CXX object CMakeFiles/carla_ros_scenario_runner_types__rosidl_typesupport_fastrtps_c.dir/rosidl_typesupport_fastrtps_c/carla_ros_scenario_runner_types/msg/detail/carla_scenario__type_support_c.cpp.o[0m
[12.506s] [ 72%] [32mBuilding CXX object CMakeFiles/carla_ros_scenario_runner_types__rosidl_typesupport_fastrtps_c.dir/rosidl_typesupport_fastrtps_c/carla_ros_scenario_runner_types/msg/detail/carla_scenario_runner_status__type_support_c.cpp.o[0m
[12.510s] [ 74%] [32mBuilding CXX object CMakeFiles/carla_ros_scenario_runner_types__rosidl_typesupport_fastrtps_c.dir/rosidl_typesupport_fastrtps_c/carla_ros_scenario_runner_types/msg/detail/carla_scenario_list__type_support_c.cpp.o[0m
[12.514s] [ 76%] [32mBuilding CXX object CMakeFiles/carla_ros_scenario_runner_types__rosidl_typesupport_fastrtps_c.dir/rosidl_typesupport_fastrtps_c/carla_ros_scenario_runner_types/srv/detail/execute_scenario__type_support_c.cpp.o[0m
[13.487s] [ 78%] [32m[1mLinking CXX shared library libcarla_ros_scenario_runner_types__rosidl_typesupport_fastrtps_c.so[0m
[13.815s] [ 78%] Built target carla_ros_scenario_runner_types__rosidl_typesupport_fastrtps_c
[13.832s] [35m[1mScanning dependencies of target carla_ros_scenario_runner_types[0m
[13.878s] [ 78%] Built target carla_ros_scenario_runner_types
[13.913s] [35m[1mScanning dependencies of target carla_ros_scenario_runner_types__py[0m
[13.959s] [ 80%] [34m[1mGenerating Python code for ROS interfaces[0m
[16.015s] [ 80%] Built target carla_ros_scenario_runner_types__py
[16.036s] [35m[1mScanning dependencies of target carla_ros_scenario_runner_types__python[0m
[16.102s] [ 81%] [32mBuilding C object CMakeFiles/carla_ros_scenario_runner_types__python.dir/rosidl_generator_py/carla_ros_scenario_runner_types/msg/_carla_scenario_s.c.o[0m
[16.102s] [ 83%] [32mBuilding C object CMakeFiles/carla_ros_scenario_runner_types__python.dir/rosidl_generator_py/carla_ros_scenario_runner_types/msg/_carla_scenario_list_s.c.o[0m
[16.140s] [ 87%] [32mBuilding C object CMakeFiles/carla_ros_scenario_runner_types__python.dir/rosidl_generator_py/carla_ros_scenario_runner_types/msg/_carla_scenario_runner_status_s.c.o[0m
[16.140s] [ 87%] [32mBuilding C object CMakeFiles/carla_ros_scenario_runner_types__python.dir/rosidl_generator_py/carla_ros_scenario_runner_types/srv/_execute_scenario_s.c.o[0m
[16.573s] [ 89%] [32m[1mLinking C shared library rosidl_generator_py/carla_ros_scenario_runner_types/libcarla_ros_scenario_runner_types__python.so[0m
[16.797s] [ 89%] Built target carla_ros_scenario_runner_types__python
[16.854s] [35m[1mScanning dependencies of target carla_ros_scenario_runner_types__rosidl_typesupport_c__pyext[0m
[16.909s] [ 90%] [32mBuilding C object CMakeFiles/carla_ros_scenario_runner_types__rosidl_typesupport_c__pyext.dir/rosidl_generator_py/carla_ros_scenario_runner_types/_carla_ros_scenario_runner_types_s.ep.rosidl_typesupport_c.c.o[0m
[17.104s] [ 92%] [32m[1mLinking C shared library rosidl_generator_py/carla_ros_scenario_runner_types/carla_ros_scenario_runner_types_s__rosidl_typesupport_c.cpython-38-x86_64-linux-gnu.so[0m
[17.176s] [ 92%] Built target carla_ros_scenario_runner_types__rosidl_typesupport_c__pyext
[17.192s] [35m[1mScanning dependencies of target carla_ros_scenario_runner_types__rosidl_typesupport_fastrtps_c__pyext[0m
[17.222s] [ 94%] [32mBuilding C object CMakeFiles/carla_ros_scenario_runner_types__rosidl_typesupport_fastrtps_c__pyext.dir/rosidl_generator_py/carla_ros_scenario_runner_types/_carla_ros_scenario_runner_types_s.ep.rosidl_typesupport_fastrtps_c.c.o[0m
[17.397s] [ 96%] [32m[1mLinking CXX shared library rosidl_generator_py/carla_ros_scenario_runner_types/carla_ros_scenario_runner_types_s__rosidl_typesupport_fastrtps_c.cpython-38-x86_64-linux-gnu.so[0m
[17.550s] [ 96%] Built target carla_ros_scenario_runner_types__rosidl_typesupport_fastrtps_c__pyext
[17.572s] [35m[1mScanning dependencies of target carla_ros_scenario_runner_types__rosidl_typesupport_introspection_c__pyext[0m
[17.606s] [ 98%] [32mBuilding C object CMakeFiles/carla_ros_scenario_runner_types__rosidl_typesupport_introspection_c__pyext.dir/rosidl_generator_py/carla_ros_scenario_runner_types/_carla_ros_scenario_runner_types_s.ep.rosidl_typesupport_introspection_c.c.o[0m
[17.775s] [100%] [32m[1mLinking C shared library rosidl_generator_py/carla_ros_scenario_runner_types/carla_ros_scenario_runner_types_s__rosidl_typesupport_introspection_c.cpython-38-x86_64-linux-gnu.so[0m
[17.843s] [100%] Built target carla_ros_scenario_runner_types__rosidl_typesupport_introspection_c__pyext
[17.879s] Invoked command in '/home/lion/intellicar/ros2_ws/build/carla_ros_scenario_runner_types' returned '0': CMAKE_PREFIX_PATH=/opt/ros/foxy /usr/bin/cmake --build /home/lion/intellicar/ros2_ws/build/carla_ros_scenario_runner_types -- -j16 -l16
[18.034s] Invoking command in '/home/lion/intellicar/ros2_ws/build/carla_ros_scenario_runner_types': CMAKE_PREFIX_PATH=/opt/ros/foxy /usr/bin/cmake --install /home/lion/intellicar/ros2_ws/build/carla_ros_scenario_runner_types
[18.050s] -- Install configuration: ""
[18.051s] -- Installing: /home/lion/intellicar/ros2_ws/install/carla_ros_scenario_runner_types/share/ament_index/resource_index/rosidl_interfaces/carla_ros_scenario_runner_types
[18.051s] -- Installing: /home/lion/intellicar/ros2_ws/install/carla_ros_scenario_runner_types/include/carla_ros_scenario_runner_types
[18.051s] -- Installing: /home/lion/intellicar/ros2_ws/install/carla_ros_scenario_runner_types/include/carla_ros_scenario_runner_types/msg
[18.051s] -- Installing: /home/lion/intellicar/ros2_ws/install/carla_ros_scenario_runner_types/include/carla_ros_scenario_runner_types/msg/detail
[18.051s] -- Installing: /home/lion/intellicar/ros2_ws/install/carla_ros_scenario_runner_types/include/carla_ros_scenario_runner_types/msg/detail/carla_scenario_list__struct.h
[18.052s] -- Installing: /home/lion/intellicar/ros2_ws/install/carla_ros_scenario_runner_types/include/carla_ros_scenario_runner_types/msg/detail/carla_scenario__type_support.h
[18.052s] -- Installing: /home/lion/intellicar/ros2_ws/install/carla_ros_scenario_runner_types/include/carla_ros_scenario_runner_types/msg/detail/carla_scenario__struct.h
[18.052s] -- Installing: /home/lion/intellicar/ros2_ws/install/carla_ros_scenario_runner_types/include/carla_ros_scenario_runner_types/msg/detail/carla_scenario_list__type_support.h
[18.052s] -- Installing: /home/lion/intellicar/ros2_ws/install/carla_ros_scenario_runner_types/include/carla_ros_scenario_runner_types/msg/detail/carla_scenario_runner_status__functions.c
[18.053s] -- Installing: /home/lion/intellicar/ros2_ws/install/carla_ros_scenario_runner_types/include/carla_ros_scenario_runner_types/msg/detail/carla_scenario__functions.c
[18.053s] -- Installing: /home/lion/intellicar/ros2_ws/install/carla_ros_scenario_runner_types/include/carla_ros_scenario_runner_types/msg/detail/carla_scenario_runner_status__type_support.h
[18.053s] -- Installing: /home/lion/intellicar/ros2_ws/install/carla_ros_scenario_runner_types/include/carla_ros_scenario_runner_types/msg/detail/carla_scenario_list__functions.c
[18.053s] -- Installing: /home/lion/intellicar/ros2_ws/install/carla_ros_scenario_runner_types/include/carla_ros_scenario_runner_types/msg/detail/carla_scenario__functions.h
[18.053s] -- Installing: /home/lion/intellicar/ros2_ws/install/carla_ros_scenario_runner_types/include/carla_ros_scenario_runner_types/msg/detail/carla_scenario_runner_status__functions.h
[18.054s] -- Installing: /home/lion/intellicar/ros2_ws/install/carla_ros_scenario_runner_types/include/carla_ros_scenario_runner_types/msg/detail/carla_scenario_list__functions.h
[18.054s] -- Installing: /home/lion/intellicar/ros2_ws/install/carla_ros_scenario_runner_types/include/carla_ros_scenario_runner_types/msg/detail/carla_scenario_runner_status__struct.h
[18.054s] -- Installing: /home/lion/intellicar/ros2_ws/install/carla_ros_scenario_runner_types/include/carla_ros_scenario_runner_types/msg/carla_scenario.h
[18.054s] -- Installing: /home/lion/intellicar/ros2_ws/install/carla_ros_scenario_runner_types/include/carla_ros_scenario_runner_types/msg/carla_scenario_list.h
[18.054s] -- Installing: /home/lion/intellicar/ros2_ws/install/carla_ros_scenario_runner_types/include/carla_ros_scenario_runner_types/msg/rosidl_generator_c__visibility_control.h
[18.054s] -- Installing: /home/lion/intellicar/ros2_ws/install/carla_ros_scenario_runner_types/include/carla_ros_scenario_runner_types/msg/carla_scenario_runner_status.h
[18.054s] -- Installing: /home/lion/intellicar/ros2_ws/install/carla_ros_scenario_runner_types/include/carla_ros_scenario_runner_types/srv
[18.054s] -- Installing: /home/lion/intellicar/ros2_ws/install/carla_ros_scenario_runner_types/include/carla_ros_scenario_runner_types/srv/detail
[18.054s] -- Installing: /home/lion/intellicar/ros2_ws/install/carla_ros_scenario_runner_types/include/carla_ros_scenario_runner_types/srv/detail/execute_scenario__type_support.h
[18.055s] -- Installing: /home/lion/intellicar/ros2_ws/install/carla_ros_scenario_runner_types/include/carla_ros_scenario_runner_types/srv/detail/execute_scenario__functions.c
[18.055s] -- Installing: /home/lion/intellicar/ros2_ws/install/carla_ros_scenario_runner_types/include/carla_ros_scenario_runner_types/srv/detail/execute_scenario__functions.h
[18.055s] -- Installing: /home/lion/intellicar/ros2_ws/install/carla_ros_scenario_runner_types/include/carla_ros_scenario_runner_types/srv/detail/execute_scenario__struct.h
[18.055s] -- Installing: /home/lion/intellicar/ros2_ws/install/carla_ros_scenario_runner_types/include/carla_ros_scenario_runner_types/srv/execute_scenario.h
[18.055s] -- Installing: /home/lion/intellicar/ros2_ws/install/carla_ros_scenario_runner_types/share/carla_ros_scenario_runner_types/environment/library_path.sh
[18.055s] -- Installing: /home/lion/intellicar/ros2_ws/install/carla_ros_scenario_runner_types/share/carla_ros_scenario_runner_types/environment/library_path.dsv
[18.055s] -- Installing: /home/lion/intellicar/ros2_ws/install/carla_ros_scenario_runner_types/lib/libcarla_ros_scenario_runner_types__rosidl_generator_c.so
[18.055s] -- Set runtime path of "/home/lion/intellicar/ros2_ws/install/carla_ros_scenario_runner_types/lib/libcarla_ros_scenario_runner_types__rosidl_generator_c.so" to ""
[18.055s] -- Up-to-date: /home/lion/intellicar/ros2_ws/install/carla_ros_scenario_runner_types/include/carla_ros_scenario_runner_types
[18.055s] -- Up-to-date: /home/lion/intellicar/ros2_ws/install/carla_ros_scenario_runner_types/include/carla_ros_scenario_runner_types/msg
[18.055s] -- Up-to-date: /home/lion/intellicar/ros2_ws/install/carla_ros_scenario_runner_types/include/carla_ros_scenario_runner_types/msg/detail
[18.055s] -- Installing: /home/lion/intellicar/ros2_ws/install/carla_ros_scenario_runner_types/include/carla_ros_scenario_runner_types/msg/detail/carla_scenario_runner_status__rosidl_typesupport_fastrtps_c.h
[18.055s] -- Installing: /home/lion/intellicar/ros2_ws/install/carla_ros_scenario_runner_types/include/carla_ros_scenario_runner_types/msg/detail/carla_scenario__rosidl_typesupport_fastrtps_c.h
[18.055s] -- Installing: /home/lion/intellicar/ros2_ws/install/carla_ros_scenario_runner_types/include/carla_ros_scenario_runner_types/msg/detail/carla_scenario_list__rosidl_typesupport_fastrtps_c.h
[18.056s] -- Installing: /home/lion/intellicar/ros2_ws/install/carla_ros_scenario_runner_types/include/carla_ros_scenario_runner_types/msg/rosidl_typesupport_fastrtps_c__visibility_control.h
[18.056s] -- Up-to-date: /home/lion/intellicar/ros2_ws/install/carla_ros_scenario_runner_types/include/carla_ros_scenario_runner_types/srv
[18.056s] -- Up-to-date: /home/lion/intellicar/ros2_ws/install/carla_ros_scenario_runner_types/include/carla_ros_scenario_runner_types/srv/detail
[18.056s] -- Installing: /home/lion/intellicar/ros2_ws/install/carla_ros_scenario_runner_types/include/carla_ros_scenario_runner_types/srv/detail/execute_scenario__rosidl_typesupport_fastrtps_c.h
[18.056s] -- Installing: /home/lion/intellicar/ros2_ws/install/carla_ros_scenario_runner_types/lib/libcarla_ros_scenario_runner_types__rosidl_typesupport_fastrtps_c.so
[18.058s] -- Set runtime path of "/home/lion/intellicar/ros2_ws/install/carla_ros_scenario_runner_types/lib/libcarla_ros_scenario_runner_types__rosidl_typesupport_fastrtps_c.so" to ""
[18.058s] -- Up-to-date: /home/lion/intellicar/ros2_ws/install/carla_ros_scenario_runner_types/include/carla_ros_scenario_runner_types
[18.058s] -- Up-to-date: /home/lion/intellicar/ros2_ws/install/carla_ros_scenario_runner_types/include/carla_ros_scenario_runner_types/msg
[18.058s] -- Up-to-date: /home/lion/intellicar/ros2_ws/install/carla_ros_scenario_runner_types/include/carla_ros_scenario_runner_types/msg/detail
[18.058s] -- Installing: /home/lion/intellicar/ros2_ws/install/carla_ros_scenario_runner_types/include/carla_ros_scenario_runner_types/msg/detail/dds_fastrtps
[18.058s] -- Installing: /home/lion/intellicar/ros2_ws/install/carla_ros_scenario_runner_types/include/carla_ros_scenario_runner_types/msg/detail/carla_scenario__rosidl_typesupport_fastrtps_cpp.hpp
[18.058s] -- Installing: /home/lion/intellicar/ros2_ws/install/carla_ros_scenario_runner_types/include/carla_ros_scenario_runner_types/msg/detail/carla_scenario_runner_status__rosidl_typesupport_fastrtps_cpp.hpp
[18.058s] -- Installing: /home/lion/intellicar/ros2_ws/install/carla_ros_scenario_runner_types/include/carla_ros_scenario_runner_types/msg/detail/carla_scenario_list__rosidl_typesupport_fastrtps_cpp.hpp
[18.058s] -- Installing: /home/lion/intellicar/ros2_ws/install/carla_ros_scenario_runner_types/include/carla_ros_scenario_runner_types/msg/rosidl_typesupport_fastrtps_cpp__visibility_control.h
[18.058s] -- Up-to-date: /home/lion/intellicar/ros2_ws/install/carla_ros_scenario_runner_types/include/carla_ros_scenario_runner_types/srv
[18.059s] -- Up-to-date: /home/lion/intellicar/ros2_ws/install/carla_ros_scenario_runner_types/include/carla_ros_scenario_runner_types/srv/detail
[18.059s] -- Installing: /home/lion/intellicar/ros2_ws/install/carla_ros_scenario_runner_types/include/carla_ros_scenario_runner_types/srv/detail/execute_scenario__rosidl_typesupport_fastrtps_cpp.hpp
[18.059s] -- Installing: /home/lion/intellicar/ros2_ws/install/carla_ros_scenario_runner_types/include/carla_ros_scenario_runner_types/srv/detail/dds_fastrtps
[18.059s] -- Installing: /home/lion/intellicar/ros2_ws/install/carla_ros_scenario_runner_types/lib/libcarla_ros_scenario_runner_types__rosidl_typesupport_fastrtps_cpp.so
[18.059s] -- Set runtime path of "/home/lion/intellicar/ros2_ws/install/carla_ros_scenario_runner_types/lib/libcarla_ros_scenario_runner_types__rosidl_typesupport_fastrtps_cpp.so" to ""
[18.059s] -- Up-to-date: /home/lion/intellicar/ros2_ws/install/carla_ros_scenario_runner_types/include/carla_ros_scenario_runner_types
[18.059s] -- Up-to-date: /home/lion/intellicar/ros2_ws/install/carla_ros_scenario_runner_types/include/carla_ros_scenario_runner_types/msg
[18.060s] -- Up-to-date: /home/lion/intellicar/ros2_ws/install/carla_ros_scenario_runner_types/include/carla_ros_scenario_runner_types/msg/detail
[18.060s] -- Installing: /home/lion/intellicar/ros2_ws/install/carla_ros_scenario_runner_types/include/carla_ros_scenario_runner_types/msg/detail/carla_scenario__rosidl_typesupport_introspection_c.h
[18.060s] -- Installing: /home/lion/intellicar/ros2_ws/install/carla_ros_scenario_runner_types/include/carla_ros_scenario_runner_types/msg/detail/carla_scenario_runner_status__type_support.c
[18.060s] -- Installing: /home/lion/intellicar/ros2_ws/install/carla_ros_scenario_runner_types/include/carla_ros_scenario_runner_types/msg/detail/carla_scenario__type_support.c
[18.060s] -- Installing: /home/lion/intellicar/ros2_ws/install/carla_ros_scenario_runner_types/include/carla_ros_scenario_runner_types/msg/detail/carla_scenario_list__type_support.c
[18.060s] -- Installing: /home/lion/intellicar/ros2_ws/install/carla_ros_scenario_runner_types/include/carla_ros_scenario_runner_types/msg/detail/carla_scenario_runner_status__rosidl_typesupport_introspection_c.h
[18.060s] -- Installing: /home/lion/intellicar/ros2_ws/install/carla_ros_scenario_runner_types/include/carla_ros_scenario_runner_types/msg/detail/carla_scenario_list__rosidl_typesupport_introspection_c.h
[18.061s] -- Installing: /home/lion/intellicar/ros2_ws/install/carla_ros_scenario_runner_types/include/carla_ros_scenario_runner_types/msg/rosidl_typesupport_introspection_c__visibility_control.h
[18.061s] -- Up-to-date: /home/lion/intellicar/ros2_ws/install/carla_ros_scenario_runner_types/include/carla_ros_scenario_runner_types/srv
[18.061s] -- Up-to-date: /home/lion/intellicar/ros2_ws/install/carla_ros_scenario_runner_types/include/carla_ros_scenario_runner_types/srv/detail
[18.061s] -- Installing: /home/lion/intellicar/ros2_ws/install/carla_ros_scenario_runner_types/include/carla_ros_scenario_runner_types/srv/detail/execute_scenario__rosidl_typesupport_introspection_c.h
[18.061s] -- Installing: /home/lion/intellicar/ros2_ws/install/carla_ros_scenario_runner_types/include/carla_ros_scenario_runner_types/srv/detail/execute_scenario__type_support.c
[18.061s] -- Installing: /home/lion/intellicar/ros2_ws/install/carla_ros_scenario_runner_types/lib/libcarla_ros_scenario_runner_types__rosidl_typesupport_introspection_c.so
[18.061s] -- Set runtime path of "/home/lion/intellicar/ros2_ws/install/carla_ros_scenario_runner_types/lib/libcarla_ros_scenario_runner_types__rosidl_typesupport_introspection_c.so" to ""
[18.064s] -- Installing: /home/lion/intellicar/ros2_ws/install/carla_ros_scenario_runner_types/lib/libcarla_ros_scenario_runner_types__rosidl_typesupport_c.so
[18.064s] -- Set runtime path of "/home/lion/intellicar/ros2_ws/install/carla_ros_scenario_runner_types/lib/libcarla_ros_scenario_runner_types__rosidl_typesupport_c.so" to ""
[18.064s] -- Up-to-date: /home/lion/intellicar/ros2_ws/install/carla_ros_scenario_runner_types/include/carla_ros_scenario_runner_types
[18.066s] -- Up-to-date: /home/lion/intellicar/ros2_ws/install/carla_ros_scenario_runner_types/include/carla_ros_scenario_runner_types/msg
[18.066s] -- Installing: /home/lion/intellicar/ros2_ws/install/carla_ros_scenario_runner_types/include/carla_ros_scenario_runner_types/msg/rosidl_generator_cpp__visibility_control.hpp
[18.066s] -- Up-to-date: /home/lion/intellicar/ros2_ws/install/carla_ros_scenario_runner_types/include/carla_ros_scenario_runner_types/msg/detail
[18.066s] -- Installing: /home/lion/intellicar/ros2_ws/install/carla_ros_scenario_runner_types/include/carla_ros_scenario_runner_types/msg/detail/carla_scenario_list__traits.hpp
[18.066s] -- Installing: /home/lion/intellicar/ros2_ws/install/carla_ros_scenario_runner_types/include/carla_ros_scenario_runner_types/msg/detail/carla_scenario__type_support.hpp
[18.066s] -- Installing: /home/lion/intellicar/ros2_ws/install/carla_ros_scenario_runner_types/include/carla_ros_scenario_runner_types/msg/detail/carla_scenario__traits.hpp
[18.067s] -- Installing: /home/lion/intellicar/ros2_ws/install/carla_ros_scenario_runner_types/include/carla_ros_scenario_runner_types/msg/detail/carla_scenario_runner_status__struct.hpp
[18.067s] -- Installing: /home/lion/intellicar/ros2_ws/install/carla_ros_scenario_runner_types/include/carla_ros_scenario_runner_types/msg/detail/carla_scenario_list__struct.hpp
[18.067s] -- Installing: /home/lion/intellicar/ros2_ws/install/carla_ros_scenario_runner_types/include/carla_ros_scenario_runner_types/msg/detail/carla_scenario_runner_status__traits.hpp
[18.067s] -- Installing: /home/lion/intellicar/ros2_ws/install/carla_ros_scenario_runner_types/include/carla_ros_scenario_runner_types/msg/detail/carla_scenario_list__type_support.hpp
[18.068s] -- Installing: /home/lion/intellicar/ros2_ws/install/carla_ros_scenario_runner_types/include/carla_ros_scenario_runner_types/msg/detail/carla_scenario__builder.hpp
[18.071s] -- Installing: /home/lion/intellicar/ros2_ws/install/carla_ros_scenario_runner_types/include/carla_ros_scenario_runner_types/msg/detail/carla_scenario__struct.hpp
[18.071s] -- Installing: /home/lion/intellicar/ros2_ws/install/carla_ros_scenario_runner_types/include/carla_ros_scenario_runner_types/msg/detail/carla_scenario_list__builder.hpp
[18.071s] -- Installing: /home/lion/intellicar/ros2_ws/install/carla_ros_scenario_runner_types/include/carla_ros_scenario_runner_types/msg/detail/carla_scenario_runner_status__type_support.hpp
[18.071s] -- Installing: /home/lion/intellicar/ros2_ws/install/carla_ros_scenario_runner_types/include/carla_ros_scenario_runner_types/msg/detail/carla_scenario_runner_status__builder.hpp
[18.071s] -- Installing: /home/lion/intellicar/ros2_ws/install/carla_ros_scenario_runner_types/include/carla_ros_scenario_runner_types/msg/carla_scenario_list.hpp
[18.071s] -- Installing: /home/lion/intellicar/ros2_ws/install/carla_ros_scenario_runner_types/include/carla_ros_scenario_runner_types/msg/carla_scenario_runner_status.hpp
[18.071s] -- Installing: /home/lion/intellicar/ros2_ws/install/carla_ros_scenario_runner_types/include/carla_ros_scenario_runner_types/msg/carla_scenario.hpp
[18.071s] -- Up-to-date: /home/lion/intellicar/ros2_ws/install/carla_ros_scenario_runner_types/include/carla_ros_scenario_runner_types/srv
[18.071s] -- Installing: /home/lion/intellicar/ros2_ws/install/carla_ros_scenario_runner_types/include/carla_ros_scenario_runner_types/srv/execute_scenario.hpp
[18.071s] -- Up-to-date: /home/lion/intellicar/ros2_ws/install/carla_ros_scenario_runner_types/include/carla_ros_scenario_runner_types/srv/detail
[18.072s] -- Installing: /home/lion/intellicar/ros2_ws/install/carla_ros_scenario_runner_types/include/carla_ros_scenario_runner_types/srv/detail/execute_scenario__traits.hpp
[18.072s] -- Installing: /home/lion/intellicar/ros2_ws/install/carla_ros_scenario_runner_types/include/carla_ros_scenario_runner_types/srv/detail/execute_scenario__type_support.hpp
[18.072s] -- Installing: /home/lion/intellicar/ros2_ws/install/carla_ros_scenario_runner_types/include/carla_ros_scenario_runner_types/srv/detail/execute_scenario__builder.hpp
[18.072s] -- Installing: /home/lion/intellicar/ros2_ws/install/carla_ros_scenario_runner_types/include/carla_ros_scenario_runner_types/srv/detail/execute_scenario__struct.hpp
[18.072s] -- Up-to-date: /home/lion/intellicar/ros2_ws/install/carla_ros_scenario_runner_types/include/carla_ros_scenario_runner_types
[18.072s] -- Up-to-date: /home/lion/intellicar/ros2_ws/install/carla_ros_scenario_runner_types/include/carla_ros_scenario_runner_types/msg
[18.072s] -- Up-to-date: /home/lion/intellicar/ros2_ws/install/carla_ros_scenario_runner_types/include/carla_ros_scenario_runner_types/msg/detail
[18.072s] -- Installing: /home/lion/intellicar/ros2_ws/install/carla_ros_scenario_runner_types/include/carla_ros_scenario_runner_types/msg/detail/carla_scenario__rosidl_typesupport_introspection_cpp.hpp
[18.072s] -- Installing: /home/lion/intellicar/ros2_ws/install/carla_ros_scenario_runner_types/include/carla_ros_scenario_runner_types/msg/detail/carla_scenario__type_support.cpp
[18.072s] -- Installing: /home/lion/intellicar/ros2_ws/install/carla_ros_scenario_runner_types/include/carla_ros_scenario_runner_types/msg/detail/carla_scenario_list__rosidl_typesupport_introspection_cpp.hpp
[18.072s] -- Installing: /home/lion/intellicar/ros2_ws/install/carla_ros_scenario_runner_types/include/carla_ros_scenario_runner_types/msg/detail/carla_scenario_runner_status__type_support.cpp
[18.072s] -- Installing: /home/lion/intellicar/ros2_ws/install/carla_ros_scenario_runner_types/include/carla_ros_scenario_runner_types/msg/detail/carla_scenario_runner_status__rosidl_typesupport_introspection_cpp.hpp
[18.072s] -- Installing: /home/lion/intellicar/ros2_ws/install/carla_ros_scenario_runner_types/include/carla_ros_scenario_runner_types/msg/detail/carla_scenario_list__type_support.cpp
[18.072s] -- Up-to-date: /home/lion/intellicar/ros2_ws/install/carla_ros_scenario_runner_types/include/carla_ros_scenario_runner_types/srv
[18.072s] -- Up-to-date: /home/lion/intellicar/ros2_ws/install/carla_ros_scenario_runner_types/include/carla_ros_scenario_runner_types/srv/detail
[18.072s] -- Installing: /home/lion/intellicar/ros2_ws/install/carla_ros_scenario_runner_types/include/carla_ros_scenario_runner_types/srv/detail/execute_scenario__type_support.cpp
[18.072s] -- Installing: /home/lion/intellicar/ros2_ws/install/carla_ros_scenario_runner_types/include/carla_ros_scenario_runner_types/srv/detail/execute_scenario__rosidl_typesupport_introspection_cpp.hpp
[18.073s] -- Installing: /home/lion/intellicar/ros2_ws/install/carla_ros_scenario_runner_types/lib/libcarla_ros_scenario_runner_types__rosidl_typesupport_introspection_cpp.so
[18.074s] -- Set runtime path of "/home/lion/intellicar/ros2_ws/install/carla_ros_scenario_runner_types/lib/libcarla_ros_scenario_runner_types__rosidl_typesupport_introspection_cpp.so" to ""
[18.074s] -- Installing: /home/lion/intellicar/ros2_ws/install/carla_ros_scenario_runner_types/lib/libcarla_ros_scenario_runner_types__rosidl_typesupport_cpp.so
[18.075s] -- Set runtime path of "/home/lion/intellicar/ros2_ws/install/carla_ros_scenario_runner_types/lib/libcarla_ros_scenario_runner_types__rosidl_typesupport_cpp.so" to ""
[18.075s] -- Installing: /home/lion/intellicar/ros2_ws/install/carla_ros_scenario_runner_types/share/carla_ros_scenario_runner_types/environment/pythonpath.sh
[18.075s] -- Installing: /home/lion/intellicar/ros2_ws/install/carla_ros_scenario_runner_types/share/carla_ros_scenario_runner_types/environment/pythonpath.dsv
[18.075s] -- Installing: /home/lion/intellicar/ros2_ws/install/carla_ros_scenario_runner_types/lib/python3.8/site-packages/carla_ros_scenario_runner_types/__init__.py
[18.120s] Compiling '/home/lion/intellicar/ros2_ws/install/carla_ros_scenario_runner_types/lib/python3.8/site-packages/carla_ros_scenario_runner_types/__init__.py'...
[18.143s] -- Installing: /home/lion/intellicar/ros2_ws/install/carla_ros_scenario_runner_types/lib/python3.8/site-packages/carla_ros_scenario_runner_types/msg
[18.143s] -- Installing: /home/lion/intellicar/ros2_ws/install/carla_ros_scenario_runner_types/lib/python3.8/site-packages/carla_ros_scenario_runner_types/msg/_carla_scenario_list.py
[18.143s] -- Installing: /home/lion/intellicar/ros2_ws/install/carla_ros_scenario_runner_types/lib/python3.8/site-packages/carla_ros_scenario_runner_types/msg/_carla_scenario_s.c
[18.144s] -- Installing: /home/lion/intellicar/ros2_ws/install/carla_ros_scenario_runner_types/lib/python3.8/site-packages/carla_ros_scenario_runner_types/msg/_carla_scenario.py
[18.145s] -- Installing: /home/lion/intellicar/ros2_ws/install/carla_ros_scenario_runner_types/lib/python3.8/site-packages/carla_ros_scenario_runner_types/msg/__init__.py
[18.146s] -- Installing: /home/lion/intellicar/ros2_ws/install/carla_ros_scenario_runner_types/lib/python3.8/site-packages/carla_ros_scenario_runner_types/msg/_carla_scenario_runner_status_s.c
[18.146s] -- Installing: /home/lion/intellicar/ros2_ws/install/carla_ros_scenario_runner_types/lib/python3.8/site-packages/carla_ros_scenario_runner_types/msg/_carla_scenario_runner_status.py
[18.147s] -- Installing: /home/lion/intellicar/ros2_ws/install/carla_ros_scenario_runner_types/lib/python3.8/site-packages/carla_ros_scenario_runner_types/msg/_carla_scenario_list_s.c
[18.147s] -- Installing: /home/lion/intellicar/ros2_ws/install/carla_ros_scenario_runner_types/lib/python3.8/site-packages/carla_ros_scenario_runner_types/srv
[18.147s] -- Installing: /home/lion/intellicar/ros2_ws/install/carla_ros_scenario_runner_types/lib/python3.8/site-packages/carla_ros_scenario_runner_types/srv/_execute_scenario_s.c
[18.148s] -- Installing: /home/lion/intellicar/ros2_ws/install/carla_ros_scenario_runner_types/lib/python3.8/site-packages/carla_ros_scenario_runner_types/srv/__init__.py
[18.148s] -- Installing: /home/lion/intellicar/ros2_ws/install/carla_ros_scenario_runner_types/lib/python3.8/site-packages/carla_ros_scenario_runner_types/srv/_execute_scenario.py
[18.148s] -- Installing: /home/lion/intellicar/ros2_ws/install/carla_ros_scenario_runner_types/lib/python3.8/site-packages/carla_ros_scenario_runner_types/carla_ros_scenario_runner_types_s__rosidl_typesupport_fastrtps_c.cpython-38-x86_64-linux-gnu.so
[18.149s] -- Set runtime path of "/home/lion/intellicar/ros2_ws/install/carla_ros_scenario_runner_types/lib/python3.8/site-packages/carla_ros_scenario_runner_types/carla_ros_scenario_runner_types_s__rosidl_typesupport_fastrtps_c.cpython-38-x86_64-linux-gnu.so" to ""
[18.149s] -- Installing: /home/lion/intellicar/ros2_ws/install/carla_ros_scenario_runner_types/lib/python3.8/site-packages/carla_ros_scenario_runner_types/carla_ros_scenario_runner_types_s__rosidl_typesupport_introspection_c.cpython-38-x86_64-linux-gnu.so
[18.149s] -- Set runtime path of "/home/lion/intellicar/ros2_ws/install/carla_ros_scenario_runner_types/lib/python3.8/site-packages/carla_ros_scenario_runner_types/carla_ros_scenario_runner_types_s__rosidl_typesupport_introspection_c.cpython-38-x86_64-linux-gnu.so" to ""
[18.149s] -- Installing: /home/lion/intellicar/ros2_ws/install/carla_ros_scenario_runner_types/lib/python3.8/site-packages/carla_ros_scenario_runner_types/carla_ros_scenario_runner_types_s__rosidl_typesupport_c.cpython-38-x86_64-linux-gnu.so
[18.149s] -- Set runtime path of "/home/lion/intellicar/ros2_ws/install/carla_ros_scenario_runner_types/lib/python3.8/site-packages/carla_ros_scenario_runner_types/carla_ros_scenario_runner_types_s__rosidl_typesupport_c.cpython-38-x86_64-linux-gnu.so" to ""
[18.149s] -- Installing: /home/lion/intellicar/ros2_ws/install/carla_ros_scenario_runner_types/lib/libcarla_ros_scenario_runner_types__python.so
[18.149s] -- Set runtime path of "/home/lion/intellicar/ros2_ws/install/carla_ros_scenario_runner_types/lib/libcarla_ros_scenario_runner_types__python.so" to ""
[18.150s] -- Installing: /home/lion/intellicar/ros2_ws/install/carla_ros_scenario_runner_types/share/carla_ros_scenario_runner_types/msg/CarlaScenario.idl
[18.150s] -- Installing: /home/lion/intellicar/ros2_ws/install/carla_ros_scenario_runner_types/share/carla_ros_scenario_runner_types/msg/CarlaScenarioList.idl
[18.150s] -- Installing: /home/lion/intellicar/ros2_ws/install/carla_ros_scenario_runner_types/share/carla_ros_scenario_runner_types/msg/CarlaScenarioRunnerStatus.idl
[18.150s] -- Installing: /home/lion/intellicar/ros2_ws/install/carla_ros_scenario_runner_types/share/carla_ros_scenario_runner_types/srv/ExecuteScenario.idl
[18.150s] -- Installing: /home/lion/intellicar/ros2_ws/install/carla_ros_scenario_runner_types/share/carla_ros_scenario_runner_types/msg/CarlaScenario.msg
[18.150s] -- Installing: /home/lion/intellicar/ros2_ws/install/carla_ros_scenario_runner_types/share/carla_ros_scenario_runner_types/msg/CarlaScenarioList.msg
[18.150s] -- Installing: /home/lion/intellicar/ros2_ws/install/carla_ros_scenario_runner_types/share/carla_ros_scenario_runner_types/msg/CarlaScenarioRunnerStatus.msg
[18.150s] -- Installing: /home/lion/intellicar/ros2_ws/install/carla_ros_scenario_runner_types/share/carla_ros_scenario_runner_types/srv/ExecuteScenario.srv
[18.151s] -- Installing: /home/lion/intellicar/ros2_ws/install/carla_ros_scenario_runner_types/share/carla_ros_scenario_runner_types/srv/ExecuteScenario_Request.msg
[18.151s] -- Installing: /home/lion/intellicar/ros2_ws/install/carla_ros_scenario_runner_types/share/carla_ros_scenario_runner_types/srv/ExecuteScenario_Response.msg
[18.151s] -- Installing: /home/lion/intellicar/ros2_ws/install/carla_ros_scenario_runner_types/share/ament_index/resource_index/package_run_dependencies/carla_ros_scenario_runner_types
[18.151s] -- Installing: /home/lion/intellicar/ros2_ws/install/carla_ros_scenario_runner_types/share/ament_index/resource_index/parent_prefix_path/carla_ros_scenario_runner_types
[18.151s] -- Installing: /home/lion/intellicar/ros2_ws/install/carla_ros_scenario_runner_types/share/carla_ros_scenario_runner_types/environment/ament_prefix_path.sh
[18.151s] -- Installing: /home/lion/intellicar/ros2_ws/install/carla_ros_scenario_runner_types/share/carla_ros_scenario_runner_types/environment/ament_prefix_path.dsv
[18.151s] -- Installing: /home/lion/intellicar/ros2_ws/install/carla_ros_scenario_runner_types/share/carla_ros_scenario_runner_types/environment/path.sh
[18.153s] -- Installing: /home/lion/intellicar/ros2_ws/install/carla_ros_scenario_runner_types/share/carla_ros_scenario_runner_types/environment/path.dsv
[18.153s] -- Installing: /home/lion/intellicar/ros2_ws/install/carla_ros_scenario_runner_types/share/carla_ros_scenario_runner_types/local_setup.bash
[18.154s] -- Installing: /home/lion/intellicar/ros2_ws/install/carla_ros_scenario_runner_types/share/carla_ros_scenario_runner_types/local_setup.sh
[18.155s] -- Installing: /home/lion/intellicar/ros2_ws/install/carla_ros_scenario_runner_types/share/carla_ros_scenario_runner_types/local_setup.zsh
[18.156s] -- Installing: /home/lion/intellicar/ros2_ws/install/carla_ros_scenario_runner_types/share/carla_ros_scenario_runner_types/local_setup.dsv
[18.156s] -- Installing: /home/lion/intellicar/ros2_ws/install/carla_ros_scenario_runner_types/share/carla_ros_scenario_runner_types/package.dsv
[18.157s] -- Installing: /home/lion/intellicar/ros2_ws/install/carla_ros_scenario_runner_types/share/ament_index/resource_index/packages/carla_ros_scenario_runner_types
[18.157s] -- Installing: /home/lion/intellicar/ros2_ws/install/carla_ros_scenario_runner_types/share/carla_ros_scenario_runner_types/cmake/carla_ros_scenario_runner_types__rosidl_generator_cExport.cmake
[18.157s] -- Installing: /home/lion/intellicar/ros2_ws/install/carla_ros_scenario_runner_types/share/carla_ros_scenario_runner_types/cmake/carla_ros_scenario_runner_types__rosidl_generator_cExport-noconfig.cmake
[18.158s] -- Installing: /home/lion/intellicar/ros2_ws/install/carla_ros_scenario_runner_types/share/carla_ros_scenario_runner_types/cmake/carla_ros_scenario_runner_types__rosidl_typesupport_introspection_cExport.cmake
[18.158s] -- Installing: /home/lion/intellicar/ros2_ws/install/carla_ros_scenario_runner_types/share/carla_ros_scenario_runner_types/cmake/carla_ros_scenario_runner_types__rosidl_typesupport_introspection_cExport-noconfig.cmake
[18.159s] -- Installing: /home/lion/intellicar/ros2_ws/install/carla_ros_scenario_runner_types/share/carla_ros_scenario_runner_types/cmake/carla_ros_scenario_runner_types__rosidl_typesupport_cExport.cmake
[18.159s] -- Installing: /home/lion/intellicar/ros2_ws/install/carla_ros_scenario_runner_types/share/carla_ros_scenario_runner_types/cmake/carla_ros_scenario_runner_types__rosidl_typesupport_cExport-noconfig.cmake
[18.159s] -- Installing: /home/lion/intellicar/ros2_ws/install/carla_ros_scenario_runner_types/share/carla_ros_scenario_runner_types/cmake/carla_ros_scenario_runner_types__rosidl_generator_cppExport.cmake
[18.159s] -- Installing: /home/lion/intellicar/ros2_ws/install/carla_ros_scenario_runner_types/share/carla_ros_scenario_runner_types/cmake/carla_ros_scenario_runner_types__rosidl_typesupport_introspection_cppExport.cmake
[18.172s] -- Installing: /home/lion/intellicar/ros2_ws/install/carla_ros_scenario_runner_types/share/carla_ros_scenario_runner_types/cmake/carla_ros_scenario_runner_types__rosidl_typesupport_introspection_cppExport-noconfig.cmake
[18.174s] -- Installing: /home/lion/intellicar/ros2_ws/install/carla_ros_scenario_runner_types/share/carla_ros_scenario_runner_types/cmake/carla_ros_scenario_runner_types__rosidl_typesupport_cppExport.cmake
[18.176s] -- Installing: /home/lion/intellicar/ros2_ws/install/carla_ros_scenario_runner_types/share/carla_ros_scenario_runner_types/cmake/carla_ros_scenario_runner_types__rosidl_typesupport_cppExport-noconfig.cmake
[18.177s] -- Installing: /home/lion/intellicar/ros2_ws/install/carla_ros_scenario_runner_types/share/carla_ros_scenario_runner_types/cmake/rosidl_cmake-extras.cmake
[18.177s] -- Installing: /home/lion/intellicar/ros2_ws/install/carla_ros_scenario_runner_types/share/carla_ros_scenario_runner_types/cmake/ament_cmake_export_dependencies-extras.cmake
[18.178s] -- Installing: /home/lion/intellicar/ros2_ws/install/carla_ros_scenario_runner_types/share/carla_ros_scenario_runner_types/cmake/ament_cmake_export_libraries-extras.cmake
[18.179s] -- Installing: /home/lion/intellicar/ros2_ws/install/carla_ros_scenario_runner_types/share/carla_ros_scenario_runner_types/cmake/ament_cmake_export_targets-extras.cmake
[18.179s] -- Installing: /home/lion/intellicar/ros2_ws/install/carla_ros_scenario_runner_types/share/carla_ros_scenario_runner_types/cmake/ament_cmake_export_include_directories-extras.cmake
[18.179s] -- Installing: /home/lion/intellicar/ros2_ws/install/carla_ros_scenario_runner_types/share/carla_ros_scenario_runner_types/cmake/rosidl_cmake_export_typesupport_libraries-extras.cmake
[18.181s] -- Installing: /home/lion/intellicar/ros2_ws/install/carla_ros_scenario_runner_types/share/carla_ros_scenario_runner_types/cmake/rosidl_cmake_export_typesupport_targets-extras.cmake
[18.181s] -- Installing: /home/lion/intellicar/ros2_ws/install/carla_ros_scenario_runner_types/share/carla_ros_scenario_runner_types/cmake/carla_ros_scenario_runner_typesConfig.cmake
[18.181s] -- Installing: /home/lion/intellicar/ros2_ws/install/carla_ros_scenario_runner_types/share/carla_ros_scenario_runner_types/cmake/carla_ros_scenario_runner_typesConfig-version.cmake
[18.183s] -- Installing: /home/lion/intellicar/ros2_ws/install/carla_ros_scenario_runner_types/share/carla_ros_scenario_runner_types/package.xml
[18.190s] Invoked command in '/home/lion/intellicar/ros2_ws/build/carla_ros_scenario_runner_types' returned '0': CMAKE_PREFIX_PATH=/opt/ros/foxy /usr/bin/cmake --install /home/lion/intellicar/ros2_ws/build/carla_ros_scenario_runner_types
