[7.468s] Invoking command in '/home/lion/intellicar/ros2_ws/build/carla_ackermann_msgs': CMAKE_PREFIX_PATH=/home/lion/intellicar/ros2_ws/install/carla_msgs:/home/lion/intellicar/ros2_ws/install/gamepad_driver:/home/lion/intellicar/ros2_ws/install/centralized_bringup:/home/lion/intellicar/ros2_ws/install/rviz_carla_plugin:/home/lion/intellicar/ros2_ws/install/pcl_recorder:/home/lion/intellicar/ros2_ws/install/carla_waypoint_types:/home/lion/intellicar/ros2_ws/install/carla_ros_scenario_runner_types:/home/lion/intellicar/ros2_ws/install/carla_ackermann_msgs:/home/lion/intellicar/ros2_ws/install/yolo_detection:/home/lion/intellicar/ros2_ws/install/traffic_light_task:/home/lion/intellicar/ros2_ws/install/carla_ad_demo:/home/lion/intellicar/ros2_ws/install/rqt_carla_control:/home/lion/intellicar/ros2_ws/install/carla_waypoint_publisher:/home/lion/intellicar/ros2_ws/install/carla_ackermann_control:/home/lion/intellicar/ros2_ws/install/carla_ros_bridge:/home/lion/intellicar/ros2_ws/install/carla_spawn_objects:/home/lion/intellicar/ros2_ws/install/carla_manual_control:/home/lion/intellicar/ros2_ws/install/carla_ad_agent:/home/lion/intellicar/ros2_ws/install/ros_compatibility:/home/lion/intellicar/ros2_ws/install/carla_walker_agent:/home/lion/intellicar/ros2_ws/install/carla_twist_to_control:/home/lion/intellicar/ros2_ws/install/carla_ros_scenario_runner:/home/lion/intellicar/ros2_ws/install/carla_common:/opt/ros/foxy LD_LIBRARY_PATH=/home/lion/intellicar/ros2_ws/install/carla_msgs/lib:/home/lion/intellicar/ros2_ws/install/rviz_carla_plugin/lib:/home/lion/intellicar/ros2_ws/install/carla_waypoint_types/lib:/home/lion/intellicar/ros2_ws/install/carla_ros_scenario_runner_types/lib:/home/lion/intellicar/ros2_ws/install/carla_ackermann_msgs/lib:/opt/ros/foxy/opt/yaml_cpp_vendor/lib:/opt/ros/foxy/opt/rviz_ogre_vendor/lib:/opt/ros/foxy/lib/x86_64-linux-gnu:/opt/ros/foxy/lib PYTHONPATH=/home/lion/intellicar/ros2_ws/install/carla_msgs/lib/python3.8/site-packages:/home/lion/intellicar/ros2_ws/install/yolo_detection/lib/python3.8/site-packages:/home/lion/intellicar/ros2_ws/install/traffic_light_task/lib/python3.8/site-packages:/home/lion/intellicar/ros2_ws/install/carla_ad_demo/lib/python3.8/site-packages:/home/lion/intellicar/ros2_ws/install/rqt_carla_control/lib/python3.8/site-packages:/home/lion/intellicar/ros2_ws/install/carla_waypoint_publisher/lib/python3.8/site-packages:/home/lion/intellicar/ros2_ws/install/carla_ackermann_control/lib/python3.8/site-packages:/home/lion/intellicar/ros2_ws/install/carla_ros_bridge/lib/python3.8/site-packages:/home/lion/intellicar/ros2_ws/install/carla_spawn_objects/lib/python3.8/site-packages:/home/lion/intellicar/ros2_ws/install/carla_manual_control/lib/python3.8/site-packages:/home/lion/intellicar/ros2_ws/install/carla_ad_agent/lib/python3.8/site-packages:/home/lion/intellicar/ros2_ws/install/ros_compatibility/lib/python3.8/site-packages:/home/lion/intellicar/ros2_ws/install/carla_waypoint_types/lib/python3.8/site-packages:/home/lion/intellicar/ros2_ws/install/carla_walker_agent/lib/python3.8/site-packages:/home/lion/intellicar/ros2_ws/install/carla_twist_to_control/lib/python3.8/site-packages:/home/lion/intellicar/ros2_ws/install/carla_ros_scenario_runner/lib/python3.8/site-packages:/home/lion/intellicar/ros2_ws/install/carla_ros_scenario_runner_types/lib/python3.8/site-packages:/home/lion/intellicar/ros2_ws/install/carla_ackermann_msgs/lib/python3.8/site-packages:/home/lion/intellicar/ros2_ws/install/carla_common/lib/python3.8/site-packages:/opt/ros/foxy/lib/python3.8/site-packages:/home/lion/intellicar/CARLA_0.9.11/PythonAPI/carla/dist/carla-0.9.11-py3.7-linux-x86_64.egg:/home/lion/intellicar/CARLA_0.9.11/PythonAPI/carla /usr/bin/cmake --build /home/lion/intellicar/ros2_ws/build/carla_ackermann_msgs -- -j16 -l16
[9.842s] [  1%] Built target carla_ackermann_msgs__cpp
[9.843s] [ 12%] Built target carla_ackermann_msgs__rosidl_generator_c
[9.848s] [ 23%] Built target carla_ackermann_msgs__rosidl_typesupport_cpp
[9.849s] [ 34%] Built target carla_ackermann_msgs__rosidl_typesupport_c
[9.849s] [ 46%] Built target carla_ackermann_msgs__rosidl_typesupport_introspection_c
[9.849s] [ 57%] Built target carla_ackermann_msgs__rosidl_typesupport_fastrtps_cpp
[9.849s] [ 68%] Built target carla_ackermann_msgs__rosidl_typesupport_introspection_cpp
[9.849s] [ 79%] Built target carla_ackermann_msgs__rosidl_typesupport_fastrtps_c
[9.850s] [ 79%] Built target carla_ackermann_msgs
[9.850s] [ 80%] Built target carla_ackermann_msgs__py
[9.850s] [ 90%] Built target carla_ackermann_msgs__python
[9.850s] [ 93%] Built target carla_ackermann_msgs__rosidl_typesupport_c__pyext
[9.850s] [ 96%] Built target carla_ackermann_msgs__rosidl_typesupport_fastrtps_c__pyext
[9.850s] [100%] Built target carla_ackermann_msgs__rosidl_typesupport_introspection_c__pyext
[10.952s] Invoked command in '/home/lion/intellicar/ros2_ws/build/carla_ackermann_msgs' returned '0': CMAKE_PREFIX_PATH=/home/lion/intellicar/ros2_ws/install/carla_msgs:/home/lion/intellicar/ros2_ws/install/gamepad_driver:/home/lion/intellicar/ros2_ws/install/centralized_bringup:/home/lion/intellicar/ros2_ws/install/rviz_carla_plugin:/home/lion/intellicar/ros2_ws/install/pcl_recorder:/home/lion/intellicar/ros2_ws/install/carla_waypoint_types:/home/lion/intellicar/ros2_ws/install/carla_ros_scenario_runner_types:/home/lion/intellicar/ros2_ws/install/carla_ackermann_msgs:/home/lion/intellicar/ros2_ws/install/yolo_detection:/home/lion/intellicar/ros2_ws/install/traffic_light_task:/home/lion/intellicar/ros2_ws/install/carla_ad_demo:/home/lion/intellicar/ros2_ws/install/rqt_carla_control:/home/lion/intellicar/ros2_ws/install/carla_waypoint_publisher:/home/lion/intellicar/ros2_ws/install/carla_ackermann_control:/home/lion/intellicar/ros2_ws/install/carla_ros_bridge:/home/lion/intellicar/ros2_ws/install/carla_spawn_objects:/home/lion/intellicar/ros2_ws/install/carla_manual_control:/home/lion/intellicar/ros2_ws/install/carla_ad_agent:/home/lion/intellicar/ros2_ws/install/ros_compatibility:/home/lion/intellicar/ros2_ws/install/carla_walker_agent:/home/lion/intellicar/ros2_ws/install/carla_twist_to_control:/home/lion/intellicar/ros2_ws/install/carla_ros_scenario_runner:/home/lion/intellicar/ros2_ws/install/carla_common:/opt/ros/foxy LD_LIBRARY_PATH=/home/lion/intellicar/ros2_ws/install/carla_msgs/lib:/home/lion/intellicar/ros2_ws/install/rviz_carla_plugin/lib:/home/lion/intellicar/ros2_ws/install/carla_waypoint_types/lib:/home/lion/intellicar/ros2_ws/install/carla_ros_scenario_runner_types/lib:/home/lion/intellicar/ros2_ws/install/carla_ackermann_msgs/lib:/opt/ros/foxy/opt/yaml_cpp_vendor/lib:/opt/ros/foxy/opt/rviz_ogre_vendor/lib:/opt/ros/foxy/lib/x86_64-linux-gnu:/opt/ros/foxy/lib PYTHONPATH=/home/lion/intellicar/ros2_ws/install/carla_msgs/lib/python3.8/site-packages:/home/lion/intellicar/ros2_ws/install/yolo_detection/lib/python3.8/site-packages:/home/lion/intellicar/ros2_ws/install/traffic_light_task/lib/python3.8/site-packages:/home/lion/intellicar/ros2_ws/install/carla_ad_demo/lib/python3.8/site-packages:/home/lion/intellicar/ros2_ws/install/rqt_carla_control/lib/python3.8/site-packages:/home/lion/intellicar/ros2_ws/install/carla_waypoint_publisher/lib/python3.8/site-packages:/home/lion/intellicar/ros2_ws/install/carla_ackermann_control/lib/python3.8/site-packages:/home/lion/intellicar/ros2_ws/install/carla_ros_bridge/lib/python3.8/site-packages:/home/lion/intellicar/ros2_ws/install/carla_spawn_objects/lib/python3.8/site-packages:/home/lion/intellicar/ros2_ws/install/carla_manual_control/lib/python3.8/site-packages:/home/lion/intellicar/ros2_ws/install/carla_ad_agent/lib/python3.8/site-packages:/home/lion/intellicar/ros2_ws/install/ros_compatibility/lib/python3.8/site-packages:/home/lion/intellicar/ros2_ws/install/carla_waypoint_types/lib/python3.8/site-packages:/home/lion/intellicar/ros2_ws/install/carla_walker_agent/lib/python3.8/site-packages:/home/lion/intellicar/ros2_ws/install/carla_twist_to_control/lib/python3.8/site-packages:/home/lion/intellicar/ros2_ws/install/carla_ros_scenario_runner/lib/python3.8/site-packages:/home/lion/intellicar/ros2_ws/install/carla_ros_scenario_runner_types/lib/python3.8/site-packages:/home/lion/intellicar/ros2_ws/install/carla_ackermann_msgs/lib/python3.8/site-packages:/home/lion/intellicar/ros2_ws/install/carla_common/lib/python3.8/site-packages:/opt/ros/foxy/lib/python3.8/site-packages:/home/lion/intellicar/CARLA_0.9.11/PythonAPI/carla/dist/carla-0.9.11-py3.7-linux-x86_64.egg:/home/lion/intellicar/CARLA_0.9.11/PythonAPI/carla /usr/bin/cmake --build /home/lion/intellicar/ros2_ws/build/carla_ackermann_msgs -- -j16 -l16
[11.905s] Invoking command in '/home/lion/intellicar/ros2_ws/build/carla_ackermann_msgs': CMAKE_PREFIX_PATH=/home/lion/intellicar/ros2_ws/install/carla_msgs:/home/lion/intellicar/ros2_ws/install/gamepad_driver:/home/lion/intellicar/ros2_ws/install/centralized_bringup:/home/lion/intellicar/ros2_ws/install/rviz_carla_plugin:/home/lion/intellicar/ros2_ws/install/pcl_recorder:/home/lion/intellicar/ros2_ws/install/carla_waypoint_types:/home/lion/intellicar/ros2_ws/install/carla_ros_scenario_runner_types:/home/lion/intellicar/ros2_ws/install/carla_ackermann_msgs:/home/lion/intellicar/ros2_ws/install/yolo_detection:/home/lion/intellicar/ros2_ws/install/traffic_light_task:/home/lion/intellicar/ros2_ws/install/carla_ad_demo:/home/lion/intellicar/ros2_ws/install/rqt_carla_control:/home/lion/intellicar/ros2_ws/install/carla_waypoint_publisher:/home/lion/intellicar/ros2_ws/install/carla_ackermann_control:/home/lion/intellicar/ros2_ws/install/carla_ros_bridge:/home/lion/intellicar/ros2_ws/install/carla_spawn_objects:/home/lion/intellicar/ros2_ws/install/carla_manual_control:/home/lion/intellicar/ros2_ws/install/carla_ad_agent:/home/lion/intellicar/ros2_ws/install/ros_compatibility:/home/lion/intellicar/ros2_ws/install/carla_walker_agent:/home/lion/intellicar/ros2_ws/install/carla_twist_to_control:/home/lion/intellicar/ros2_ws/install/carla_ros_scenario_runner:/home/lion/intellicar/ros2_ws/install/carla_common:/opt/ros/foxy LD_LIBRARY_PATH=/home/lion/intellicar/ros2_ws/install/carla_msgs/lib:/home/lion/intellicar/ros2_ws/install/rviz_carla_plugin/lib:/home/lion/intellicar/ros2_ws/install/carla_waypoint_types/lib:/home/lion/intellicar/ros2_ws/install/carla_ros_scenario_runner_types/lib:/home/lion/intellicar/ros2_ws/install/carla_ackermann_msgs/lib:/opt/ros/foxy/opt/yaml_cpp_vendor/lib:/opt/ros/foxy/opt/rviz_ogre_vendor/lib:/opt/ros/foxy/lib/x86_64-linux-gnu:/opt/ros/foxy/lib PYTHONPATH=/home/lion/intellicar/ros2_ws/install/carla_msgs/lib/python3.8/site-packages:/home/lion/intellicar/ros2_ws/install/yolo_detection/lib/python3.8/site-packages:/home/lion/intellicar/ros2_ws/install/traffic_light_task/lib/python3.8/site-packages:/home/lion/intellicar/ros2_ws/install/carla_ad_demo/lib/python3.8/site-packages:/home/lion/intellicar/ros2_ws/install/rqt_carla_control/lib/python3.8/site-packages:/home/lion/intellicar/ros2_ws/install/carla_waypoint_publisher/lib/python3.8/site-packages:/home/lion/intellicar/ros2_ws/install/carla_ackermann_control/lib/python3.8/site-packages:/home/lion/intellicar/ros2_ws/install/carla_ros_bridge/lib/python3.8/site-packages:/home/lion/intellicar/ros2_ws/install/carla_spawn_objects/lib/python3.8/site-packages:/home/lion/intellicar/ros2_ws/install/carla_manual_control/lib/python3.8/site-packages:/home/lion/intellicar/ros2_ws/install/carla_ad_agent/lib/python3.8/site-packages:/home/lion/intellicar/ros2_ws/install/ros_compatibility/lib/python3.8/site-packages:/home/lion/intellicar/ros2_ws/install/carla_waypoint_types/lib/python3.8/site-packages:/home/lion/intellicar/ros2_ws/install/carla_walker_agent/lib/python3.8/site-packages:/home/lion/intellicar/ros2_ws/install/carla_twist_to_control/lib/python3.8/site-packages:/home/lion/intellicar/ros2_ws/install/carla_ros_scenario_runner/lib/python3.8/site-packages:/home/lion/intellicar/ros2_ws/install/carla_ros_scenario_runner_types/lib/python3.8/site-packages:/home/lion/intellicar/ros2_ws/install/carla_ackermann_msgs/lib/python3.8/site-packages:/home/lion/intellicar/ros2_ws/install/carla_common/lib/python3.8/site-packages:/opt/ros/foxy/lib/python3.8/site-packages:/home/lion/intellicar/CARLA_0.9.11/PythonAPI/carla/dist/carla-0.9.11-py3.7-linux-x86_64.egg:/home/lion/intellicar/CARLA_0.9.11/PythonAPI/carla /usr/bin/cmake --install /home/lion/intellicar/ros2_ws/build/carla_ackermann_msgs
[11.938s] -- Install configuration: ""
[11.938s] -- Up-to-date: /home/lion/intellicar/ros2_ws/install/carla_ackermann_msgs/share/ament_index/resource_index/rosidl_interfaces/carla_ackermann_msgs
[11.938s] -- Up-to-date: /home/lion/intellicar/ros2_ws/install/carla_ackermann_msgs/include/carla_ackermann_msgs
[11.939s] -- Up-to-date: /home/lion/intellicar/ros2_ws/install/carla_ackermann_msgs/include/carla_ackermann_msgs/msg
[11.939s] -- Up-to-date: /home/lion/intellicar/ros2_ws/install/carla_ackermann_msgs/include/carla_ackermann_msgs/msg/ego_vehicle_control_maxima.h
[11.939s] -- Up-to-date: /home/lion/intellicar/ros2_ws/install/carla_ackermann_msgs/include/carla_ackermann_msgs/msg/detail
[11.939s] -- Up-to-date: /home/lion/intellicar/ros2_ws/install/carla_ackermann_msgs/include/carla_ackermann_msgs/msg/detail/ego_vehicle_control_info__functions.h
[11.939s] -- Up-to-date: /home/lion/intellicar/ros2_ws/install/carla_ackermann_msgs/include/carla_ackermann_msgs/msg/detail/ego_vehicle_control_maxima__functions.c
[11.939s] -- Up-to-date: /home/lion/intellicar/ros2_ws/install/carla_ackermann_msgs/include/carla_ackermann_msgs/msg/detail/ego_vehicle_control_maxima__struct.h
[11.939s] -- Up-to-date: /home/lion/intellicar/ros2_ws/install/carla_ackermann_msgs/include/carla_ackermann_msgs/msg/detail/ego_vehicle_control_info__functions.c
[11.939s] -- Up-to-date: /home/lion/intellicar/ros2_ws/install/carla_ackermann_msgs/include/carla_ackermann_msgs/msg/detail/ego_vehicle_control_info__type_support.h
[11.939s] -- Up-to-date: /home/lion/intellicar/ros2_ws/install/carla_ackermann_msgs/include/carla_ackermann_msgs/msg/detail/ego_vehicle_control_info__struct.h
[11.939s] -- Up-to-date: /home/lion/intellicar/ros2_ws/install/carla_ackermann_msgs/include/carla_ackermann_msgs/msg/detail/ego_vehicle_control_current__functions.h
[11.939s] -- Up-to-date: /home/lion/intellicar/ros2_ws/install/carla_ackermann_msgs/include/carla_ackermann_msgs/msg/detail/ego_vehicle_control_maxima__type_support.h
[11.940s] -- Up-to-date: /home/lion/intellicar/ros2_ws/install/carla_ackermann_msgs/include/carla_ackermann_msgs/msg/detail/ego_vehicle_control_current__type_support.h
[11.940s] -- Up-to-date: /home/lion/intellicar/ros2_ws/install/carla_ackermann_msgs/include/carla_ackermann_msgs/msg/detail/ego_vehicle_control_current__functions.c
[11.940s] -- Up-to-date: /home/lion/intellicar/ros2_ws/install/carla_ackermann_msgs/include/carla_ackermann_msgs/msg/detail/ego_vehicle_control_target__type_support.h
[11.940s] -- Up-to-date: /home/lion/intellicar/ros2_ws/install/carla_ackermann_msgs/include/carla_ackermann_msgs/msg/detail/ego_vehicle_control_maxima__functions.h
[11.940s] -- Up-to-date: /home/lion/intellicar/ros2_ws/install/carla_ackermann_msgs/include/carla_ackermann_msgs/msg/detail/ego_vehicle_control_status__type_support.h
[11.940s] -- Up-to-date: /home/lion/intellicar/ros2_ws/install/carla_ackermann_msgs/include/carla_ackermann_msgs/msg/detail/ego_vehicle_control_target__functions.c
[11.940s] -- Up-to-date: /home/lion/intellicar/ros2_ws/install/carla_ackermann_msgs/include/carla_ackermann_msgs/msg/detail/ego_vehicle_control_status__functions.c
[11.940s] -- Up-to-date: /home/lion/intellicar/ros2_ws/install/carla_ackermann_msgs/include/carla_ackermann_msgs/msg/detail/ego_vehicle_control_status__functions.h
[11.940s] -- Up-to-date: /home/lion/intellicar/ros2_ws/install/carla_ackermann_msgs/include/carla_ackermann_msgs/msg/detail/ego_vehicle_control_target__struct.h
[11.940s] -- Up-to-date: /home/lion/intellicar/ros2_ws/install/carla_ackermann_msgs/include/carla_ackermann_msgs/msg/detail/ego_vehicle_control_target__functions.h
[11.940s] -- Up-to-date: /home/lion/intellicar/ros2_ws/install/carla_ackermann_msgs/include/carla_ackermann_msgs/msg/detail/ego_vehicle_control_status__struct.h
[11.940s] -- Up-to-date: /home/lion/intellicar/ros2_ws/install/carla_ackermann_msgs/include/carla_ackermann_msgs/msg/detail/ego_vehicle_control_current__struct.h
[11.940s] -- Up-to-date: /home/lion/intellicar/ros2_ws/install/carla_ackermann_msgs/include/carla_ackermann_msgs/msg/ego_vehicle_control_current.h
[11.941s] -- Up-to-date: /home/lion/intellicar/ros2_ws/install/carla_ackermann_msgs/include/carla_ackermann_msgs/msg/ego_vehicle_control_info.h
[11.941s] -- Up-to-date: /home/lion/intellicar/ros2_ws/install/carla_ackermann_msgs/include/carla_ackermann_msgs/msg/ego_vehicle_control_status.h
[11.941s] -- Up-to-date: /home/lion/intellicar/ros2_ws/install/carla_ackermann_msgs/include/carla_ackermann_msgs/msg/rosidl_generator_c__visibility_control.h
[11.941s] -- Up-to-date: /home/lion/intellicar/ros2_ws/install/carla_ackermann_msgs/include/carla_ackermann_msgs/msg/ego_vehicle_control_target.h
[11.941s] -- Up-to-date: /home/lion/intellicar/ros2_ws/install/carla_ackermann_msgs/share/carla_ackermann_msgs/environment/library_path.sh
[11.941s] -- Up-to-date: /home/lion/intellicar/ros2_ws/install/carla_ackermann_msgs/share/carla_ackermann_msgs/environment/library_path.dsv
[11.942s] -- Up-to-date: /home/lion/intellicar/ros2_ws/install/carla_ackermann_msgs/lib/libcarla_ackermann_msgs__rosidl_generator_c.so
[11.942s] -- Up-to-date: /home/lion/intellicar/ros2_ws/install/carla_ackermann_msgs/include/carla_ackermann_msgs
[11.942s] -- Up-to-date: /home/lion/intellicar/ros2_ws/install/carla_ackermann_msgs/include/carla_ackermann_msgs/msg
[11.943s] -- Up-to-date: /home/lion/intellicar/ros2_ws/install/carla_ackermann_msgs/include/carla_ackermann_msgs/msg/detail
[11.943s] -- Up-to-date: /home/lion/intellicar/ros2_ws/install/carla_ackermann_msgs/include/carla_ackermann_msgs/msg/detail/ego_vehicle_control_current__rosidl_typesupport_fastrtps_c.h
[11.943s] -- Up-to-date: /home/lion/intellicar/ros2_ws/install/carla_ackermann_msgs/include/carla_ackermann_msgs/msg/detail/ego_vehicle_control_status__rosidl_typesupport_fastrtps_c.h
[11.944s] -- Up-to-date: /home/lion/intellicar/ros2_ws/install/carla_ackermann_msgs/include/carla_ackermann_msgs/msg/detail/ego_vehicle_control_target__rosidl_typesupport_fastrtps_c.h
[11.944s] -- Up-to-date: /home/lion/intellicar/ros2_ws/install/carla_ackermann_msgs/include/carla_ackermann_msgs/msg/detail/ego_vehicle_control_info__rosidl_typesupport_fastrtps_c.h
[11.944s] -- Up-to-date: /home/lion/intellicar/ros2_ws/install/carla_ackermann_msgs/include/carla_ackermann_msgs/msg/detail/ego_vehicle_control_maxima__rosidl_typesupport_fastrtps_c.h
[11.944s] -- Up-to-date: /home/lion/intellicar/ros2_ws/install/carla_ackermann_msgs/include/carla_ackermann_msgs/msg/rosidl_typesupport_fastrtps_c__visibility_control.h
[11.944s] -- Up-to-date: /home/lion/intellicar/ros2_ws/install/carla_ackermann_msgs/lib/libcarla_ackermann_msgs__rosidl_typesupport_fastrtps_c.so
[11.944s] -- Up-to-date: /home/lion/intellicar/ros2_ws/install/carla_ackermann_msgs/include/carla_ackermann_msgs
[11.944s] -- Up-to-date: /home/lion/intellicar/ros2_ws/install/carla_ackermann_msgs/include/carla_ackermann_msgs/msg
[11.944s] -- Up-to-date: /home/lion/intellicar/ros2_ws/install/carla_ackermann_msgs/include/carla_ackermann_msgs/msg/detail
[11.944s] -- Up-to-date: /home/lion/intellicar/ros2_ws/install/carla_ackermann_msgs/include/carla_ackermann_msgs/msg/detail/dds_fastrtps
[11.944s] -- Up-to-date: /home/lion/intellicar/ros2_ws/install/carla_ackermann_msgs/include/carla_ackermann_msgs/msg/detail/ego_vehicle_control_current__rosidl_typesupport_fastrtps_cpp.hpp
[11.945s] -- Up-to-date: /home/lion/intellicar/ros2_ws/install/carla_ackermann_msgs/include/carla_ackermann_msgs/msg/detail/ego_vehicle_control_status__rosidl_typesupport_fastrtps_cpp.hpp
[11.945s] -- Up-to-date: /home/lion/intellicar/ros2_ws/install/carla_ackermann_msgs/include/carla_ackermann_msgs/msg/detail/ego_vehicle_control_target__rosidl_typesupport_fastrtps_cpp.hpp
[11.945s] -- Up-to-date: /home/lion/intellicar/ros2_ws/install/carla_ackermann_msgs/include/carla_ackermann_msgs/msg/detail/ego_vehicle_control_info__rosidl_typesupport_fastrtps_cpp.hpp
[11.945s] -- Up-to-date: /home/lion/intellicar/ros2_ws/install/carla_ackermann_msgs/include/carla_ackermann_msgs/msg/detail/ego_vehicle_control_maxima__rosidl_typesupport_fastrtps_cpp.hpp
[11.945s] -- Up-to-date: /home/lion/intellicar/ros2_ws/install/carla_ackermann_msgs/include/carla_ackermann_msgs/msg/rosidl_typesupport_fastrtps_cpp__visibility_control.h
[11.945s] -- Up-to-date: /home/lion/intellicar/ros2_ws/install/carla_ackermann_msgs/lib/libcarla_ackermann_msgs__rosidl_typesupport_fastrtps_cpp.so
[11.945s] -- Up-to-date: /home/lion/intellicar/ros2_ws/install/carla_ackermann_msgs/include/carla_ackermann_msgs
[11.946s] -- Up-to-date: /home/lion/intellicar/ros2_ws/install/carla_ackermann_msgs/include/carla_ackermann_msgs/msg
[11.946s] -- Up-to-date: /home/lion/intellicar/ros2_ws/install/carla_ackermann_msgs/include/carla_ackermann_msgs/msg/detail
[11.946s] -- Up-to-date: /home/lion/intellicar/ros2_ws/install/carla_ackermann_msgs/include/carla_ackermann_msgs/msg/detail/ego_vehicle_control_status__type_support.c
[11.946s] -- Up-to-date: /home/lion/intellicar/ros2_ws/install/carla_ackermann_msgs/include/carla_ackermann_msgs/msg/detail/ego_vehicle_control_status__rosidl_typesupport_introspection_c.h
[11.947s] -- Up-to-date: /home/lion/intellicar/ros2_ws/install/carla_ackermann_msgs/include/carla_ackermann_msgs/msg/detail/ego_vehicle_control_current__type_support.c
[11.947s] -- Up-to-date: /home/lion/intellicar/ros2_ws/install/carla_ackermann_msgs/include/carla_ackermann_msgs/msg/detail/ego_vehicle_control_target__type_support.c
[11.947s] -- Up-to-date: /home/lion/intellicar/ros2_ws/install/carla_ackermann_msgs/include/carla_ackermann_msgs/msg/detail/ego_vehicle_control_maxima__type_support.c
[11.947s] -- Up-to-date: /home/lion/intellicar/ros2_ws/install/carla_ackermann_msgs/include/carla_ackermann_msgs/msg/detail/ego_vehicle_control_maxima__rosidl_typesupport_introspection_c.h
[11.947s] -- Up-to-date: /home/lion/intellicar/ros2_ws/install/carla_ackermann_msgs/include/carla_ackermann_msgs/msg/detail/ego_vehicle_control_info__type_support.c
[11.947s] -- Up-to-date: /home/lion/intellicar/ros2_ws/install/carla_ackermann_msgs/include/carla_ackermann_msgs/msg/detail/ego_vehicle_control_target__rosidl_typesupport_introspection_c.h
[11.948s] -- Up-to-date: /home/lion/intellicar/ros2_ws/install/carla_ackermann_msgs/include/carla_ackermann_msgs/msg/detail/ego_vehicle_control_current__rosidl_typesupport_introspection_c.h
[11.948s] -- Up-to-date: /home/lion/intellicar/ros2_ws/install/carla_ackermann_msgs/include/carla_ackermann_msgs/msg/detail/ego_vehicle_control_info__rosidl_typesupport_introspection_c.h
[11.948s] -- Up-to-date: /home/lion/intellicar/ros2_ws/install/carla_ackermann_msgs/include/carla_ackermann_msgs/msg/rosidl_typesupport_introspection_c__visibility_control.h
[11.948s] -- Up-to-date: /home/lion/intellicar/ros2_ws/install/carla_ackermann_msgs/lib/libcarla_ackermann_msgs__rosidl_typesupport_introspection_c.so
[11.948s] -- Up-to-date: /home/lion/intellicar/ros2_ws/install/carla_ackermann_msgs/lib/libcarla_ackermann_msgs__rosidl_typesupport_c.so
[11.949s] -- Up-to-date: /home/lion/intellicar/ros2_ws/install/carla_ackermann_msgs/include/carla_ackermann_msgs
[11.949s] -- Up-to-date: /home/lion/intellicar/ros2_ws/install/carla_ackermann_msgs/include/carla_ackermann_msgs/msg
[11.949s] -- Up-to-date: /home/lion/intellicar/ros2_ws/install/carla_ackermann_msgs/include/carla_ackermann_msgs/msg/rosidl_generator_cpp__visibility_control.hpp
[11.954s] -- Up-to-date: /home/lion/intellicar/ros2_ws/install/carla_ackermann_msgs/include/carla_ackermann_msgs/msg/detail
[11.955s] -- Up-to-date: /home/lion/intellicar/ros2_ws/install/carla_ackermann_msgs/include/carla_ackermann_msgs/msg/detail/ego_vehicle_control_current__builder.hpp
[11.955s] -- Up-to-date: /home/lion/intellicar/ros2_ws/install/carla_ackermann_msgs/include/carla_ackermann_msgs/msg/detail/ego_vehicle_control_info__builder.hpp
[11.955s] -- Up-to-date: /home/lion/intellicar/ros2_ws/install/carla_ackermann_msgs/include/carla_ackermann_msgs/msg/detail/ego_vehicle_control_status__traits.hpp
[11.955s] -- Up-to-date: /home/lion/intellicar/ros2_ws/install/carla_ackermann_msgs/include/carla_ackermann_msgs/msg/detail/ego_vehicle_control_target__traits.hpp
[11.955s] -- Up-to-date: /home/lion/intellicar/ros2_ws/install/carla_ackermann_msgs/include/carla_ackermann_msgs/msg/detail/ego_vehicle_control_info__traits.hpp
[11.955s] -- Up-to-date: /home/lion/intellicar/ros2_ws/install/carla_ackermann_msgs/include/carla_ackermann_msgs/msg/detail/ego_vehicle_control_status__type_support.hpp
[11.955s] -- Up-to-date: /home/lion/intellicar/ros2_ws/install/carla_ackermann_msgs/include/carla_ackermann_msgs/msg/detail/ego_vehicle_control_current__type_support.hpp
[11.955s] -- Up-to-date: /home/lion/intellicar/ros2_ws/install/carla_ackermann_msgs/include/carla_ackermann_msgs/msg/detail/ego_vehicle_control_info__type_support.hpp
[11.956s] -- Up-to-date: /home/lion/intellicar/ros2_ws/install/carla_ackermann_msgs/include/carla_ackermann_msgs/msg/detail/ego_vehicle_control_maxima__traits.hpp
[11.956s] -- Up-to-date: /home/lion/intellicar/ros2_ws/install/carla_ackermann_msgs/include/carla_ackermann_msgs/msg/detail/ego_vehicle_control_status__struct.hpp
[11.956s] -- Up-to-date: /home/lion/intellicar/ros2_ws/install/carla_ackermann_msgs/include/carla_ackermann_msgs/msg/detail/ego_vehicle_control_status__builder.hpp
[11.956s] -- Up-to-date: /home/lion/intellicar/ros2_ws/install/carla_ackermann_msgs/include/carla_ackermann_msgs/msg/detail/ego_vehicle_control_maxima__struct.hpp
[11.956s] -- Up-to-date: /home/lion/intellicar/ros2_ws/install/carla_ackermann_msgs/include/carla_ackermann_msgs/msg/detail/ego_vehicle_control_current__struct.hpp
[11.956s] -- Up-to-date: /home/lion/intellicar/ros2_ws/install/carla_ackermann_msgs/include/carla_ackermann_msgs/msg/detail/ego_vehicle_control_current__traits.hpp
[11.956s] -- Up-to-date: /home/lion/intellicar/ros2_ws/install/carla_ackermann_msgs/include/carla_ackermann_msgs/msg/detail/ego_vehicle_control_target__type_support.hpp
[11.956s] -- Up-to-date: /home/lion/intellicar/ros2_ws/install/carla_ackermann_msgs/include/carla_ackermann_msgs/msg/detail/ego_vehicle_control_info__struct.hpp
[11.956s] -- Up-to-date: /home/lion/intellicar/ros2_ws/install/carla_ackermann_msgs/include/carla_ackermann_msgs/msg/detail/ego_vehicle_control_maxima__builder.hpp
[11.957s] -- Up-to-date: /home/lion/intellicar/ros2_ws/install/carla_ackermann_msgs/include/carla_ackermann_msgs/msg/detail/ego_vehicle_control_maxima__type_support.hpp
[11.957s] -- Up-to-date: /home/lion/intellicar/ros2_ws/install/carla_ackermann_msgs/include/carla_ackermann_msgs/msg/detail/ego_vehicle_control_target__builder.hpp
[11.957s] -- Up-to-date: /home/lion/intellicar/ros2_ws/install/carla_ackermann_msgs/include/carla_ackermann_msgs/msg/detail/ego_vehicle_control_target__struct.hpp
[11.957s] -- Up-to-date: /home/lion/intellicar/ros2_ws/install/carla_ackermann_msgs/include/carla_ackermann_msgs/msg/ego_vehicle_control_target.hpp
[11.957s] -- Up-to-date: /home/lion/intellicar/ros2_ws/install/carla_ackermann_msgs/include/carla_ackermann_msgs/msg/ego_vehicle_control_maxima.hpp
[11.957s] -- Up-to-date: /home/lion/intellicar/ros2_ws/install/carla_ackermann_msgs/include/carla_ackermann_msgs/msg/ego_vehicle_control_status.hpp
[11.957s] -- Up-to-date: /home/lion/intellicar/ros2_ws/install/carla_ackermann_msgs/include/carla_ackermann_msgs/msg/ego_vehicle_control_current.hpp
[11.957s] -- Up-to-date: /home/lion/intellicar/ros2_ws/install/carla_ackermann_msgs/include/carla_ackermann_msgs/msg/ego_vehicle_control_info.hpp
[11.957s] -- Up-to-date: /home/lion/intellicar/ros2_ws/install/carla_ackermann_msgs/include/carla_ackermann_msgs
[11.958s] -- Up-to-date: /home/lion/intellicar/ros2_ws/install/carla_ackermann_msgs/include/carla_ackermann_msgs/msg
[11.958s] -- Up-to-date: /home/lion/intellicar/ros2_ws/install/carla_ackermann_msgs/include/carla_ackermann_msgs/msg/detail
[11.958s] -- Up-to-date: /home/lion/intellicar/ros2_ws/install/carla_ackermann_msgs/include/carla_ackermann_msgs/msg/detail/ego_vehicle_control_status__rosidl_typesupport_introspection_cpp.hpp
[11.958s] -- Up-to-date: /home/lion/intellicar/ros2_ws/install/carla_ackermann_msgs/include/carla_ackermann_msgs/msg/detail/ego_vehicle_control_maxima__rosidl_typesupport_introspection_cpp.hpp
[11.958s] -- Up-to-date: /home/lion/intellicar/ros2_ws/install/carla_ackermann_msgs/include/carla_ackermann_msgs/msg/detail/ego_vehicle_control_target__rosidl_typesupport_introspection_cpp.hpp
[11.958s] -- Up-to-date: /home/lion/intellicar/ros2_ws/install/carla_ackermann_msgs/include/carla_ackermann_msgs/msg/detail/ego_vehicle_control_status__type_support.cpp
[11.958s] -- Up-to-date: /home/lion/intellicar/ros2_ws/install/carla_ackermann_msgs/include/carla_ackermann_msgs/msg/detail/ego_vehicle_control_target__type_support.cpp
[11.958s] -- Up-to-date: /home/lion/intellicar/ros2_ws/install/carla_ackermann_msgs/include/carla_ackermann_msgs/msg/detail/ego_vehicle_control_info__rosidl_typesupport_introspection_cpp.hpp
[11.958s] -- Up-to-date: /home/lion/intellicar/ros2_ws/install/carla_ackermann_msgs/include/carla_ackermann_msgs/msg/detail/ego_vehicle_control_current__type_support.cpp
[11.958s] -- Up-to-date: /home/lion/intellicar/ros2_ws/install/carla_ackermann_msgs/include/carla_ackermann_msgs/msg/detail/ego_vehicle_control_current__rosidl_typesupport_introspection_cpp.hpp
[11.959s] -- Up-to-date: /home/lion/intellicar/ros2_ws/install/carla_ackermann_msgs/include/carla_ackermann_msgs/msg/detail/ego_vehicle_control_maxima__type_support.cpp
[11.959s] -- Up-to-date: /home/lion/intellicar/ros2_ws/install/carla_ackermann_msgs/include/carla_ackermann_msgs/msg/detail/ego_vehicle_control_info__type_support.cpp
[11.959s] -- Up-to-date: /home/lion/intellicar/ros2_ws/install/carla_ackermann_msgs/lib/libcarla_ackermann_msgs__rosidl_typesupport_introspection_cpp.so
[11.959s] -- Up-to-date: /home/lion/intellicar/ros2_ws/install/carla_ackermann_msgs/lib/libcarla_ackermann_msgs__rosidl_typesupport_cpp.so
[11.959s] -- Up-to-date: /home/lion/intellicar/ros2_ws/install/carla_ackermann_msgs/share/carla_ackermann_msgs/environment/pythonpath.sh
[11.959s] -- Up-to-date: /home/lion/intellicar/ros2_ws/install/carla_ackermann_msgs/share/carla_ackermann_msgs/environment/pythonpath.dsv
[11.959s] -- Up-to-date: /home/lion/intellicar/ros2_ws/install/carla_ackermann_msgs/lib/python3.8/site-packages/carla_ackermann_msgs/__init__.py
[12.007s] -- Up-to-date: /home/lion/intellicar/ros2_ws/install/carla_ackermann_msgs/lib/python3.8/site-packages/carla_ackermann_msgs/msg
[12.007s] -- Up-to-date: /home/lion/intellicar/ros2_ws/install/carla_ackermann_msgs/lib/python3.8/site-packages/carla_ackermann_msgs/msg/_ego_vehicle_control_maxima_s.c
[12.007s] -- Up-to-date: /home/lion/intellicar/ros2_ws/install/carla_ackermann_msgs/lib/python3.8/site-packages/carla_ackermann_msgs/msg/_ego_vehicle_control_info_s.c
[12.008s] -- Up-to-date: /home/lion/intellicar/ros2_ws/install/carla_ackermann_msgs/lib/python3.8/site-packages/carla_ackermann_msgs/msg/_ego_vehicle_control_maxima.py
[12.008s] -- Up-to-date: /home/lion/intellicar/ros2_ws/install/carla_ackermann_msgs/lib/python3.8/site-packages/carla_ackermann_msgs/msg/_ego_vehicle_control_status.py
[12.008s] -- Up-to-date: /home/lion/intellicar/ros2_ws/install/carla_ackermann_msgs/lib/python3.8/site-packages/carla_ackermann_msgs/msg/_ego_vehicle_control_current_s.c
[12.008s] -- Up-to-date: /home/lion/intellicar/ros2_ws/install/carla_ackermann_msgs/lib/python3.8/site-packages/carla_ackermann_msgs/msg/_ego_vehicle_control_target_s.c
[12.008s] -- Up-to-date: /home/lion/intellicar/ros2_ws/install/carla_ackermann_msgs/lib/python3.8/site-packages/carla_ackermann_msgs/msg/__init__.py
[12.008s] -- Up-to-date: /home/lion/intellicar/ros2_ws/install/carla_ackermann_msgs/lib/python3.8/site-packages/carla_ackermann_msgs/msg/_ego_vehicle_control_info.py
[12.013s] -- Up-to-date: /home/lion/intellicar/ros2_ws/install/carla_ackermann_msgs/lib/python3.8/site-packages/carla_ackermann_msgs/msg/_ego_vehicle_control_target.py
[12.014s] -- Up-to-date: /home/lion/intellicar/ros2_ws/install/carla_ackermann_msgs/lib/python3.8/site-packages/carla_ackermann_msgs/msg/_ego_vehicle_control_status_s.c
[12.015s] -- Up-to-date: /home/lion/intellicar/ros2_ws/install/carla_ackermann_msgs/lib/python3.8/site-packages/carla_ackermann_msgs/msg/_ego_vehicle_control_current.py
[12.016s] -- Up-to-date: /home/lion/intellicar/ros2_ws/install/carla_ackermann_msgs/lib/python3.8/site-packages/carla_ackermann_msgs/carla_ackermann_msgs_s__rosidl_typesupport_fastrtps_c.cpython-38-x86_64-linux-gnu.so
[12.017s] -- Up-to-date: /home/lion/intellicar/ros2_ws/install/carla_ackermann_msgs/lib/python3.8/site-packages/carla_ackermann_msgs/carla_ackermann_msgs_s__rosidl_typesupport_introspection_c.cpython-38-x86_64-linux-gnu.so
[12.017s] -- Up-to-date: /home/lion/intellicar/ros2_ws/install/carla_ackermann_msgs/lib/python3.8/site-packages/carla_ackermann_msgs/carla_ackermann_msgs_s__rosidl_typesupport_c.cpython-38-x86_64-linux-gnu.so
[12.018s] -- Up-to-date: /home/lion/intellicar/ros2_ws/install/carla_ackermann_msgs/lib/libcarla_ackermann_msgs__python.so
[12.019s] -- Up-to-date: /home/lion/intellicar/ros2_ws/install/carla_ackermann_msgs/share/carla_ackermann_msgs/msg/EgoVehicleControlInfo.idl
[12.019s] -- Up-to-date: /home/lion/intellicar/ros2_ws/install/carla_ackermann_msgs/share/carla_ackermann_msgs/msg/EgoVehicleControlCurrent.idl
[12.019s] -- Up-to-date: /home/lion/intellicar/ros2_ws/install/carla_ackermann_msgs/share/carla_ackermann_msgs/msg/EgoVehicleControlMaxima.idl
[12.019s] -- Up-to-date: /home/lion/intellicar/ros2_ws/install/carla_ackermann_msgs/share/carla_ackermann_msgs/msg/EgoVehicleControlStatus.idl
[12.020s] -- Up-to-date: /home/lion/intellicar/ros2_ws/install/carla_ackermann_msgs/share/carla_ackermann_msgs/msg/EgoVehicleControlTarget.idl
[12.020s] -- Up-to-date: /home/lion/intellicar/ros2_ws/install/carla_ackermann_msgs/share/carla_ackermann_msgs/msg/EgoVehicleControlInfo.msg
[12.020s] -- Up-to-date: /home/lion/intellicar/ros2_ws/install/carla_ackermann_msgs/share/carla_ackermann_msgs/msg/EgoVehicleControlCurrent.msg
[12.020s] -- Up-to-date: /home/lion/intellicar/ros2_ws/install/carla_ackermann_msgs/share/carla_ackermann_msgs/msg/EgoVehicleControlMaxima.msg
[12.020s] -- Up-to-date: /home/lion/intellicar/ros2_ws/install/carla_ackermann_msgs/share/carla_ackermann_msgs/msg/EgoVehicleControlStatus.msg
[12.021s] -- Up-to-date: /home/lion/intellicar/ros2_ws/install/carla_ackermann_msgs/share/carla_ackermann_msgs/msg/EgoVehicleControlTarget.msg
[12.021s] -- Up-to-date: /home/lion/intellicar/ros2_ws/install/carla_ackermann_msgs/share/ament_index/resource_index/package_run_dependencies/carla_ackermann_msgs
[12.021s] -- Up-to-date: /home/lion/intellicar/ros2_ws/install/carla_ackermann_msgs/share/ament_index/resource_index/parent_prefix_path/carla_ackermann_msgs
[12.021s] -- Up-to-date: /home/lion/intellicar/ros2_ws/install/carla_ackermann_msgs/share/carla_ackermann_msgs/environment/ament_prefix_path.sh
[12.021s] -- Up-to-date: /home/lion/intellicar/ros2_ws/install/carla_ackermann_msgs/share/carla_ackermann_msgs/environment/ament_prefix_path.dsv
[12.021s] -- Up-to-date: /home/lion/intellicar/ros2_ws/install/carla_ackermann_msgs/share/carla_ackermann_msgs/environment/path.sh
[12.021s] -- Up-to-date: /home/lion/intellicar/ros2_ws/install/carla_ackermann_msgs/share/carla_ackermann_msgs/environment/path.dsv
[12.022s] -- Up-to-date: /home/lion/intellicar/ros2_ws/install/carla_ackermann_msgs/share/carla_ackermann_msgs/local_setup.bash
[12.023s] -- Up-to-date: /home/lion/intellicar/ros2_ws/install/carla_ackermann_msgs/share/carla_ackermann_msgs/local_setup.sh
[12.023s] -- Up-to-date: /home/lion/intellicar/ros2_ws/install/carla_ackermann_msgs/share/carla_ackermann_msgs/local_setup.zsh
[12.024s] -- Up-to-date: /home/lion/intellicar/ros2_ws/install/carla_ackermann_msgs/share/carla_ackermann_msgs/local_setup.dsv
[12.024s] -- Installing: /home/lion/intellicar/ros2_ws/install/carla_ackermann_msgs/share/carla_ackermann_msgs/package.dsv
[12.025s] -- Up-to-date: /home/lion/intellicar/ros2_ws/install/carla_ackermann_msgs/share/ament_index/resource_index/packages/carla_ackermann_msgs
[12.025s] -- Up-to-date: /home/lion/intellicar/ros2_ws/install/carla_ackermann_msgs/share/carla_ackermann_msgs/cmake/carla_ackermann_msgs__rosidl_generator_cExport.cmake
[12.025s] -- Up-to-date: /home/lion/intellicar/ros2_ws/install/carla_ackermann_msgs/share/carla_ackermann_msgs/cmake/carla_ackermann_msgs__rosidl_generator_cExport-noconfig.cmake
[12.026s] -- Up-to-date: /home/lion/intellicar/ros2_ws/install/carla_ackermann_msgs/share/carla_ackermann_msgs/cmake/carla_ackermann_msgs__rosidl_typesupport_introspection_cExport.cmake
[12.026s] -- Up-to-date: /home/lion/intellicar/ros2_ws/install/carla_ackermann_msgs/share/carla_ackermann_msgs/cmake/carla_ackermann_msgs__rosidl_typesupport_introspection_cExport-noconfig.cmake
[12.026s] -- Up-to-date: /home/lion/intellicar/ros2_ws/install/carla_ackermann_msgs/share/carla_ackermann_msgs/cmake/carla_ackermann_msgs__rosidl_typesupport_cExport.cmake
[12.026s] -- Up-to-date: /home/lion/intellicar/ros2_ws/install/carla_ackermann_msgs/share/carla_ackermann_msgs/cmake/carla_ackermann_msgs__rosidl_typesupport_cExport-noconfig.cmake
[12.026s] -- Up-to-date: /home/lion/intellicar/ros2_ws/install/carla_ackermann_msgs/share/carla_ackermann_msgs/cmake/carla_ackermann_msgs__rosidl_generator_cppExport.cmake
[12.027s] -- Up-to-date: /home/lion/intellicar/ros2_ws/install/carla_ackermann_msgs/share/carla_ackermann_msgs/cmake/carla_ackermann_msgs__rosidl_typesupport_introspection_cppExport.cmake
[12.027s] -- Up-to-date: /home/lion/intellicar/ros2_ws/install/carla_ackermann_msgs/share/carla_ackermann_msgs/cmake/carla_ackermann_msgs__rosidl_typesupport_introspection_cppExport-noconfig.cmake
[12.027s] -- Up-to-date: /home/lion/intellicar/ros2_ws/install/carla_ackermann_msgs/share/carla_ackermann_msgs/cmake/carla_ackermann_msgs__rosidl_typesupport_cppExport.cmake
[12.027s] -- Up-to-date: /home/lion/intellicar/ros2_ws/install/carla_ackermann_msgs/share/carla_ackermann_msgs/cmake/carla_ackermann_msgs__rosidl_typesupport_cppExport-noconfig.cmake
[12.027s] -- Up-to-date: /home/lion/intellicar/ros2_ws/install/carla_ackermann_msgs/share/carla_ackermann_msgs/cmake/rosidl_cmake-extras.cmake
[12.027s] -- Up-to-date: /home/lion/intellicar/ros2_ws/install/carla_ackermann_msgs/share/carla_ackermann_msgs/cmake/ament_cmake_export_dependencies-extras.cmake
[12.027s] -- Up-to-date: /home/lion/intellicar/ros2_ws/install/carla_ackermann_msgs/share/carla_ackermann_msgs/cmake/ament_cmake_export_libraries-extras.cmake
[12.027s] -- Up-to-date: /home/lion/intellicar/ros2_ws/install/carla_ackermann_msgs/share/carla_ackermann_msgs/cmake/ament_cmake_export_targets-extras.cmake
[12.027s] -- Up-to-date: /home/lion/intellicar/ros2_ws/install/carla_ackermann_msgs/share/carla_ackermann_msgs/cmake/ament_cmake_export_include_directories-extras.cmake
[12.027s] -- Up-to-date: /home/lion/intellicar/ros2_ws/install/carla_ackermann_msgs/share/carla_ackermann_msgs/cmake/rosidl_cmake_export_typesupport_libraries-extras.cmake
[12.027s] -- Up-to-date: /home/lion/intellicar/ros2_ws/install/carla_ackermann_msgs/share/carla_ackermann_msgs/cmake/rosidl_cmake_export_typesupport_targets-extras.cmake
[12.027s] -- Up-to-date: /home/lion/intellicar/ros2_ws/install/carla_ackermann_msgs/share/carla_ackermann_msgs/cmake/carla_ackermann_msgsConfig.cmake
[12.027s] -- Up-to-date: /home/lion/intellicar/ros2_ws/install/carla_ackermann_msgs/share/carla_ackermann_msgs/cmake/carla_ackermann_msgsConfig-version.cmake
[12.028s] -- Up-to-date: /home/lion/intellicar/ros2_ws/install/carla_ackermann_msgs/share/carla_ackermann_msgs/package.xml
[12.907s] Invoked command in '/home/lion/intellicar/ros2_ws/build/carla_ackermann_msgs' returned '0': CMAKE_PREFIX_PATH=/home/lion/intellicar/ros2_ws/install/carla_msgs:/home/lion/intellicar/ros2_ws/install/gamepad_driver:/home/lion/intellicar/ros2_ws/install/centralized_bringup:/home/lion/intellicar/ros2_ws/install/rviz_carla_plugin:/home/lion/intellicar/ros2_ws/install/pcl_recorder:/home/lion/intellicar/ros2_ws/install/carla_waypoint_types:/home/lion/intellicar/ros2_ws/install/carla_ros_scenario_runner_types:/home/lion/intellicar/ros2_ws/install/carla_ackermann_msgs:/home/lion/intellicar/ros2_ws/install/yolo_detection:/home/lion/intellicar/ros2_ws/install/traffic_light_task:/home/lion/intellicar/ros2_ws/install/carla_ad_demo:/home/lion/intellicar/ros2_ws/install/rqt_carla_control:/home/lion/intellicar/ros2_ws/install/carla_waypoint_publisher:/home/lion/intellicar/ros2_ws/install/carla_ackermann_control:/home/lion/intellicar/ros2_ws/install/carla_ros_bridge:/home/lion/intellicar/ros2_ws/install/carla_spawn_objects:/home/lion/intellicar/ros2_ws/install/carla_manual_control:/home/lion/intellicar/ros2_ws/install/carla_ad_agent:/home/lion/intellicar/ros2_ws/install/ros_compatibility:/home/lion/intellicar/ros2_ws/install/carla_walker_agent:/home/lion/intellicar/ros2_ws/install/carla_twist_to_control:/home/lion/intellicar/ros2_ws/install/carla_ros_scenario_runner:/home/lion/intellicar/ros2_ws/install/carla_common:/opt/ros/foxy LD_LIBRARY_PATH=/home/lion/intellicar/ros2_ws/install/carla_msgs/lib:/home/lion/intellicar/ros2_ws/install/rviz_carla_plugin/lib:/home/lion/intellicar/ros2_ws/install/carla_waypoint_types/lib:/home/lion/intellicar/ros2_ws/install/carla_ros_scenario_runner_types/lib:/home/lion/intellicar/ros2_ws/install/carla_ackermann_msgs/lib:/opt/ros/foxy/opt/yaml_cpp_vendor/lib:/opt/ros/foxy/opt/rviz_ogre_vendor/lib:/opt/ros/foxy/lib/x86_64-linux-gnu:/opt/ros/foxy/lib PYTHONPATH=/home/lion/intellicar/ros2_ws/install/carla_msgs/lib/python3.8/site-packages:/home/lion/intellicar/ros2_ws/install/yolo_detection/lib/python3.8/site-packages:/home/lion/intellicar/ros2_ws/install/traffic_light_task/lib/python3.8/site-packages:/home/lion/intellicar/ros2_ws/install/carla_ad_demo/lib/python3.8/site-packages:/home/lion/intellicar/ros2_ws/install/rqt_carla_control/lib/python3.8/site-packages:/home/lion/intellicar/ros2_ws/install/carla_waypoint_publisher/lib/python3.8/site-packages:/home/lion/intellicar/ros2_ws/install/carla_ackermann_control/lib/python3.8/site-packages:/home/lion/intellicar/ros2_ws/install/carla_ros_bridge/lib/python3.8/site-packages:/home/lion/intellicar/ros2_ws/install/carla_spawn_objects/lib/python3.8/site-packages:/home/lion/intellicar/ros2_ws/install/carla_manual_control/lib/python3.8/site-packages:/home/lion/intellicar/ros2_ws/install/carla_ad_agent/lib/python3.8/site-packages:/home/lion/intellicar/ros2_ws/install/ros_compatibility/lib/python3.8/site-packages:/home/lion/intellicar/ros2_ws/install/carla_waypoint_types/lib/python3.8/site-packages:/home/lion/intellicar/ros2_ws/install/carla_walker_agent/lib/python3.8/site-packages:/home/lion/intellicar/ros2_ws/install/carla_twist_to_control/lib/python3.8/site-packages:/home/lion/intellicar/ros2_ws/install/carla_ros_scenario_runner/lib/python3.8/site-packages:/home/lion/intellicar/ros2_ws/install/carla_ros_scenario_runner_types/lib/python3.8/site-packages:/home/lion/intellicar/ros2_ws/install/carla_ackermann_msgs/lib/python3.8/site-packages:/home/lion/intellicar/ros2_ws/install/carla_common/lib/python3.8/site-packages:/opt/ros/foxy/lib/python3.8/site-packages:/home/lion/intellicar/CARLA_0.9.11/PythonAPI/carla/dist/carla-0.9.11-py3.7-linux-x86_64.egg:/home/lion/intellicar/CARLA_0.9.11/PythonAPI/carla /usr/bin/cmake --install /home/lion/intellicar/ros2_ws/build/carla_ackermann_msgs
