Sorry: IndentationError: unindent does not match any outer indentation level (color_segmentator.py, line 87)
running egg_info
writing ../../build/traffic_light_task/traffic_light_task.egg-info/PKG-INFO
writing dependency_links to ../../build/traffic_light_task/traffic_light_task.egg-info/dependency_links.txt
writing entry points to ../../build/traffic_light_task/traffic_light_task.egg-info/entry_points.txt
writing requirements to ../../build/traffic_light_task/traffic_light_task.egg-info/requires.txt
writing top-level names to ../../build/traffic_light_task/traffic_light_task.egg-info/top_level.txt
reading manifest file '../../build/traffic_light_task/traffic_light_task.egg-info/SOURCES.txt'
writing manifest file '../../build/traffic_light_task/traffic_light_task.egg-info/SOURCES.txt'
running build
running build_py
copying traffic_light_task/color_segmentator copy.py -> /home/lion/intellicar/ros2_ws/build/traffic_light_task/build/lib/traffic_light_task
copying traffic_light_task/color_segmentation_original.py -> /home/lion/intellicar/ros2_ws/build/traffic_light_task/build/lib/traffic_light_task
copying traffic_light_task/distance_estimator.py -> /home/lion/intellicar/ros2_ws/build/traffic_light_task/build/lib/traffic_light_task
copying traffic_light_task/color_segmentator.py -> /home/lion/intellicar/ros2_ws/build/traffic_light_task/build/lib/traffic_light_task
running install
running install_lib
copying /home/lion/intellicar/ros2_ws/build/traffic_light_task/build/lib/traffic_light_task/color_segmentator copy.py -> /home/lion/intellicar/ros2_ws/install/traffic_light_task/lib/python3.8/site-packages/traffic_light_task
copying /home/lion/intellicar/ros2_ws/build/traffic_light_task/build/lib/traffic_light_task/color_segmentation_original.py -> /home/lion/intellicar/ros2_ws/install/traffic_light_task/lib/python3.8/site-packages/traffic_light_task
copying /home/lion/intellicar/ros2_ws/build/traffic_light_task/build/lib/traffic_light_task/distance_estimator.py -> /home/lion/intellicar/ros2_ws/install/traffic_light_task/lib/python3.8/site-packages/traffic_light_task
copying /home/lion/intellicar/ros2_ws/build/traffic_light_task/build/lib/traffic_light_task/color_segmentator.py -> /home/lion/intellicar/ros2_ws/install/traffic_light_task/lib/python3.8/site-packages/traffic_light_task
byte-compiling /home/lion/intellicar/ros2_ws/install/traffic_light_task/lib/python3.8/site-packages/traffic_light_task/color_segmentator copy.py to color_segmentator copy.cpython-38.pyc
byte-compiling /home/lion/intellicar/ros2_ws/install/traffic_light_task/lib/python3.8/site-packages/traffic_light_task/color_segmentation_original.py to color_segmentation_original.cpython-38.pyc
byte-compiling /home/lion/intellicar/ros2_ws/install/traffic_light_task/lib/python3.8/site-packages/traffic_light_task/distance_estimator.py to distance_estimator.cpython-38.pyc
byte-compiling /home/lion/intellicar/ros2_ws/install/traffic_light_task/lib/python3.8/site-packages/traffic_light_task/color_segmentator.py to color_segmentator.cpython-38.pyc
running install_data
running install_egg_info
removing '/home/lion/intellicar/ros2_ws/install/traffic_light_task/lib/python3.8/site-packages/traffic_light_task-0.0.0-py3.8.egg-info' (and everything under it)
Copying ../../build/traffic_light_task/traffic_light_task.egg-info to /home/lion/intellicar/ros2_ws/install/traffic_light_task/lib/python3.8/site-packages/traffic_light_task-0.0.0-py3.8.egg-info
running install_scripts
Installing color_segmentator_node script to /home/lion/intellicar/ros2_ws/install/traffic_light_task/lib/traffic_light_task
Installing distance_estimator_node script to /home/lion/intellicar/ros2_ws/install/traffic_light_task/lib/traffic_light_task
writing list of installed files to '/home/lion/intellicar/ros2_ws/build/traffic_light_task/install.log'
