[8.461s] Invoking command in '/home/lion/intellicar/ros2_ws/build/carla_msgs': CMAKE_PREFIX_PATH=${CMAKE_PREFIX_PATH}:/home/lion/intellicar/ros2_ws/install/carla_ad_demo:/home/lion/intellicar/ros2_ws/install/rqt_carla_control:/home/lion/intellicar/ros2_ws/install/carla_waypoint_publisher:/home/lion/intellicar/ros2_ws/install/carla_ackermann_control:/home/lion/intellicar/ros2_ws/install/carla_ros_bridge:/home/lion/intellicar/ros2_ws/install/carla_spawn_objects:/home/lion/intellicar/ros2_ws/install/carla_manual_control:/home/lion/intellicar/ros2_ws/install/carla_ad_agent:/home/lion/intellicar/ros2_ws/install/ros_compatibility:/home/lion/intellicar/ros2_ws/install/carla_walker_agent:/home/lion/intellicar/ros2_ws/install/carla_twist_to_control:/home/lion/intellicar/ros2_ws/install/carla_ros_scenario_runner:/home/lion/intellicar/ros2_ws/install/carla_common:/opt/ros/foxy /usr/bin/cmake --build /home/lion/intellicar/ros2_ws/build/carla_msgs -- -j16 -l16
[15.237s] [  0%] Built target carla_msgs__cpp
[15.239s] [ 12%] Built target carla_msgs__rosidl_generator_c
[15.239s] [ 37%] Built target carla_msgs__rosidl_typesupport_introspection_cpp
[15.240s] [ 37%] Built target carla_msgs__rosidl_typesupport_cpp
[15.240s] [ 49%] Built target carla_msgs__rosidl_typesupport_c
[15.240s] [ 61%] Built target carla_msgs__rosidl_typesupport_fastrtps_cpp
[15.240s] [ 73%] Built target carla_msgs__rosidl_typesupport_introspection_c
[15.240s] [ 85%] Built target carla_msgs__rosidl_typesupport_fastrtps_c
[15.240s] [ 85%] Built target carla_msgs
[15.240s] [ 86%] Built target carla_msgs__py
[15.240s] [ 97%] Built target carla_msgs__python
[15.240s] [ 99%] Built target carla_msgs__rosidl_typesupport_fastrtps_c__pyext
[15.240s] [ 99%] Built target carla_msgs__rosidl_typesupport_c__pyext
[15.241s] [100%] Built target carla_msgs__rosidl_typesupport_introspection_c__pyext
[15.248s] Invoked command in '/home/lion/intellicar/ros2_ws/build/carla_msgs' returned '0': CMAKE_PREFIX_PATH=${CMAKE_PREFIX_PATH}:/home/lion/intellicar/ros2_ws/install/carla_ad_demo:/home/lion/intellicar/ros2_ws/install/rqt_carla_control:/home/lion/intellicar/ros2_ws/install/carla_waypoint_publisher:/home/lion/intellicar/ros2_ws/install/carla_ackermann_control:/home/lion/intellicar/ros2_ws/install/carla_ros_bridge:/home/lion/intellicar/ros2_ws/install/carla_spawn_objects:/home/lion/intellicar/ros2_ws/install/carla_manual_control:/home/lion/intellicar/ros2_ws/install/carla_ad_agent:/home/lion/intellicar/ros2_ws/install/ros_compatibility:/home/lion/intellicar/ros2_ws/install/carla_walker_agent:/home/lion/intellicar/ros2_ws/install/carla_twist_to_control:/home/lion/intellicar/ros2_ws/install/carla_ros_scenario_runner:/home/lion/intellicar/ros2_ws/install/carla_common:/opt/ros/foxy /usr/bin/cmake --build /home/lion/intellicar/ros2_ws/build/carla_msgs -- -j16 -l16
[17.900s] Invoking command in '/home/lion/intellicar/ros2_ws/build/carla_msgs': CMAKE_PREFIX_PATH=${CMAKE_PREFIX_PATH}:/home/lion/intellicar/ros2_ws/install/carla_ad_demo:/home/lion/intellicar/ros2_ws/install/rqt_carla_control:/home/lion/intellicar/ros2_ws/install/carla_waypoint_publisher:/home/lion/intellicar/ros2_ws/install/carla_ackermann_control:/home/lion/intellicar/ros2_ws/install/carla_ros_bridge:/home/lion/intellicar/ros2_ws/install/carla_spawn_objects:/home/lion/intellicar/ros2_ws/install/carla_manual_control:/home/lion/intellicar/ros2_ws/install/carla_ad_agent:/home/lion/intellicar/ros2_ws/install/ros_compatibility:/home/lion/intellicar/ros2_ws/install/carla_walker_agent:/home/lion/intellicar/ros2_ws/install/carla_twist_to_control:/home/lion/intellicar/ros2_ws/install/carla_ros_scenario_runner:/home/lion/intellicar/ros2_ws/install/carla_common:/opt/ros/foxy /usr/bin/cmake --install /home/lion/intellicar/ros2_ws/build/carla_msgs
[18.682s] -- Install configuration: ""
[18.682s] -- Up-to-date: /home/lion/intellicar/ros2_ws/install/carla_msgs/share/ament_index/resource_index/rosidl_interfaces/carla_msgs
[18.682s] -- Up-to-date: /home/lion/intellicar/ros2_ws/install/carla_msgs/include/carla_msgs
[18.682s] -- Up-to-date: /home/lion/intellicar/ros2_ws/install/carla_msgs/include/carla_msgs/msg
[18.682s] -- Up-to-date: /home/lion/intellicar/ros2_ws/install/carla_msgs/include/carla_msgs/msg/carla_bounding_box.h
[18.682s] -- Up-to-date: /home/lion/intellicar/ros2_ws/install/carla_msgs/include/carla_msgs/msg/carla_ego_vehicle_status.h
[18.682s] -- Up-to-date: /home/lion/intellicar/ros2_ws/install/carla_msgs/include/carla_msgs/msg/carla_ego_vehicle_info_wheel.h
[18.683s] -- Up-to-date: /home/lion/intellicar/ros2_ws/install/carla_msgs/include/carla_msgs/msg/carla_walker_control.h
[18.683s] -- Up-to-date: /home/lion/intellicar/ros2_ws/install/carla_msgs/include/carla_msgs/msg/detail
[18.683s] -- Up-to-date: /home/lion/intellicar/ros2_ws/install/carla_msgs/include/carla_msgs/msg/detail/carla_lane_invasion_event__functions.h
[18.683s] -- Up-to-date: /home/lion/intellicar/ros2_ws/install/carla_msgs/include/carla_msgs/msg/detail/carla_control__functions.h
[18.683s] -- Up-to-date: /home/lion/intellicar/ros2_ws/install/carla_msgs/include/carla_msgs/msg/detail/carla_traffic_light_status__type_support.h
[18.683s] -- Up-to-date: /home/lion/intellicar/ros2_ws/install/carla_msgs/include/carla_msgs/msg/detail/carla_actor_list__functions.h
[18.683s] -- Up-to-date: /home/lion/intellicar/ros2_ws/install/carla_msgs/include/carla_msgs/msg/detail/carla_traffic_light_status__functions.c
[18.684s] -- Up-to-date: /home/lion/intellicar/ros2_ws/install/carla_msgs/include/carla_msgs/msg/detail/carla_walker_control__type_support.h
[18.684s] -- Up-to-date: /home/lion/intellicar/ros2_ws/install/carla_msgs/include/carla_msgs/msg/detail/carla_world_info__functions.c
[18.684s] -- Up-to-date: /home/lion/intellicar/ros2_ws/install/carla_msgs/include/carla_msgs/msg/detail/carla_control__type_support.h
[18.684s] -- Up-to-date: /home/lion/intellicar/ros2_ws/install/carla_msgs/include/carla_msgs/msg/detail/carla_traffic_light_info__struct.h
[18.684s] -- Up-to-date: /home/lion/intellicar/ros2_ws/install/carla_msgs/include/carla_msgs/msg/detail/carla_walker_control__struct.h
[18.684s] -- Up-to-date: /home/lion/intellicar/ros2_ws/install/carla_msgs/include/carla_msgs/msg/detail/carla_ego_vehicle_info__functions.c
[18.684s] -- Up-to-date: /home/lion/intellicar/ros2_ws/install/carla_msgs/include/carla_msgs/msg/detail/carla_weather_parameters__struct.h
[18.685s] -- Up-to-date: /home/lion/intellicar/ros2_ws/install/carla_msgs/include/carla_msgs/msg/detail/carla_collision_event__type_support.h
[18.685s] -- Up-to-date: /home/lion/intellicar/ros2_ws/install/carla_msgs/include/carla_msgs/msg/detail/carla_ego_vehicle_info_wheel__type_support.h
[18.685s] -- Up-to-date: /home/lion/intellicar/ros2_ws/install/carla_msgs/include/carla_msgs/msg/detail/carla_traffic_light_info_list__struct.h
[18.685s] -- Up-to-date: /home/lion/intellicar/ros2_ws/install/carla_msgs/include/carla_msgs/msg/detail/carla_traffic_light_info_list__type_support.h
[18.685s] -- Up-to-date: /home/lion/intellicar/ros2_ws/install/carla_msgs/include/carla_msgs/msg/detail/carla_world_info__functions.h
[18.685s] -- Up-to-date: /home/lion/intellicar/ros2_ws/install/carla_msgs/include/carla_msgs/msg/detail/carla_traffic_light_status_list__type_support.h
[18.685s] -- Up-to-date: /home/lion/intellicar/ros2_ws/install/carla_msgs/include/carla_msgs/msg/detail/carla_actor_info__struct.h
[18.685s] -- Up-to-date: /home/lion/intellicar/ros2_ws/install/carla_msgs/include/carla_msgs/msg/detail/carla_actor_info__type_support.h
[18.685s] -- Up-to-date: /home/lion/intellicar/ros2_ws/install/carla_msgs/include/carla_msgs/msg/detail/carla_status__type_support.h
[18.685s] -- Up-to-date: /home/lion/intellicar/ros2_ws/install/carla_msgs/include/carla_msgs/msg/detail/carla_ego_vehicle_info_wheel__functions.h
[18.686s] -- Up-to-date: /home/lion/intellicar/ros2_ws/install/carla_msgs/include/carla_msgs/msg/detail/carla_control__struct.h
[18.686s] -- Up-to-date: /home/lion/intellicar/ros2_ws/install/carla_msgs/include/carla_msgs/msg/detail/carla_actor_list__struct.h
[18.686s] -- Up-to-date: /home/lion/intellicar/ros2_ws/install/carla_msgs/include/carla_msgs/msg/detail/carla_collision_event__functions.h
[18.686s] -- Up-to-date: /home/lion/intellicar/ros2_ws/install/carla_msgs/include/carla_msgs/msg/detail/carla_bounding_box__type_support.h
[18.686s] -- Up-to-date: /home/lion/intellicar/ros2_ws/install/carla_msgs/include/carla_msgs/msg/detail/carla_status__struct.h
[18.686s] -- Up-to-date: /home/lion/intellicar/ros2_ws/install/carla_msgs/include/carla_msgs/msg/detail/carla_traffic_light_info_list__functions.c
[18.686s] -- Up-to-date: /home/lion/intellicar/ros2_ws/install/carla_msgs/include/carla_msgs/msg/detail/carla_ego_vehicle_control__functions.c
[18.686s] -- Up-to-date: /home/lion/intellicar/ros2_ws/install/carla_msgs/include/carla_msgs/msg/detail/carla_status__functions.c
[18.686s] -- Up-to-date: /home/lion/intellicar/ros2_ws/install/carla_msgs/include/carla_msgs/msg/detail/carla_traffic_light_info_list__functions.h
[18.687s] -- Up-to-date: /home/lion/intellicar/ros2_ws/install/carla_msgs/include/carla_msgs/msg/detail/carla_ego_vehicle_info__struct.h
[18.687s] -- Up-to-date: /home/lion/intellicar/ros2_ws/install/carla_msgs/include/carla_msgs/msg/detail/carla_ego_vehicle_status__functions.c
[18.687s] -- Up-to-date: /home/lion/intellicar/ros2_ws/install/carla_msgs/include/carla_msgs/msg/detail/carla_traffic_light_info__functions.c
[18.687s] -- Up-to-date: /home/lion/intellicar/ros2_ws/install/carla_msgs/include/carla_msgs/msg/detail/carla_weather_parameters__functions.h
[18.687s] -- Up-to-date: /home/lion/intellicar/ros2_ws/install/carla_msgs/include/carla_msgs/msg/detail/carla_bounding_box__functions.h
[18.687s] -- Up-to-date: /home/lion/intellicar/ros2_ws/install/carla_msgs/include/carla_msgs/msg/detail/carla_ego_vehicle_control__type_support.h
[18.687s] -- Up-to-date: /home/lion/intellicar/ros2_ws/install/carla_msgs/include/carla_msgs/msg/detail/carla_bounding_box__struct.h
[18.688s] -- Up-to-date: /home/lion/intellicar/ros2_ws/install/carla_msgs/include/carla_msgs/msg/detail/carla_traffic_light_info__functions.h
[18.688s] -- Up-to-date: /home/lion/intellicar/ros2_ws/install/carla_msgs/include/carla_msgs/msg/detail/carla_lane_invasion_event__struct.h
[18.688s] -- Up-to-date: /home/lion/intellicar/ros2_ws/install/carla_msgs/include/carla_msgs/msg/detail/carla_actor_info__functions.c
[18.688s] -- Up-to-date: /home/lion/intellicar/ros2_ws/install/carla_msgs/include/carla_msgs/msg/detail/carla_actor_list__type_support.h
[18.688s] -- Up-to-date: /home/lion/intellicar/ros2_ws/install/carla_msgs/include/carla_msgs/msg/detail/carla_collision_event__functions.c
[18.688s] -- Up-to-date: /home/lion/intellicar/ros2_ws/install/carla_msgs/include/carla_msgs/msg/detail/carla_ego_vehicle_info_wheel__functions.c
[18.688s] -- Up-to-date: /home/lion/intellicar/ros2_ws/install/carla_msgs/include/carla_msgs/msg/detail/carla_status__functions.h
[18.689s] -- Up-to-date: /home/lion/intellicar/ros2_ws/install/carla_msgs/include/carla_msgs/msg/detail/carla_ego_vehicle_control__functions.h
[18.689s] -- Up-to-date: /home/lion/intellicar/ros2_ws/install/carla_msgs/include/carla_msgs/msg/detail/carla_actor_list__functions.c
[18.690s] -- Up-to-date: /home/lion/intellicar/ros2_ws/install/carla_msgs/include/carla_msgs/msg/detail/carla_lane_invasion_event__functions.c
[18.690s] -- Up-to-date: /home/lion/intellicar/ros2_ws/install/carla_msgs/include/carla_msgs/msg/detail/carla_ego_vehicle_status__struct.h
[18.691s] -- Up-to-date: /home/lion/intellicar/ros2_ws/install/carla_msgs/include/carla_msgs/msg/detail/carla_traffic_light_info__type_support.h
[18.696s] -- Up-to-date: /home/lion/intellicar/ros2_ws/install/carla_msgs/include/carla_msgs/msg/detail/carla_actor_info__functions.h
[18.696s] -- Up-to-date: /home/lion/intellicar/ros2_ws/install/carla_msgs/include/carla_msgs/msg/detail/carla_world_info__type_support.h
[18.696s] -- Up-to-date: /home/lion/intellicar/ros2_ws/install/carla_msgs/include/carla_msgs/msg/detail/carla_bounding_box__functions.c
[18.696s] -- Up-to-date: /home/lion/intellicar/ros2_ws/install/carla_msgs/include/carla_msgs/msg/detail/carla_ego_vehicle_info__functions.h
[18.697s] -- Up-to-date: /home/lion/intellicar/ros2_ws/install/carla_msgs/include/carla_msgs/msg/detail/carla_ego_vehicle_control__struct.h
[18.697s] -- Up-to-date: /home/lion/intellicar/ros2_ws/install/carla_msgs/include/carla_msgs/msg/detail/carla_traffic_light_status_list__functions.c
[18.697s] -- Up-to-date: /home/lion/intellicar/ros2_ws/install/carla_msgs/include/carla_msgs/msg/detail/carla_ego_vehicle_info__type_support.h
[18.697s] -- Up-to-date: /home/lion/intellicar/ros2_ws/install/carla_msgs/include/carla_msgs/msg/detail/carla_collision_event__struct.h
[18.697s] -- Up-to-date: /home/lion/intellicar/ros2_ws/install/carla_msgs/include/carla_msgs/msg/detail/carla_ego_vehicle_status__type_support.h
[18.697s] -- Up-to-date: /home/lion/intellicar/ros2_ws/install/carla_msgs/include/carla_msgs/msg/detail/carla_weather_parameters__functions.c
[18.697s] -- Up-to-date: /home/lion/intellicar/ros2_ws/install/carla_msgs/include/carla_msgs/msg/detail/carla_traffic_light_status__struct.h
[18.697s] -- Up-to-date: /home/lion/intellicar/ros2_ws/install/carla_msgs/include/carla_msgs/msg/detail/carla_ego_vehicle_info_wheel__struct.h
[18.698s] -- Up-to-date: /home/lion/intellicar/ros2_ws/install/carla_msgs/include/carla_msgs/msg/detail/carla_traffic_light_status_list__struct.h
[18.698s] -- Up-to-date: /home/lion/intellicar/ros2_ws/install/carla_msgs/include/carla_msgs/msg/detail/carla_traffic_light_status_list__functions.h
[18.698s] -- Up-to-date: /home/lion/intellicar/ros2_ws/install/carla_msgs/include/carla_msgs/msg/detail/carla_world_info__struct.h
[18.698s] -- Up-to-date: /home/lion/intellicar/ros2_ws/install/carla_msgs/include/carla_msgs/msg/detail/carla_walker_control__functions.c
[18.698s] -- Up-to-date: /home/lion/intellicar/ros2_ws/install/carla_msgs/include/carla_msgs/msg/detail/carla_weather_parameters__type_support.h
[18.698s] -- Up-to-date: /home/lion/intellicar/ros2_ws/install/carla_msgs/include/carla_msgs/msg/detail/carla_traffic_light_status__functions.h
[18.698s] -- Up-to-date: /home/lion/intellicar/ros2_ws/install/carla_msgs/include/carla_msgs/msg/detail/carla_control__functions.c
[18.698s] -- Up-to-date: /home/lion/intellicar/ros2_ws/install/carla_msgs/include/carla_msgs/msg/detail/carla_walker_control__functions.h
[18.699s] -- Up-to-date: /home/lion/intellicar/ros2_ws/install/carla_msgs/include/carla_msgs/msg/detail/carla_ego_vehicle_status__functions.h
[18.699s] -- Up-to-date: /home/lion/intellicar/ros2_ws/install/carla_msgs/include/carla_msgs/msg/detail/carla_lane_invasion_event__type_support.h
[18.699s] -- Up-to-date: /home/lion/intellicar/ros2_ws/install/carla_msgs/include/carla_msgs/msg/carla_status.h
[18.699s] -- Up-to-date: /home/lion/intellicar/ros2_ws/install/carla_msgs/include/carla_msgs/msg/carla_traffic_light_info.h
[18.699s] -- Up-to-date: /home/lion/intellicar/ros2_ws/install/carla_msgs/include/carla_msgs/msg/carla_actor_info.h
[18.699s] -- Up-to-date: /home/lion/intellicar/ros2_ws/install/carla_msgs/include/carla_msgs/msg/carla_lane_invasion_event.h
[18.699s] -- Up-to-date: /home/lion/intellicar/ros2_ws/install/carla_msgs/include/carla_msgs/msg/carla_ego_vehicle_info.h
[18.701s] -- Up-to-date: /home/lion/intellicar/ros2_ws/install/carla_msgs/include/carla_msgs/msg/carla_ego_vehicle_control.h
[18.703s] -- Up-to-date: /home/lion/intellicar/ros2_ws/install/carla_msgs/include/carla_msgs/msg/carla_collision_event.h
[18.703s] -- Up-to-date: /home/lion/intellicar/ros2_ws/install/carla_msgs/include/carla_msgs/msg/carla_traffic_light_info_list.h
[18.703s] -- Up-to-date: /home/lion/intellicar/ros2_ws/install/carla_msgs/include/carla_msgs/msg/carla_traffic_light_status_list.h
[18.703s] -- Up-to-date: /home/lion/intellicar/ros2_ws/install/carla_msgs/include/carla_msgs/msg/carla_weather_parameters.h
[18.703s] -- Up-to-date: /home/lion/intellicar/ros2_ws/install/carla_msgs/include/carla_msgs/msg/carla_traffic_light_status.h
[18.704s] -- Up-to-date: /home/lion/intellicar/ros2_ws/install/carla_msgs/include/carla_msgs/msg/carla_actor_list.h
[18.704s] -- Up-to-date: /home/lion/intellicar/ros2_ws/install/carla_msgs/include/carla_msgs/msg/rosidl_generator_c__visibility_control.h
[18.704s] -- Up-to-date: /home/lion/intellicar/ros2_ws/install/carla_msgs/include/carla_msgs/msg/carla_control.h
[18.704s] -- Up-to-date: /home/lion/intellicar/ros2_ws/install/carla_msgs/include/carla_msgs/msg/carla_world_info.h
[18.704s] -- Up-to-date: /home/lion/intellicar/ros2_ws/install/carla_msgs/include/carla_msgs/srv
[18.704s] -- Up-to-date: /home/lion/intellicar/ros2_ws/install/carla_msgs/include/carla_msgs/srv/detail
[18.704s] -- Up-to-date: /home/lion/intellicar/ros2_ws/install/carla_msgs/include/carla_msgs/srv/detail/spawn_object__functions.c
[18.704s] -- Up-to-date: /home/lion/intellicar/ros2_ws/install/carla_msgs/include/carla_msgs/srv/detail/destroy_object__type_support.h
[18.704s] -- Up-to-date: /home/lion/intellicar/ros2_ws/install/carla_msgs/include/carla_msgs/srv/detail/spawn_object__functions.h
[18.704s] -- Up-to-date: /home/lion/intellicar/ros2_ws/install/carla_msgs/include/carla_msgs/srv/detail/get_blueprints__functions.h
[18.704s] -- Up-to-date: /home/lion/intellicar/ros2_ws/install/carla_msgs/include/carla_msgs/srv/detail/get_blueprints__struct.h
[18.704s] -- Up-to-date: /home/lion/intellicar/ros2_ws/install/carla_msgs/include/carla_msgs/srv/detail/spawn_object__type_support.h
[18.704s] -- Up-to-date: /home/lion/intellicar/ros2_ws/install/carla_msgs/include/carla_msgs/srv/detail/destroy_object__functions.c
[18.704s] -- Up-to-date: /home/lion/intellicar/ros2_ws/install/carla_msgs/include/carla_msgs/srv/detail/spawn_object__struct.h
[18.704s] -- Up-to-date: /home/lion/intellicar/ros2_ws/install/carla_msgs/include/carla_msgs/srv/detail/get_blueprints__functions.c
[18.705s] -- Up-to-date: /home/lion/intellicar/ros2_ws/install/carla_msgs/include/carla_msgs/srv/detail/destroy_object__functions.h
[18.705s] -- Up-to-date: /home/lion/intellicar/ros2_ws/install/carla_msgs/include/carla_msgs/srv/detail/get_blueprints__type_support.h
[18.705s] -- Up-to-date: /home/lion/intellicar/ros2_ws/install/carla_msgs/include/carla_msgs/srv/detail/destroy_object__struct.h
[18.705s] -- Up-to-date: /home/lion/intellicar/ros2_ws/install/carla_msgs/include/carla_msgs/srv/destroy_object.h
[18.705s] -- Up-to-date: /home/lion/intellicar/ros2_ws/install/carla_msgs/include/carla_msgs/srv/spawn_object.h
[18.705s] -- Up-to-date: /home/lion/intellicar/ros2_ws/install/carla_msgs/include/carla_msgs/srv/get_blueprints.h
[18.705s] -- Up-to-date: /home/lion/intellicar/ros2_ws/install/carla_msgs/share/carla_msgs/environment/library_path.sh
[18.705s] -- Up-to-date: /home/lion/intellicar/ros2_ws/install/carla_msgs/share/carla_msgs/environment/library_path.dsv
[18.705s] -- Up-to-date: /home/lion/intellicar/ros2_ws/install/carla_msgs/lib/libcarla_msgs__rosidl_generator_c.so
[18.705s] -- Up-to-date: /home/lion/intellicar/ros2_ws/install/carla_msgs/include/carla_msgs
[18.706s] -- Up-to-date: /home/lion/intellicar/ros2_ws/install/carla_msgs/include/carla_msgs/msg
[18.706s] -- Up-to-date: /home/lion/intellicar/ros2_ws/install/carla_msgs/include/carla_msgs/msg/detail
[18.706s] -- Up-to-date: /home/lion/intellicar/ros2_ws/install/carla_msgs/include/carla_msgs/msg/detail/carla_traffic_light_info_list__rosidl_typesupport_fastrtps_c.h
[18.706s] -- Up-to-date: /home/lion/intellicar/ros2_ws/install/carla_msgs/include/carla_msgs/msg/detail/carla_status__rosidl_typesupport_fastrtps_c.h
[18.706s] -- Up-to-date: /home/lion/intellicar/ros2_ws/install/carla_msgs/include/carla_msgs/msg/detail/carla_collision_event__rosidl_typesupport_fastrtps_c.h
[18.706s] -- Up-to-date: /home/lion/intellicar/ros2_ws/install/carla_msgs/include/carla_msgs/msg/detail/carla_traffic_light_status__rosidl_typesupport_fastrtps_c.h
[18.706s] -- Up-to-date: /home/lion/intellicar/ros2_ws/install/carla_msgs/include/carla_msgs/msg/detail/carla_walker_control__rosidl_typesupport_fastrtps_c.h
[18.706s] -- Up-to-date: /home/lion/intellicar/ros2_ws/install/carla_msgs/include/carla_msgs/msg/detail/carla_ego_vehicle_info_wheel__rosidl_typesupport_fastrtps_c.h
[18.706s] -- Up-to-date: /home/lion/intellicar/ros2_ws/install/carla_msgs/include/carla_msgs/msg/detail/carla_lane_invasion_event__rosidl_typesupport_fastrtps_c.h
[18.707s] -- Up-to-date: /home/lion/intellicar/ros2_ws/install/carla_msgs/include/carla_msgs/msg/detail/carla_actor_list__rosidl_typesupport_fastrtps_c.h
[18.709s] -- Up-to-date: /home/lion/intellicar/ros2_ws/install/carla_msgs/include/carla_msgs/msg/detail/carla_actor_info__rosidl_typesupport_fastrtps_c.h
[18.709s] -- Up-to-date: /home/lion/intellicar/ros2_ws/install/carla_msgs/include/carla_msgs/msg/detail/carla_traffic_light_info__rosidl_typesupport_fastrtps_c.h
[18.709s] -- Up-to-date: /home/lion/intellicar/ros2_ws/install/carla_msgs/include/carla_msgs/msg/detail/carla_control__rosidl_typesupport_fastrtps_c.h
[18.720s] -- Up-to-date: /home/lion/intellicar/ros2_ws/install/carla_msgs/include/carla_msgs/msg/detail/carla_traffic_light_status_list__rosidl_typesupport_fastrtps_c.h
[18.720s] -- Up-to-date: /home/lion/intellicar/ros2_ws/install/carla_msgs/include/carla_msgs/msg/detail/carla_ego_vehicle_status__rosidl_typesupport_fastrtps_c.h
[18.720s] -- Up-to-date: /home/lion/intellicar/ros2_ws/install/carla_msgs/include/carla_msgs/msg/detail/carla_ego_vehicle_info__rosidl_typesupport_fastrtps_c.h
[18.720s] -- Up-to-date: /home/lion/intellicar/ros2_ws/install/carla_msgs/include/carla_msgs/msg/detail/carla_ego_vehicle_control__rosidl_typesupport_fastrtps_c.h
[18.720s] -- Up-to-date: /home/lion/intellicar/ros2_ws/install/carla_msgs/include/carla_msgs/msg/detail/carla_weather_parameters__rosidl_typesupport_fastrtps_c.h
[18.720s] -- Up-to-date: /home/lion/intellicar/ros2_ws/install/carla_msgs/include/carla_msgs/msg/detail/carla_bounding_box__rosidl_typesupport_fastrtps_c.h
[18.721s] -- Up-to-date: /home/lion/intellicar/ros2_ws/install/carla_msgs/include/carla_msgs/msg/detail/carla_world_info__rosidl_typesupport_fastrtps_c.h
[18.721s] -- Up-to-date: /home/lion/intellicar/ros2_ws/install/carla_msgs/include/carla_msgs/msg/rosidl_typesupport_fastrtps_c__visibility_control.h
[18.721s] -- Up-to-date: /home/lion/intellicar/ros2_ws/install/carla_msgs/include/carla_msgs/srv
[18.721s] -- Up-to-date: /home/lion/intellicar/ros2_ws/install/carla_msgs/include/carla_msgs/srv/detail
[18.721s] -- Up-to-date: /home/lion/intellicar/ros2_ws/install/carla_msgs/include/carla_msgs/srv/detail/destroy_object__rosidl_typesupport_fastrtps_c.h
[18.721s] -- Up-to-date: /home/lion/intellicar/ros2_ws/install/carla_msgs/include/carla_msgs/srv/detail/get_blueprints__rosidl_typesupport_fastrtps_c.h
[18.721s] -- Up-to-date: /home/lion/intellicar/ros2_ws/install/carla_msgs/include/carla_msgs/srv/detail/spawn_object__rosidl_typesupport_fastrtps_c.h
[18.721s] -- Up-to-date: /home/lion/intellicar/ros2_ws/install/carla_msgs/lib/libcarla_msgs__rosidl_typesupport_fastrtps_c.so
[18.724s] -- Up-to-date: /home/lion/intellicar/ros2_ws/install/carla_msgs/include/carla_msgs
[18.724s] -- Up-to-date: /home/lion/intellicar/ros2_ws/install/carla_msgs/include/carla_msgs/msg
[18.725s] -- Up-to-date: /home/lion/intellicar/ros2_ws/install/carla_msgs/include/carla_msgs/msg/detail
[18.726s] -- Up-to-date: /home/lion/intellicar/ros2_ws/install/carla_msgs/include/carla_msgs/msg/detail/carla_ego_vehicle_status__rosidl_typesupport_fastrtps_cpp.hpp
[18.726s] -- Up-to-date: /home/lion/intellicar/ros2_ws/install/carla_msgs/include/carla_msgs/msg/detail/carla_walker_control__rosidl_typesupport_fastrtps_cpp.hpp
[18.727s] -- Up-to-date: /home/lion/intellicar/ros2_ws/install/carla_msgs/include/carla_msgs/msg/detail/carla_actor_info__rosidl_typesupport_fastrtps_cpp.hpp
[18.727s] -- Up-to-date: /home/lion/intellicar/ros2_ws/install/carla_msgs/include/carla_msgs/msg/detail/carla_status__rosidl_typesupport_fastrtps_cpp.hpp
[18.728s] -- Up-to-date: /home/lion/intellicar/ros2_ws/install/carla_msgs/include/carla_msgs/msg/detail/dds_fastrtps
[18.728s] -- Up-to-date: /home/lion/intellicar/ros2_ws/install/carla_msgs/include/carla_msgs/msg/detail/carla_ego_vehicle_info__rosidl_typesupport_fastrtps_cpp.hpp
[18.729s] -- Up-to-date: /home/lion/intellicar/ros2_ws/install/carla_msgs/include/carla_msgs/msg/detail/carla_bounding_box__rosidl_typesupport_fastrtps_cpp.hpp
[18.729s] -- Up-to-date: /home/lion/intellicar/ros2_ws/install/carla_msgs/include/carla_msgs/msg/detail/carla_traffic_light_status__rosidl_typesupport_fastrtps_cpp.hpp
[18.731s] -- Up-to-date: /home/lion/intellicar/ros2_ws/install/carla_msgs/include/carla_msgs/msg/detail/carla_weather_parameters__rosidl_typesupport_fastrtps_cpp.hpp
[18.731s] -- Up-to-date: /home/lion/intellicar/ros2_ws/install/carla_msgs/include/carla_msgs/msg/detail/carla_actor_list__rosidl_typesupport_fastrtps_cpp.hpp
[18.732s] -- Up-to-date: /home/lion/intellicar/ros2_ws/install/carla_msgs/include/carla_msgs/msg/detail/carla_traffic_light_info__rosidl_typesupport_fastrtps_cpp.hpp
[18.732s] -- Up-to-date: /home/lion/intellicar/ros2_ws/install/carla_msgs/include/carla_msgs/msg/detail/carla_collision_event__rosidl_typesupport_fastrtps_cpp.hpp
[18.732s] -- Up-to-date: /home/lion/intellicar/ros2_ws/install/carla_msgs/include/carla_msgs/msg/detail/carla_lane_invasion_event__rosidl_typesupport_fastrtps_cpp.hpp
[18.732s] -- Up-to-date: /home/lion/intellicar/ros2_ws/install/carla_msgs/include/carla_msgs/msg/detail/carla_world_info__rosidl_typesupport_fastrtps_cpp.hpp
[18.732s] -- Up-to-date: /home/lion/intellicar/ros2_ws/install/carla_msgs/include/carla_msgs/msg/detail/carla_ego_vehicle_control__rosidl_typesupport_fastrtps_cpp.hpp
[18.732s] -- Up-to-date: /home/lion/intellicar/ros2_ws/install/carla_msgs/include/carla_msgs/msg/detail/carla_traffic_light_info_list__rosidl_typesupport_fastrtps_cpp.hpp
[18.732s] -- Up-to-date: /home/lion/intellicar/ros2_ws/install/carla_msgs/include/carla_msgs/msg/detail/carla_traffic_light_status_list__rosidl_typesupport_fastrtps_cpp.hpp
[18.733s] -- Up-to-date: /home/lion/intellicar/ros2_ws/install/carla_msgs/include/carla_msgs/msg/detail/carla_ego_vehicle_info_wheel__rosidl_typesupport_fastrtps_cpp.hpp
[18.733s] -- Up-to-date: /home/lion/intellicar/ros2_ws/install/carla_msgs/include/carla_msgs/msg/detail/carla_control__rosidl_typesupport_fastrtps_cpp.hpp
[18.733s] -- Up-to-date: /home/lion/intellicar/ros2_ws/install/carla_msgs/include/carla_msgs/msg/rosidl_typesupport_fastrtps_cpp__visibility_control.h
[18.734s] -- Up-to-date: /home/lion/intellicar/ros2_ws/install/carla_msgs/include/carla_msgs/srv
[18.735s] -- Up-to-date: /home/lion/intellicar/ros2_ws/install/carla_msgs/include/carla_msgs/srv/detail
[18.735s] -- Up-to-date: /home/lion/intellicar/ros2_ws/install/carla_msgs/include/carla_msgs/srv/detail/dds_fastrtps
[18.735s] -- Up-to-date: /home/lion/intellicar/ros2_ws/install/carla_msgs/include/carla_msgs/srv/detail/destroy_object__rosidl_typesupport_fastrtps_cpp.hpp
[18.736s] -- Up-to-date: /home/lion/intellicar/ros2_ws/install/carla_msgs/include/carla_msgs/srv/detail/get_blueprints__rosidl_typesupport_fastrtps_cpp.hpp
[18.736s] -- Up-to-date: /home/lion/intellicar/ros2_ws/install/carla_msgs/include/carla_msgs/srv/detail/spawn_object__rosidl_typesupport_fastrtps_cpp.hpp
[18.737s] -- Up-to-date: /home/lion/intellicar/ros2_ws/install/carla_msgs/lib/libcarla_msgs__rosidl_typesupport_fastrtps_cpp.so
[18.737s] -- Up-to-date: /home/lion/intellicar/ros2_ws/install/carla_msgs/include/carla_msgs
[18.737s] -- Up-to-date: /home/lion/intellicar/ros2_ws/install/carla_msgs/include/carla_msgs/msg
[18.738s] -- Up-to-date: /home/lion/intellicar/ros2_ws/install/carla_msgs/include/carla_msgs/msg/detail
[18.738s] -- Up-to-date: /home/lion/intellicar/ros2_ws/install/carla_msgs/include/carla_msgs/msg/detail/carla_traffic_light_info__type_support.c
[18.738s] -- Up-to-date: /home/lion/intellicar/ros2_ws/install/carla_msgs/include/carla_msgs/msg/detail/carla_weather_parameters__type_support.c
[18.739s] -- Up-to-date: /home/lion/intellicar/ros2_ws/install/carla_msgs/include/carla_msgs/msg/detail/carla_walker_control__type_support.c
[18.739s] -- Up-to-date: /home/lion/intellicar/ros2_ws/install/carla_msgs/include/carla_msgs/msg/detail/carla_ego_vehicle_info__rosidl_typesupport_introspection_c.h
[18.739s] -- Up-to-date: /home/lion/intellicar/ros2_ws/install/carla_msgs/include/carla_msgs/msg/detail/carla_traffic_light_info_list__type_support.c
[18.748s] -- Up-to-date: /home/lion/intellicar/ros2_ws/install/carla_msgs/include/carla_msgs/msg/detail/carla_weather_parameters__rosidl_typesupport_introspection_c.h
[18.749s] -- Up-to-date: /home/lion/intellicar/ros2_ws/install/carla_msgs/include/carla_msgs/msg/detail/carla_bounding_box__type_support.c
[18.749s] -- Up-to-date: /home/lion/intellicar/ros2_ws/install/carla_msgs/include/carla_msgs/msg/detail/carla_traffic_light_status__rosidl_typesupport_introspection_c.h
[18.750s] -- Up-to-date: /home/lion/intellicar/ros2_ws/install/carla_msgs/include/carla_msgs/msg/detail/carla_actor_list__type_support.c
[18.750s] -- Up-to-date: /home/lion/intellicar/ros2_ws/install/carla_msgs/include/carla_msgs/msg/detail/carla_status__type_support.c
[18.750s] -- Up-to-date: /home/lion/intellicar/ros2_ws/install/carla_msgs/include/carla_msgs/msg/detail/carla_walker_control__rosidl_typesupport_introspection_c.h
[18.750s] -- Up-to-date: /home/lion/intellicar/ros2_ws/install/carla_msgs/include/carla_msgs/msg/detail/carla_actor_info__type_support.c
[18.750s] -- Up-to-date: /home/lion/intellicar/ros2_ws/install/carla_msgs/include/carla_msgs/msg/detail/carla_ego_vehicle_info_wheel__type_support.c
[18.751s] -- Up-to-date: /home/lion/intellicar/ros2_ws/install/carla_msgs/include/carla_msgs/msg/detail/carla_control__type_support.c
[18.751s] -- Up-to-date: /home/lion/intellicar/ros2_ws/install/carla_msgs/include/carla_msgs/msg/detail/carla_ego_vehicle_info__type_support.c
[18.751s] -- Up-to-date: /home/lion/intellicar/ros2_ws/install/carla_msgs/include/carla_msgs/msg/detail/carla_traffic_light_status_list__rosidl_typesupport_introspection_c.h
[18.751s] -- Up-to-date: /home/lion/intellicar/ros2_ws/install/carla_msgs/include/carla_msgs/msg/detail/carla_lane_invasion_event__rosidl_typesupport_introspection_c.h
[18.751s] -- Up-to-date: /home/lion/intellicar/ros2_ws/install/carla_msgs/include/carla_msgs/msg/detail/carla_world_info__rosidl_typesupport_introspection_c.h
[18.751s] -- Up-to-date: /home/lion/intellicar/ros2_ws/install/carla_msgs/include/carla_msgs/msg/detail/carla_control__rosidl_typesupport_introspection_c.h
[18.751s] -- Up-to-date: /home/lion/intellicar/ros2_ws/install/carla_msgs/include/carla_msgs/msg/detail/carla_actor_list__rosidl_typesupport_introspection_c.h
[18.751s] -- Up-to-date: /home/lion/intellicar/ros2_ws/install/carla_msgs/include/carla_msgs/msg/detail/carla_world_info__type_support.c
[18.751s] -- Up-to-date: /home/lion/intellicar/ros2_ws/install/carla_msgs/include/carla_msgs/msg/detail/carla_traffic_light_status_list__type_support.c
[18.752s] -- Up-to-date: /home/lion/intellicar/ros2_ws/install/carla_msgs/include/carla_msgs/msg/detail/carla_ego_vehicle_control__type_support.c
[18.752s] -- Up-to-date: /home/lion/intellicar/ros2_ws/install/carla_msgs/include/carla_msgs/msg/detail/carla_lane_invasion_event__type_support.c
[18.752s] -- Up-to-date: /home/lion/intellicar/ros2_ws/install/carla_msgs/include/carla_msgs/msg/detail/carla_collision_event__rosidl_typesupport_introspection_c.h
[18.752s] -- Up-to-date: /home/lion/intellicar/ros2_ws/install/carla_msgs/include/carla_msgs/msg/detail/carla_ego_vehicle_control__rosidl_typesupport_introspection_c.h
[18.752s] -- Up-to-date: /home/lion/intellicar/ros2_ws/install/carla_msgs/include/carla_msgs/msg/detail/carla_bounding_box__rosidl_typesupport_introspection_c.h
[18.752s] -- Up-to-date: /home/lion/intellicar/ros2_ws/install/carla_msgs/include/carla_msgs/msg/detail/carla_traffic_light_info_list__rosidl_typesupport_introspection_c.h
[18.752s] -- Up-to-date: /home/lion/intellicar/ros2_ws/install/carla_msgs/include/carla_msgs/msg/detail/carla_traffic_light_status__type_support.c
[18.752s] -- Up-to-date: /home/lion/intellicar/ros2_ws/install/carla_msgs/include/carla_msgs/msg/detail/carla_ego_vehicle_info_wheel__rosidl_typesupport_introspection_c.h
[18.752s] -- Up-to-date: /home/lion/intellicar/ros2_ws/install/carla_msgs/include/carla_msgs/msg/detail/carla_ego_vehicle_status__type_support.c
[18.753s] -- Up-to-date: /home/lion/intellicar/ros2_ws/install/carla_msgs/include/carla_msgs/msg/detail/carla_status__rosidl_typesupport_introspection_c.h
[18.753s] -- Up-to-date: /home/lion/intellicar/ros2_ws/install/carla_msgs/include/carla_msgs/msg/detail/carla_traffic_light_info__rosidl_typesupport_introspection_c.h
[18.753s] -- Up-to-date: /home/lion/intellicar/ros2_ws/install/carla_msgs/include/carla_msgs/msg/detail/carla_ego_vehicle_status__rosidl_typesupport_introspection_c.h
[18.753s] -- Up-to-date: /home/lion/intellicar/ros2_ws/install/carla_msgs/include/carla_msgs/msg/detail/carla_collision_event__type_support.c
[18.753s] -- Up-to-date: /home/lion/intellicar/ros2_ws/install/carla_msgs/include/carla_msgs/msg/detail/carla_actor_info__rosidl_typesupport_introspection_c.h
[18.753s] -- Up-to-date: /home/lion/intellicar/ros2_ws/install/carla_msgs/include/carla_msgs/msg/rosidl_typesupport_introspection_c__visibility_control.h
[18.753s] -- Up-to-date: /home/lion/intellicar/ros2_ws/install/carla_msgs/include/carla_msgs/srv
[18.753s] -- Up-to-date: /home/lion/intellicar/ros2_ws/install/carla_msgs/include/carla_msgs/srv/detail
[18.753s] -- Up-to-date: /home/lion/intellicar/ros2_ws/install/carla_msgs/include/carla_msgs/srv/detail/spawn_object__type_support.c
[18.754s] -- Up-to-date: /home/lion/intellicar/ros2_ws/install/carla_msgs/include/carla_msgs/srv/detail/destroy_object__type_support.c
[18.754s] -- Up-to-date: /home/lion/intellicar/ros2_ws/install/carla_msgs/include/carla_msgs/srv/detail/get_blueprints__type_support.c
[18.754s] -- Up-to-date: /home/lion/intellicar/ros2_ws/install/carla_msgs/include/carla_msgs/srv/detail/get_blueprints__rosidl_typesupport_introspection_c.h
[18.754s] -- Up-to-date: /home/lion/intellicar/ros2_ws/install/carla_msgs/include/carla_msgs/srv/detail/destroy_object__rosidl_typesupport_introspection_c.h
[18.754s] -- Up-to-date: /home/lion/intellicar/ros2_ws/install/carla_msgs/include/carla_msgs/srv/detail/spawn_object__rosidl_typesupport_introspection_c.h
[18.754s] -- Up-to-date: /home/lion/intellicar/ros2_ws/install/carla_msgs/lib/libcarla_msgs__rosidl_typesupport_introspection_c.so
[18.754s] -- Up-to-date: /home/lion/intellicar/ros2_ws/install/carla_msgs/lib/libcarla_msgs__rosidl_typesupport_c.so
[18.754s] -- Up-to-date: /home/lion/intellicar/ros2_ws/install/carla_msgs/include/carla_msgs
[18.754s] -- Up-to-date: /home/lion/intellicar/ros2_ws/install/carla_msgs/include/carla_msgs/msg
[18.755s] -- Up-to-date: /home/lion/intellicar/ros2_ws/install/carla_msgs/include/carla_msgs/msg/carla_traffic_light_info_list.hpp
[18.755s] -- Up-to-date: /home/lion/intellicar/ros2_ws/install/carla_msgs/include/carla_msgs/msg/carla_status.hpp
[18.755s] -- Up-to-date: /home/lion/intellicar/ros2_ws/install/carla_msgs/include/carla_msgs/msg/rosidl_generator_cpp__visibility_control.hpp
[18.755s] -- Up-to-date: /home/lion/intellicar/ros2_ws/install/carla_msgs/include/carla_msgs/msg/detail
[18.755s] -- Up-to-date: /home/lion/intellicar/ros2_ws/install/carla_msgs/include/carla_msgs/msg/detail/carla_ego_vehicle_info__type_support.hpp
[18.755s] -- Up-to-date: /home/lion/intellicar/ros2_ws/install/carla_msgs/include/carla_msgs/msg/detail/carla_lane_invasion_event__builder.hpp
[18.755s] -- Up-to-date: /home/lion/intellicar/ros2_ws/install/carla_msgs/include/carla_msgs/msg/detail/carla_actor_list__traits.hpp
[18.755s] -- Up-to-date: /home/lion/intellicar/ros2_ws/install/carla_msgs/include/carla_msgs/msg/detail/carla_status__traits.hpp
[18.756s] -- Up-to-date: /home/lion/intellicar/ros2_ws/install/carla_msgs/include/carla_msgs/msg/detail/carla_collision_event__builder.hpp
[18.756s] -- Up-to-date: /home/lion/intellicar/ros2_ws/install/carla_msgs/include/carla_msgs/msg/detail/carla_bounding_box__struct.hpp
[18.756s] -- Up-to-date: /home/lion/intellicar/ros2_ws/install/carla_msgs/include/carla_msgs/msg/detail/carla_traffic_light_status_list__builder.hpp
[18.756s] -- Up-to-date: /home/lion/intellicar/ros2_ws/install/carla_msgs/include/carla_msgs/msg/detail/carla_actor_info__traits.hpp
[18.756s] -- Up-to-date: /home/lion/intellicar/ros2_ws/install/carla_msgs/include/carla_msgs/msg/detail/carla_traffic_light_status__struct.hpp
[18.756s] -- Up-to-date: /home/lion/intellicar/ros2_ws/install/carla_msgs/include/carla_msgs/msg/detail/carla_traffic_light_info__traits.hpp
[18.756s] -- Up-to-date: /home/lion/intellicar/ros2_ws/install/carla_msgs/include/carla_msgs/msg/detail/carla_world_info__traits.hpp
[18.756s] -- Up-to-date: /home/lion/intellicar/ros2_ws/install/carla_msgs/include/carla_msgs/msg/detail/carla_traffic_light_status_list__type_support.hpp
[18.756s] -- Up-to-date: /home/lion/intellicar/ros2_ws/install/carla_msgs/include/carla_msgs/msg/detail/carla_ego_vehicle_status__builder.hpp
[18.757s] -- Up-to-date: /home/lion/intellicar/ros2_ws/install/carla_msgs/include/carla_msgs/msg/detail/carla_status__type_support.hpp
[18.757s] -- Up-to-date: /home/lion/intellicar/ros2_ws/install/carla_msgs/include/carla_msgs/msg/detail/carla_ego_vehicle_control__builder.hpp
[18.757s] -- Up-to-date: /home/lion/intellicar/ros2_ws/install/carla_msgs/include/carla_msgs/msg/detail/carla_ego_vehicle_control__type_support.hpp
[18.757s] -- Up-to-date: /home/lion/intellicar/ros2_ws/install/carla_msgs/include/carla_msgs/msg/detail/carla_traffic_light_status_list__traits.hpp
[18.757s] -- Up-to-date: /home/lion/intellicar/ros2_ws/install/carla_msgs/include/carla_msgs/msg/detail/carla_lane_invasion_event__struct.hpp
[18.757s] -- Up-to-date: /home/lion/intellicar/ros2_ws/install/carla_msgs/include/carla_msgs/msg/detail/carla_control__type_support.hpp
[18.757s] -- Up-to-date: /home/lion/intellicar/ros2_ws/install/carla_msgs/include/carla_msgs/msg/detail/carla_ego_vehicle_info_wheel__type_support.hpp
[18.757s] -- Up-to-date: /home/lion/intellicar/ros2_ws/install/carla_msgs/include/carla_msgs/msg/detail/carla_ego_vehicle_status__traits.hpp
[18.757s] -- Up-to-date: /home/lion/intellicar/ros2_ws/install/carla_msgs/include/carla_msgs/msg/detail/carla_walker_control__builder.hpp
[18.758s] -- Up-to-date: /home/lion/intellicar/ros2_ws/install/carla_msgs/include/carla_msgs/msg/detail/carla_collision_event__struct.hpp
[18.758s] -- Up-to-date: /home/lion/intellicar/ros2_ws/install/carla_msgs/include/carla_msgs/msg/detail/carla_status__builder.hpp
[18.758s] -- Up-to-date: /home/lion/intellicar/ros2_ws/install/carla_msgs/include/carla_msgs/msg/detail/carla_traffic_light_info_list__type_support.hpp
[18.758s] -- Up-to-date: /home/lion/intellicar/ros2_ws/install/carla_msgs/include/carla_msgs/msg/detail/carla_ego_vehicle_info__struct.hpp
[18.758s] -- Up-to-date: /home/lion/intellicar/ros2_ws/install/carla_msgs/include/carla_msgs/msg/detail/carla_ego_vehicle_control__struct.hpp
[18.758s] -- Up-to-date: /home/lion/intellicar/ros2_ws/install/carla_msgs/include/carla_msgs/msg/detail/carla_bounding_box__builder.hpp
[18.758s] -- Up-to-date: /home/lion/intellicar/ros2_ws/install/carla_msgs/include/carla_msgs/msg/detail/carla_traffic_light_info__struct.hpp
[18.758s] -- Up-to-date: /home/lion/intellicar/ros2_ws/install/carla_msgs/include/carla_msgs/msg/detail/carla_traffic_light_info_list__traits.hpp
[18.758s] -- Up-to-date: /home/lion/intellicar/ros2_ws/install/carla_msgs/include/carla_msgs/msg/detail/carla_traffic_light_status_list__struct.hpp
[18.759s] -- Up-to-date: /home/lion/intellicar/ros2_ws/install/carla_msgs/include/carla_msgs/msg/detail/carla_actor_info__struct.hpp
[18.759s] -- Up-to-date: /home/lion/intellicar/ros2_ws/install/carla_msgs/include/carla_msgs/msg/detail/carla_walker_control__traits.hpp
[18.759s] -- Up-to-date: /home/lion/intellicar/ros2_ws/install/carla_msgs/include/carla_msgs/msg/detail/carla_traffic_light_status__type_support.hpp
[18.759s] -- Up-to-date: /home/lion/intellicar/ros2_ws/install/carla_msgs/include/carla_msgs/msg/detail/carla_actor_list__type_support.hpp
[18.759s] -- Up-to-date: /home/lion/intellicar/ros2_ws/install/carla_msgs/include/carla_msgs/msg/detail/carla_control__struct.hpp
[18.759s] -- Up-to-date: /home/lion/intellicar/ros2_ws/install/carla_msgs/include/carla_msgs/msg/detail/carla_walker_control__type_support.hpp
[18.759s] -- Up-to-date: /home/lion/intellicar/ros2_ws/install/carla_msgs/include/carla_msgs/msg/detail/carla_ego_vehicle_info__traits.hpp
[18.759s] -- Up-to-date: /home/lion/intellicar/ros2_ws/install/carla_msgs/include/carla_msgs/msg/detail/carla_ego_vehicle_status__type_support.hpp
[18.760s] -- Up-to-date: /home/lion/intellicar/ros2_ws/install/carla_msgs/include/carla_msgs/msg/detail/carla_ego_vehicle_control__traits.hpp
[18.760s] -- Up-to-date: /home/lion/intellicar/ros2_ws/install/carla_msgs/include/carla_msgs/msg/detail/carla_world_info__type_support.hpp
[18.760s] -- Up-to-date: /home/lion/intellicar/ros2_ws/install/carla_msgs/include/carla_msgs/msg/detail/carla_weather_parameters__builder.hpp
[18.760s] -- Up-to-date: /home/lion/intellicar/ros2_ws/install/carla_msgs/include/carla_msgs/msg/detail/carla_world_info__builder.hpp
[18.760s] -- Up-to-date: /home/lion/intellicar/ros2_ws/install/carla_msgs/include/carla_msgs/msg/detail/carla_status__struct.hpp
[18.760s] -- Up-to-date: /home/lion/intellicar/ros2_ws/install/carla_msgs/include/carla_msgs/msg/detail/carla_collision_event__traits.hpp
[18.760s] -- Up-to-date: /home/lion/intellicar/ros2_ws/install/carla_msgs/include/carla_msgs/msg/detail/carla_ego_vehicle_info_wheel__builder.hpp
[18.760s] -- Up-to-date: /home/lion/intellicar/ros2_ws/install/carla_msgs/include/carla_msgs/msg/detail/carla_control__builder.hpp
[18.760s] -- Up-to-date: /home/lion/intellicar/ros2_ws/install/carla_msgs/include/carla_msgs/msg/detail/carla_lane_invasion_event__type_support.hpp
[18.761s] -- Up-to-date: /home/lion/intellicar/ros2_ws/install/carla_msgs/include/carla_msgs/msg/detail/carla_traffic_light_status__traits.hpp
[18.761s] -- Up-to-date: /home/lion/intellicar/ros2_ws/install/carla_msgs/include/carla_msgs/msg/detail/carla_control__traits.hpp
[18.761s] -- Up-to-date: /home/lion/intellicar/ros2_ws/install/carla_msgs/include/carla_msgs/msg/detail/carla_traffic_light_status__builder.hpp
[18.761s] -- Up-to-date: /home/lion/intellicar/ros2_ws/install/carla_msgs/include/carla_msgs/msg/detail/carla_traffic_light_info_list__struct.hpp
[18.761s] -- Up-to-date: /home/lion/intellicar/ros2_ws/install/carla_msgs/include/carla_msgs/msg/detail/carla_lane_invasion_event__traits.hpp
[18.761s] -- Up-to-date: /home/lion/intellicar/ros2_ws/install/carla_msgs/include/carla_msgs/msg/detail/carla_actor_list__builder.hpp
[18.761s] -- Up-to-date: /home/lion/intellicar/ros2_ws/install/carla_msgs/include/carla_msgs/msg/detail/carla_weather_parameters__traits.hpp
[18.761s] -- Up-to-date: /home/lion/intellicar/ros2_ws/install/carla_msgs/include/carla_msgs/msg/detail/carla_world_info__struct.hpp
[18.761s] -- Up-to-date: /home/lion/intellicar/ros2_ws/install/carla_msgs/include/carla_msgs/msg/detail/carla_traffic_light_info__builder.hpp
[18.762s] -- Up-to-date: /home/lion/intellicar/ros2_ws/install/carla_msgs/include/carla_msgs/msg/detail/carla_ego_vehicle_info_wheel__struct.hpp
[18.762s] -- Up-to-date: /home/lion/intellicar/ros2_ws/install/carla_msgs/include/carla_msgs/msg/detail/carla_ego_vehicle_status__struct.hpp
[18.762s] -- Up-to-date: /home/lion/intellicar/ros2_ws/install/carla_msgs/include/carla_msgs/msg/detail/carla_actor_info__builder.hpp
[18.762s] -- Up-to-date: /home/lion/intellicar/ros2_ws/install/carla_msgs/include/carla_msgs/msg/detail/carla_collision_event__type_support.hpp
[18.762s] -- Up-to-date: /home/lion/intellicar/ros2_ws/install/carla_msgs/include/carla_msgs/msg/detail/carla_actor_info__type_support.hpp
[18.762s] -- Up-to-date: /home/lion/intellicar/ros2_ws/install/carla_msgs/include/carla_msgs/msg/detail/carla_bounding_box__type_support.hpp
[18.762s] -- Up-to-date: /home/lion/intellicar/ros2_ws/install/carla_msgs/include/carla_msgs/msg/detail/carla_actor_list__struct.hpp
[18.762s] -- Up-to-date: /home/lion/intellicar/ros2_ws/install/carla_msgs/include/carla_msgs/msg/detail/carla_traffic_light_info__type_support.hpp
[18.762s] -- Up-to-date: /home/lion/intellicar/ros2_ws/install/carla_msgs/include/carla_msgs/msg/detail/carla_bounding_box__traits.hpp
[18.763s] -- Up-to-date: /home/lion/intellicar/ros2_ws/install/carla_msgs/include/carla_msgs/msg/detail/carla_ego_vehicle_info_wheel__traits.hpp
[18.763s] -- Up-to-date: /home/lion/intellicar/ros2_ws/install/carla_msgs/include/carla_msgs/msg/detail/carla_walker_control__struct.hpp
[18.763s] -- Up-to-date: /home/lion/intellicar/ros2_ws/install/carla_msgs/include/carla_msgs/msg/detail/carla_traffic_light_info_list__builder.hpp
[18.763s] -- Up-to-date: /home/lion/intellicar/ros2_ws/install/carla_msgs/include/carla_msgs/msg/detail/carla_weather_parameters__struct.hpp
[18.763s] -- Up-to-date: /home/lion/intellicar/ros2_ws/install/carla_msgs/include/carla_msgs/msg/detail/carla_ego_vehicle_info__builder.hpp
[18.763s] -- Up-to-date: /home/lion/intellicar/ros2_ws/install/carla_msgs/include/carla_msgs/msg/detail/carla_weather_parameters__type_support.hpp
[18.763s] -- Up-to-date: /home/lion/intellicar/ros2_ws/install/carla_msgs/include/carla_msgs/msg/carla_traffic_light_status.hpp
[18.777s] -- Up-to-date: /home/lion/intellicar/ros2_ws/install/carla_msgs/include/carla_msgs/msg/carla_ego_vehicle_info.hpp
[18.782s] -- Up-to-date: /home/lion/intellicar/ros2_ws/install/carla_msgs/include/carla_msgs/msg/carla_traffic_light_info.hpp
[18.796s] -- Up-to-date: /home/lion/intellicar/ros2_ws/install/carla_msgs/include/carla_msgs/msg/carla_actor_info.hpp
[18.798s] -- Up-to-date: /home/lion/intellicar/ros2_ws/install/carla_msgs/include/carla_msgs/msg/carla_traffic_light_status_list.hpp
[18.798s] -- Up-to-date: /home/lion/intellicar/ros2_ws/install/carla_msgs/include/carla_msgs/msg/carla_weather_parameters.hpp
[18.798s] -- Up-to-date: /home/lion/intellicar/ros2_ws/install/carla_msgs/include/carla_msgs/msg/carla_bounding_box.hpp
[18.798s] -- Up-to-date: /home/lion/intellicar/ros2_ws/install/carla_msgs/include/carla_msgs/msg/carla_actor_list.hpp
[18.798s] -- Up-to-date: /home/lion/intellicar/ros2_ws/install/carla_msgs/include/carla_msgs/msg/carla_world_info.hpp
[18.799s] -- Up-to-date: /home/lion/intellicar/ros2_ws/install/carla_msgs/include/carla_msgs/msg/carla_ego_vehicle_control.hpp
[18.800s] -- Up-to-date: /home/lion/intellicar/ros2_ws/install/carla_msgs/include/carla_msgs/msg/carla_walker_control.hpp
[18.801s] -- Up-to-date: /home/lion/intellicar/ros2_ws/install/carla_msgs/include/carla_msgs/msg/carla_ego_vehicle_info_wheel.hpp
[18.801s] -- Up-to-date: /home/lion/intellicar/ros2_ws/install/carla_msgs/include/carla_msgs/msg/carla_ego_vehicle_status.hpp
[18.801s] -- Up-to-date: /home/lion/intellicar/ros2_ws/install/carla_msgs/include/carla_msgs/msg/carla_control.hpp
[18.801s] -- Up-to-date: /home/lion/intellicar/ros2_ws/install/carla_msgs/include/carla_msgs/msg/carla_collision_event.hpp
[18.801s] -- Up-to-date: /home/lion/intellicar/ros2_ws/install/carla_msgs/include/carla_msgs/msg/carla_lane_invasion_event.hpp
[18.802s] -- Up-to-date: /home/lion/intellicar/ros2_ws/install/carla_msgs/include/carla_msgs/srv
[18.802s] -- Up-to-date: /home/lion/intellicar/ros2_ws/install/carla_msgs/include/carla_msgs/srv/detail
[18.802s] -- Up-to-date: /home/lion/intellicar/ros2_ws/install/carla_msgs/include/carla_msgs/srv/detail/destroy_object__builder.hpp
[18.802s] -- Up-to-date: /home/lion/intellicar/ros2_ws/install/carla_msgs/include/carla_msgs/srv/detail/get_blueprints__traits.hpp
[18.802s] -- Up-to-date: /home/lion/intellicar/ros2_ws/install/carla_msgs/include/carla_msgs/srv/detail/spawn_object__type_support.hpp
[18.802s] -- Up-to-date: /home/lion/intellicar/ros2_ws/install/carla_msgs/include/carla_msgs/srv/detail/get_blueprints__builder.hpp
[18.802s] -- Up-to-date: /home/lion/intellicar/ros2_ws/install/carla_msgs/include/carla_msgs/srv/detail/spawn_object__struct.hpp
[18.802s] -- Up-to-date: /home/lion/intellicar/ros2_ws/install/carla_msgs/include/carla_msgs/srv/detail/spawn_object__traits.hpp
[18.803s] -- Up-to-date: /home/lion/intellicar/ros2_ws/install/carla_msgs/include/carla_msgs/srv/detail/destroy_object__traits.hpp
[18.803s] -- Up-to-date: /home/lion/intellicar/ros2_ws/install/carla_msgs/include/carla_msgs/srv/detail/get_blueprints__struct.hpp
[18.803s] -- Up-to-date: /home/lion/intellicar/ros2_ws/install/carla_msgs/include/carla_msgs/srv/detail/spawn_object__builder.hpp
[18.803s] -- Up-to-date: /home/lion/intellicar/ros2_ws/install/carla_msgs/include/carla_msgs/srv/detail/destroy_object__type_support.hpp
[18.803s] -- Up-to-date: /home/lion/intellicar/ros2_ws/install/carla_msgs/include/carla_msgs/srv/detail/get_blueprints__type_support.hpp
[18.803s] -- Up-to-date: /home/lion/intellicar/ros2_ws/install/carla_msgs/include/carla_msgs/srv/detail/destroy_object__struct.hpp
[18.803s] -- Up-to-date: /home/lion/intellicar/ros2_ws/install/carla_msgs/include/carla_msgs/srv/destroy_object.hpp
[18.803s] -- Up-to-date: /home/lion/intellicar/ros2_ws/install/carla_msgs/include/carla_msgs/srv/get_blueprints.hpp
[18.803s] -- Up-to-date: /home/lion/intellicar/ros2_ws/install/carla_msgs/include/carla_msgs/srv/spawn_object.hpp
[18.803s] -- Up-to-date: /home/lion/intellicar/ros2_ws/install/carla_msgs/include/carla_msgs
[18.804s] -- Up-to-date: /home/lion/intellicar/ros2_ws/install/carla_msgs/include/carla_msgs/msg
[18.804s] -- Up-to-date: /home/lion/intellicar/ros2_ws/install/carla_msgs/include/carla_msgs/msg/detail
[18.804s] -- Up-to-date: /home/lion/intellicar/ros2_ws/install/carla_msgs/include/carla_msgs/msg/detail/carla_traffic_light_status__rosidl_typesupport_introspection_cpp.hpp
[18.804s] -- Up-to-date: /home/lion/intellicar/ros2_ws/install/carla_msgs/include/carla_msgs/msg/detail/carla_world_info__type_support.cpp
[18.804s] -- Up-to-date: /home/lion/intellicar/ros2_ws/install/carla_msgs/include/carla_msgs/msg/detail/carla_ego_vehicle_info_wheel__type_support.cpp
[18.804s] -- Up-to-date: /home/lion/intellicar/ros2_ws/install/carla_msgs/include/carla_msgs/msg/detail/carla_lane_invasion_event__rosidl_typesupport_introspection_cpp.hpp
[18.805s] -- Up-to-date: /home/lion/intellicar/ros2_ws/install/carla_msgs/include/carla_msgs/msg/detail/carla_ego_vehicle_control__type_support.cpp
[18.805s] -- Up-to-date: /home/lion/intellicar/ros2_ws/install/carla_msgs/include/carla_msgs/msg/detail/carla_weather_parameters__type_support.cpp
[18.806s] -- Up-to-date: /home/lion/intellicar/ros2_ws/install/carla_msgs/include/carla_msgs/msg/detail/carla_ego_vehicle_status__rosidl_typesupport_introspection_cpp.hpp
[18.806s] -- Up-to-date: /home/lion/intellicar/ros2_ws/install/carla_msgs/include/carla_msgs/msg/detail/carla_traffic_light_info_list__type_support.cpp
[18.806s] -- Up-to-date: /home/lion/intellicar/ros2_ws/install/carla_msgs/include/carla_msgs/msg/detail/carla_ego_vehicle_info__rosidl_typesupport_introspection_cpp.hpp
[18.807s] -- Up-to-date: /home/lion/intellicar/ros2_ws/install/carla_msgs/include/carla_msgs/msg/detail/carla_bounding_box__rosidl_typesupport_introspection_cpp.hpp
[18.808s] -- Up-to-date: /home/lion/intellicar/ros2_ws/install/carla_msgs/include/carla_msgs/msg/detail/carla_actor_list__rosidl_typesupport_introspection_cpp.hpp
[18.809s] -- Up-to-date: /home/lion/intellicar/ros2_ws/install/carla_msgs/include/carla_msgs/msg/detail/carla_ego_vehicle_status__type_support.cpp
[18.809s] -- Up-to-date: /home/lion/intellicar/ros2_ws/install/carla_msgs/include/carla_msgs/msg/detail/carla_lane_invasion_event__type_support.cpp
[18.810s] -- Up-to-date: /home/lion/intellicar/ros2_ws/install/carla_msgs/include/carla_msgs/msg/detail/carla_control__rosidl_typesupport_introspection_cpp.hpp
[18.810s] -- Up-to-date: /home/lion/intellicar/ros2_ws/install/carla_msgs/include/carla_msgs/msg/detail/carla_control__type_support.cpp
[18.810s] -- Up-to-date: /home/lion/intellicar/ros2_ws/install/carla_msgs/include/carla_msgs/msg/detail/carla_walker_control__rosidl_typesupport_introspection_cpp.hpp
[18.810s] -- Up-to-date: /home/lion/intellicar/ros2_ws/install/carla_msgs/include/carla_msgs/msg/detail/carla_traffic_light_info__rosidl_typesupport_introspection_cpp.hpp
[18.811s] -- Up-to-date: /home/lion/intellicar/ros2_ws/install/carla_msgs/include/carla_msgs/msg/detail/carla_traffic_light_status_list__rosidl_typesupport_introspection_cpp.hpp
[18.811s] -- Up-to-date: /home/lion/intellicar/ros2_ws/install/carla_msgs/include/carla_msgs/msg/detail/carla_actor_info__type_support.cpp
[18.811s] -- Up-to-date: /home/lion/intellicar/ros2_ws/install/carla_msgs/include/carla_msgs/msg/detail/carla_weather_parameters__rosidl_typesupport_introspection_cpp.hpp
[18.811s] -- Up-to-date: /home/lion/intellicar/ros2_ws/install/carla_msgs/include/carla_msgs/msg/detail/carla_bounding_box__type_support.cpp
[18.813s] -- Up-to-date: /home/lion/intellicar/ros2_ws/install/carla_msgs/include/carla_msgs/msg/detail/carla_ego_vehicle_info__type_support.cpp
[18.813s] -- Up-to-date: /home/lion/intellicar/ros2_ws/install/carla_msgs/include/carla_msgs/msg/detail/carla_traffic_light_status_list__type_support.cpp
[18.815s] -- Up-to-date: /home/lion/intellicar/ros2_ws/install/carla_msgs/include/carla_msgs/msg/detail/carla_actor_info__rosidl_typesupport_introspection_cpp.hpp
[18.815s] -- Up-to-date: /home/lion/intellicar/ros2_ws/install/carla_msgs/include/carla_msgs/msg/detail/carla_status__rosidl_typesupport_introspection_cpp.hpp
[18.816s] -- Up-to-date: /home/lion/intellicar/ros2_ws/install/carla_msgs/include/carla_msgs/msg/detail/carla_world_info__rosidl_typesupport_introspection_cpp.hpp
[18.816s] -- Up-to-date: /home/lion/intellicar/ros2_ws/install/carla_msgs/include/carla_msgs/msg/detail/carla_traffic_light_info__type_support.cpp
[18.817s] -- Up-to-date: /home/lion/intellicar/ros2_ws/install/carla_msgs/include/carla_msgs/msg/detail/carla_ego_vehicle_info_wheel__rosidl_typesupport_introspection_cpp.hpp
[18.817s] -- Up-to-date: /home/lion/intellicar/ros2_ws/install/carla_msgs/include/carla_msgs/msg/detail/carla_traffic_light_info_list__rosidl_typesupport_introspection_cpp.hpp
[18.817s] -- Up-to-date: /home/lion/intellicar/ros2_ws/install/carla_msgs/include/carla_msgs/msg/detail/carla_status__type_support.cpp
[18.817s] -- Up-to-date: /home/lion/intellicar/ros2_ws/install/carla_msgs/include/carla_msgs/msg/detail/carla_traffic_light_status__type_support.cpp
[18.817s] -- Up-to-date: /home/lion/intellicar/ros2_ws/install/carla_msgs/include/carla_msgs/msg/detail/carla_collision_event__type_support.cpp
[18.817s] -- Up-to-date: /home/lion/intellicar/ros2_ws/install/carla_msgs/include/carla_msgs/msg/detail/carla_ego_vehicle_control__rosidl_typesupport_introspection_cpp.hpp
[18.817s] -- Up-to-date: /home/lion/intellicar/ros2_ws/install/carla_msgs/include/carla_msgs/msg/detail/carla_collision_event__rosidl_typesupport_introspection_cpp.hpp
[18.817s] -- Up-to-date: /home/lion/intellicar/ros2_ws/install/carla_msgs/include/carla_msgs/msg/detail/carla_actor_list__type_support.cpp
[18.817s] -- Up-to-date: /home/lion/intellicar/ros2_ws/install/carla_msgs/include/carla_msgs/msg/detail/carla_walker_control__type_support.cpp
[18.817s] -- Up-to-date: /home/lion/intellicar/ros2_ws/install/carla_msgs/include/carla_msgs/srv
[18.818s] -- Up-to-date: /home/lion/intellicar/ros2_ws/install/carla_msgs/include/carla_msgs/srv/detail
[18.818s] -- Up-to-date: /home/lion/intellicar/ros2_ws/install/carla_msgs/include/carla_msgs/srv/detail/spawn_object__rosidl_typesupport_introspection_cpp.hpp
[18.818s] -- Up-to-date: /home/lion/intellicar/ros2_ws/install/carla_msgs/include/carla_msgs/srv/detail/spawn_object__type_support.cpp
[18.818s] -- Up-to-date: /home/lion/intellicar/ros2_ws/install/carla_msgs/include/carla_msgs/srv/detail/destroy_object__type_support.cpp
[18.818s] -- Up-to-date: /home/lion/intellicar/ros2_ws/install/carla_msgs/include/carla_msgs/srv/detail/get_blueprints__rosidl_typesupport_introspection_cpp.hpp
[18.818s] -- Up-to-date: /home/lion/intellicar/ros2_ws/install/carla_msgs/include/carla_msgs/srv/detail/destroy_object__rosidl_typesupport_introspection_cpp.hpp
[18.818s] -- Up-to-date: /home/lion/intellicar/ros2_ws/install/carla_msgs/include/carla_msgs/srv/detail/get_blueprints__type_support.cpp
[18.818s] -- Up-to-date: /home/lion/intellicar/ros2_ws/install/carla_msgs/lib/libcarla_msgs__rosidl_typesupport_introspection_cpp.so
[18.818s] -- Up-to-date: /home/lion/intellicar/ros2_ws/install/carla_msgs/lib/libcarla_msgs__rosidl_typesupport_cpp.so
[18.819s] -- Up-to-date: /home/lion/intellicar/ros2_ws/install/carla_msgs/share/carla_msgs/environment/pythonpath.sh
[18.819s] -- Up-to-date: /home/lion/intellicar/ros2_ws/install/carla_msgs/share/carla_msgs/environment/pythonpath.dsv
[18.819s] -- Up-to-date: /home/lion/intellicar/ros2_ws/install/carla_msgs/lib/python3.8/site-packages/carla_msgs/__init__.py
[18.819s] -- Up-to-date: /home/lion/intellicar/ros2_ws/install/carla_msgs/lib/python3.8/site-packages/carla_msgs/msg
[18.819s] -- Up-to-date: /home/lion/intellicar/ros2_ws/install/carla_msgs/lib/python3.8/site-packages/carla_msgs/msg/_carla_ego_vehicle_info_s.c
[18.819s] -- Up-to-date: /home/lion/intellicar/ros2_ws/install/carla_msgs/lib/python3.8/site-packages/carla_msgs/msg/_carla_actor_info.py
[18.819s] -- Up-to-date: /home/lion/intellicar/ros2_ws/install/carla_msgs/lib/python3.8/site-packages/carla_msgs/msg/_carla_weather_parameters_s.c
[18.819s] -- Up-to-date: /home/lion/intellicar/ros2_ws/install/carla_msgs/lib/python3.8/site-packages/carla_msgs/msg/_carla_lane_invasion_event.py
[18.820s] -- Up-to-date: /home/lion/intellicar/ros2_ws/install/carla_msgs/lib/python3.8/site-packages/carla_msgs/msg/_carla_world_info.py
[18.820s] -- Up-to-date: /home/lion/intellicar/ros2_ws/install/carla_msgs/lib/python3.8/site-packages/carla_msgs/msg/_carla_weather_parameters.py
[18.820s] -- Up-to-date: /home/lion/intellicar/ros2_ws/install/carla_msgs/lib/python3.8/site-packages/carla_msgs/msg/_carla_ego_vehicle_info_wheel.py
[18.820s] -- Up-to-date: /home/lion/intellicar/ros2_ws/install/carla_msgs/lib/python3.8/site-packages/carla_msgs/msg/_carla_collision_event.py
[18.820s] -- Up-to-date: /home/lion/intellicar/ros2_ws/install/carla_msgs/lib/python3.8/site-packages/carla_msgs/msg/_carla_traffic_light_info_list.py
[18.820s] -- Up-to-date: /home/lion/intellicar/ros2_ws/install/carla_msgs/lib/python3.8/site-packages/carla_msgs/msg/_carla_bounding_box_s.c
[18.820s] -- Up-to-date: /home/lion/intellicar/ros2_ws/install/carla_msgs/lib/python3.8/site-packages/carla_msgs/msg/_carla_actor_list_s.c
[18.821s] -- Up-to-date: /home/lion/intellicar/ros2_ws/install/carla_msgs/lib/python3.8/site-packages/carla_msgs/msg/_carla_ego_vehicle_control.py
[18.821s] -- Up-to-date: /home/lion/intellicar/ros2_ws/install/carla_msgs/lib/python3.8/site-packages/carla_msgs/msg/_carla_bounding_box.py
[18.821s] -- Up-to-date: /home/lion/intellicar/ros2_ws/install/carla_msgs/lib/python3.8/site-packages/carla_msgs/msg/_carla_walker_control_s.c
[18.821s] -- Up-to-date: /home/lion/intellicar/ros2_ws/install/carla_msgs/lib/python3.8/site-packages/carla_msgs/msg/_carla_collision_event_s.c
[18.821s] -- Up-to-date: /home/lion/intellicar/ros2_ws/install/carla_msgs/lib/python3.8/site-packages/carla_msgs/msg/_carla_ego_vehicle_info_wheel_s.c
[18.821s] -- Up-to-date: /home/lion/intellicar/ros2_ws/install/carla_msgs/lib/python3.8/site-packages/carla_msgs/msg/__init__.py
[18.821s] -- Up-to-date: /home/lion/intellicar/ros2_ws/install/carla_msgs/lib/python3.8/site-packages/carla_msgs/msg/_carla_control_s.c
[18.822s] -- Up-to-date: /home/lion/intellicar/ros2_ws/install/carla_msgs/lib/python3.8/site-packages/carla_msgs/msg/_carla_walker_control.py
[18.822s] -- Up-to-date: /home/lion/intellicar/ros2_ws/install/carla_msgs/lib/python3.8/site-packages/carla_msgs/msg/_carla_ego_vehicle_control_s.c
[18.822s] -- Up-to-date: /home/lion/intellicar/ros2_ws/install/carla_msgs/lib/python3.8/site-packages/carla_msgs/msg/_carla_traffic_light_status_list_s.c
[18.822s] -- Up-to-date: /home/lion/intellicar/ros2_ws/install/carla_msgs/lib/python3.8/site-packages/carla_msgs/msg/_carla_control.py
[18.822s] -- Up-to-date: /home/lion/intellicar/ros2_ws/install/carla_msgs/lib/python3.8/site-packages/carla_msgs/msg/_carla_world_info_s.c
[18.822s] -- Up-to-date: /home/lion/intellicar/ros2_ws/install/carla_msgs/lib/python3.8/site-packages/carla_msgs/msg/_carla_lane_invasion_event_s.c
[18.822s] -- Up-to-date: /home/lion/intellicar/ros2_ws/install/carla_msgs/lib/python3.8/site-packages/carla_msgs/msg/_carla_traffic_light_info_s.c
[18.822s] -- Up-to-date: /home/lion/intellicar/ros2_ws/install/carla_msgs/lib/python3.8/site-packages/carla_msgs/msg/_carla_traffic_light_info_list_s.c
[18.822s] -- Up-to-date: /home/lion/intellicar/ros2_ws/install/carla_msgs/lib/python3.8/site-packages/carla_msgs/msg/_carla_traffic_light_status.py
[18.823s] -- Up-to-date: /home/lion/intellicar/ros2_ws/install/carla_msgs/lib/python3.8/site-packages/carla_msgs/msg/_carla_actor_list.py
[18.823s] -- Up-to-date: /home/lion/intellicar/ros2_ws/install/carla_msgs/lib/python3.8/site-packages/carla_msgs/msg/_carla_traffic_light_info.py
[18.823s] -- Up-to-date: /home/lion/intellicar/ros2_ws/install/carla_msgs/lib/python3.8/site-packages/carla_msgs/msg/_carla_ego_vehicle_info.py
[18.823s] -- Up-to-date: /home/lion/intellicar/ros2_ws/install/carla_msgs/lib/python3.8/site-packages/carla_msgs/msg/_carla_traffic_light_status_s.c
[18.823s] -- Up-to-date: /home/lion/intellicar/ros2_ws/install/carla_msgs/lib/python3.8/site-packages/carla_msgs/msg/_carla_traffic_light_status_list.py
[18.823s] -- Up-to-date: /home/lion/intellicar/ros2_ws/install/carla_msgs/lib/python3.8/site-packages/carla_msgs/msg/_carla_status_s.c
[18.823s] -- Up-to-date: /home/lion/intellicar/ros2_ws/install/carla_msgs/lib/python3.8/site-packages/carla_msgs/msg/_carla_ego_vehicle_status_s.c
[18.823s] -- Up-to-date: /home/lion/intellicar/ros2_ws/install/carla_msgs/lib/python3.8/site-packages/carla_msgs/msg/_carla_actor_info_s.c
[18.823s] -- Up-to-date: /home/lion/intellicar/ros2_ws/install/carla_msgs/lib/python3.8/site-packages/carla_msgs/msg/_carla_ego_vehicle_status.py
[18.823s] -- Up-to-date: /home/lion/intellicar/ros2_ws/install/carla_msgs/lib/python3.8/site-packages/carla_msgs/msg/_carla_status.py
[18.823s] -- Up-to-date: /home/lion/intellicar/ros2_ws/install/carla_msgs/lib/python3.8/site-packages/carla_msgs/srv
[18.823s] -- Up-to-date: /home/lion/intellicar/ros2_ws/install/carla_msgs/lib/python3.8/site-packages/carla_msgs/srv/_spawn_object_s.c
[18.824s] -- Up-to-date: /home/lion/intellicar/ros2_ws/install/carla_msgs/lib/python3.8/site-packages/carla_msgs/srv/_destroy_object_s.c
[18.824s] -- Up-to-date: /home/lion/intellicar/ros2_ws/install/carla_msgs/lib/python3.8/site-packages/carla_msgs/srv/__init__.py
[18.824s] -- Up-to-date: /home/lion/intellicar/ros2_ws/install/carla_msgs/lib/python3.8/site-packages/carla_msgs/srv/_destroy_object.py
[18.824s] -- Up-to-date: /home/lion/intellicar/ros2_ws/install/carla_msgs/lib/python3.8/site-packages/carla_msgs/srv/_get_blueprints.py
[18.824s] -- Up-to-date: /home/lion/intellicar/ros2_ws/install/carla_msgs/lib/python3.8/site-packages/carla_msgs/srv/_get_blueprints_s.c
[18.824s] -- Up-to-date: /home/lion/intellicar/ros2_ws/install/carla_msgs/lib/python3.8/site-packages/carla_msgs/srv/_spawn_object.py
[18.824s] -- Up-to-date: /home/lion/intellicar/ros2_ws/install/carla_msgs/lib/python3.8/site-packages/carla_msgs/carla_msgs_s__rosidl_typesupport_fastrtps_c.cpython-38-x86_64-linux-gnu.so
[18.824s] -- Up-to-date: /home/lion/intellicar/ros2_ws/install/carla_msgs/lib/python3.8/site-packages/carla_msgs/carla_msgs_s__rosidl_typesupport_introspection_c.cpython-38-x86_64-linux-gnu.so
[18.824s] -- Up-to-date: /home/lion/intellicar/ros2_ws/install/carla_msgs/lib/python3.8/site-packages/carla_msgs/carla_msgs_s__rosidl_typesupport_c.cpython-38-x86_64-linux-gnu.so
[18.824s] -- Up-to-date: /home/lion/intellicar/ros2_ws/install/carla_msgs/lib/libcarla_msgs__python.so
[18.825s] -- Up-to-date: /home/lion/intellicar/ros2_ws/install/carla_msgs/share/carla_msgs/msg/CarlaBoundingBox.idl
[18.825s] -- Up-to-date: /home/lion/intellicar/ros2_ws/install/carla_msgs/share/carla_msgs/msg/CarlaEgoVehicleControl.idl
[18.825s] -- Up-to-date: /home/lion/intellicar/ros2_ws/install/carla_msgs/share/carla_msgs/msg/CarlaEgoVehicleStatus.idl
[18.825s] -- Up-to-date: /home/lion/intellicar/ros2_ws/install/carla_msgs/share/carla_msgs/msg/CarlaEgoVehicleInfoWheel.idl
[18.825s] -- Up-to-date: /home/lion/intellicar/ros2_ws/install/carla_msgs/share/carla_msgs/msg/CarlaEgoVehicleInfo.idl
[18.825s] -- Up-to-date: /home/lion/intellicar/ros2_ws/install/carla_msgs/share/carla_msgs/msg/CarlaCollisionEvent.idl
[18.825s] -- Up-to-date: /home/lion/intellicar/ros2_ws/install/carla_msgs/share/carla_msgs/msg/CarlaLaneInvasionEvent.idl
[18.825s] -- Up-to-date: /home/lion/intellicar/ros2_ws/install/carla_msgs/share/carla_msgs/msg/CarlaWorldInfo.idl
[18.825s] -- Up-to-date: /home/lion/intellicar/ros2_ws/install/carla_msgs/share/carla_msgs/msg/CarlaActorInfo.idl
[18.825s] -- Up-to-date: /home/lion/intellicar/ros2_ws/install/carla_msgs/share/carla_msgs/msg/CarlaActorList.idl
[18.825s] -- Up-to-date: /home/lion/intellicar/ros2_ws/install/carla_msgs/share/carla_msgs/msg/CarlaControl.idl
[18.826s] -- Up-to-date: /home/lion/intellicar/ros2_ws/install/carla_msgs/share/carla_msgs/msg/CarlaStatus.idl
[18.826s] -- Up-to-date: /home/lion/intellicar/ros2_ws/install/carla_msgs/share/carla_msgs/msg/CarlaTrafficLightInfo.idl
[18.826s] -- Up-to-date: /home/lion/intellicar/ros2_ws/install/carla_msgs/share/carla_msgs/msg/CarlaTrafficLightInfoList.idl
[18.826s] -- Up-to-date: /home/lion/intellicar/ros2_ws/install/carla_msgs/share/carla_msgs/msg/CarlaTrafficLightStatus.idl
[18.826s] -- Up-to-date: /home/lion/intellicar/ros2_ws/install/carla_msgs/share/carla_msgs/msg/CarlaTrafficLightStatusList.idl
[18.826s] -- Up-to-date: /home/lion/intellicar/ros2_ws/install/carla_msgs/share/carla_msgs/msg/CarlaWalkerControl.idl
[18.826s] -- Up-to-date: /home/lion/intellicar/ros2_ws/install/carla_msgs/share/carla_msgs/msg/CarlaWeatherParameters.idl
[18.826s] -- Up-to-date: /home/lion/intellicar/ros2_ws/install/carla_msgs/share/carla_msgs/srv/SpawnObject.idl
[18.826s] -- Up-to-date: /home/lion/intellicar/ros2_ws/install/carla_msgs/share/carla_msgs/srv/DestroyObject.idl
[18.826s] -- Up-to-date: /home/lion/intellicar/ros2_ws/install/carla_msgs/share/carla_msgs/srv/GetBlueprints.idl
[18.827s] -- Up-to-date: /home/lion/intellicar/ros2_ws/install/carla_msgs/share/carla_msgs/msg/CarlaBoundingBox.msg
[18.827s] -- Up-to-date: /home/lion/intellicar/ros2_ws/install/carla_msgs/share/carla_msgs/msg/CarlaEgoVehicleControl.msg
[18.827s] -- Up-to-date: /home/lion/intellicar/ros2_ws/install/carla_msgs/share/carla_msgs/msg/CarlaEgoVehicleStatus.msg
[18.827s] -- Up-to-date: /home/lion/intellicar/ros2_ws/install/carla_msgs/share/carla_msgs/msg/CarlaEgoVehicleInfoWheel.msg
[18.827s] -- Up-to-date: /home/lion/intellicar/ros2_ws/install/carla_msgs/share/carla_msgs/msg/CarlaEgoVehicleInfo.msg
[18.827s] -- Up-to-date: /home/lion/intellicar/ros2_ws/install/carla_msgs/share/carla_msgs/msg/CarlaCollisionEvent.msg
[18.827s] -- Up-to-date: /home/lion/intellicar/ros2_ws/install/carla_msgs/share/carla_msgs/msg/CarlaLaneInvasionEvent.msg
[18.827s] -- Up-to-date: /home/lion/intellicar/ros2_ws/install/carla_msgs/share/carla_msgs/msg/CarlaWorldInfo.msg
[18.827s] -- Up-to-date: /home/lion/intellicar/ros2_ws/install/carla_msgs/share/carla_msgs/msg/CarlaActorInfo.msg
[18.830s] -- Up-to-date: /home/lion/intellicar/ros2_ws/install/carla_msgs/share/carla_msgs/msg/CarlaActorList.msg
[18.831s] -- Up-to-date: /home/lion/intellicar/ros2_ws/install/carla_msgs/share/carla_msgs/msg/CarlaControl.msg
[18.832s] -- Up-to-date: /home/lion/intellicar/ros2_ws/install/carla_msgs/share/carla_msgs/msg/CarlaStatus.msg
[18.832s] -- Up-to-date: /home/lion/intellicar/ros2_ws/install/carla_msgs/share/carla_msgs/msg/CarlaTrafficLightInfo.msg
[18.836s] -- Up-to-date: /home/lion/intellicar/ros2_ws/install/carla_msgs/share/carla_msgs/msg/CarlaTrafficLightInfoList.msg
[18.838s] -- Up-to-date: /home/lion/intellicar/ros2_ws/install/carla_msgs/share/carla_msgs/msg/CarlaTrafficLightStatus.msg
[18.839s] -- Up-to-date: /home/lion/intellicar/ros2_ws/install/carla_msgs/share/carla_msgs/msg/CarlaTrafficLightStatusList.msg
[18.841s] -- Up-to-date: /home/lion/intellicar/ros2_ws/install/carla_msgs/share/carla_msgs/msg/CarlaWalkerControl.msg
[18.841s] -- Up-to-date: /home/lion/intellicar/ros2_ws/install/carla_msgs/share/carla_msgs/msg/CarlaWeatherParameters.msg
[18.841s] -- Up-to-date: /home/lion/intellicar/ros2_ws/install/carla_msgs/share/carla_msgs/srv/SpawnObject.srv
[18.841s] -- Up-to-date: /home/lion/intellicar/ros2_ws/install/carla_msgs/share/carla_msgs/srv/SpawnObject_Request.msg
[18.841s] -- Up-to-date: /home/lion/intellicar/ros2_ws/install/carla_msgs/share/carla_msgs/srv/SpawnObject_Response.msg
[18.841s] -- Up-to-date: /home/lion/intellicar/ros2_ws/install/carla_msgs/share/carla_msgs/srv/DestroyObject.srv
[18.842s] -- Up-to-date: /home/lion/intellicar/ros2_ws/install/carla_msgs/share/carla_msgs/srv/DestroyObject_Request.msg
[18.842s] -- Up-to-date: /home/lion/intellicar/ros2_ws/install/carla_msgs/share/carla_msgs/srv/DestroyObject_Response.msg
[18.842s] -- Up-to-date: /home/lion/intellicar/ros2_ws/install/carla_msgs/share/carla_msgs/srv/GetBlueprints.srv
[18.842s] -- Up-to-date: /home/lion/intellicar/ros2_ws/install/carla_msgs/share/carla_msgs/srv/GetBlueprints_Request.msg
[18.842s] -- Up-to-date: /home/lion/intellicar/ros2_ws/install/carla_msgs/share/carla_msgs/srv/GetBlueprints_Response.msg
[18.844s] -- Up-to-date: /home/lion/intellicar/ros2_ws/install/carla_msgs/share/ament_index/resource_index/package_run_dependencies/carla_msgs
[18.844s] -- Up-to-date: /home/lion/intellicar/ros2_ws/install/carla_msgs/share/ament_index/resource_index/parent_prefix_path/carla_msgs
[18.844s] -- Up-to-date: /home/lion/intellicar/ros2_ws/install/carla_msgs/share/carla_msgs/environment/ament_prefix_path.sh
[18.844s] -- Up-to-date: /home/lion/intellicar/ros2_ws/install/carla_msgs/share/carla_msgs/environment/ament_prefix_path.dsv
[18.844s] -- Up-to-date: /home/lion/intellicar/ros2_ws/install/carla_msgs/share/carla_msgs/environment/path.sh
[18.847s] -- Up-to-date: /home/lion/intellicar/ros2_ws/install/carla_msgs/share/carla_msgs/environment/path.dsv
[18.847s] -- Up-to-date: /home/lion/intellicar/ros2_ws/install/carla_msgs/share/carla_msgs/local_setup.bash
[18.848s] -- Up-to-date: /home/lion/intellicar/ros2_ws/install/carla_msgs/share/carla_msgs/local_setup.sh
[18.849s] -- Up-to-date: /home/lion/intellicar/ros2_ws/install/carla_msgs/share/carla_msgs/local_setup.zsh
[18.849s] -- Up-to-date: /home/lion/intellicar/ros2_ws/install/carla_msgs/share/carla_msgs/local_setup.dsv
[18.849s] -- Installing: /home/lion/intellicar/ros2_ws/install/carla_msgs/share/carla_msgs/package.dsv
[18.850s] -- Up-to-date: /home/lion/intellicar/ros2_ws/install/carla_msgs/share/ament_index/resource_index/packages/carla_msgs
[18.850s] -- Up-to-date: /home/lion/intellicar/ros2_ws/install/carla_msgs/share/carla_msgs/cmake/carla_msgs__rosidl_generator_cExport.cmake
[18.850s] -- Up-to-date: /home/lion/intellicar/ros2_ws/install/carla_msgs/share/carla_msgs/cmake/carla_msgs__rosidl_generator_cExport-noconfig.cmake
[18.850s] -- Up-to-date: /home/lion/intellicar/ros2_ws/install/carla_msgs/share/carla_msgs/cmake/carla_msgs__rosidl_typesupport_introspection_cExport.cmake
[18.850s] -- Up-to-date: /home/lion/intellicar/ros2_ws/install/carla_msgs/share/carla_msgs/cmake/carla_msgs__rosidl_typesupport_introspection_cExport-noconfig.cmake
[18.850s] -- Up-to-date: /home/lion/intellicar/ros2_ws/install/carla_msgs/share/carla_msgs/cmake/carla_msgs__rosidl_typesupport_cExport.cmake
[18.850s] -- Up-to-date: /home/lion/intellicar/ros2_ws/install/carla_msgs/share/carla_msgs/cmake/carla_msgs__rosidl_typesupport_cExport-noconfig.cmake
[18.854s] -- Up-to-date: /home/lion/intellicar/ros2_ws/install/carla_msgs/share/carla_msgs/cmake/carla_msgs__rosidl_generator_cppExport.cmake
[18.855s] -- Up-to-date: /home/lion/intellicar/ros2_ws/install/carla_msgs/share/carla_msgs/cmake/carla_msgs__rosidl_typesupport_introspection_cppExport.cmake
[18.856s] -- Up-to-date: /home/lion/intellicar/ros2_ws/install/carla_msgs/share/carla_msgs/cmake/carla_msgs__rosidl_typesupport_introspection_cppExport-noconfig.cmake
[18.856s] -- Up-to-date: /home/lion/intellicar/ros2_ws/install/carla_msgs/share/carla_msgs/cmake/carla_msgs__rosidl_typesupport_cppExport.cmake
[18.856s] -- Up-to-date: /home/lion/intellicar/ros2_ws/install/carla_msgs/share/carla_msgs/cmake/carla_msgs__rosidl_typesupport_cppExport-noconfig.cmake
[18.857s] -- Up-to-date: /home/lion/intellicar/ros2_ws/install/carla_msgs/share/carla_msgs/cmake/rosidl_cmake-extras.cmake
[18.857s] -- Up-to-date: /home/lion/intellicar/ros2_ws/install/carla_msgs/share/carla_msgs/cmake/ament_cmake_export_dependencies-extras.cmake
[18.858s] -- Up-to-date: /home/lion/intellicar/ros2_ws/install/carla_msgs/share/carla_msgs/cmake/ament_cmake_export_libraries-extras.cmake
[18.858s] -- Up-to-date: /home/lion/intellicar/ros2_ws/install/carla_msgs/share/carla_msgs/cmake/ament_cmake_export_targets-extras.cmake
[18.861s] -- Up-to-date: /home/lion/intellicar/ros2_ws/install/carla_msgs/share/carla_msgs/cmake/ament_cmake_export_include_directories-extras.cmake
[18.862s] -- Up-to-date: /home/lion/intellicar/ros2_ws/install/carla_msgs/share/carla_msgs/cmake/rosidl_cmake_export_typesupport_libraries-extras.cmake
[18.862s] -- Up-to-date: /home/lion/intellicar/ros2_ws/install/carla_msgs/share/carla_msgs/cmake/rosidl_cmake_export_typesupport_targets-extras.cmake
[18.863s] -- Up-to-date: /home/lion/intellicar/ros2_ws/install/carla_msgs/share/carla_msgs/cmake/carla_msgsConfig.cmake
[18.864s] -- Up-to-date: /home/lion/intellicar/ros2_ws/install/carla_msgs/share/carla_msgs/cmake/carla_msgsConfig-version.cmake
[18.864s] -- Up-to-date: /home/lion/intellicar/ros2_ws/install/carla_msgs/share/carla_msgs/package.xml
[22.480s] Invoked command in '/home/lion/intellicar/ros2_ws/build/carla_msgs' returned '0': CMAKE_PREFIX_PATH=${CMAKE_PREFIX_PATH}:/home/lion/intellicar/ros2_ws/install/carla_ad_demo:/home/lion/intellicar/ros2_ws/install/rqt_carla_control:/home/lion/intellicar/ros2_ws/install/carla_waypoint_publisher:/home/lion/intellicar/ros2_ws/install/carla_ackermann_control:/home/lion/intellicar/ros2_ws/install/carla_ros_bridge:/home/lion/intellicar/ros2_ws/install/carla_spawn_objects:/home/lion/intellicar/ros2_ws/install/carla_manual_control:/home/lion/intellicar/ros2_ws/install/carla_ad_agent:/home/lion/intellicar/ros2_ws/install/ros_compatibility:/home/lion/intellicar/ros2_ws/install/carla_walker_agent:/home/lion/intellicar/ros2_ws/install/carla_twist_to_control:/home/lion/intellicar/ros2_ws/install/carla_ros_scenario_runner:/home/lion/intellicar/ros2_ws/install/carla_common:/opt/ros/foxy /usr/bin/cmake --install /home/lion/intellicar/ros2_ws/build/carla_msgs
