[7.736s] Invoking command in '/home/lion/intellicar/ros2_ws/build/carla_waypoint_types': CMAKE_PREFIX_PATH=${CMAKE_PREFIX_PATH}:/home/lion/intellicar/ros2_ws/install/carla_ad_demo:/home/lion/intellicar/ros2_ws/install/rqt_carla_control:/home/lion/intellicar/ros2_ws/install/carla_waypoint_publisher:/home/lion/intellicar/ros2_ws/install/carla_ackermann_control:/home/lion/intellicar/ros2_ws/install/carla_ros_bridge:/home/lion/intellicar/ros2_ws/install/carla_spawn_objects:/home/lion/intellicar/ros2_ws/install/carla_manual_control:/home/lion/intellicar/ros2_ws/install/carla_ad_agent:/home/lion/intellicar/ros2_ws/install/ros_compatibility:/home/lion/intellicar/ros2_ws/install/carla_walker_agent:/home/lion/intellicar/ros2_ws/install/carla_twist_to_control:/home/lion/intellicar/ros2_ws/install/carla_ros_scenario_runner:/home/lion/intellicar/ros2_ws/install/carla_common:/opt/ros/foxy /usr/bin/cmake --build /home/lion/intellicar/ros2_ws/build/carla_waypoint_types -- -j16 -l16
[12.235s] [  4%] Built target carla_waypoint_types__cpp
[12.236s] [ 12%] Built target carla_waypoint_types__rosidl_generator_c
[12.236s] [ 23%] Built target carla_waypoint_types__rosidl_typesupport_introspection_c
[12.236s] [ 53%] Built target carla_waypoint_types__rosidl_typesupport_introspection_cpp
[12.236s] [ 53%] Built target carla_waypoint_types__rosidl_typesupport_cpp
[12.236s] [ 55%] Built target carla_waypoint_types__rosidl_typesupport_fastrtps_cpp
[12.236s] [ 65%] Built target carla_waypoint_types__rosidl_typesupport_c
[12.236s] [ 76%] Built target carla_waypoint_types__rosidl_typesupport_fastrtps_c
[12.236s] [ 76%] Built target carla_waypoint_types
[12.236s] [ 78%] Built target carla_waypoint_types__py
[12.236s] [ 87%] Built target carla_waypoint_types__python
[12.236s] [ 91%] Built target carla_waypoint_types__rosidl_typesupport_c__pyext
[12.236s] [ 95%] Built target carla_waypoint_types__rosidl_typesupport_fastrtps_c__pyext
[12.237s] [100%] Built target carla_waypoint_types__rosidl_typesupport_introspection_c__pyext
[12.252s] Invoked command in '/home/lion/intellicar/ros2_ws/build/carla_waypoint_types' returned '0': CMAKE_PREFIX_PATH=${CMAKE_PREFIX_PATH}:/home/lion/intellicar/ros2_ws/install/carla_ad_demo:/home/lion/intellicar/ros2_ws/install/rqt_carla_control:/home/lion/intellicar/ros2_ws/install/carla_waypoint_publisher:/home/lion/intellicar/ros2_ws/install/carla_ackermann_control:/home/lion/intellicar/ros2_ws/install/carla_ros_bridge:/home/lion/intellicar/ros2_ws/install/carla_spawn_objects:/home/lion/intellicar/ros2_ws/install/carla_manual_control:/home/lion/intellicar/ros2_ws/install/carla_ad_agent:/home/lion/intellicar/ros2_ws/install/ros_compatibility:/home/lion/intellicar/ros2_ws/install/carla_walker_agent:/home/lion/intellicar/ros2_ws/install/carla_twist_to_control:/home/lion/intellicar/ros2_ws/install/carla_ros_scenario_runner:/home/lion/intellicar/ros2_ws/install/carla_common:/opt/ros/foxy /usr/bin/cmake --build /home/lion/intellicar/ros2_ws/build/carla_waypoint_types -- -j16 -l16
[12.414s] Invoking command in '/home/lion/intellicar/ros2_ws/build/carla_waypoint_types': CMAKE_PREFIX_PATH=${CMAKE_PREFIX_PATH}:/home/lion/intellicar/ros2_ws/install/carla_ad_demo:/home/lion/intellicar/ros2_ws/install/rqt_carla_control:/home/lion/intellicar/ros2_ws/install/carla_waypoint_publisher:/home/lion/intellicar/ros2_ws/install/carla_ackermann_control:/home/lion/intellicar/ros2_ws/install/carla_ros_bridge:/home/lion/intellicar/ros2_ws/install/carla_spawn_objects:/home/lion/intellicar/ros2_ws/install/carla_manual_control:/home/lion/intellicar/ros2_ws/install/carla_ad_agent:/home/lion/intellicar/ros2_ws/install/ros_compatibility:/home/lion/intellicar/ros2_ws/install/carla_walker_agent:/home/lion/intellicar/ros2_ws/install/carla_twist_to_control:/home/lion/intellicar/ros2_ws/install/carla_ros_scenario_runner:/home/lion/intellicar/ros2_ws/install/carla_common:/opt/ros/foxy /usr/bin/cmake --install /home/lion/intellicar/ros2_ws/build/carla_waypoint_types
[12.431s] -- Install configuration: ""
[12.451s] -- Up-to-date: /home/lion/intellicar/ros2_ws/install/carla_waypoint_types/share/ament_index/resource_index/rosidl_interfaces/carla_waypoint_types
[12.452s] -- Up-to-date: /home/lion/intellicar/ros2_ws/install/carla_waypoint_types/include/carla_waypoint_types
[12.458s] -- Up-to-date: /home/lion/intellicar/ros2_ws/install/carla_waypoint_types/include/carla_waypoint_types/msg
[12.459s] -- Up-to-date: /home/lion/intellicar/ros2_ws/install/carla_waypoint_types/include/carla_waypoint_types/msg/detail
[12.461s] -- Up-to-date: /home/lion/intellicar/ros2_ws/install/carla_waypoint_types/include/carla_waypoint_types/msg/detail/carla_waypoint__struct.h
[12.461s] -- Up-to-date: /home/lion/intellicar/ros2_ws/install/carla_waypoint_types/include/carla_waypoint_types/msg/detail/carla_waypoint__type_support.h
[12.462s] -- Up-to-date: /home/lion/intellicar/ros2_ws/install/carla_waypoint_types/include/carla_waypoint_types/msg/detail/carla_waypoint__functions.h
[12.463s] -- Up-to-date: /home/lion/intellicar/ros2_ws/install/carla_waypoint_types/include/carla_waypoint_types/msg/detail/carla_waypoint__functions.c
[12.463s] -- Up-to-date: /home/lion/intellicar/ros2_ws/install/carla_waypoint_types/include/carla_waypoint_types/msg/carla_waypoint.h
[12.473s] -- Up-to-date: /home/lion/intellicar/ros2_ws/install/carla_waypoint_types/include/carla_waypoint_types/msg/rosidl_generator_c__visibility_control.h
[12.473s] -- Up-to-date: /home/lion/intellicar/ros2_ws/install/carla_waypoint_types/include/carla_waypoint_types/srv
[12.473s] -- Up-to-date: /home/lion/intellicar/ros2_ws/install/carla_waypoint_types/include/carla_waypoint_types/srv/detail
[12.473s] -- Up-to-date: /home/lion/intellicar/ros2_ws/install/carla_waypoint_types/include/carla_waypoint_types/srv/detail/get_waypoint__struct.h
[12.473s] -- Up-to-date: /home/lion/intellicar/ros2_ws/install/carla_waypoint_types/include/carla_waypoint_types/srv/detail/get_actor_waypoint__functions.h
[12.474s] -- Up-to-date: /home/lion/intellicar/ros2_ws/install/carla_waypoint_types/include/carla_waypoint_types/srv/detail/get_waypoint__functions.h
[12.474s] -- Up-to-date: /home/lion/intellicar/ros2_ws/install/carla_waypoint_types/include/carla_waypoint_types/srv/detail/get_actor_waypoint__struct.h
[12.474s] -- Up-to-date: /home/lion/intellicar/ros2_ws/install/carla_waypoint_types/include/carla_waypoint_types/srv/detail/get_waypoint__type_support.h
[12.474s] -- Up-to-date: /home/lion/intellicar/ros2_ws/install/carla_waypoint_types/include/carla_waypoint_types/srv/detail/get_actor_waypoint__functions.c
[12.474s] -- Up-to-date: /home/lion/intellicar/ros2_ws/install/carla_waypoint_types/include/carla_waypoint_types/srv/detail/get_waypoint__functions.c
[12.474s] -- Up-to-date: /home/lion/intellicar/ros2_ws/install/carla_waypoint_types/include/carla_waypoint_types/srv/detail/get_actor_waypoint__type_support.h
[12.474s] -- Up-to-date: /home/lion/intellicar/ros2_ws/install/carla_waypoint_types/include/carla_waypoint_types/srv/get_actor_waypoint.h
[12.474s] -- Up-to-date: /home/lion/intellicar/ros2_ws/install/carla_waypoint_types/include/carla_waypoint_types/srv/get_waypoint.h
[12.474s] -- Up-to-date: /home/lion/intellicar/ros2_ws/install/carla_waypoint_types/share/carla_waypoint_types/environment/library_path.sh
[12.474s] -- Up-to-date: /home/lion/intellicar/ros2_ws/install/carla_waypoint_types/share/carla_waypoint_types/environment/library_path.dsv
[12.475s] -- Up-to-date: /home/lion/intellicar/ros2_ws/install/carla_waypoint_types/lib/libcarla_waypoint_types__rosidl_generator_c.so
[12.475s] -- Up-to-date: /home/lion/intellicar/ros2_ws/install/carla_waypoint_types/include/carla_waypoint_types
[12.475s] -- Up-to-date: /home/lion/intellicar/ros2_ws/install/carla_waypoint_types/include/carla_waypoint_types/msg
[12.476s] -- Up-to-date: /home/lion/intellicar/ros2_ws/install/carla_waypoint_types/include/carla_waypoint_types/msg/detail
[12.476s] -- Up-to-date: /home/lion/intellicar/ros2_ws/install/carla_waypoint_types/include/carla_waypoint_types/msg/detail/carla_waypoint__rosidl_typesupport_fastrtps_c.h
[12.476s] -- Up-to-date: /home/lion/intellicar/ros2_ws/install/carla_waypoint_types/include/carla_waypoint_types/msg/rosidl_typesupport_fastrtps_c__visibility_control.h
[12.476s] -- Up-to-date: /home/lion/intellicar/ros2_ws/install/carla_waypoint_types/include/carla_waypoint_types/srv
[12.476s] -- Up-to-date: /home/lion/intellicar/ros2_ws/install/carla_waypoint_types/include/carla_waypoint_types/srv/detail
[12.476s] -- Up-to-date: /home/lion/intellicar/ros2_ws/install/carla_waypoint_types/include/carla_waypoint_types/srv/detail/get_waypoint__rosidl_typesupport_fastrtps_c.h
[12.476s] -- Up-to-date: /home/lion/intellicar/ros2_ws/install/carla_waypoint_types/include/carla_waypoint_types/srv/detail/get_actor_waypoint__rosidl_typesupport_fastrtps_c.h
[12.476s] -- Up-to-date: /home/lion/intellicar/ros2_ws/install/carla_waypoint_types/lib/libcarla_waypoint_types__rosidl_typesupport_fastrtps_c.so
[12.476s] -- Up-to-date: /home/lion/intellicar/ros2_ws/install/carla_waypoint_types/include/carla_waypoint_types
[12.477s] -- Up-to-date: /home/lion/intellicar/ros2_ws/install/carla_waypoint_types/include/carla_waypoint_types/msg
[12.477s] -- Up-to-date: /home/lion/intellicar/ros2_ws/install/carla_waypoint_types/include/carla_waypoint_types/msg/detail
[12.477s] -- Up-to-date: /home/lion/intellicar/ros2_ws/install/carla_waypoint_types/include/carla_waypoint_types/msg/detail/carla_waypoint__rosidl_typesupport_fastrtps_cpp.hpp
[12.477s] -- Up-to-date: /home/lion/intellicar/ros2_ws/install/carla_waypoint_types/include/carla_waypoint_types/msg/detail/dds_fastrtps
[12.477s] -- Up-to-date: /home/lion/intellicar/ros2_ws/install/carla_waypoint_types/include/carla_waypoint_types/msg/rosidl_typesupport_fastrtps_cpp__visibility_control.h
[12.477s] -- Up-to-date: /home/lion/intellicar/ros2_ws/install/carla_waypoint_types/include/carla_waypoint_types/srv
[12.477s] -- Up-to-date: /home/lion/intellicar/ros2_ws/install/carla_waypoint_types/include/carla_waypoint_types/srv/detail
[12.477s] -- Up-to-date: /home/lion/intellicar/ros2_ws/install/carla_waypoint_types/include/carla_waypoint_types/srv/detail/get_waypoint__rosidl_typesupport_fastrtps_cpp.hpp
[12.477s] -- Up-to-date: /home/lion/intellicar/ros2_ws/install/carla_waypoint_types/include/carla_waypoint_types/srv/detail/dds_fastrtps
[12.477s] -- Up-to-date: /home/lion/intellicar/ros2_ws/install/carla_waypoint_types/include/carla_waypoint_types/srv/detail/get_actor_waypoint__rosidl_typesupport_fastrtps_cpp.hpp
[12.478s] -- Up-to-date: /home/lion/intellicar/ros2_ws/install/carla_waypoint_types/lib/libcarla_waypoint_types__rosidl_typesupport_fastrtps_cpp.so
[12.478s] -- Up-to-date: /home/lion/intellicar/ros2_ws/install/carla_waypoint_types/include/carla_waypoint_types
[12.478s] -- Up-to-date: /home/lion/intellicar/ros2_ws/install/carla_waypoint_types/include/carla_waypoint_types/msg
[12.478s] -- Up-to-date: /home/lion/intellicar/ros2_ws/install/carla_waypoint_types/include/carla_waypoint_types/msg/detail
[12.478s] -- Up-to-date: /home/lion/intellicar/ros2_ws/install/carla_waypoint_types/include/carla_waypoint_types/msg/detail/carla_waypoint__rosidl_typesupport_introspection_c.h
[12.478s] -- Up-to-date: /home/lion/intellicar/ros2_ws/install/carla_waypoint_types/include/carla_waypoint_types/msg/detail/carla_waypoint__type_support.c
[12.478s] -- Up-to-date: /home/lion/intellicar/ros2_ws/install/carla_waypoint_types/include/carla_waypoint_types/msg/rosidl_typesupport_introspection_c__visibility_control.h
[12.478s] -- Up-to-date: /home/lion/intellicar/ros2_ws/install/carla_waypoint_types/include/carla_waypoint_types/srv
[12.479s] -- Up-to-date: /home/lion/intellicar/ros2_ws/install/carla_waypoint_types/include/carla_waypoint_types/srv/detail
[12.479s] -- Up-to-date: /home/lion/intellicar/ros2_ws/install/carla_waypoint_types/include/carla_waypoint_types/srv/detail/get_actor_waypoint__rosidl_typesupport_introspection_c.h
[12.479s] -- Up-to-date: /home/lion/intellicar/ros2_ws/install/carla_waypoint_types/include/carla_waypoint_types/srv/detail/get_waypoint__type_support.c
[12.479s] -- Up-to-date: /home/lion/intellicar/ros2_ws/install/carla_waypoint_types/include/carla_waypoint_types/srv/detail/get_actor_waypoint__type_support.c
[12.479s] -- Up-to-date: /home/lion/intellicar/ros2_ws/install/carla_waypoint_types/include/carla_waypoint_types/srv/detail/get_waypoint__rosidl_typesupport_introspection_c.h
[12.479s] -- Up-to-date: /home/lion/intellicar/ros2_ws/install/carla_waypoint_types/lib/libcarla_waypoint_types__rosidl_typesupport_introspection_c.so
[12.479s] -- Up-to-date: /home/lion/intellicar/ros2_ws/install/carla_waypoint_types/lib/libcarla_waypoint_types__rosidl_typesupport_c.so
[12.501s] -- Up-to-date: /home/lion/intellicar/ros2_ws/install/carla_waypoint_types/include/carla_waypoint_types
[12.501s] -- Up-to-date: /home/lion/intellicar/ros2_ws/install/carla_waypoint_types/include/carla_waypoint_types/msg
[12.501s] -- Up-to-date: /home/lion/intellicar/ros2_ws/install/carla_waypoint_types/include/carla_waypoint_types/msg/rosidl_generator_cpp__visibility_control.hpp
[12.501s] -- Up-to-date: /home/lion/intellicar/ros2_ws/install/carla_waypoint_types/include/carla_waypoint_types/msg/detail
[12.501s] -- Up-to-date: /home/lion/intellicar/ros2_ws/install/carla_waypoint_types/include/carla_waypoint_types/msg/detail/carla_waypoint__struct.hpp
[12.502s] -- Up-to-date: /home/lion/intellicar/ros2_ws/install/carla_waypoint_types/include/carla_waypoint_types/msg/detail/carla_waypoint__type_support.hpp
[12.502s] -- Up-to-date: /home/lion/intellicar/ros2_ws/install/carla_waypoint_types/include/carla_waypoint_types/msg/detail/carla_waypoint__traits.hpp
[12.502s] -- Up-to-date: /home/lion/intellicar/ros2_ws/install/carla_waypoint_types/include/carla_waypoint_types/msg/detail/carla_waypoint__builder.hpp
[12.502s] -- Up-to-date: /home/lion/intellicar/ros2_ws/install/carla_waypoint_types/include/carla_waypoint_types/msg/carla_waypoint.hpp
[12.502s] -- Up-to-date: /home/lion/intellicar/ros2_ws/install/carla_waypoint_types/include/carla_waypoint_types/srv
[12.502s] -- Up-to-date: /home/lion/intellicar/ros2_ws/install/carla_waypoint_types/include/carla_waypoint_types/srv/detail
[12.502s] -- Up-to-date: /home/lion/intellicar/ros2_ws/install/carla_waypoint_types/include/carla_waypoint_types/srv/detail/get_actor_waypoint__traits.hpp
[12.502s] -- Up-to-date: /home/lion/intellicar/ros2_ws/install/carla_waypoint_types/include/carla_waypoint_types/srv/detail/get_waypoint__type_support.hpp
[12.502s] -- Up-to-date: /home/lion/intellicar/ros2_ws/install/carla_waypoint_types/include/carla_waypoint_types/srv/detail/get_waypoint__traits.hpp
[12.502s] -- Up-to-date: /home/lion/intellicar/ros2_ws/install/carla_waypoint_types/include/carla_waypoint_types/srv/detail/get_waypoint__builder.hpp
[12.503s] -- Up-to-date: /home/lion/intellicar/ros2_ws/install/carla_waypoint_types/include/carla_waypoint_types/srv/detail/get_actor_waypoint__struct.hpp
[12.503s] -- Up-to-date: /home/lion/intellicar/ros2_ws/install/carla_waypoint_types/include/carla_waypoint_types/srv/detail/get_actor_waypoint__builder.hpp
[12.503s] -- Up-to-date: /home/lion/intellicar/ros2_ws/install/carla_waypoint_types/include/carla_waypoint_types/srv/detail/get_actor_waypoint__type_support.hpp
[12.503s] -- Up-to-date: /home/lion/intellicar/ros2_ws/install/carla_waypoint_types/include/carla_waypoint_types/srv/detail/get_waypoint__struct.hpp
[12.503s] -- Up-to-date: /home/lion/intellicar/ros2_ws/install/carla_waypoint_types/include/carla_waypoint_types/srv/get_waypoint.hpp
[12.503s] -- Up-to-date: /home/lion/intellicar/ros2_ws/install/carla_waypoint_types/include/carla_waypoint_types/srv/get_actor_waypoint.hpp
[12.503s] -- Up-to-date: /home/lion/intellicar/ros2_ws/install/carla_waypoint_types/include/carla_waypoint_types
[12.503s] -- Up-to-date: /home/lion/intellicar/ros2_ws/install/carla_waypoint_types/include/carla_waypoint_types/msg
[12.503s] -- Up-to-date: /home/lion/intellicar/ros2_ws/install/carla_waypoint_types/include/carla_waypoint_types/msg/detail
[12.503s] -- Up-to-date: /home/lion/intellicar/ros2_ws/install/carla_waypoint_types/include/carla_waypoint_types/msg/detail/carla_waypoint__type_support.cpp
[12.504s] -- Up-to-date: /home/lion/intellicar/ros2_ws/install/carla_waypoint_types/include/carla_waypoint_types/msg/detail/carla_waypoint__rosidl_typesupport_introspection_cpp.hpp
[12.504s] -- Up-to-date: /home/lion/intellicar/ros2_ws/install/carla_waypoint_types/include/carla_waypoint_types/srv
[12.504s] -- Up-to-date: /home/lion/intellicar/ros2_ws/install/carla_waypoint_types/include/carla_waypoint_types/srv/detail
[12.504s] -- Up-to-date: /home/lion/intellicar/ros2_ws/install/carla_waypoint_types/include/carla_waypoint_types/srv/detail/get_waypoint__rosidl_typesupport_introspection_cpp.hpp
[12.504s] -- Up-to-date: /home/lion/intellicar/ros2_ws/install/carla_waypoint_types/include/carla_waypoint_types/srv/detail/get_waypoint__type_support.cpp
[12.504s] -- Up-to-date: /home/lion/intellicar/ros2_ws/install/carla_waypoint_types/include/carla_waypoint_types/srv/detail/get_actor_waypoint__rosidl_typesupport_introspection_cpp.hpp
[12.504s] -- Up-to-date: /home/lion/intellicar/ros2_ws/install/carla_waypoint_types/include/carla_waypoint_types/srv/detail/get_actor_waypoint__type_support.cpp
[12.504s] -- Up-to-date: /home/lion/intellicar/ros2_ws/install/carla_waypoint_types/lib/libcarla_waypoint_types__rosidl_typesupport_introspection_cpp.so
[12.504s] -- Up-to-date: /home/lion/intellicar/ros2_ws/install/carla_waypoint_types/lib/libcarla_waypoint_types__rosidl_typesupport_cpp.so
[12.504s] -- Up-to-date: /home/lion/intellicar/ros2_ws/install/carla_waypoint_types/share/carla_waypoint_types/environment/pythonpath.sh
[12.504s] -- Up-to-date: /home/lion/intellicar/ros2_ws/install/carla_waypoint_types/share/carla_waypoint_types/environment/pythonpath.dsv
[12.504s] -- Up-to-date: /home/lion/intellicar/ros2_ws/install/carla_waypoint_types/lib/python3.8/site-packages/carla_waypoint_types/__init__.py
[12.529s] -- Up-to-date: /home/lion/intellicar/ros2_ws/install/carla_waypoint_types/lib/python3.8/site-packages/carla_waypoint_types/msg
[12.530s] -- Up-to-date: /home/lion/intellicar/ros2_ws/install/carla_waypoint_types/lib/python3.8/site-packages/carla_waypoint_types/msg/__init__.py
[12.530s] -- Up-to-date: /home/lion/intellicar/ros2_ws/install/carla_waypoint_types/lib/python3.8/site-packages/carla_waypoint_types/msg/_carla_waypoint_s.c
[12.530s] -- Up-to-date: /home/lion/intellicar/ros2_ws/install/carla_waypoint_types/lib/python3.8/site-packages/carla_waypoint_types/msg/_carla_waypoint.py
[12.530s] -- Up-to-date: /home/lion/intellicar/ros2_ws/install/carla_waypoint_types/lib/python3.8/site-packages/carla_waypoint_types/srv
[12.530s] -- Up-to-date: /home/lion/intellicar/ros2_ws/install/carla_waypoint_types/lib/python3.8/site-packages/carla_waypoint_types/srv/_get_actor_waypoint.py
[12.530s] -- Up-to-date: /home/lion/intellicar/ros2_ws/install/carla_waypoint_types/lib/python3.8/site-packages/carla_waypoint_types/srv/_get_waypoint.py
[12.530s] -- Up-to-date: /home/lion/intellicar/ros2_ws/install/carla_waypoint_types/lib/python3.8/site-packages/carla_waypoint_types/srv/__init__.py
[12.530s] -- Up-to-date: /home/lion/intellicar/ros2_ws/install/carla_waypoint_types/lib/python3.8/site-packages/carla_waypoint_types/srv/_get_waypoint_s.c
[12.530s] -- Up-to-date: /home/lion/intellicar/ros2_ws/install/carla_waypoint_types/lib/python3.8/site-packages/carla_waypoint_types/srv/_get_actor_waypoint_s.c
[12.531s] -- Up-to-date: /home/lion/intellicar/ros2_ws/install/carla_waypoint_types/lib/python3.8/site-packages/carla_waypoint_types/carla_waypoint_types_s__rosidl_typesupport_fastrtps_c.cpython-38-x86_64-linux-gnu.so
[12.531s] -- Up-to-date: /home/lion/intellicar/ros2_ws/install/carla_waypoint_types/lib/python3.8/site-packages/carla_waypoint_types/carla_waypoint_types_s__rosidl_typesupport_introspection_c.cpython-38-x86_64-linux-gnu.so
[12.531s] -- Up-to-date: /home/lion/intellicar/ros2_ws/install/carla_waypoint_types/lib/python3.8/site-packages/carla_waypoint_types/carla_waypoint_types_s__rosidl_typesupport_c.cpython-38-x86_64-linux-gnu.so
[12.531s] -- Up-to-date: /home/lion/intellicar/ros2_ws/install/carla_waypoint_types/lib/libcarla_waypoint_types__python.so
[12.531s] -- Up-to-date: /home/lion/intellicar/ros2_ws/install/carla_waypoint_types/share/carla_waypoint_types/msg/CarlaWaypoint.idl
[12.531s] -- Up-to-date: /home/lion/intellicar/ros2_ws/install/carla_waypoint_types/share/carla_waypoint_types/srv/GetWaypoint.idl
[12.531s] -- Up-to-date: /home/lion/intellicar/ros2_ws/install/carla_waypoint_types/share/carla_waypoint_types/srv/GetActorWaypoint.idl
[12.532s] -- Up-to-date: /home/lion/intellicar/ros2_ws/install/carla_waypoint_types/share/carla_waypoint_types/msg/CarlaWaypoint.msg
[12.532s] -- Up-to-date: /home/lion/intellicar/ros2_ws/install/carla_waypoint_types/share/carla_waypoint_types/srv/GetWaypoint.srv
[12.532s] -- Up-to-date: /home/lion/intellicar/ros2_ws/install/carla_waypoint_types/share/carla_waypoint_types/srv/GetWaypoint_Request.msg
[12.532s] -- Up-to-date: /home/lion/intellicar/ros2_ws/install/carla_waypoint_types/share/carla_waypoint_types/srv/GetWaypoint_Response.msg
[12.533s] -- Up-to-date: /home/lion/intellicar/ros2_ws/install/carla_waypoint_types/share/carla_waypoint_types/srv/GetActorWaypoint.srv
[12.533s] -- Up-to-date: /home/lion/intellicar/ros2_ws/install/carla_waypoint_types/share/carla_waypoint_types/srv/GetActorWaypoint_Request.msg
[12.533s] -- Up-to-date: /home/lion/intellicar/ros2_ws/install/carla_waypoint_types/share/carla_waypoint_types/srv/GetActorWaypoint_Response.msg
[12.533s] -- Up-to-date: /home/lion/intellicar/ros2_ws/install/carla_waypoint_types/share/ament_index/resource_index/package_run_dependencies/carla_waypoint_types
[12.533s] -- Up-to-date: /home/lion/intellicar/ros2_ws/install/carla_waypoint_types/share/ament_index/resource_index/parent_prefix_path/carla_waypoint_types
[12.533s] -- Up-to-date: /home/lion/intellicar/ros2_ws/install/carla_waypoint_types/share/carla_waypoint_types/environment/ament_prefix_path.sh
[12.533s] -- Up-to-date: /home/lion/intellicar/ros2_ws/install/carla_waypoint_types/share/carla_waypoint_types/environment/ament_prefix_path.dsv
[12.533s] -- Up-to-date: /home/lion/intellicar/ros2_ws/install/carla_waypoint_types/share/carla_waypoint_types/environment/path.sh
[12.533s] -- Up-to-date: /home/lion/intellicar/ros2_ws/install/carla_waypoint_types/share/carla_waypoint_types/environment/path.dsv
[12.533s] -- Up-to-date: /home/lion/intellicar/ros2_ws/install/carla_waypoint_types/share/carla_waypoint_types/local_setup.bash
[12.534s] -- Up-to-date: /home/lion/intellicar/ros2_ws/install/carla_waypoint_types/share/carla_waypoint_types/local_setup.sh
[12.534s] -- Up-to-date: /home/lion/intellicar/ros2_ws/install/carla_waypoint_types/share/carla_waypoint_types/local_setup.zsh
[12.534s] -- Up-to-date: /home/lion/intellicar/ros2_ws/install/carla_waypoint_types/share/carla_waypoint_types/local_setup.dsv
[12.534s] -- Installing: /home/lion/intellicar/ros2_ws/install/carla_waypoint_types/share/carla_waypoint_types/package.dsv
[12.534s] -- Up-to-date: /home/lion/intellicar/ros2_ws/install/carla_waypoint_types/share/ament_index/resource_index/packages/carla_waypoint_types
[12.536s] -- Up-to-date: /home/lion/intellicar/ros2_ws/install/carla_waypoint_types/share/carla_waypoint_types/cmake/carla_waypoint_types__rosidl_generator_cExport.cmake
[12.536s] -- Up-to-date: /home/lion/intellicar/ros2_ws/install/carla_waypoint_types/share/carla_waypoint_types/cmake/carla_waypoint_types__rosidl_generator_cExport-noconfig.cmake
[12.536s] -- Up-to-date: /home/lion/intellicar/ros2_ws/install/carla_waypoint_types/share/carla_waypoint_types/cmake/carla_waypoint_types__rosidl_typesupport_introspection_cExport.cmake
[12.536s] -- Up-to-date: /home/lion/intellicar/ros2_ws/install/carla_waypoint_types/share/carla_waypoint_types/cmake/carla_waypoint_types__rosidl_typesupport_introspection_cExport-noconfig.cmake
[12.536s] -- Up-to-date: /home/lion/intellicar/ros2_ws/install/carla_waypoint_types/share/carla_waypoint_types/cmake/carla_waypoint_types__rosidl_typesupport_cExport.cmake
[12.536s] -- Up-to-date: /home/lion/intellicar/ros2_ws/install/carla_waypoint_types/share/carla_waypoint_types/cmake/carla_waypoint_types__rosidl_typesupport_cExport-noconfig.cmake
[12.536s] -- Up-to-date: /home/lion/intellicar/ros2_ws/install/carla_waypoint_types/share/carla_waypoint_types/cmake/carla_waypoint_types__rosidl_generator_cppExport.cmake
[12.537s] -- Up-to-date: /home/lion/intellicar/ros2_ws/install/carla_waypoint_types/share/carla_waypoint_types/cmake/carla_waypoint_types__rosidl_typesupport_introspection_cppExport.cmake
[12.537s] -- Up-to-date: /home/lion/intellicar/ros2_ws/install/carla_waypoint_types/share/carla_waypoint_types/cmake/carla_waypoint_types__rosidl_typesupport_introspection_cppExport-noconfig.cmake
[12.537s] -- Up-to-date: /home/lion/intellicar/ros2_ws/install/carla_waypoint_types/share/carla_waypoint_types/cmake/carla_waypoint_types__rosidl_typesupport_cppExport.cmake
[12.537s] -- Up-to-date: /home/lion/intellicar/ros2_ws/install/carla_waypoint_types/share/carla_waypoint_types/cmake/carla_waypoint_types__rosidl_typesupport_cppExport-noconfig.cmake
[12.537s] -- Up-to-date: /home/lion/intellicar/ros2_ws/install/carla_waypoint_types/share/carla_waypoint_types/cmake/rosidl_cmake-extras.cmake
[12.537s] -- Up-to-date: /home/lion/intellicar/ros2_ws/install/carla_waypoint_types/share/carla_waypoint_types/cmake/ament_cmake_export_dependencies-extras.cmake
[12.537s] -- Up-to-date: /home/lion/intellicar/ros2_ws/install/carla_waypoint_types/share/carla_waypoint_types/cmake/ament_cmake_export_libraries-extras.cmake
[12.537s] -- Up-to-date: /home/lion/intellicar/ros2_ws/install/carla_waypoint_types/share/carla_waypoint_types/cmake/ament_cmake_export_targets-extras.cmake
[12.537s] -- Up-to-date: /home/lion/intellicar/ros2_ws/install/carla_waypoint_types/share/carla_waypoint_types/cmake/ament_cmake_export_include_directories-extras.cmake
[12.537s] -- Up-to-date: /home/lion/intellicar/ros2_ws/install/carla_waypoint_types/share/carla_waypoint_types/cmake/rosidl_cmake_export_typesupport_libraries-extras.cmake
[12.537s] -- Up-to-date: /home/lion/intellicar/ros2_ws/install/carla_waypoint_types/share/carla_waypoint_types/cmake/rosidl_cmake_export_typesupport_targets-extras.cmake
[12.537s] -- Up-to-date: /home/lion/intellicar/ros2_ws/install/carla_waypoint_types/share/carla_waypoint_types/cmake/carla_waypoint_typesConfig.cmake
[12.538s] -- Up-to-date: /home/lion/intellicar/ros2_ws/install/carla_waypoint_types/share/carla_waypoint_types/cmake/carla_waypoint_typesConfig-version.cmake
[12.538s] -- Up-to-date: /home/lion/intellicar/ros2_ws/install/carla_waypoint_types/share/carla_waypoint_types/package.xml
[13.099s] Invoked command in '/home/lion/intellicar/ros2_ws/build/carla_waypoint_types' returned '0': CMAKE_PREFIX_PATH=${CMAKE_PREFIX_PATH}:/home/lion/intellicar/ros2_ws/install/carla_ad_demo:/home/lion/intellicar/ros2_ws/install/rqt_carla_control:/home/lion/intellicar/ros2_ws/install/carla_waypoint_publisher:/home/lion/intellicar/ros2_ws/install/carla_ackermann_control:/home/lion/intellicar/ros2_ws/install/carla_ros_bridge:/home/lion/intellicar/ros2_ws/install/carla_spawn_objects:/home/lion/intellicar/ros2_ws/install/carla_manual_control:/home/lion/intellicar/ros2_ws/install/carla_ad_agent:/home/lion/intellicar/ros2_ws/install/ros_compatibility:/home/lion/intellicar/ros2_ws/install/carla_walker_agent:/home/lion/intellicar/ros2_ws/install/carla_twist_to_control:/home/lion/intellicar/ros2_ws/install/carla_ros_scenario_runner:/home/lion/intellicar/ros2_ws/install/carla_common:/opt/ros/foxy /usr/bin/cmake --install /home/lion/intellicar/ros2_ws/build/carla_waypoint_types
