[4.953s] Invoking command in '/home/lion/intellicar/ros2_ws/build/carla_ackermann_msgs': AMENT_PREFIX_PATH=/home/lion/intellicar/ros2_ws/install/carla_msgs:${AMENT_PREFIX_PATH} CMAKE_PREFIX_PATH=/home/lion/intellicar/ros2_ws/install/carla_msgs:/opt/ros/foxy LD_LIBRARY_PATH=/home/lion/intellicar/ros2_ws/install/carla_msgs/lib:${LD_LIBRARY_PATH} PYTHONPATH=/home/lion/intellicar/ros2_ws/install/carla_msgs/lib/python3.8/site-packages:${PYTHONPATH} /usr/bin/cmake /home/lion/intellicar/ros2_ws/src/ros-bridge/carla_ackermann_msgs -DCMAKE_INSTALL_PREFIX=/home/lion/intellicar/ros2_ws/install/carla_ackermann_msgs
[6.882s] -- The C compiler identification is GNU 9.4.0
[6.883s] -- The CXX compiler identification is GNU 9.4.0
[6.883s] -- Check for working C compiler: /usr/bin/cc
[6.883s] -- Check for working C compiler: /usr/bin/cc -- works
[6.883s] -- Detecting C compiler ABI info
[6.884s] -- Detecting C compiler ABI info - done
[6.884s] -- Detecting C compile features
[6.884s] -- Detecting C compile features - done
[6.884s] -- Check for working CXX compiler: /usr/bin/c++
[6.884s] -- Check for working CXX compiler: /usr/bin/c++ -- works
[6.884s] -- Detecting CXX compiler ABI info
[6.884s] -- Detecting CXX compiler ABI info - done
[6.884s] -- Detecting CXX compile features
[6.884s] -- Detecting CXX compile features - done
[6.885s] -- Found ros_environment: 2.5.1 (/opt/ros/foxy/share/ros_environment/cmake)
[6.885s] -- Found ament_cmake: 0.9.12 (/opt/ros/foxy/share/ament_cmake/cmake)
[6.885s] -- Found PythonInterp: /usr/bin/python3 (found suitable version "3.8.10", minimum required is "3") 
[6.885s] -- Using PYTHON_EXECUTABLE: /usr/bin/python3
[6.885s] -- Found builtin_interfaces: 1.0.0 (/opt/ros/foxy/share/builtin_interfaces/cmake)
[6.885s] -- Using all available rosidl_typesupport_c: rosidl_typesupport_fastrtps_c;rosidl_typesupport_introspection_c
[6.885s] -- Found rosidl_adapter: 1.3.1 (/opt/ros/foxy/share/rosidl_adapter/cmake)
[6.885s] -- Found OpenSSL: /usr/lib/x86_64-linux-gnu/libcrypto.so (found version "1.1.1f")  
[6.885s] -- Found FastRTPS: /opt/ros/foxy/include  
[6.885s] -- Using all available rosidl_typesupport_cpp: rosidl_typesupport_fastrtps_cpp;rosidl_typesupport_introspection_cpp
[6.885s] -- Found std_msgs: 2.0.5 (/opt/ros/foxy/share/std_msgs/cmake)
[6.885s] -- Found carla_msgs: 1.3.0 (/home/lion/intellicar/ros2_ws/install/carla_msgs/share/carla_msgs/cmake)
[6.886s] -- Found rosidl_default_generators: 1.0.1 (/opt/ros/foxy/share/rosidl_default_generators/cmake)
[6.886s] -- Found PythonInterp: /usr/bin/python3 (found version "3.8.10") 
[7.085s] -- Found ament_cmake_cppcheck: 0.9.8 (/opt/ros/foxy/share/ament_cmake_cppcheck/cmake)
[7.087s] -- Found ament_cmake_cpplint: 0.9.8 (/opt/ros/foxy/share/ament_cmake_cpplint/cmake)
[7.090s] -- Found ament_cmake_uncrustify: 0.9.8 (/opt/ros/foxy/share/ament_cmake_uncrustify/cmake)
[7.092s] -- Found ament_cmake_ros: 0.9.2 (/opt/ros/foxy/share/ament_cmake_ros/cmake)
[7.615s] -- Using all available rosidl_typesupport_c: rosidl_typesupport_fastrtps_c;rosidl_typesupport_introspection_c
[7.856s] -- Using all available rosidl_typesupport_cpp: rosidl_typesupport_fastrtps_cpp;rosidl_typesupport_introspection_cpp
[7.910s] -- Found PythonInterp: /usr/bin/python3 (found suitable version "3.8.10", minimum required is "3.5") 
[7.914s] -- Found python_cmake_module: 0.8.1 (/opt/ros/foxy/share/python_cmake_module/cmake)
[7.966s] -- Found PythonLibs: /usr/lib/x86_64-linux-gnu/libpython3.8.so (found suitable version "3.8.10", minimum required is "3.5") 
[7.966s] -- Using PYTHON_EXECUTABLE: /usr/bin/python3
[7.967s] -- Using PYTHON_INCLUDE_DIRS: /usr/include/python3.8
[7.967s] -- Using PYTHON_LIBRARIES: /usr/lib/x86_64-linux-gnu/libpython3.8.so
[8.009s] -- Found PythonExtra: .so  
[8.198s] -- Found ament_cmake_flake8: 0.9.8 (/opt/ros/foxy/share/ament_cmake_flake8/cmake)
[8.201s] -- Found ament_cmake_pep257: 0.9.8 (/opt/ros/foxy/share/ament_cmake_pep257/cmake)
[8.208s] -- Found ament_lint_auto: 0.9.8 (/opt/ros/foxy/share/ament_lint_auto/cmake)
[8.236s] -- Added test 'copyright' to check source files copyright and LICENSE
[8.237s] -- Added test 'lint_cmake' to check CMake code style
[8.238s] -- Added test 'xmllint' to check XML markup files
[8.249s] -- Configuring done
[8.445s] -- Generating done
[8.451s] -- Build files have been written to: /home/lion/intellicar/ros2_ws/build/carla_ackermann_msgs
[8.496s] Invoked command in '/home/lion/intellicar/ros2_ws/build/carla_ackermann_msgs' returned '0': AMENT_PREFIX_PATH=/home/lion/intellicar/ros2_ws/install/carla_msgs:${AMENT_PREFIX_PATH} CMAKE_PREFIX_PATH=/home/lion/intellicar/ros2_ws/install/carla_msgs:/opt/ros/foxy LD_LIBRARY_PATH=/home/lion/intellicar/ros2_ws/install/carla_msgs/lib:${LD_LIBRARY_PATH} PYTHONPATH=/home/lion/intellicar/ros2_ws/install/carla_msgs/lib/python3.8/site-packages:${PYTHONPATH} /usr/bin/cmake /home/lion/intellicar/ros2_ws/src/ros-bridge/carla_ackermann_msgs -DCMAKE_INSTALL_PREFIX=/home/lion/intellicar/ros2_ws/install/carla_ackermann_msgs
[8.498s] Invoking command in '/home/lion/intellicar/ros2_ws/build/carla_ackermann_msgs': AMENT_PREFIX_PATH=/home/lion/intellicar/ros2_ws/install/carla_msgs:${AMENT_PREFIX_PATH} CMAKE_PREFIX_PATH=/home/lion/intellicar/ros2_ws/install/carla_msgs:/opt/ros/foxy LD_LIBRARY_PATH=/home/lion/intellicar/ros2_ws/install/carla_msgs/lib:${LD_LIBRARY_PATH} PYTHONPATH=/home/lion/intellicar/ros2_ws/install/carla_msgs/lib/python3.8/site-packages:${PYTHONPATH} /usr/bin/cmake --build /home/lion/intellicar/ros2_ws/build/carla_ackermann_msgs -- -j16 -l16
[8.625s] [  1%] [34m[1mGenerating C code for ROS interfaces[0m
[8.635s] [35m[1mScanning dependencies of target carla_ackermann_msgs__cpp[0m
[8.658s] [  3%] [34m[1mGenerating C++ code for ROS interfaces[0m
[10.060s] [  3%] Built target carla_ackermann_msgs__cpp
[10.121s] [35m[1mScanning dependencies of target carla_ackermann_msgs__rosidl_generator_c[0m
[10.149s] [  4%] [32mBuilding C object CMakeFiles/carla_ackermann_msgs__rosidl_generator_c.dir/rosidl_generator_c/carla_ackermann_msgs/msg/detail/ego_vehicle_control_info__functions.c.o[0m
[10.226s] [  6%] [32mBuilding C object CMakeFiles/carla_ackermann_msgs__rosidl_generator_c.dir/rosidl_generator_c/carla_ackermann_msgs/msg/detail/ego_vehicle_control_target__functions.c.o[0m
[10.306s] [  7%] [32mBuilding C object CMakeFiles/carla_ackermann_msgs__rosidl_generator_c.dir/rosidl_generator_c/carla_ackermann_msgs/msg/detail/ego_vehicle_control_status__functions.c.o[0m
[10.387s] [  9%] [32mBuilding C object CMakeFiles/carla_ackermann_msgs__rosidl_generator_c.dir/rosidl_generator_c/carla_ackermann_msgs/msg/detail/ego_vehicle_control_maxima__functions.c.o[0m
[10.455s] [ 11%] [32mBuilding C object CMakeFiles/carla_ackermann_msgs__rosidl_generator_c.dir/rosidl_generator_c/carla_ackermann_msgs/msg/detail/ego_vehicle_control_current__functions.c.o[0m
[10.510s] [ 12%] [32m[1mLinking C shared library libcarla_ackermann_msgs__rosidl_generator_c.so[0m
[10.574s] [ 12%] Built target carla_ackermann_msgs__rosidl_generator_c
[10.590s] [ 14%] [34m[1mGenerating C++ type support dispatch for ROS interfaces[0m
[11.217s] [35m[1mScanning dependencies of target carla_ackermann_msgs__rosidl_typesupport_cpp[0m
[11.245s] [ 15%] [32mBuilding CXX object CMakeFiles/carla_ackermann_msgs__rosidl_typesupport_cpp.dir/rosidl_typesupport_cpp/carla_ackermann_msgs/msg/ego_vehicle_control_info__type_support.cpp.o[0m
[11.676s] [ 17%] [32mBuilding CXX object CMakeFiles/carla_ackermann_msgs__rosidl_typesupport_cpp.dir/rosidl_typesupport_cpp/carla_ackermann_msgs/msg/ego_vehicle_control_target__type_support.cpp.o[0m
[12.141s] [ 19%] [32mBuilding CXX object CMakeFiles/carla_ackermann_msgs__rosidl_typesupport_cpp.dir/rosidl_typesupport_cpp/carla_ackermann_msgs/msg/ego_vehicle_control_status__type_support.cpp.o[0m
[12.591s] [ 20%] [32mBuilding CXX object CMakeFiles/carla_ackermann_msgs__rosidl_typesupport_cpp.dir/rosidl_typesupport_cpp/carla_ackermann_msgs/msg/ego_vehicle_control_maxima__type_support.cpp.o[0m
[13.056s] [ 22%] [32mBuilding CXX object CMakeFiles/carla_ackermann_msgs__rosidl_typesupport_cpp.dir/rosidl_typesupport_cpp/carla_ackermann_msgs/msg/ego_vehicle_control_current__type_support.cpp.o[0m
[13.536s] [ 23%] [32m[1mLinking CXX shared library libcarla_ackermann_msgs__rosidl_typesupport_cpp.so[0m
[13.607s] [ 23%] Built target carla_ackermann_msgs__rosidl_typesupport_cpp
[13.626s] [ 25%] [34m[1mGenerating C type support dispatch for ROS interfaces[0m
[14.394s] [35m[1mScanning dependencies of target carla_ackermann_msgs__rosidl_typesupport_c[0m
[14.417s] [ 26%] [32mBuilding CXX object CMakeFiles/carla_ackermann_msgs__rosidl_typesupport_c.dir/rosidl_typesupport_c/carla_ackermann_msgs/msg/ego_vehicle_control_info__type_support.cpp.o[0m
[14.472s] [ 28%] [32mBuilding CXX object CMakeFiles/carla_ackermann_msgs__rosidl_typesupport_c.dir/rosidl_typesupport_c/carla_ackermann_msgs/msg/ego_vehicle_control_target__type_support.cpp.o[0m
[14.521s] [ 30%] [32mBuilding CXX object CMakeFiles/carla_ackermann_msgs__rosidl_typesupport_c.dir/rosidl_typesupport_c/carla_ackermann_msgs/msg/ego_vehicle_control_status__type_support.cpp.o[0m
[14.576s] [ 31%] [32mBuilding CXX object CMakeFiles/carla_ackermann_msgs__rosidl_typesupport_c.dir/rosidl_typesupport_c/carla_ackermann_msgs/msg/ego_vehicle_control_maxima__type_support.cpp.o[0m
[14.639s] [ 33%] [32mBuilding CXX object CMakeFiles/carla_ackermann_msgs__rosidl_typesupport_c.dir/rosidl_typesupport_c/carla_ackermann_msgs/msg/ego_vehicle_control_current__type_support.cpp.o[0m
[14.686s] [ 34%] [32m[1mLinking CXX shared library libcarla_ackermann_msgs__rosidl_typesupport_c.so[0m
[14.777s] [ 34%] Built target carla_ackermann_msgs__rosidl_typesupport_c
[14.797s] [ 36%] [34m[1mGenerating C introspection for ROS interfaces[0m
[15.765s] [35m[1mScanning dependencies of target carla_ackermann_msgs__rosidl_typesupport_introspection_c[0m
[15.795s] [ 38%] [32mBuilding C object CMakeFiles/carla_ackermann_msgs__rosidl_typesupport_introspection_c.dir/rosidl_typesupport_introspection_c/carla_ackermann_msgs/msg/detail/ego_vehicle_control_info__type_support.c.o[0m
[15.857s] [ 39%] [32mBuilding C object CMakeFiles/carla_ackermann_msgs__rosidl_typesupport_introspection_c.dir/rosidl_typesupport_introspection_c/carla_ackermann_msgs/msg/detail/ego_vehicle_control_target__type_support.c.o[0m
[15.908s] [ 41%] [32mBuilding C object CMakeFiles/carla_ackermann_msgs__rosidl_typesupport_introspection_c.dir/rosidl_typesupport_introspection_c/carla_ackermann_msgs/msg/detail/ego_vehicle_control_status__type_support.c.o[0m
[15.978s] [ 42%] [32mBuilding C object CMakeFiles/carla_ackermann_msgs__rosidl_typesupport_introspection_c.dir/rosidl_typesupport_introspection_c/carla_ackermann_msgs/msg/detail/ego_vehicle_control_maxima__type_support.c.o[0m
[16.041s] [ 44%] [32mBuilding C object CMakeFiles/carla_ackermann_msgs__rosidl_typesupport_introspection_c.dir/rosidl_typesupport_introspection_c/carla_ackermann_msgs/msg/detail/ego_vehicle_control_current__type_support.c.o[0m
[16.092s] [ 46%] [32m[1mLinking C shared library libcarla_ackermann_msgs__rosidl_typesupport_introspection_c.so[0m
[16.154s] [ 46%] Built target carla_ackermann_msgs__rosidl_typesupport_introspection_c
[16.189s] [ 47%] [34m[1mGenerating C++ type support for eProsima Fast-RTPS[0m
[17.031s] [35m[1mScanning dependencies of target carla_ackermann_msgs__rosidl_typesupport_fastrtps_cpp[0m
[17.060s] [ 49%] [32mBuilding CXX object CMakeFiles/carla_ackermann_msgs__rosidl_typesupport_fastrtps_cpp.dir/rosidl_typesupport_fastrtps_cpp/carla_ackermann_msgs/msg/detail/dds_fastrtps/ego_vehicle_control_info__type_support.cpp.o[0m
[17.759s] [ 50%] [32mBuilding CXX object CMakeFiles/carla_ackermann_msgs__rosidl_typesupport_fastrtps_cpp.dir/rosidl_typesupport_fastrtps_cpp/carla_ackermann_msgs/msg/detail/dds_fastrtps/ego_vehicle_control_target__type_support.cpp.o[0m
[18.406s] [ 52%] [32mBuilding CXX object CMakeFiles/carla_ackermann_msgs__rosidl_typesupport_fastrtps_cpp.dir/rosidl_typesupport_fastrtps_cpp/carla_ackermann_msgs/msg/detail/dds_fastrtps/ego_vehicle_control_status__type_support.cpp.o[0m
[19.062s] [ 53%] [32mBuilding CXX object CMakeFiles/carla_ackermann_msgs__rosidl_typesupport_fastrtps_cpp.dir/rosidl_typesupport_fastrtps_cpp/carla_ackermann_msgs/msg/detail/dds_fastrtps/ego_vehicle_control_maxima__type_support.cpp.o[0m
[19.705s] [ 55%] [32mBuilding CXX object CMakeFiles/carla_ackermann_msgs__rosidl_typesupport_fastrtps_cpp.dir/rosidl_typesupport_fastrtps_cpp/carla_ackermann_msgs/msg/detail/dds_fastrtps/ego_vehicle_control_current__type_support.cpp.o[0m
[20.345s] [ 57%] [32m[1mLinking CXX shared library libcarla_ackermann_msgs__rosidl_typesupport_fastrtps_cpp.so[0m
[20.544s] [ 57%] Built target carla_ackermann_msgs__rosidl_typesupport_fastrtps_cpp
[20.566s] [ 58%] [34m[1mGenerating C++ introspection for ROS interfaces[0m
[21.412s] [35m[1mScanning dependencies of target carla_ackermann_msgs__rosidl_typesupport_introspection_cpp[0m
[21.441s] [ 60%] [32mBuilding CXX object CMakeFiles/carla_ackermann_msgs__rosidl_typesupport_introspection_cpp.dir/rosidl_typesupport_introspection_cpp/carla_ackermann_msgs/msg/detail/ego_vehicle_control_info__type_support.cpp.o[0m
[21.923s] [ 61%] [32mBuilding CXX object CMakeFiles/carla_ackermann_msgs__rosidl_typesupport_introspection_cpp.dir/rosidl_typesupport_introspection_cpp/carla_ackermann_msgs/msg/detail/ego_vehicle_control_target__type_support.cpp.o[0m
[22.366s] [ 63%] [32mBuilding CXX object CMakeFiles/carla_ackermann_msgs__rosidl_typesupport_introspection_cpp.dir/rosidl_typesupport_introspection_cpp/carla_ackermann_msgs/msg/detail/ego_vehicle_control_status__type_support.cpp.o[0m
[22.813s] [ 65%] [32mBuilding CXX object CMakeFiles/carla_ackermann_msgs__rosidl_typesupport_introspection_cpp.dir/rosidl_typesupport_introspection_cpp/carla_ackermann_msgs/msg/detail/ego_vehicle_control_maxima__type_support.cpp.o[0m
[23.268s] [ 66%] [32mBuilding CXX object CMakeFiles/carla_ackermann_msgs__rosidl_typesupport_introspection_cpp.dir/rosidl_typesupport_introspection_cpp/carla_ackermann_msgs/msg/detail/ego_vehicle_control_current__type_support.cpp.o[0m
[23.717s] [ 68%] [32m[1mLinking CXX shared library libcarla_ackermann_msgs__rosidl_typesupport_introspection_cpp.so[0m
[23.857s] [ 68%] Built target carla_ackermann_msgs__rosidl_typesupport_introspection_cpp
[23.879s] [ 69%] [34m[1mGenerating C type support for eProsima Fast-RTPS[0m
[24.868s] [35m[1mScanning dependencies of target carla_ackermann_msgs__rosidl_typesupport_fastrtps_c[0m
[24.913s] [ 71%] [32mBuilding CXX object CMakeFiles/carla_ackermann_msgs__rosidl_typesupport_fastrtps_c.dir/rosidl_typesupport_fastrtps_c/carla_ackermann_msgs/msg/detail/ego_vehicle_control_info__type_support_c.cpp.o[0m
[25.443s] [ 73%] [32mBuilding CXX object CMakeFiles/carla_ackermann_msgs__rosidl_typesupport_fastrtps_c.dir/rosidl_typesupport_fastrtps_c/carla_ackermann_msgs/msg/detail/ego_vehicle_control_target__type_support_c.cpp.o[0m
[25.999s] [ 74%] [32mBuilding CXX object CMakeFiles/carla_ackermann_msgs__rosidl_typesupport_fastrtps_c.dir/rosidl_typesupport_fastrtps_c/carla_ackermann_msgs/msg/detail/ego_vehicle_control_status__type_support_c.cpp.o[0m
[26.582s] [ 76%] [32mBuilding CXX object CMakeFiles/carla_ackermann_msgs__rosidl_typesupport_fastrtps_c.dir/rosidl_typesupport_fastrtps_c/carla_ackermann_msgs/msg/detail/ego_vehicle_control_maxima__type_support_c.cpp.o[0m
[27.140s] [ 77%] [32mBuilding CXX object CMakeFiles/carla_ackermann_msgs__rosidl_typesupport_fastrtps_c.dir/rosidl_typesupport_fastrtps_c/carla_ackermann_msgs/msg/detail/ego_vehicle_control_current__type_support_c.cpp.o[0m
[27.701s] [ 79%] [32m[1mLinking CXX shared library libcarla_ackermann_msgs__rosidl_typesupport_fastrtps_c.so[0m
[27.922s] [ 79%] Built target carla_ackermann_msgs__rosidl_typesupport_fastrtps_c
[27.943s] [35m[1mScanning dependencies of target carla_ackermann_msgs[0m
[27.966s] [ 79%] Built target carla_ackermann_msgs
[27.982s] [35m[1mScanning dependencies of target carla_ackermann_msgs__py[0m
[28.005s] [ 80%] [34m[1mGenerating Python code for ROS interfaces[0m
[29.779s] [ 80%] Built target carla_ackermann_msgs__py
[29.806s] [35m[1mScanning dependencies of target carla_ackermann_msgs__python[0m
[29.848s] [ 82%] [32mBuilding C object CMakeFiles/carla_ackermann_msgs__python.dir/rosidl_generator_py/carla_ackermann_msgs/msg/_ego_vehicle_control_info_s.c.o[0m
[29.994s] [ 84%] [32mBuilding C object CMakeFiles/carla_ackermann_msgs__python.dir/rosidl_generator_py/carla_ackermann_msgs/msg/_ego_vehicle_control_target_s.c.o[0m
[30.126s] [ 85%] [32mBuilding C object CMakeFiles/carla_ackermann_msgs__python.dir/rosidl_generator_py/carla_ackermann_msgs/msg/_ego_vehicle_control_status_s.c.o[0m
[30.281s] [ 87%] [32mBuilding C object CMakeFiles/carla_ackermann_msgs__python.dir/rosidl_generator_py/carla_ackermann_msgs/msg/_ego_vehicle_control_maxima_s.c.o[0m
[30.425s] [ 88%] [32mBuilding C object CMakeFiles/carla_ackermann_msgs__python.dir/rosidl_generator_py/carla_ackermann_msgs/msg/_ego_vehicle_control_current_s.c.o[0m
[30.561s] [ 90%] [32m[1mLinking C shared library rosidl_generator_py/carla_ackermann_msgs/libcarla_ackermann_msgs__python.so[0m
[30.647s] [ 90%] Built target carla_ackermann_msgs__python
[30.666s] [35m[1mScanning dependencies of target carla_ackermann_msgs__rosidl_typesupport_c__pyext[0m
[30.696s] [ 92%] [32mBuilding C object CMakeFiles/carla_ackermann_msgs__rosidl_typesupport_c__pyext.dir/rosidl_generator_py/carla_ackermann_msgs/_carla_ackermann_msgs_s.ep.rosidl_typesupport_c.c.o[0m
[30.842s] [ 93%] [32m[1mLinking C shared library rosidl_generator_py/carla_ackermann_msgs/carla_ackermann_msgs_s__rosidl_typesupport_c.cpython-38-x86_64-linux-gnu.so[0m
[30.928s] [ 93%] Built target carla_ackermann_msgs__rosidl_typesupport_c__pyext
[30.948s] [35m[1mScanning dependencies of target carla_ackermann_msgs__rosidl_typesupport_fastrtps_c__pyext[0m
[30.984s] [ 95%] [32mBuilding C object CMakeFiles/carla_ackermann_msgs__rosidl_typesupport_fastrtps_c__pyext.dir/rosidl_generator_py/carla_ackermann_msgs/_carla_ackermann_msgs_s.ep.rosidl_typesupport_fastrtps_c.c.o[0m
[31.156s] [ 96%] [32m[1mLinking CXX shared library rosidl_generator_py/carla_ackermann_msgs/carla_ackermann_msgs_s__rosidl_typesupport_fastrtps_c.cpython-38-x86_64-linux-gnu.so[0m
[31.303s] [ 96%] Built target carla_ackermann_msgs__rosidl_typesupport_fastrtps_c__pyext
[31.321s] [35m[1mScanning dependencies of target carla_ackermann_msgs__rosidl_typesupport_introspection_c__pyext[0m
[31.352s] [ 98%] [32mBuilding C object CMakeFiles/carla_ackermann_msgs__rosidl_typesupport_introspection_c__pyext.dir/rosidl_generator_py/carla_ackermann_msgs/_carla_ackermann_msgs_s.ep.rosidl_typesupport_introspection_c.c.o[0m
[31.493s] [100%] [32m[1mLinking C shared library rosidl_generator_py/carla_ackermann_msgs/carla_ackermann_msgs_s__rosidl_typesupport_introspection_c.cpython-38-x86_64-linux-gnu.so[0m
[31.569s] [100%] Built target carla_ackermann_msgs__rosidl_typesupport_introspection_c__pyext
[31.598s] Invoked command in '/home/lion/intellicar/ros2_ws/build/carla_ackermann_msgs' returned '0': AMENT_PREFIX_PATH=/home/lion/intellicar/ros2_ws/install/carla_msgs:${AMENT_PREFIX_PATH} CMAKE_PREFIX_PATH=/home/lion/intellicar/ros2_ws/install/carla_msgs:/opt/ros/foxy LD_LIBRARY_PATH=/home/lion/intellicar/ros2_ws/install/carla_msgs/lib:${LD_LIBRARY_PATH} PYTHONPATH=/home/lion/intellicar/ros2_ws/install/carla_msgs/lib/python3.8/site-packages:${PYTHONPATH} /usr/bin/cmake --build /home/lion/intellicar/ros2_ws/build/carla_ackermann_msgs -- -j16 -l16
[31.764s] Invoking command in '/home/lion/intellicar/ros2_ws/build/carla_ackermann_msgs': AMENT_PREFIX_PATH=/home/lion/intellicar/ros2_ws/install/carla_msgs:${AMENT_PREFIX_PATH} CMAKE_PREFIX_PATH=/home/lion/intellicar/ros2_ws/install/carla_msgs:/opt/ros/foxy LD_LIBRARY_PATH=/home/lion/intellicar/ros2_ws/install/carla_msgs/lib:${LD_LIBRARY_PATH} PYTHONPATH=/home/lion/intellicar/ros2_ws/install/carla_msgs/lib/python3.8/site-packages:${PYTHONPATH} /usr/bin/cmake --install /home/lion/intellicar/ros2_ws/build/carla_ackermann_msgs
[31.785s] -- Install configuration: ""
[31.785s] -- Installing: /home/lion/intellicar/ros2_ws/install/carla_ackermann_msgs/share/ament_index/resource_index/rosidl_interfaces/carla_ackermann_msgs
[31.785s] -- Installing: /home/lion/intellicar/ros2_ws/install/carla_ackermann_msgs/include/carla_ackermann_msgs
[31.786s] -- Installing: /home/lion/intellicar/ros2_ws/install/carla_ackermann_msgs/include/carla_ackermann_msgs/msg
[31.786s] -- Installing: /home/lion/intellicar/ros2_ws/install/carla_ackermann_msgs/include/carla_ackermann_msgs/msg/ego_vehicle_control_maxima.h
[31.786s] -- Installing: /home/lion/intellicar/ros2_ws/install/carla_ackermann_msgs/include/carla_ackermann_msgs/msg/detail
[31.786s] -- Installing: /home/lion/intellicar/ros2_ws/install/carla_ackermann_msgs/include/carla_ackermann_msgs/msg/detail/ego_vehicle_control_info__functions.h
[31.786s] -- Installing: /home/lion/intellicar/ros2_ws/install/carla_ackermann_msgs/include/carla_ackermann_msgs/msg/detail/ego_vehicle_control_maxima__functions.c
[31.786s] -- Installing: /home/lion/intellicar/ros2_ws/install/carla_ackermann_msgs/include/carla_ackermann_msgs/msg/detail/ego_vehicle_control_maxima__struct.h
[31.786s] -- Installing: /home/lion/intellicar/ros2_ws/install/carla_ackermann_msgs/include/carla_ackermann_msgs/msg/detail/ego_vehicle_control_info__functions.c
[31.787s] -- Installing: /home/lion/intellicar/ros2_ws/install/carla_ackermann_msgs/include/carla_ackermann_msgs/msg/detail/ego_vehicle_control_info__type_support.h
[31.787s] -- Installing: /home/lion/intellicar/ros2_ws/install/carla_ackermann_msgs/include/carla_ackermann_msgs/msg/detail/ego_vehicle_control_info__struct.h
[31.787s] -- Installing: /home/lion/intellicar/ros2_ws/install/carla_ackermann_msgs/include/carla_ackermann_msgs/msg/detail/ego_vehicle_control_current__functions.h
[31.787s] -- Installing: /home/lion/intellicar/ros2_ws/install/carla_ackermann_msgs/include/carla_ackermann_msgs/msg/detail/ego_vehicle_control_maxima__type_support.h
[31.788s] -- Installing: /home/lion/intellicar/ros2_ws/install/carla_ackermann_msgs/include/carla_ackermann_msgs/msg/detail/ego_vehicle_control_current__type_support.h
[31.788s] -- Installing: /home/lion/intellicar/ros2_ws/install/carla_ackermann_msgs/include/carla_ackermann_msgs/msg/detail/ego_vehicle_control_current__functions.c
[31.788s] -- Installing: /home/lion/intellicar/ros2_ws/install/carla_ackermann_msgs/include/carla_ackermann_msgs/msg/detail/ego_vehicle_control_target__type_support.h
[31.788s] -- Installing: /home/lion/intellicar/ros2_ws/install/carla_ackermann_msgs/include/carla_ackermann_msgs/msg/detail/ego_vehicle_control_maxima__functions.h
[31.788s] -- Installing: /home/lion/intellicar/ros2_ws/install/carla_ackermann_msgs/include/carla_ackermann_msgs/msg/detail/ego_vehicle_control_status__type_support.h
[31.789s] -- Installing: /home/lion/intellicar/ros2_ws/install/carla_ackermann_msgs/include/carla_ackermann_msgs/msg/detail/ego_vehicle_control_target__functions.c
[31.789s] -- Installing: /home/lion/intellicar/ros2_ws/install/carla_ackermann_msgs/include/carla_ackermann_msgs/msg/detail/ego_vehicle_control_status__functions.c
[31.789s] -- Installing: /home/lion/intellicar/ros2_ws/install/carla_ackermann_msgs/include/carla_ackermann_msgs/msg/detail/ego_vehicle_control_status__functions.h
[31.789s] -- Installing: /home/lion/intellicar/ros2_ws/install/carla_ackermann_msgs/include/carla_ackermann_msgs/msg/detail/ego_vehicle_control_target__struct.h
[31.789s] -- Installing: /home/lion/intellicar/ros2_ws/install/carla_ackermann_msgs/include/carla_ackermann_msgs/msg/detail/ego_vehicle_control_target__functions.h
[31.789s] -- Installing: /home/lion/intellicar/ros2_ws/install/carla_ackermann_msgs/include/carla_ackermann_msgs/msg/detail/ego_vehicle_control_status__struct.h
[31.789s] -- Installing: /home/lion/intellicar/ros2_ws/install/carla_ackermann_msgs/include/carla_ackermann_msgs/msg/detail/ego_vehicle_control_current__struct.h
[31.790s] -- Installing: /home/lion/intellicar/ros2_ws/install/carla_ackermann_msgs/include/carla_ackermann_msgs/msg/ego_vehicle_control_current.h
[31.790s] -- Installing: /home/lion/intellicar/ros2_ws/install/carla_ackermann_msgs/include/carla_ackermann_msgs/msg/ego_vehicle_control_info.h
[31.790s] -- Installing: /home/lion/intellicar/ros2_ws/install/carla_ackermann_msgs/include/carla_ackermann_msgs/msg/ego_vehicle_control_status.h
[31.790s] -- Installing: /home/lion/intellicar/ros2_ws/install/carla_ackermann_msgs/include/carla_ackermann_msgs/msg/rosidl_generator_c__visibility_control.h
[31.790s] -- Installing: /home/lion/intellicar/ros2_ws/install/carla_ackermann_msgs/include/carla_ackermann_msgs/msg/ego_vehicle_control_target.h
[31.790s] -- Installing: /home/lion/intellicar/ros2_ws/install/carla_ackermann_msgs/share/carla_ackermann_msgs/environment/library_path.sh
[31.790s] -- Installing: /home/lion/intellicar/ros2_ws/install/carla_ackermann_msgs/share/carla_ackermann_msgs/environment/library_path.dsv
[31.790s] -- Installing: /home/lion/intellicar/ros2_ws/install/carla_ackermann_msgs/lib/libcarla_ackermann_msgs__rosidl_generator_c.so
[31.791s] -- Set runtime path of "/home/lion/intellicar/ros2_ws/install/carla_ackermann_msgs/lib/libcarla_ackermann_msgs__rosidl_generator_c.so" to ""
[31.791s] -- Up-to-date: /home/lion/intellicar/ros2_ws/install/carla_ackermann_msgs/include/carla_ackermann_msgs
[31.791s] -- Up-to-date: /home/lion/intellicar/ros2_ws/install/carla_ackermann_msgs/include/carla_ackermann_msgs/msg
[31.791s] -- Up-to-date: /home/lion/intellicar/ros2_ws/install/carla_ackermann_msgs/include/carla_ackermann_msgs/msg/detail
[31.791s] -- Installing: /home/lion/intellicar/ros2_ws/install/carla_ackermann_msgs/include/carla_ackermann_msgs/msg/detail/ego_vehicle_control_current__rosidl_typesupport_fastrtps_c.h
[31.791s] -- Installing: /home/lion/intellicar/ros2_ws/install/carla_ackermann_msgs/include/carla_ackermann_msgs/msg/detail/ego_vehicle_control_status__rosidl_typesupport_fastrtps_c.h
[31.791s] -- Installing: /home/lion/intellicar/ros2_ws/install/carla_ackermann_msgs/include/carla_ackermann_msgs/msg/detail/ego_vehicle_control_target__rosidl_typesupport_fastrtps_c.h
[31.791s] -- Installing: /home/lion/intellicar/ros2_ws/install/carla_ackermann_msgs/include/carla_ackermann_msgs/msg/detail/ego_vehicle_control_info__rosidl_typesupport_fastrtps_c.h
[31.791s] -- Installing: /home/lion/intellicar/ros2_ws/install/carla_ackermann_msgs/include/carla_ackermann_msgs/msg/detail/ego_vehicle_control_maxima__rosidl_typesupport_fastrtps_c.h
[31.791s] -- Installing: /home/lion/intellicar/ros2_ws/install/carla_ackermann_msgs/include/carla_ackermann_msgs/msg/rosidl_typesupport_fastrtps_c__visibility_control.h
[31.792s] -- Installing: /home/lion/intellicar/ros2_ws/install/carla_ackermann_msgs/lib/libcarla_ackermann_msgs__rosidl_typesupport_fastrtps_c.so
[31.792s] -- Set runtime path of "/home/lion/intellicar/ros2_ws/install/carla_ackermann_msgs/lib/libcarla_ackermann_msgs__rosidl_typesupport_fastrtps_c.so" to ""
[31.792s] -- Up-to-date: /home/lion/intellicar/ros2_ws/install/carla_ackermann_msgs/include/carla_ackermann_msgs
[31.792s] -- Up-to-date: /home/lion/intellicar/ros2_ws/install/carla_ackermann_msgs/include/carla_ackermann_msgs/msg
[31.792s] -- Up-to-date: /home/lion/intellicar/ros2_ws/install/carla_ackermann_msgs/include/carla_ackermann_msgs/msg/detail
[31.793s] -- Installing: /home/lion/intellicar/ros2_ws/install/carla_ackermann_msgs/include/carla_ackermann_msgs/msg/detail/dds_fastrtps
[31.793s] -- Installing: /home/lion/intellicar/ros2_ws/install/carla_ackermann_msgs/include/carla_ackermann_msgs/msg/detail/ego_vehicle_control_current__rosidl_typesupport_fastrtps_cpp.hpp
[31.793s] -- Installing: /home/lion/intellicar/ros2_ws/install/carla_ackermann_msgs/include/carla_ackermann_msgs/msg/detail/ego_vehicle_control_status__rosidl_typesupport_fastrtps_cpp.hpp
[31.793s] -- Installing: /home/lion/intellicar/ros2_ws/install/carla_ackermann_msgs/include/carla_ackermann_msgs/msg/detail/ego_vehicle_control_target__rosidl_typesupport_fastrtps_cpp.hpp
[31.793s] -- Installing: /home/lion/intellicar/ros2_ws/install/carla_ackermann_msgs/include/carla_ackermann_msgs/msg/detail/ego_vehicle_control_info__rosidl_typesupport_fastrtps_cpp.hpp
[31.793s] -- Installing: /home/lion/intellicar/ros2_ws/install/carla_ackermann_msgs/include/carla_ackermann_msgs/msg/detail/ego_vehicle_control_maxima__rosidl_typesupport_fastrtps_cpp.hpp
[31.793s] -- Installing: /home/lion/intellicar/ros2_ws/install/carla_ackermann_msgs/include/carla_ackermann_msgs/msg/rosidl_typesupport_fastrtps_cpp__visibility_control.h
[31.794s] -- Installing: /home/lion/intellicar/ros2_ws/install/carla_ackermann_msgs/lib/libcarla_ackermann_msgs__rosidl_typesupport_fastrtps_cpp.so
[31.794s] -- Set runtime path of "/home/lion/intellicar/ros2_ws/install/carla_ackermann_msgs/lib/libcarla_ackermann_msgs__rosidl_typesupport_fastrtps_cpp.so" to ""
[31.794s] -- Up-to-date: /home/lion/intellicar/ros2_ws/install/carla_ackermann_msgs/include/carla_ackermann_msgs
[31.794s] -- Up-to-date: /home/lion/intellicar/ros2_ws/install/carla_ackermann_msgs/include/carla_ackermann_msgs/msg
[31.794s] -- Up-to-date: /home/lion/intellicar/ros2_ws/install/carla_ackermann_msgs/include/carla_ackermann_msgs/msg/detail
[31.794s] -- Installing: /home/lion/intellicar/ros2_ws/install/carla_ackermann_msgs/include/carla_ackermann_msgs/msg/detail/ego_vehicle_control_status__type_support.c
[31.794s] -- Installing: /home/lion/intellicar/ros2_ws/install/carla_ackermann_msgs/include/carla_ackermann_msgs/msg/detail/ego_vehicle_control_status__rosidl_typesupport_introspection_c.h
[31.794s] -- Installing: /home/lion/intellicar/ros2_ws/install/carla_ackermann_msgs/include/carla_ackermann_msgs/msg/detail/ego_vehicle_control_current__type_support.c
[31.795s] -- Installing: /home/lion/intellicar/ros2_ws/install/carla_ackermann_msgs/include/carla_ackermann_msgs/msg/detail/ego_vehicle_control_target__type_support.c
[31.795s] -- Installing: /home/lion/intellicar/ros2_ws/install/carla_ackermann_msgs/include/carla_ackermann_msgs/msg/detail/ego_vehicle_control_maxima__type_support.c
[31.795s] -- Installing: /home/lion/intellicar/ros2_ws/install/carla_ackermann_msgs/include/carla_ackermann_msgs/msg/detail/ego_vehicle_control_maxima__rosidl_typesupport_introspection_c.h
[31.795s] -- Installing: /home/lion/intellicar/ros2_ws/install/carla_ackermann_msgs/include/carla_ackermann_msgs/msg/detail/ego_vehicle_control_info__type_support.c
[31.795s] -- Installing: /home/lion/intellicar/ros2_ws/install/carla_ackermann_msgs/include/carla_ackermann_msgs/msg/detail/ego_vehicle_control_target__rosidl_typesupport_introspection_c.h
[31.795s] -- Installing: /home/lion/intellicar/ros2_ws/install/carla_ackermann_msgs/include/carla_ackermann_msgs/msg/detail/ego_vehicle_control_current__rosidl_typesupport_introspection_c.h
[31.795s] -- Installing: /home/lion/intellicar/ros2_ws/install/carla_ackermann_msgs/include/carla_ackermann_msgs/msg/detail/ego_vehicle_control_info__rosidl_typesupport_introspection_c.h
[31.795s] -- Installing: /home/lion/intellicar/ros2_ws/install/carla_ackermann_msgs/include/carla_ackermann_msgs/msg/rosidl_typesupport_introspection_c__visibility_control.h
[31.796s] -- Installing: /home/lion/intellicar/ros2_ws/install/carla_ackermann_msgs/lib/libcarla_ackermann_msgs__rosidl_typesupport_introspection_c.so
[31.796s] -- Set runtime path of "/home/lion/intellicar/ros2_ws/install/carla_ackermann_msgs/lib/libcarla_ackermann_msgs__rosidl_typesupport_introspection_c.so" to ""
[31.797s] -- Installing: /home/lion/intellicar/ros2_ws/install/carla_ackermann_msgs/lib/libcarla_ackermann_msgs__rosidl_typesupport_c.so
[31.797s] -- Set runtime path of "/home/lion/intellicar/ros2_ws/install/carla_ackermann_msgs/lib/libcarla_ackermann_msgs__rosidl_typesupport_c.so" to ""
[31.797s] -- Up-to-date: /home/lion/intellicar/ros2_ws/install/carla_ackermann_msgs/include/carla_ackermann_msgs
[31.798s] -- Up-to-date: /home/lion/intellicar/ros2_ws/install/carla_ackermann_msgs/include/carla_ackermann_msgs/msg
[31.801s] -- Installing: /home/lion/intellicar/ros2_ws/install/carla_ackermann_msgs/include/carla_ackermann_msgs/msg/rosidl_generator_cpp__visibility_control.hpp
[31.801s] -- Up-to-date: /home/lion/intellicar/ros2_ws/install/carla_ackermann_msgs/include/carla_ackermann_msgs/msg/detail
[31.801s] -- Installing: /home/lion/intellicar/ros2_ws/install/carla_ackermann_msgs/include/carla_ackermann_msgs/msg/detail/ego_vehicle_control_current__builder.hpp
[31.801s] -- Installing: /home/lion/intellicar/ros2_ws/install/carla_ackermann_msgs/include/carla_ackermann_msgs/msg/detail/ego_vehicle_control_info__builder.hpp
[31.802s] -- Installing: /home/lion/intellicar/ros2_ws/install/carla_ackermann_msgs/include/carla_ackermann_msgs/msg/detail/ego_vehicle_control_status__traits.hpp
[31.802s] -- Installing: /home/lion/intellicar/ros2_ws/install/carla_ackermann_msgs/include/carla_ackermann_msgs/msg/detail/ego_vehicle_control_target__traits.hpp
[31.802s] -- Installing: /home/lion/intellicar/ros2_ws/install/carla_ackermann_msgs/include/carla_ackermann_msgs/msg/detail/ego_vehicle_control_info__traits.hpp
[31.802s] -- Installing: /home/lion/intellicar/ros2_ws/install/carla_ackermann_msgs/include/carla_ackermann_msgs/msg/detail/ego_vehicle_control_status__type_support.hpp
[31.802s] -- Installing: /home/lion/intellicar/ros2_ws/install/carla_ackermann_msgs/include/carla_ackermann_msgs/msg/detail/ego_vehicle_control_current__type_support.hpp
[31.802s] -- Installing: /home/lion/intellicar/ros2_ws/install/carla_ackermann_msgs/include/carla_ackermann_msgs/msg/detail/ego_vehicle_control_info__type_support.hpp
[31.802s] -- Installing: /home/lion/intellicar/ros2_ws/install/carla_ackermann_msgs/include/carla_ackermann_msgs/msg/detail/ego_vehicle_control_maxima__traits.hpp
[31.802s] -- Installing: /home/lion/intellicar/ros2_ws/install/carla_ackermann_msgs/include/carla_ackermann_msgs/msg/detail/ego_vehicle_control_status__struct.hpp
[31.803s] -- Installing: /home/lion/intellicar/ros2_ws/install/carla_ackermann_msgs/include/carla_ackermann_msgs/msg/detail/ego_vehicle_control_status__builder.hpp
[31.803s] -- Installing: /home/lion/intellicar/ros2_ws/install/carla_ackermann_msgs/include/carla_ackermann_msgs/msg/detail/ego_vehicle_control_maxima__struct.hpp
[31.803s] -- Installing: /home/lion/intellicar/ros2_ws/install/carla_ackermann_msgs/include/carla_ackermann_msgs/msg/detail/ego_vehicle_control_current__struct.hpp
[31.803s] -- Installing: /home/lion/intellicar/ros2_ws/install/carla_ackermann_msgs/include/carla_ackermann_msgs/msg/detail/ego_vehicle_control_current__traits.hpp
[31.803s] -- Installing: /home/lion/intellicar/ros2_ws/install/carla_ackermann_msgs/include/carla_ackermann_msgs/msg/detail/ego_vehicle_control_target__type_support.hpp
[31.803s] -- Installing: /home/lion/intellicar/ros2_ws/install/carla_ackermann_msgs/include/carla_ackermann_msgs/msg/detail/ego_vehicle_control_info__struct.hpp
[31.803s] -- Installing: /home/lion/intellicar/ros2_ws/install/carla_ackermann_msgs/include/carla_ackermann_msgs/msg/detail/ego_vehicle_control_maxima__builder.hpp
[31.803s] -- Installing: /home/lion/intellicar/ros2_ws/install/carla_ackermann_msgs/include/carla_ackermann_msgs/msg/detail/ego_vehicle_control_maxima__type_support.hpp
[31.803s] -- Installing: /home/lion/intellicar/ros2_ws/install/carla_ackermann_msgs/include/carla_ackermann_msgs/msg/detail/ego_vehicle_control_target__builder.hpp
[31.804s] -- Installing: /home/lion/intellicar/ros2_ws/install/carla_ackermann_msgs/include/carla_ackermann_msgs/msg/detail/ego_vehicle_control_target__struct.hpp
[31.805s] -- Installing: /home/lion/intellicar/ros2_ws/install/carla_ackermann_msgs/include/carla_ackermann_msgs/msg/ego_vehicle_control_target.hpp
[31.805s] -- Installing: /home/lion/intellicar/ros2_ws/install/carla_ackermann_msgs/include/carla_ackermann_msgs/msg/ego_vehicle_control_maxima.hpp
[31.805s] -- Installing: /home/lion/intellicar/ros2_ws/install/carla_ackermann_msgs/include/carla_ackermann_msgs/msg/ego_vehicle_control_status.hpp
[31.805s] -- Installing: /home/lion/intellicar/ros2_ws/install/carla_ackermann_msgs/include/carla_ackermann_msgs/msg/ego_vehicle_control_current.hpp
[31.805s] -- Installing: /home/lion/intellicar/ros2_ws/install/carla_ackermann_msgs/include/carla_ackermann_msgs/msg/ego_vehicle_control_info.hpp
[31.805s] -- Up-to-date: /home/lion/intellicar/ros2_ws/install/carla_ackermann_msgs/include/carla_ackermann_msgs
[31.805s] -- Up-to-date: /home/lion/intellicar/ros2_ws/install/carla_ackermann_msgs/include/carla_ackermann_msgs/msg
[31.805s] -- Up-to-date: /home/lion/intellicar/ros2_ws/install/carla_ackermann_msgs/include/carla_ackermann_msgs/msg/detail
[31.805s] -- Installing: /home/lion/intellicar/ros2_ws/install/carla_ackermann_msgs/include/carla_ackermann_msgs/msg/detail/ego_vehicle_control_status__rosidl_typesupport_introspection_cpp.hpp
[31.805s] -- Installing: /home/lion/intellicar/ros2_ws/install/carla_ackermann_msgs/include/carla_ackermann_msgs/msg/detail/ego_vehicle_control_maxima__rosidl_typesupport_introspection_cpp.hpp
[31.805s] -- Installing: /home/lion/intellicar/ros2_ws/install/carla_ackermann_msgs/include/carla_ackermann_msgs/msg/detail/ego_vehicle_control_target__rosidl_typesupport_introspection_cpp.hpp
[31.805s] -- Installing: /home/lion/intellicar/ros2_ws/install/carla_ackermann_msgs/include/carla_ackermann_msgs/msg/detail/ego_vehicle_control_status__type_support.cpp
[31.805s] -- Installing: /home/lion/intellicar/ros2_ws/install/carla_ackermann_msgs/include/carla_ackermann_msgs/msg/detail/ego_vehicle_control_target__type_support.cpp
[31.806s] -- Installing: /home/lion/intellicar/ros2_ws/install/carla_ackermann_msgs/include/carla_ackermann_msgs/msg/detail/ego_vehicle_control_info__rosidl_typesupport_introspection_cpp.hpp
[31.806s] -- Installing: /home/lion/intellicar/ros2_ws/install/carla_ackermann_msgs/include/carla_ackermann_msgs/msg/detail/ego_vehicle_control_current__type_support.cpp
[31.806s] -- Installing: /home/lion/intellicar/ros2_ws/install/carla_ackermann_msgs/include/carla_ackermann_msgs/msg/detail/ego_vehicle_control_current__rosidl_typesupport_introspection_cpp.hpp
[31.806s] -- Installing: /home/lion/intellicar/ros2_ws/install/carla_ackermann_msgs/include/carla_ackermann_msgs/msg/detail/ego_vehicle_control_maxima__type_support.cpp
[31.806s] -- Installing: /home/lion/intellicar/ros2_ws/install/carla_ackermann_msgs/include/carla_ackermann_msgs/msg/detail/ego_vehicle_control_info__type_support.cpp
[31.806s] -- Installing: /home/lion/intellicar/ros2_ws/install/carla_ackermann_msgs/lib/libcarla_ackermann_msgs__rosidl_typesupport_introspection_cpp.so
[31.807s] -- Set runtime path of "/home/lion/intellicar/ros2_ws/install/carla_ackermann_msgs/lib/libcarla_ackermann_msgs__rosidl_typesupport_introspection_cpp.so" to ""
[31.808s] -- Installing: /home/lion/intellicar/ros2_ws/install/carla_ackermann_msgs/lib/libcarla_ackermann_msgs__rosidl_typesupport_cpp.so
[31.808s] -- Set runtime path of "/home/lion/intellicar/ros2_ws/install/carla_ackermann_msgs/lib/libcarla_ackermann_msgs__rosidl_typesupport_cpp.so" to ""
[31.808s] -- Installing: /home/lion/intellicar/ros2_ws/install/carla_ackermann_msgs/share/carla_ackermann_msgs/environment/pythonpath.sh
[31.808s] -- Installing: /home/lion/intellicar/ros2_ws/install/carla_ackermann_msgs/share/carla_ackermann_msgs/environment/pythonpath.dsv
[31.808s] -- Installing: /home/lion/intellicar/ros2_ws/install/carla_ackermann_msgs/lib/python3.8/site-packages/carla_ackermann_msgs/__init__.py
[31.844s] Compiling '/home/lion/intellicar/ros2_ws/install/carla_ackermann_msgs/lib/python3.8/site-packages/carla_ackermann_msgs/__init__.py'...
[31.852s] -- Installing: /home/lion/intellicar/ros2_ws/install/carla_ackermann_msgs/lib/python3.8/site-packages/carla_ackermann_msgs/msg
[31.852s] -- Installing: /home/lion/intellicar/ros2_ws/install/carla_ackermann_msgs/lib/python3.8/site-packages/carla_ackermann_msgs/msg/_ego_vehicle_control_maxima_s.c
[31.852s] -- Installing: /home/lion/intellicar/ros2_ws/install/carla_ackermann_msgs/lib/python3.8/site-packages/carla_ackermann_msgs/msg/_ego_vehicle_control_info_s.c
[31.852s] -- Installing: /home/lion/intellicar/ros2_ws/install/carla_ackermann_msgs/lib/python3.8/site-packages/carla_ackermann_msgs/msg/_ego_vehicle_control_maxima.py
[31.852s] -- Installing: /home/lion/intellicar/ros2_ws/install/carla_ackermann_msgs/lib/python3.8/site-packages/carla_ackermann_msgs/msg/_ego_vehicle_control_status.py
[31.852s] -- Installing: /home/lion/intellicar/ros2_ws/install/carla_ackermann_msgs/lib/python3.8/site-packages/carla_ackermann_msgs/msg/_ego_vehicle_control_current_s.c
[31.853s] -- Installing: /home/lion/intellicar/ros2_ws/install/carla_ackermann_msgs/lib/python3.8/site-packages/carla_ackermann_msgs/msg/_ego_vehicle_control_target_s.c
[31.853s] -- Installing: /home/lion/intellicar/ros2_ws/install/carla_ackermann_msgs/lib/python3.8/site-packages/carla_ackermann_msgs/msg/__init__.py
[31.853s] -- Installing: /home/lion/intellicar/ros2_ws/install/carla_ackermann_msgs/lib/python3.8/site-packages/carla_ackermann_msgs/msg/_ego_vehicle_control_info.py
[31.853s] -- Installing: /home/lion/intellicar/ros2_ws/install/carla_ackermann_msgs/lib/python3.8/site-packages/carla_ackermann_msgs/msg/_ego_vehicle_control_target.py
[31.853s] -- Installing: /home/lion/intellicar/ros2_ws/install/carla_ackermann_msgs/lib/python3.8/site-packages/carla_ackermann_msgs/msg/_ego_vehicle_control_status_s.c
[31.853s] -- Installing: /home/lion/intellicar/ros2_ws/install/carla_ackermann_msgs/lib/python3.8/site-packages/carla_ackermann_msgs/msg/_ego_vehicle_control_current.py
[31.853s] -- Installing: /home/lion/intellicar/ros2_ws/install/carla_ackermann_msgs/lib/python3.8/site-packages/carla_ackermann_msgs/carla_ackermann_msgs_s__rosidl_typesupport_fastrtps_c.cpython-38-x86_64-linux-gnu.so
[31.853s] -- Set runtime path of "/home/lion/intellicar/ros2_ws/install/carla_ackermann_msgs/lib/python3.8/site-packages/carla_ackermann_msgs/carla_ackermann_msgs_s__rosidl_typesupport_fastrtps_c.cpython-38-x86_64-linux-gnu.so" to ""
[31.853s] -- Installing: /home/lion/intellicar/ros2_ws/install/carla_ackermann_msgs/lib/python3.8/site-packages/carla_ackermann_msgs/carla_ackermann_msgs_s__rosidl_typesupport_introspection_c.cpython-38-x86_64-linux-gnu.so
[31.854s] -- Set runtime path of "/home/lion/intellicar/ros2_ws/install/carla_ackermann_msgs/lib/python3.8/site-packages/carla_ackermann_msgs/carla_ackermann_msgs_s__rosidl_typesupport_introspection_c.cpython-38-x86_64-linux-gnu.so" to ""
[31.854s] -- Installing: /home/lion/intellicar/ros2_ws/install/carla_ackermann_msgs/lib/python3.8/site-packages/carla_ackermann_msgs/carla_ackermann_msgs_s__rosidl_typesupport_c.cpython-38-x86_64-linux-gnu.so
[31.855s] -- Set runtime path of "/home/lion/intellicar/ros2_ws/install/carla_ackermann_msgs/lib/python3.8/site-packages/carla_ackermann_msgs/carla_ackermann_msgs_s__rosidl_typesupport_c.cpython-38-x86_64-linux-gnu.so" to ""
[31.855s] -- Installing: /home/lion/intellicar/ros2_ws/install/carla_ackermann_msgs/lib/libcarla_ackermann_msgs__python.so
[31.855s] -- Set runtime path of "/home/lion/intellicar/ros2_ws/install/carla_ackermann_msgs/lib/libcarla_ackermann_msgs__python.so" to ""
[31.856s] -- Installing: /home/lion/intellicar/ros2_ws/install/carla_ackermann_msgs/share/carla_ackermann_msgs/msg/EgoVehicleControlInfo.idl
[31.856s] -- Installing: /home/lion/intellicar/ros2_ws/install/carla_ackermann_msgs/share/carla_ackermann_msgs/msg/EgoVehicleControlCurrent.idl
[31.856s] -- Installing: /home/lion/intellicar/ros2_ws/install/carla_ackermann_msgs/share/carla_ackermann_msgs/msg/EgoVehicleControlMaxima.idl
[31.856s] -- Installing: /home/lion/intellicar/ros2_ws/install/carla_ackermann_msgs/share/carla_ackermann_msgs/msg/EgoVehicleControlStatus.idl
[31.856s] -- Installing: /home/lion/intellicar/ros2_ws/install/carla_ackermann_msgs/share/carla_ackermann_msgs/msg/EgoVehicleControlTarget.idl
[31.856s] -- Installing: /home/lion/intellicar/ros2_ws/install/carla_ackermann_msgs/share/carla_ackermann_msgs/msg/EgoVehicleControlInfo.msg
[31.857s] -- Installing: /home/lion/intellicar/ros2_ws/install/carla_ackermann_msgs/share/carla_ackermann_msgs/msg/EgoVehicleControlCurrent.msg
[31.857s] -- Installing: /home/lion/intellicar/ros2_ws/install/carla_ackermann_msgs/share/carla_ackermann_msgs/msg/EgoVehicleControlMaxima.msg
[31.857s] -- Installing: /home/lion/intellicar/ros2_ws/install/carla_ackermann_msgs/share/carla_ackermann_msgs/msg/EgoVehicleControlStatus.msg
[31.857s] -- Installing: /home/lion/intellicar/ros2_ws/install/carla_ackermann_msgs/share/carla_ackermann_msgs/msg/EgoVehicleControlTarget.msg
[31.858s] -- Installing: /home/lion/intellicar/ros2_ws/install/carla_ackermann_msgs/share/ament_index/resource_index/package_run_dependencies/carla_ackermann_msgs
[31.858s] -- Installing: /home/lion/intellicar/ros2_ws/install/carla_ackermann_msgs/share/ament_index/resource_index/parent_prefix_path/carla_ackermann_msgs
[31.858s] -- Installing: /home/lion/intellicar/ros2_ws/install/carla_ackermann_msgs/share/carla_ackermann_msgs/environment/ament_prefix_path.sh
[31.858s] -- Installing: /home/lion/intellicar/ros2_ws/install/carla_ackermann_msgs/share/carla_ackermann_msgs/environment/ament_prefix_path.dsv
[31.858s] -- Installing: /home/lion/intellicar/ros2_ws/install/carla_ackermann_msgs/share/carla_ackermann_msgs/environment/path.sh
[31.860s] -- Installing: /home/lion/intellicar/ros2_ws/install/carla_ackermann_msgs/share/carla_ackermann_msgs/environment/path.dsv
[31.860s] -- Installing: /home/lion/intellicar/ros2_ws/install/carla_ackermann_msgs/share/carla_ackermann_msgs/local_setup.bash
[31.860s] -- Installing: /home/lion/intellicar/ros2_ws/install/carla_ackermann_msgs/share/carla_ackermann_msgs/local_setup.sh
[31.861s] -- Installing: /home/lion/intellicar/ros2_ws/install/carla_ackermann_msgs/share/carla_ackermann_msgs/local_setup.zsh
[31.861s] -- Installing: /home/lion/intellicar/ros2_ws/install/carla_ackermann_msgs/share/carla_ackermann_msgs/local_setup.dsv
[31.861s] -- Installing: /home/lion/intellicar/ros2_ws/install/carla_ackermann_msgs/share/carla_ackermann_msgs/package.dsv
[31.861s] -- Installing: /home/lion/intellicar/ros2_ws/install/carla_ackermann_msgs/share/ament_index/resource_index/packages/carla_ackermann_msgs
[31.862s] -- Installing: /home/lion/intellicar/ros2_ws/install/carla_ackermann_msgs/share/carla_ackermann_msgs/cmake/carla_ackermann_msgs__rosidl_generator_cExport.cmake
[31.862s] -- Installing: /home/lion/intellicar/ros2_ws/install/carla_ackermann_msgs/share/carla_ackermann_msgs/cmake/carla_ackermann_msgs__rosidl_generator_cExport-noconfig.cmake
[31.862s] -- Installing: /home/lion/intellicar/ros2_ws/install/carla_ackermann_msgs/share/carla_ackermann_msgs/cmake/carla_ackermann_msgs__rosidl_typesupport_introspection_cExport.cmake
[31.862s] -- Installing: /home/lion/intellicar/ros2_ws/install/carla_ackermann_msgs/share/carla_ackermann_msgs/cmake/carla_ackermann_msgs__rosidl_typesupport_introspection_cExport-noconfig.cmake
[31.862s] -- Installing: /home/lion/intellicar/ros2_ws/install/carla_ackermann_msgs/share/carla_ackermann_msgs/cmake/carla_ackermann_msgs__rosidl_typesupport_cExport.cmake
[31.863s] -- Installing: /home/lion/intellicar/ros2_ws/install/carla_ackermann_msgs/share/carla_ackermann_msgs/cmake/carla_ackermann_msgs__rosidl_typesupport_cExport-noconfig.cmake
[31.863s] -- Installing: /home/lion/intellicar/ros2_ws/install/carla_ackermann_msgs/share/carla_ackermann_msgs/cmake/carla_ackermann_msgs__rosidl_generator_cppExport.cmake
[31.863s] -- Installing: /home/lion/intellicar/ros2_ws/install/carla_ackermann_msgs/share/carla_ackermann_msgs/cmake/carla_ackermann_msgs__rosidl_typesupport_introspection_cppExport.cmake
[31.863s] -- Installing: /home/lion/intellicar/ros2_ws/install/carla_ackermann_msgs/share/carla_ackermann_msgs/cmake/carla_ackermann_msgs__rosidl_typesupport_introspection_cppExport-noconfig.cmake
[31.864s] -- Installing: /home/lion/intellicar/ros2_ws/install/carla_ackermann_msgs/share/carla_ackermann_msgs/cmake/carla_ackermann_msgs__rosidl_typesupport_cppExport.cmake
[31.864s] -- Installing: /home/lion/intellicar/ros2_ws/install/carla_ackermann_msgs/share/carla_ackermann_msgs/cmake/carla_ackermann_msgs__rosidl_typesupport_cppExport-noconfig.cmake
[31.864s] -- Installing: /home/lion/intellicar/ros2_ws/install/carla_ackermann_msgs/share/carla_ackermann_msgs/cmake/rosidl_cmake-extras.cmake
[31.864s] -- Installing: /home/lion/intellicar/ros2_ws/install/carla_ackermann_msgs/share/carla_ackermann_msgs/cmake/ament_cmake_export_dependencies-extras.cmake
[31.864s] -- Installing: /home/lion/intellicar/ros2_ws/install/carla_ackermann_msgs/share/carla_ackermann_msgs/cmake/ament_cmake_export_libraries-extras.cmake
[31.864s] -- Installing: /home/lion/intellicar/ros2_ws/install/carla_ackermann_msgs/share/carla_ackermann_msgs/cmake/ament_cmake_export_targets-extras.cmake
[31.865s] -- Installing: /home/lion/intellicar/ros2_ws/install/carla_ackermann_msgs/share/carla_ackermann_msgs/cmake/ament_cmake_export_include_directories-extras.cmake
[31.865s] -- Installing: /home/lion/intellicar/ros2_ws/install/carla_ackermann_msgs/share/carla_ackermann_msgs/cmake/rosidl_cmake_export_typesupport_libraries-extras.cmake
[31.865s] -- Installing: /home/lion/intellicar/ros2_ws/install/carla_ackermann_msgs/share/carla_ackermann_msgs/cmake/rosidl_cmake_export_typesupport_targets-extras.cmake
[31.865s] -- Installing: /home/lion/intellicar/ros2_ws/install/carla_ackermann_msgs/share/carla_ackermann_msgs/cmake/carla_ackermann_msgsConfig.cmake
[31.865s] -- Installing: /home/lion/intellicar/ros2_ws/install/carla_ackermann_msgs/share/carla_ackermann_msgs/cmake/carla_ackermann_msgsConfig-version.cmake
[31.866s] -- Installing: /home/lion/intellicar/ros2_ws/install/carla_ackermann_msgs/share/carla_ackermann_msgs/package.xml
[31.878s] Invoked command in '/home/lion/intellicar/ros2_ws/build/carla_ackermann_msgs' returned '0': AMENT_PREFIX_PATH=/home/lion/intellicar/ros2_ws/install/carla_msgs:${AMENT_PREFIX_PATH} CMAKE_PREFIX_PATH=/home/lion/intellicar/ros2_ws/install/carla_msgs:/opt/ros/foxy LD_LIBRARY_PATH=/home/lion/intellicar/ros2_ws/install/carla_msgs/lib:${LD_LIBRARY_PATH} PYTHONPATH=/home/lion/intellicar/ros2_ws/install/carla_msgs/lib/python3.8/site-packages:${PYTHONPATH} /usr/bin/cmake --install /home/lion/intellicar/ros2_ws/build/carla_ackermann_msgs
