[7.367s] Invoking command in '/home/lion/intellicar/ros2_ws/build/centralized_bringup': CMAKE_PREFIX_PATH=${CMAKE_PREFIX_PATH}:/home/lion/intellicar/ros2_ws/install/carla_ad_demo:/home/lion/intellicar/ros2_ws/install/rqt_carla_control:/home/lion/intellicar/ros2_ws/install/carla_waypoint_publisher:/home/lion/intellicar/ros2_ws/install/carla_ackermann_control:/home/lion/intellicar/ros2_ws/install/carla_ros_bridge:/home/lion/intellicar/ros2_ws/install/carla_spawn_objects:/home/lion/intellicar/ros2_ws/install/carla_manual_control:/home/lion/intellicar/ros2_ws/install/carla_ad_agent:/home/lion/intellicar/ros2_ws/install/ros_compatibility:/home/lion/intellicar/ros2_ws/install/carla_walker_agent:/home/lion/intellicar/ros2_ws/install/carla_twist_to_control:/home/lion/intellicar/ros2_ws/install/carla_ros_scenario_runner:/home/lion/intellicar/ros2_ws/install/carla_common:/opt/ros/foxy /usr/bin/cmake /home/lion/intellicar/ros2_ws/src/centralized_bringup -DCMAKE_INSTALL_PREFIX=/home/lion/intellicar/ros2_ws/install/centralized_bringup
[10.730s] -- The C compiler identification is GNU 9.4.0
[10.730s] -- The CXX compiler identification is GNU 9.4.0
[10.730s] -- Check for working C compiler: /usr/bin/cc
[10.730s] -- Check for working C compiler: /usr/bin/cc -- works
[10.730s] -- Detecting C compiler ABI info
[10.730s] -- Detecting C compiler ABI info - done
[10.730s] -- Detecting C compile features
[10.730s] -- Detecting C compile features - done
[10.730s] -- Check for working CXX compiler: /usr/bin/c++
[10.731s] -- Check for working CXX compiler: /usr/bin/c++ -- works
[10.731s] -- Detecting CXX compiler ABI info
[10.731s] -- Detecting CXX compiler ABI info - done
[10.731s] -- Detecting CXX compile features
[10.731s] -- Detecting CXX compile features - done
[10.731s] -- Found ament_cmake: 0.9.12 (/opt/ros/foxy/share/ament_cmake/cmake)
[10.731s] -- Found PythonInterp: /usr/bin/python3 (found suitable version "3.8.10", minimum required is "3") 
[10.731s] -- Using PYTHON_EXECUTABLE: /usr/bin/python3
[10.731s] -- Found ament_lint_auto: 0.9.8 (/opt/ros/foxy/share/ament_lint_auto/cmake)
[10.731s] -- Added test 'copyright' to check source files copyright and LICENSE
[10.731s] -- Added test 'lint_cmake' to check CMake code style
[10.731s] -- Added test 'xmllint' to check XML markup files
[10.732s] -- Configuring done
[10.732s] -- Generating done
[10.732s] -- Build files have been written to: /home/lion/intellicar/ros2_ws/build/centralized_bringup
[10.750s] Invoked command in '/home/lion/intellicar/ros2_ws/build/centralized_bringup' returned '0': CMAKE_PREFIX_PATH=${CMAKE_PREFIX_PATH}:/home/lion/intellicar/ros2_ws/install/carla_ad_demo:/home/lion/intellicar/ros2_ws/install/rqt_carla_control:/home/lion/intellicar/ros2_ws/install/carla_waypoint_publisher:/home/lion/intellicar/ros2_ws/install/carla_ackermann_control:/home/lion/intellicar/ros2_ws/install/carla_ros_bridge:/home/lion/intellicar/ros2_ws/install/carla_spawn_objects:/home/lion/intellicar/ros2_ws/install/carla_manual_control:/home/lion/intellicar/ros2_ws/install/carla_ad_agent:/home/lion/intellicar/ros2_ws/install/ros_compatibility:/home/lion/intellicar/ros2_ws/install/carla_walker_agent:/home/lion/intellicar/ros2_ws/install/carla_twist_to_control:/home/lion/intellicar/ros2_ws/install/carla_ros_scenario_runner:/home/lion/intellicar/ros2_ws/install/carla_common:/opt/ros/foxy /usr/bin/cmake /home/lion/intellicar/ros2_ws/src/centralized_bringup -DCMAKE_INSTALL_PREFIX=/home/lion/intellicar/ros2_ws/install/centralized_bringup
[10.751s] Invoking command in '/home/lion/intellicar/ros2_ws/build/centralized_bringup': CMAKE_PREFIX_PATH=${CMAKE_PREFIX_PATH}:/home/lion/intellicar/ros2_ws/install/carla_ad_demo:/home/lion/intellicar/ros2_ws/install/rqt_carla_control:/home/lion/intellicar/ros2_ws/install/carla_waypoint_publisher:/home/lion/intellicar/ros2_ws/install/carla_ackermann_control:/home/lion/intellicar/ros2_ws/install/carla_ros_bridge:/home/lion/intellicar/ros2_ws/install/carla_spawn_objects:/home/lion/intellicar/ros2_ws/install/carla_manual_control:/home/lion/intellicar/ros2_ws/install/carla_ad_agent:/home/lion/intellicar/ros2_ws/install/ros_compatibility:/home/lion/intellicar/ros2_ws/install/carla_walker_agent:/home/lion/intellicar/ros2_ws/install/carla_twist_to_control:/home/lion/intellicar/ros2_ws/install/carla_ros_scenario_runner:/home/lion/intellicar/ros2_ws/install/carla_common:/opt/ros/foxy /usr/bin/cmake --build /home/lion/intellicar/ros2_ws/build/centralized_bringup -- -j16 -l16
[10.859s] Invoked command in '/home/lion/intellicar/ros2_ws/build/centralized_bringup' returned '0': CMAKE_PREFIX_PATH=${CMAKE_PREFIX_PATH}:/home/lion/intellicar/ros2_ws/install/carla_ad_demo:/home/lion/intellicar/ros2_ws/install/rqt_carla_control:/home/lion/intellicar/ros2_ws/install/carla_waypoint_publisher:/home/lion/intellicar/ros2_ws/install/carla_ackermann_control:/home/lion/intellicar/ros2_ws/install/carla_ros_bridge:/home/lion/intellicar/ros2_ws/install/carla_spawn_objects:/home/lion/intellicar/ros2_ws/install/carla_manual_control:/home/lion/intellicar/ros2_ws/install/carla_ad_agent:/home/lion/intellicar/ros2_ws/install/ros_compatibility:/home/lion/intellicar/ros2_ws/install/carla_walker_agent:/home/lion/intellicar/ros2_ws/install/carla_twist_to_control:/home/lion/intellicar/ros2_ws/install/carla_ros_scenario_runner:/home/lion/intellicar/ros2_ws/install/carla_common:/opt/ros/foxy /usr/bin/cmake --build /home/lion/intellicar/ros2_ws/build/centralized_bringup -- -j16 -l16
[12.493s] Invoking command in '/home/lion/intellicar/ros2_ws/build/centralized_bringup': CMAKE_PREFIX_PATH=${CMAKE_PREFIX_PATH}:/home/lion/intellicar/ros2_ws/install/carla_ad_demo:/home/lion/intellicar/ros2_ws/install/rqt_carla_control:/home/lion/intellicar/ros2_ws/install/carla_waypoint_publisher:/home/lion/intellicar/ros2_ws/install/carla_ackermann_control:/home/lion/intellicar/ros2_ws/install/carla_ros_bridge:/home/lion/intellicar/ros2_ws/install/carla_spawn_objects:/home/lion/intellicar/ros2_ws/install/carla_manual_control:/home/lion/intellicar/ros2_ws/install/carla_ad_agent:/home/lion/intellicar/ros2_ws/install/ros_compatibility:/home/lion/intellicar/ros2_ws/install/carla_walker_agent:/home/lion/intellicar/ros2_ws/install/carla_twist_to_control:/home/lion/intellicar/ros2_ws/install/carla_ros_scenario_runner:/home/lion/intellicar/ros2_ws/install/carla_common:/opt/ros/foxy /usr/bin/cmake --install /home/lion/intellicar/ros2_ws/build/centralized_bringup
[13.381s] -- Install configuration: ""
[13.382s] -- Installing: /home/lion/intellicar/ros2_ws/install/centralized_bringup/share/ament_index/resource_index/package_run_dependencies/centralized_bringup
[13.382s] -- Installing: /home/lion/intellicar/ros2_ws/install/centralized_bringup/share/ament_index/resource_index/parent_prefix_path/centralized_bringup
[13.382s] -- Installing: /home/lion/intellicar/ros2_ws/install/centralized_bringup/share/centralized_bringup/environment/ament_prefix_path.sh
[13.382s] -- Installing: /home/lion/intellicar/ros2_ws/install/centralized_bringup/share/centralized_bringup/environment/ament_prefix_path.dsv
[13.382s] -- Installing: /home/lion/intellicar/ros2_ws/install/centralized_bringup/share/centralized_bringup/environment/path.sh
[13.383s] -- Installing: /home/lion/intellicar/ros2_ws/install/centralized_bringup/share/centralized_bringup/environment/path.dsv
[13.383s] -- Installing: /home/lion/intellicar/ros2_ws/install/centralized_bringup/share/centralized_bringup/local_setup.bash
[13.383s] -- Installing: /home/lion/intellicar/ros2_ws/install/centralized_bringup/share/centralized_bringup/local_setup.sh
[13.383s] -- Installing: /home/lion/intellicar/ros2_ws/install/centralized_bringup/share/centralized_bringup/local_setup.zsh
[13.383s] -- Installing: /home/lion/intellicar/ros2_ws/install/centralized_bringup/share/centralized_bringup/local_setup.dsv
[13.383s] -- Installing: /home/lion/intellicar/ros2_ws/install/centralized_bringup/share/centralized_bringup/package.dsv
[13.383s] -- Installing: /home/lion/intellicar/ros2_ws/install/centralized_bringup/share/ament_index/resource_index/packages/centralized_bringup
[13.383s] -- Installing: /home/lion/intellicar/ros2_ws/install/centralized_bringup/share/centralized_bringup/cmake/centralized_bringupConfig.cmake
[13.383s] -- Installing: /home/lion/intellicar/ros2_ws/install/centralized_bringup/share/centralized_bringup/cmake/centralized_bringupConfig-version.cmake
[13.383s] -- Installing: /home/lion/intellicar/ros2_ws/install/centralized_bringup/share/centralized_bringup/package.xml
[14.208s] Invoked command in '/home/lion/intellicar/ros2_ws/build/centralized_bringup' returned '0': CMAKE_PREFIX_PATH=${CMAKE_PREFIX_PATH}:/home/lion/intellicar/ros2_ws/install/carla_ad_demo:/home/lion/intellicar/ros2_ws/install/rqt_carla_control:/home/lion/intellicar/ros2_ws/install/carla_waypoint_publisher:/home/lion/intellicar/ros2_ws/install/carla_ackermann_control:/home/lion/intellicar/ros2_ws/install/carla_ros_bridge:/home/lion/intellicar/ros2_ws/install/carla_spawn_objects:/home/lion/intellicar/ros2_ws/install/carla_manual_control:/home/lion/intellicar/ros2_ws/install/carla_ad_agent:/home/lion/intellicar/ros2_ws/install/ros_compatibility:/home/lion/intellicar/ros2_ws/install/carla_walker_agent:/home/lion/intellicar/ros2_ws/install/carla_twist_to_control:/home/lion/intellicar/ros2_ws/install/carla_ros_scenario_runner:/home/lion/intellicar/ros2_ws/install/carla_common:/opt/ros/foxy /usr/bin/cmake --install /home/lion/intellicar/ros2_ws/build/centralized_bringup
