[14.998s] Invoking command in '/home/lion/intellicar/ros2_ws/src/ros-bridge/carla_twist_to_control': PYTHONPATH=/home/lion/intellicar/ros2_ws/build/carla_twist_to_control/prefix_override:/home/lion/intellicar/ros2_ws/install/carla_twist_to_control/lib/python3.8/site-packages:${PYTHONPATH} /usr/bin/python3 setup.py egg_info --egg-base ../../../build/carla_twist_to_control build --build-base /home/lion/intellicar/ros2_ws/build/carla_twist_to_control/build install --record /home/lion/intellicar/ros2_ws/build/carla_twist_to_control/install.log --single-version-externally-managed
[15.480s] running egg_info
[15.484s] writing ../../../build/carla_twist_to_control/carla_twist_to_control.egg-info/PKG-INFO
[15.484s] writing dependency_links to ../../../build/carla_twist_to_control/carla_twist_to_control.egg-info/dependency_links.txt
[15.484s] writing entry points to ../../../build/carla_twist_to_control/carla_twist_to_control.egg-info/entry_points.txt
[15.485s] writing requirements to ../../../build/carla_twist_to_control/carla_twist_to_control.egg-info/requires.txt
[15.485s] writing top-level names to ../../../build/carla_twist_to_control/carla_twist_to_control.egg-info/top_level.txt
[15.577s] reading manifest file '../../../build/carla_twist_to_control/carla_twist_to_control.egg-info/SOURCES.txt'
[15.577s] writing manifest file '../../../build/carla_twist_to_control/carla_twist_to_control.egg-info/SOURCES.txt'
[15.577s] running build
[15.578s] running build_py
[15.578s] running install
[15.578s] running install_lib
[15.578s] running install_data
[15.579s] running install_egg_info
[15.589s] removing '/home/lion/intellicar/ros2_ws/install/carla_twist_to_control/lib/python3.8/site-packages/carla_twist_to_control-0.0.0-py3.8.egg-info' (and everything under it)
[15.589s] Copying ../../../build/carla_twist_to_control/carla_twist_to_control.egg-info to /home/lion/intellicar/ros2_ws/install/carla_twist_to_control/lib/python3.8/site-packages/carla_twist_to_control-0.0.0-py3.8.egg-info
[15.596s] running install_scripts
[15.634s] Installing carla_twist_to_control script to /home/lion/intellicar/ros2_ws/install/carla_twist_to_control/lib/carla_twist_to_control
[15.654s] writing list of installed files to '/home/lion/intellicar/ros2_ws/build/carla_twist_to_control/install.log'
[16.576s] Invoked command in '/home/lion/intellicar/ros2_ws/src/ros-bridge/carla_twist_to_control' returned '0': PYTHONPATH=/home/lion/intellicar/ros2_ws/build/carla_twist_to_control/prefix_override:/home/lion/intellicar/ros2_ws/install/carla_twist_to_control/lib/python3.8/site-packages:${PYTHONPATH} /usr/bin/python3 setup.py egg_info --egg-base ../../../build/carla_twist_to_control build --build-base /home/lion/intellicar/ros2_ws/build/carla_twist_to_control/build install --record /home/lion/intellicar/ros2_ws/build/carla_twist_to_control/install.log --single-version-externally-managed
