[8.837s] Invoking command in '/home/lion/intellicar/ros2_ws/build/carla_msgs': CMAKE_PREFIX_PATH=${CMAKE_PREFIX_PATH}:/home/lion/intellicar/ros2_ws/install/yolo_detection:/home/lion/intellicar/ros2_ws/install/traffic_light_task:/home/lion/intellicar/ros2_ws/install/carla_ad_demo:/home/lion/intellicar/ros2_ws/install/rqt_carla_control:/home/lion/intellicar/ros2_ws/install/carla_waypoint_publisher:/home/lion/intellicar/ros2_ws/install/carla_ackermann_control:/home/lion/intellicar/ros2_ws/install/carla_ros_bridge:/home/lion/intellicar/ros2_ws/install/carla_spawn_objects:/home/lion/intellicar/ros2_ws/install/carla_manual_control:/home/lion/intellicar/ros2_ws/install/carla_ad_agent:/home/lion/intellicar/ros2_ws/install/ros_compatibility:/home/lion/intellicar/ros2_ws/install/carla_walker_agent:/home/lion/intellicar/ros2_ws/install/carla_twist_to_control:/home/lion/intellicar/ros2_ws/install/carla_ros_scenario_runner:/home/lion/intellicar/ros2_ws/install/carla_common:/opt/ros/foxy /usr/bin/cmake --build /home/lion/intellicar/ros2_ws/build/carla_msgs -- -j16 -l16
[15.730s] [  0%] Built target carla_msgs__cpp
[15.731s] [ 12%] Built target carla_msgs__rosidl_generator_c
[15.731s] [ 24%] Built target carla_msgs__rosidl_typesupport_fastrtps_cpp
[15.733s] [ 36%] Built target carla_msgs__rosidl_typesupport_c
[15.733s] [ 48%] Built target carla_msgs__rosidl_typesupport_fastrtps_c
[15.734s] [ 60%] Built target carla_msgs__rosidl_typesupport_introspection_c
[15.735s] [ 72%] Built target carla_msgs__rosidl_typesupport_cpp
[15.736s] [ 85%] Built target carla_msgs__rosidl_typesupport_introspection_cpp
[15.736s] [ 85%] Built target carla_msgs
[15.736s] [ 86%] Built target carla_msgs__py
[15.736s] [ 97%] Built target carla_msgs__python
[15.736s] [ 98%] Built target carla_msgs__rosidl_typesupport_c__pyext
[15.736s] [ 99%] Built target carla_msgs__rosidl_typesupport_fastrtps_c__pyext
[15.736s] [100%] Built target carla_msgs__rosidl_typesupport_introspection_c__pyext
[15.739s] Invoked command in '/home/lion/intellicar/ros2_ws/build/carla_msgs' returned '0': CMAKE_PREFIX_PATH=${CMAKE_PREFIX_PATH}:/home/lion/intellicar/ros2_ws/install/yolo_detection:/home/lion/intellicar/ros2_ws/install/traffic_light_task:/home/lion/intellicar/ros2_ws/install/carla_ad_demo:/home/lion/intellicar/ros2_ws/install/rqt_carla_control:/home/lion/intellicar/ros2_ws/install/carla_waypoint_publisher:/home/lion/intellicar/ros2_ws/install/carla_ackermann_control:/home/lion/intellicar/ros2_ws/install/carla_ros_bridge:/home/lion/intellicar/ros2_ws/install/carla_spawn_objects:/home/lion/intellicar/ros2_ws/install/carla_manual_control:/home/lion/intellicar/ros2_ws/install/carla_ad_agent:/home/lion/intellicar/ros2_ws/install/ros_compatibility:/home/lion/intellicar/ros2_ws/install/carla_walker_agent:/home/lion/intellicar/ros2_ws/install/carla_twist_to_control:/home/lion/intellicar/ros2_ws/install/carla_ros_scenario_runner:/home/lion/intellicar/ros2_ws/install/carla_common:/opt/ros/foxy /usr/bin/cmake --build /home/lion/intellicar/ros2_ws/build/carla_msgs -- -j16 -l16
[17.207s] Invoking command in '/home/lion/intellicar/ros2_ws/build/carla_msgs': CMAKE_PREFIX_PATH=${CMAKE_PREFIX_PATH}:/home/lion/intellicar/ros2_ws/install/yolo_detection:/home/lion/intellicar/ros2_ws/install/traffic_light_task:/home/lion/intellicar/ros2_ws/install/carla_ad_demo:/home/lion/intellicar/ros2_ws/install/rqt_carla_control:/home/lion/intellicar/ros2_ws/install/carla_waypoint_publisher:/home/lion/intellicar/ros2_ws/install/carla_ackermann_control:/home/lion/intellicar/ros2_ws/install/carla_ros_bridge:/home/lion/intellicar/ros2_ws/install/carla_spawn_objects:/home/lion/intellicar/ros2_ws/install/carla_manual_control:/home/lion/intellicar/ros2_ws/install/carla_ad_agent:/home/lion/intellicar/ros2_ws/install/ros_compatibility:/home/lion/intellicar/ros2_ws/install/carla_walker_agent:/home/lion/intellicar/ros2_ws/install/carla_twist_to_control:/home/lion/intellicar/ros2_ws/install/carla_ros_scenario_runner:/home/lion/intellicar/ros2_ws/install/carla_common:/opt/ros/foxy /usr/bin/cmake --install /home/lion/intellicar/ros2_ws/build/carla_msgs
[17.992s] -- Install configuration: ""
[17.993s] -- Up-to-date: /home/lion/intellicar/ros2_ws/install/carla_msgs/share/ament_index/resource_index/rosidl_interfaces/carla_msgs
[17.993s] -- Up-to-date: /home/lion/intellicar/ros2_ws/install/carla_msgs/include/carla_msgs
[17.994s] -- Up-to-date: /home/lion/intellicar/ros2_ws/install/carla_msgs/include/carla_msgs/msg
[17.994s] -- Up-to-date: /home/lion/intellicar/ros2_ws/install/carla_msgs/include/carla_msgs/msg/carla_bounding_box.h
[17.995s] -- Up-to-date: /home/lion/intellicar/ros2_ws/install/carla_msgs/include/carla_msgs/msg/carla_ego_vehicle_status.h
[17.995s] -- Up-to-date: /home/lion/intellicar/ros2_ws/install/carla_msgs/include/carla_msgs/msg/carla_ego_vehicle_info_wheel.h
[17.995s] -- Up-to-date: /home/lion/intellicar/ros2_ws/install/carla_msgs/include/carla_msgs/msg/carla_walker_control.h
[17.995s] -- Up-to-date: /home/lion/intellicar/ros2_ws/install/carla_msgs/include/carla_msgs/msg/detail
[17.995s] -- Up-to-date: /home/lion/intellicar/ros2_ws/install/carla_msgs/include/carla_msgs/msg/detail/carla_lane_invasion_event__functions.h
[17.995s] -- Up-to-date: /home/lion/intellicar/ros2_ws/install/carla_msgs/include/carla_msgs/msg/detail/carla_control__functions.h
[17.995s] -- Up-to-date: /home/lion/intellicar/ros2_ws/install/carla_msgs/include/carla_msgs/msg/detail/carla_traffic_light_status__type_support.h
[17.996s] -- Up-to-date: /home/lion/intellicar/ros2_ws/install/carla_msgs/include/carla_msgs/msg/detail/carla_actor_list__functions.h
[17.996s] -- Up-to-date: /home/lion/intellicar/ros2_ws/install/carla_msgs/include/carla_msgs/msg/detail/carla_traffic_light_status__functions.c
[17.996s] -- Up-to-date: /home/lion/intellicar/ros2_ws/install/carla_msgs/include/carla_msgs/msg/detail/carla_walker_control__type_support.h
[17.997s] -- Up-to-date: /home/lion/intellicar/ros2_ws/install/carla_msgs/include/carla_msgs/msg/detail/carla_world_info__functions.c
[17.997s] -- Up-to-date: /home/lion/intellicar/ros2_ws/install/carla_msgs/include/carla_msgs/msg/detail/carla_control__type_support.h
[17.997s] -- Up-to-date: /home/lion/intellicar/ros2_ws/install/carla_msgs/include/carla_msgs/msg/detail/carla_traffic_light_info__struct.h
[17.997s] -- Up-to-date: /home/lion/intellicar/ros2_ws/install/carla_msgs/include/carla_msgs/msg/detail/carla_walker_control__struct.h
[17.998s] -- Up-to-date: /home/lion/intellicar/ros2_ws/install/carla_msgs/include/carla_msgs/msg/detail/carla_ego_vehicle_info__functions.c
[17.998s] -- Up-to-date: /home/lion/intellicar/ros2_ws/install/carla_msgs/include/carla_msgs/msg/detail/carla_weather_parameters__struct.h
[17.998s] -- Up-to-date: /home/lion/intellicar/ros2_ws/install/carla_msgs/include/carla_msgs/msg/detail/carla_collision_event__type_support.h
[17.998s] -- Up-to-date: /home/lion/intellicar/ros2_ws/install/carla_msgs/include/carla_msgs/msg/detail/carla_ego_vehicle_info_wheel__type_support.h
[17.998s] -- Up-to-date: /home/lion/intellicar/ros2_ws/install/carla_msgs/include/carla_msgs/msg/detail/carla_traffic_light_info_list__struct.h
[17.998s] -- Up-to-date: /home/lion/intellicar/ros2_ws/install/carla_msgs/include/carla_msgs/msg/detail/carla_traffic_light_info_list__type_support.h
[17.998s] -- Up-to-date: /home/lion/intellicar/ros2_ws/install/carla_msgs/include/carla_msgs/msg/detail/carla_world_info__functions.h
[17.998s] -- Up-to-date: /home/lion/intellicar/ros2_ws/install/carla_msgs/include/carla_msgs/msg/detail/carla_traffic_light_status_list__type_support.h
[17.998s] -- Up-to-date: /home/lion/intellicar/ros2_ws/install/carla_msgs/include/carla_msgs/msg/detail/carla_actor_info__struct.h
[17.999s] -- Up-to-date: /home/lion/intellicar/ros2_ws/install/carla_msgs/include/carla_msgs/msg/detail/carla_actor_info__type_support.h
[17.999s] -- Up-to-date: /home/lion/intellicar/ros2_ws/install/carla_msgs/include/carla_msgs/msg/detail/carla_status__type_support.h
[17.999s] -- Up-to-date: /home/lion/intellicar/ros2_ws/install/carla_msgs/include/carla_msgs/msg/detail/carla_ego_vehicle_info_wheel__functions.h
[17.999s] -- Up-to-date: /home/lion/intellicar/ros2_ws/install/carla_msgs/include/carla_msgs/msg/detail/carla_control__struct.h
[17.999s] -- Up-to-date: /home/lion/intellicar/ros2_ws/install/carla_msgs/include/carla_msgs/msg/detail/carla_actor_list__struct.h
[17.999s] -- Up-to-date: /home/lion/intellicar/ros2_ws/install/carla_msgs/include/carla_msgs/msg/detail/carla_collision_event__functions.h
[17.999s] -- Up-to-date: /home/lion/intellicar/ros2_ws/install/carla_msgs/include/carla_msgs/msg/detail/carla_bounding_box__type_support.h
[17.999s] -- Up-to-date: /home/lion/intellicar/ros2_ws/install/carla_msgs/include/carla_msgs/msg/detail/carla_status__struct.h
[17.999s] -- Up-to-date: /home/lion/intellicar/ros2_ws/install/carla_msgs/include/carla_msgs/msg/detail/carla_traffic_light_info_list__functions.c
[17.999s] -- Up-to-date: /home/lion/intellicar/ros2_ws/install/carla_msgs/include/carla_msgs/msg/detail/carla_ego_vehicle_control__functions.c
[18.000s] -- Up-to-date: /home/lion/intellicar/ros2_ws/install/carla_msgs/include/carla_msgs/msg/detail/carla_status__functions.c
[18.000s] -- Up-to-date: /home/lion/intellicar/ros2_ws/install/carla_msgs/include/carla_msgs/msg/detail/carla_traffic_light_info_list__functions.h
[18.000s] -- Up-to-date: /home/lion/intellicar/ros2_ws/install/carla_msgs/include/carla_msgs/msg/detail/carla_ego_vehicle_info__struct.h
[18.000s] -- Up-to-date: /home/lion/intellicar/ros2_ws/install/carla_msgs/include/carla_msgs/msg/detail/carla_ego_vehicle_status__functions.c
[18.000s] -- Up-to-date: /home/lion/intellicar/ros2_ws/install/carla_msgs/include/carla_msgs/msg/detail/carla_traffic_light_info__functions.c
[18.000s] -- Up-to-date: /home/lion/intellicar/ros2_ws/install/carla_msgs/include/carla_msgs/msg/detail/carla_weather_parameters__functions.h
[18.000s] -- Up-to-date: /home/lion/intellicar/ros2_ws/install/carla_msgs/include/carla_msgs/msg/detail/carla_bounding_box__functions.h
[18.000s] -- Up-to-date: /home/lion/intellicar/ros2_ws/install/carla_msgs/include/carla_msgs/msg/detail/carla_ego_vehicle_control__type_support.h
[18.000s] -- Up-to-date: /home/lion/intellicar/ros2_ws/install/carla_msgs/include/carla_msgs/msg/detail/carla_bounding_box__struct.h
[18.000s] -- Up-to-date: /home/lion/intellicar/ros2_ws/install/carla_msgs/include/carla_msgs/msg/detail/carla_traffic_light_info__functions.h
[18.000s] -- Up-to-date: /home/lion/intellicar/ros2_ws/install/carla_msgs/include/carla_msgs/msg/detail/carla_lane_invasion_event__struct.h
[18.001s] -- Up-to-date: /home/lion/intellicar/ros2_ws/install/carla_msgs/include/carla_msgs/msg/detail/carla_actor_info__functions.c
[18.001s] -- Up-to-date: /home/lion/intellicar/ros2_ws/install/carla_msgs/include/carla_msgs/msg/detail/carla_actor_list__type_support.h
[18.001s] -- Up-to-date: /home/lion/intellicar/ros2_ws/install/carla_msgs/include/carla_msgs/msg/detail/carla_collision_event__functions.c
[18.001s] -- Up-to-date: /home/lion/intellicar/ros2_ws/install/carla_msgs/include/carla_msgs/msg/detail/carla_ego_vehicle_info_wheel__functions.c
[18.001s] -- Up-to-date: /home/lion/intellicar/ros2_ws/install/carla_msgs/include/carla_msgs/msg/detail/carla_status__functions.h
[18.001s] -- Up-to-date: /home/lion/intellicar/ros2_ws/install/carla_msgs/include/carla_msgs/msg/detail/carla_ego_vehicle_control__functions.h
[18.001s] -- Up-to-date: /home/lion/intellicar/ros2_ws/install/carla_msgs/include/carla_msgs/msg/detail/carla_actor_list__functions.c
[18.001s] -- Up-to-date: /home/lion/intellicar/ros2_ws/install/carla_msgs/include/carla_msgs/msg/detail/carla_lane_invasion_event__functions.c
[18.001s] -- Up-to-date: /home/lion/intellicar/ros2_ws/install/carla_msgs/include/carla_msgs/msg/detail/carla_ego_vehicle_status__struct.h
[18.001s] -- Up-to-date: /home/lion/intellicar/ros2_ws/install/carla_msgs/include/carla_msgs/msg/detail/carla_traffic_light_info__type_support.h
[18.001s] -- Up-to-date: /home/lion/intellicar/ros2_ws/install/carla_msgs/include/carla_msgs/msg/detail/carla_actor_info__functions.h
[18.002s] -- Up-to-date: /home/lion/intellicar/ros2_ws/install/carla_msgs/include/carla_msgs/msg/detail/carla_world_info__type_support.h
[18.002s] -- Up-to-date: /home/lion/intellicar/ros2_ws/install/carla_msgs/include/carla_msgs/msg/detail/carla_bounding_box__functions.c
[18.002s] -- Up-to-date: /home/lion/intellicar/ros2_ws/install/carla_msgs/include/carla_msgs/msg/detail/carla_ego_vehicle_info__functions.h
[18.002s] -- Up-to-date: /home/lion/intellicar/ros2_ws/install/carla_msgs/include/carla_msgs/msg/detail/carla_ego_vehicle_control__struct.h
[18.002s] -- Up-to-date: /home/lion/intellicar/ros2_ws/install/carla_msgs/include/carla_msgs/msg/detail/carla_traffic_light_status_list__functions.c
[18.002s] -- Up-to-date: /home/lion/intellicar/ros2_ws/install/carla_msgs/include/carla_msgs/msg/detail/carla_ego_vehicle_info__type_support.h
[18.003s] -- Up-to-date: /home/lion/intellicar/ros2_ws/install/carla_msgs/include/carla_msgs/msg/detail/carla_collision_event__struct.h
[18.003s] -- Up-to-date: /home/lion/intellicar/ros2_ws/install/carla_msgs/include/carla_msgs/msg/detail/carla_ego_vehicle_status__type_support.h
[18.003s] -- Up-to-date: /home/lion/intellicar/ros2_ws/install/carla_msgs/include/carla_msgs/msg/detail/carla_weather_parameters__functions.c
[18.003s] -- Up-to-date: /home/lion/intellicar/ros2_ws/install/carla_msgs/include/carla_msgs/msg/detail/carla_traffic_light_status__struct.h
[18.003s] -- Up-to-date: /home/lion/intellicar/ros2_ws/install/carla_msgs/include/carla_msgs/msg/detail/carla_ego_vehicle_info_wheel__struct.h
[18.003s] -- Up-to-date: /home/lion/intellicar/ros2_ws/install/carla_msgs/include/carla_msgs/msg/detail/carla_traffic_light_status_list__struct.h
[18.003s] -- Up-to-date: /home/lion/intellicar/ros2_ws/install/carla_msgs/include/carla_msgs/msg/detail/carla_traffic_light_status_list__functions.h
[18.003s] -- Up-to-date: /home/lion/intellicar/ros2_ws/install/carla_msgs/include/carla_msgs/msg/detail/carla_world_info__struct.h
[18.003s] -- Up-to-date: /home/lion/intellicar/ros2_ws/install/carla_msgs/include/carla_msgs/msg/detail/carla_walker_control__functions.c
[18.003s] -- Up-to-date: /home/lion/intellicar/ros2_ws/install/carla_msgs/include/carla_msgs/msg/detail/carla_weather_parameters__type_support.h
[18.004s] -- Up-to-date: /home/lion/intellicar/ros2_ws/install/carla_msgs/include/carla_msgs/msg/detail/carla_traffic_light_status__functions.h
[18.004s] -- Up-to-date: /home/lion/intellicar/ros2_ws/install/carla_msgs/include/carla_msgs/msg/detail/carla_control__functions.c
[18.004s] -- Up-to-date: /home/lion/intellicar/ros2_ws/install/carla_msgs/include/carla_msgs/msg/detail/carla_walker_control__functions.h
[18.004s] -- Up-to-date: /home/lion/intellicar/ros2_ws/install/carla_msgs/include/carla_msgs/msg/detail/carla_ego_vehicle_status__functions.h
[18.004s] -- Up-to-date: /home/lion/intellicar/ros2_ws/install/carla_msgs/include/carla_msgs/msg/detail/carla_lane_invasion_event__type_support.h
[18.004s] -- Up-to-date: /home/lion/intellicar/ros2_ws/install/carla_msgs/include/carla_msgs/msg/carla_status.h
[18.004s] -- Up-to-date: /home/lion/intellicar/ros2_ws/install/carla_msgs/include/carla_msgs/msg/carla_traffic_light_info.h
[18.004s] -- Up-to-date: /home/lion/intellicar/ros2_ws/install/carla_msgs/include/carla_msgs/msg/carla_actor_info.h
[18.004s] -- Up-to-date: /home/lion/intellicar/ros2_ws/install/carla_msgs/include/carla_msgs/msg/carla_lane_invasion_event.h
[18.004s] -- Up-to-date: /home/lion/intellicar/ros2_ws/install/carla_msgs/include/carla_msgs/msg/carla_ego_vehicle_info.h
[18.004s] -- Up-to-date: /home/lion/intellicar/ros2_ws/install/carla_msgs/include/carla_msgs/msg/carla_ego_vehicle_control.h
[18.004s] -- Up-to-date: /home/lion/intellicar/ros2_ws/install/carla_msgs/include/carla_msgs/msg/carla_collision_event.h
[18.005s] -- Up-to-date: /home/lion/intellicar/ros2_ws/install/carla_msgs/include/carla_msgs/msg/carla_traffic_light_info_list.h
[18.005s] -- Up-to-date: /home/lion/intellicar/ros2_ws/install/carla_msgs/include/carla_msgs/msg/carla_traffic_light_status_list.h
[18.012s] -- Up-to-date: /home/lion/intellicar/ros2_ws/install/carla_msgs/include/carla_msgs/msg/carla_weather_parameters.h
[18.012s] -- Up-to-date: /home/lion/intellicar/ros2_ws/install/carla_msgs/include/carla_msgs/msg/carla_traffic_light_status.h
[18.012s] -- Up-to-date: /home/lion/intellicar/ros2_ws/install/carla_msgs/include/carla_msgs/msg/carla_actor_list.h
[18.013s] -- Up-to-date: /home/lion/intellicar/ros2_ws/install/carla_msgs/include/carla_msgs/msg/rosidl_generator_c__visibility_control.h
[18.013s] -- Up-to-date: /home/lion/intellicar/ros2_ws/install/carla_msgs/include/carla_msgs/msg/carla_control.h
[18.013s] -- Up-to-date: /home/lion/intellicar/ros2_ws/install/carla_msgs/include/carla_msgs/msg/carla_world_info.h
[18.013s] -- Up-to-date: /home/lion/intellicar/ros2_ws/install/carla_msgs/include/carla_msgs/srv
[18.013s] -- Up-to-date: /home/lion/intellicar/ros2_ws/install/carla_msgs/include/carla_msgs/srv/detail
[18.013s] -- Up-to-date: /home/lion/intellicar/ros2_ws/install/carla_msgs/include/carla_msgs/srv/detail/spawn_object__functions.c
[18.013s] -- Up-to-date: /home/lion/intellicar/ros2_ws/install/carla_msgs/include/carla_msgs/srv/detail/destroy_object__type_support.h
[18.014s] -- Up-to-date: /home/lion/intellicar/ros2_ws/install/carla_msgs/include/carla_msgs/srv/detail/spawn_object__functions.h
[18.014s] -- Up-to-date: /home/lion/intellicar/ros2_ws/install/carla_msgs/include/carla_msgs/srv/detail/get_blueprints__functions.h
[18.014s] -- Up-to-date: /home/lion/intellicar/ros2_ws/install/carla_msgs/include/carla_msgs/srv/detail/get_blueprints__struct.h
[18.014s] -- Up-to-date: /home/lion/intellicar/ros2_ws/install/carla_msgs/include/carla_msgs/srv/detail/spawn_object__type_support.h
[18.014s] -- Up-to-date: /home/lion/intellicar/ros2_ws/install/carla_msgs/include/carla_msgs/srv/detail/destroy_object__functions.c
[18.015s] -- Up-to-date: /home/lion/intellicar/ros2_ws/install/carla_msgs/include/carla_msgs/srv/detail/spawn_object__struct.h
[18.015s] -- Up-to-date: /home/lion/intellicar/ros2_ws/install/carla_msgs/include/carla_msgs/srv/detail/get_blueprints__functions.c
[18.015s] -- Up-to-date: /home/lion/intellicar/ros2_ws/install/carla_msgs/include/carla_msgs/srv/detail/destroy_object__functions.h
[18.016s] -- Up-to-date: /home/lion/intellicar/ros2_ws/install/carla_msgs/include/carla_msgs/srv/detail/get_blueprints__type_support.h
[18.016s] -- Up-to-date: /home/lion/intellicar/ros2_ws/install/carla_msgs/include/carla_msgs/srv/detail/destroy_object__struct.h
[18.016s] -- Up-to-date: /home/lion/intellicar/ros2_ws/install/carla_msgs/include/carla_msgs/srv/destroy_object.h
[18.017s] -- Up-to-date: /home/lion/intellicar/ros2_ws/install/carla_msgs/include/carla_msgs/srv/spawn_object.h
[18.017s] -- Up-to-date: /home/lion/intellicar/ros2_ws/install/carla_msgs/include/carla_msgs/srv/get_blueprints.h
[18.017s] -- Up-to-date: /home/lion/intellicar/ros2_ws/install/carla_msgs/share/carla_msgs/environment/library_path.sh
[18.018s] -- Up-to-date: /home/lion/intellicar/ros2_ws/install/carla_msgs/share/carla_msgs/environment/library_path.dsv
[18.018s] -- Up-to-date: /home/lion/intellicar/ros2_ws/install/carla_msgs/lib/libcarla_msgs__rosidl_generator_c.so
[18.018s] -- Up-to-date: /home/lion/intellicar/ros2_ws/install/carla_msgs/include/carla_msgs
[18.018s] -- Up-to-date: /home/lion/intellicar/ros2_ws/install/carla_msgs/include/carla_msgs/msg
[18.018s] -- Up-to-date: /home/lion/intellicar/ros2_ws/install/carla_msgs/include/carla_msgs/msg/detail
[18.019s] -- Up-to-date: /home/lion/intellicar/ros2_ws/install/carla_msgs/include/carla_msgs/msg/detail/carla_traffic_light_info_list__rosidl_typesupport_fastrtps_c.h
[18.019s] -- Up-to-date: /home/lion/intellicar/ros2_ws/install/carla_msgs/include/carla_msgs/msg/detail/carla_status__rosidl_typesupport_fastrtps_c.h
[18.019s] -- Up-to-date: /home/lion/intellicar/ros2_ws/install/carla_msgs/include/carla_msgs/msg/detail/carla_collision_event__rosidl_typesupport_fastrtps_c.h
[18.019s] -- Up-to-date: /home/lion/intellicar/ros2_ws/install/carla_msgs/include/carla_msgs/msg/detail/carla_traffic_light_status__rosidl_typesupport_fastrtps_c.h
[18.019s] -- Up-to-date: /home/lion/intellicar/ros2_ws/install/carla_msgs/include/carla_msgs/msg/detail/carla_walker_control__rosidl_typesupport_fastrtps_c.h
[18.019s] -- Up-to-date: /home/lion/intellicar/ros2_ws/install/carla_msgs/include/carla_msgs/msg/detail/carla_ego_vehicle_info_wheel__rosidl_typesupport_fastrtps_c.h
[18.019s] -- Up-to-date: /home/lion/intellicar/ros2_ws/install/carla_msgs/include/carla_msgs/msg/detail/carla_lane_invasion_event__rosidl_typesupport_fastrtps_c.h
[18.020s] -- Up-to-date: /home/lion/intellicar/ros2_ws/install/carla_msgs/include/carla_msgs/msg/detail/carla_actor_list__rosidl_typesupport_fastrtps_c.h
[18.020s] -- Up-to-date: /home/lion/intellicar/ros2_ws/install/carla_msgs/include/carla_msgs/msg/detail/carla_actor_info__rosidl_typesupport_fastrtps_c.h
[18.020s] -- Up-to-date: /home/lion/intellicar/ros2_ws/install/carla_msgs/include/carla_msgs/msg/detail/carla_traffic_light_info__rosidl_typesupport_fastrtps_c.h
[18.020s] -- Up-to-date: /home/lion/intellicar/ros2_ws/install/carla_msgs/include/carla_msgs/msg/detail/carla_control__rosidl_typesupport_fastrtps_c.h
[18.020s] -- Up-to-date: /home/lion/intellicar/ros2_ws/install/carla_msgs/include/carla_msgs/msg/detail/carla_traffic_light_status_list__rosidl_typesupport_fastrtps_c.h
[18.020s] -- Up-to-date: /home/lion/intellicar/ros2_ws/install/carla_msgs/include/carla_msgs/msg/detail/carla_ego_vehicle_status__rosidl_typesupport_fastrtps_c.h
[18.020s] -- Up-to-date: /home/lion/intellicar/ros2_ws/install/carla_msgs/include/carla_msgs/msg/detail/carla_ego_vehicle_info__rosidl_typesupport_fastrtps_c.h
[18.020s] -- Up-to-date: /home/lion/intellicar/ros2_ws/install/carla_msgs/include/carla_msgs/msg/detail/carla_ego_vehicle_control__rosidl_typesupport_fastrtps_c.h
[18.020s] -- Up-to-date: /home/lion/intellicar/ros2_ws/install/carla_msgs/include/carla_msgs/msg/detail/carla_weather_parameters__rosidl_typesupport_fastrtps_c.h
[18.021s] -- Up-to-date: /home/lion/intellicar/ros2_ws/install/carla_msgs/include/carla_msgs/msg/detail/carla_bounding_box__rosidl_typesupport_fastrtps_c.h
[18.021s] -- Up-to-date: /home/lion/intellicar/ros2_ws/install/carla_msgs/include/carla_msgs/msg/detail/carla_world_info__rosidl_typesupport_fastrtps_c.h
[18.021s] -- Up-to-date: /home/lion/intellicar/ros2_ws/install/carla_msgs/include/carla_msgs/msg/rosidl_typesupport_fastrtps_c__visibility_control.h
[18.021s] -- Up-to-date: /home/lion/intellicar/ros2_ws/install/carla_msgs/include/carla_msgs/srv
[18.021s] -- Up-to-date: /home/lion/intellicar/ros2_ws/install/carla_msgs/include/carla_msgs/srv/detail
[18.021s] -- Up-to-date: /home/lion/intellicar/ros2_ws/install/carla_msgs/include/carla_msgs/srv/detail/destroy_object__rosidl_typesupport_fastrtps_c.h
[18.021s] -- Up-to-date: /home/lion/intellicar/ros2_ws/install/carla_msgs/include/carla_msgs/srv/detail/get_blueprints__rosidl_typesupport_fastrtps_c.h
[18.021s] -- Up-to-date: /home/lion/intellicar/ros2_ws/install/carla_msgs/include/carla_msgs/srv/detail/spawn_object__rosidl_typesupport_fastrtps_c.h
[18.021s] -- Up-to-date: /home/lion/intellicar/ros2_ws/install/carla_msgs/lib/libcarla_msgs__rosidl_typesupport_fastrtps_c.so
[18.021s] -- Up-to-date: /home/lion/intellicar/ros2_ws/install/carla_msgs/include/carla_msgs
[18.021s] -- Up-to-date: /home/lion/intellicar/ros2_ws/install/carla_msgs/include/carla_msgs/msg
[18.021s] -- Up-to-date: /home/lion/intellicar/ros2_ws/install/carla_msgs/include/carla_msgs/msg/detail
[18.022s] -- Up-to-date: /home/lion/intellicar/ros2_ws/install/carla_msgs/include/carla_msgs/msg/detail/carla_ego_vehicle_status__rosidl_typesupport_fastrtps_cpp.hpp
[18.022s] -- Up-to-date: /home/lion/intellicar/ros2_ws/install/carla_msgs/include/carla_msgs/msg/detail/carla_walker_control__rosidl_typesupport_fastrtps_cpp.hpp
[18.022s] -- Up-to-date: /home/lion/intellicar/ros2_ws/install/carla_msgs/include/carla_msgs/msg/detail/carla_actor_info__rosidl_typesupport_fastrtps_cpp.hpp
[18.022s] -- Up-to-date: /home/lion/intellicar/ros2_ws/install/carla_msgs/include/carla_msgs/msg/detail/carla_status__rosidl_typesupport_fastrtps_cpp.hpp
[18.022s] -- Up-to-date: /home/lion/intellicar/ros2_ws/install/carla_msgs/include/carla_msgs/msg/detail/dds_fastrtps
[18.022s] -- Up-to-date: /home/lion/intellicar/ros2_ws/install/carla_msgs/include/carla_msgs/msg/detail/carla_ego_vehicle_info__rosidl_typesupport_fastrtps_cpp.hpp
[18.022s] -- Up-to-date: /home/lion/intellicar/ros2_ws/install/carla_msgs/include/carla_msgs/msg/detail/carla_bounding_box__rosidl_typesupport_fastrtps_cpp.hpp
[18.022s] -- Up-to-date: /home/lion/intellicar/ros2_ws/install/carla_msgs/include/carla_msgs/msg/detail/carla_traffic_light_status__rosidl_typesupport_fastrtps_cpp.hpp
[18.022s] -- Up-to-date: /home/lion/intellicar/ros2_ws/install/carla_msgs/include/carla_msgs/msg/detail/carla_weather_parameters__rosidl_typesupport_fastrtps_cpp.hpp
[18.022s] -- Up-to-date: /home/lion/intellicar/ros2_ws/install/carla_msgs/include/carla_msgs/msg/detail/carla_actor_list__rosidl_typesupport_fastrtps_cpp.hpp
[18.023s] -- Up-to-date: /home/lion/intellicar/ros2_ws/install/carla_msgs/include/carla_msgs/msg/detail/carla_traffic_light_info__rosidl_typesupport_fastrtps_cpp.hpp
[18.023s] -- Up-to-date: /home/lion/intellicar/ros2_ws/install/carla_msgs/include/carla_msgs/msg/detail/carla_collision_event__rosidl_typesupport_fastrtps_cpp.hpp
[18.023s] -- Up-to-date: /home/lion/intellicar/ros2_ws/install/carla_msgs/include/carla_msgs/msg/detail/carla_lane_invasion_event__rosidl_typesupport_fastrtps_cpp.hpp
[18.023s] -- Up-to-date: /home/lion/intellicar/ros2_ws/install/carla_msgs/include/carla_msgs/msg/detail/carla_world_info__rosidl_typesupport_fastrtps_cpp.hpp
[18.023s] -- Up-to-date: /home/lion/intellicar/ros2_ws/install/carla_msgs/include/carla_msgs/msg/detail/carla_ego_vehicle_control__rosidl_typesupport_fastrtps_cpp.hpp
[18.023s] -- Up-to-date: /home/lion/intellicar/ros2_ws/install/carla_msgs/include/carla_msgs/msg/detail/carla_traffic_light_info_list__rosidl_typesupport_fastrtps_cpp.hpp
[18.023s] -- Up-to-date: /home/lion/intellicar/ros2_ws/install/carla_msgs/include/carla_msgs/msg/detail/carla_traffic_light_status_list__rosidl_typesupport_fastrtps_cpp.hpp
[18.023s] -- Up-to-date: /home/lion/intellicar/ros2_ws/install/carla_msgs/include/carla_msgs/msg/detail/carla_ego_vehicle_info_wheel__rosidl_typesupport_fastrtps_cpp.hpp
[18.023s] -- Up-to-date: /home/lion/intellicar/ros2_ws/install/carla_msgs/include/carla_msgs/msg/detail/carla_control__rosidl_typesupport_fastrtps_cpp.hpp
[18.023s] -- Up-to-date: /home/lion/intellicar/ros2_ws/install/carla_msgs/include/carla_msgs/msg/rosidl_typesupport_fastrtps_cpp__visibility_control.h
[18.024s] -- Up-to-date: /home/lion/intellicar/ros2_ws/install/carla_msgs/include/carla_msgs/srv
[18.024s] -- Up-to-date: /home/lion/intellicar/ros2_ws/install/carla_msgs/include/carla_msgs/srv/detail
[18.024s] -- Up-to-date: /home/lion/intellicar/ros2_ws/install/carla_msgs/include/carla_msgs/srv/detail/dds_fastrtps
[18.024s] -- Up-to-date: /home/lion/intellicar/ros2_ws/install/carla_msgs/include/carla_msgs/srv/detail/destroy_object__rosidl_typesupport_fastrtps_cpp.hpp
[18.024s] -- Up-to-date: /home/lion/intellicar/ros2_ws/install/carla_msgs/include/carla_msgs/srv/detail/get_blueprints__rosidl_typesupport_fastrtps_cpp.hpp
[18.024s] -- Up-to-date: /home/lion/intellicar/ros2_ws/install/carla_msgs/include/carla_msgs/srv/detail/spawn_object__rosidl_typesupport_fastrtps_cpp.hpp
[18.024s] -- Up-to-date: /home/lion/intellicar/ros2_ws/install/carla_msgs/lib/libcarla_msgs__rosidl_typesupport_fastrtps_cpp.so
[18.024s] -- Up-to-date: /home/lion/intellicar/ros2_ws/install/carla_msgs/include/carla_msgs
[18.025s] -- Up-to-date: /home/lion/intellicar/ros2_ws/install/carla_msgs/include/carla_msgs/msg
[18.025s] -- Up-to-date: /home/lion/intellicar/ros2_ws/install/carla_msgs/include/carla_msgs/msg/detail
[18.025s] -- Up-to-date: /home/lion/intellicar/ros2_ws/install/carla_msgs/include/carla_msgs/msg/detail/carla_traffic_light_info__type_support.c
[18.025s] -- Up-to-date: /home/lion/intellicar/ros2_ws/install/carla_msgs/include/carla_msgs/msg/detail/carla_weather_parameters__type_support.c
[18.025s] -- Up-to-date: /home/lion/intellicar/ros2_ws/install/carla_msgs/include/carla_msgs/msg/detail/carla_walker_control__type_support.c
[18.025s] -- Up-to-date: /home/lion/intellicar/ros2_ws/install/carla_msgs/include/carla_msgs/msg/detail/carla_ego_vehicle_info__rosidl_typesupport_introspection_c.h
[18.025s] -- Up-to-date: /home/lion/intellicar/ros2_ws/install/carla_msgs/include/carla_msgs/msg/detail/carla_traffic_light_info_list__type_support.c
[18.026s] -- Up-to-date: /home/lion/intellicar/ros2_ws/install/carla_msgs/include/carla_msgs/msg/detail/carla_weather_parameters__rosidl_typesupport_introspection_c.h
[18.026s] -- Up-to-date: /home/lion/intellicar/ros2_ws/install/carla_msgs/include/carla_msgs/msg/detail/carla_bounding_box__type_support.c
[18.026s] -- Up-to-date: /home/lion/intellicar/ros2_ws/install/carla_msgs/include/carla_msgs/msg/detail/carla_traffic_light_status__rosidl_typesupport_introspection_c.h
[18.026s] -- Up-to-date: /home/lion/intellicar/ros2_ws/install/carla_msgs/include/carla_msgs/msg/detail/carla_actor_list__type_support.c
[18.026s] -- Up-to-date: /home/lion/intellicar/ros2_ws/install/carla_msgs/include/carla_msgs/msg/detail/carla_status__type_support.c
[18.026s] -- Up-to-date: /home/lion/intellicar/ros2_ws/install/carla_msgs/include/carla_msgs/msg/detail/carla_walker_control__rosidl_typesupport_introspection_c.h
[18.026s] -- Up-to-date: /home/lion/intellicar/ros2_ws/install/carla_msgs/include/carla_msgs/msg/detail/carla_actor_info__type_support.c
[18.026s] -- Up-to-date: /home/lion/intellicar/ros2_ws/install/carla_msgs/include/carla_msgs/msg/detail/carla_ego_vehicle_info_wheel__type_support.c
[18.026s] -- Up-to-date: /home/lion/intellicar/ros2_ws/install/carla_msgs/include/carla_msgs/msg/detail/carla_control__type_support.c
[18.027s] -- Up-to-date: /home/lion/intellicar/ros2_ws/install/carla_msgs/include/carla_msgs/msg/detail/carla_ego_vehicle_info__type_support.c
[18.027s] -- Up-to-date: /home/lion/intellicar/ros2_ws/install/carla_msgs/include/carla_msgs/msg/detail/carla_traffic_light_status_list__rosidl_typesupport_introspection_c.h
[18.027s] -- Up-to-date: /home/lion/intellicar/ros2_ws/install/carla_msgs/include/carla_msgs/msg/detail/carla_lane_invasion_event__rosidl_typesupport_introspection_c.h
[18.027s] -- Up-to-date: /home/lion/intellicar/ros2_ws/install/carla_msgs/include/carla_msgs/msg/detail/carla_world_info__rosidl_typesupport_introspection_c.h
[18.027s] -- Up-to-date: /home/lion/intellicar/ros2_ws/install/carla_msgs/include/carla_msgs/msg/detail/carla_control__rosidl_typesupport_introspection_c.h
[18.027s] -- Up-to-date: /home/lion/intellicar/ros2_ws/install/carla_msgs/include/carla_msgs/msg/detail/carla_actor_list__rosidl_typesupport_introspection_c.h
[18.027s] -- Up-to-date: /home/lion/intellicar/ros2_ws/install/carla_msgs/include/carla_msgs/msg/detail/carla_world_info__type_support.c
[18.027s] -- Up-to-date: /home/lion/intellicar/ros2_ws/install/carla_msgs/include/carla_msgs/msg/detail/carla_traffic_light_status_list__type_support.c
[18.027s] -- Up-to-date: /home/lion/intellicar/ros2_ws/install/carla_msgs/include/carla_msgs/msg/detail/carla_ego_vehicle_control__type_support.c
[18.027s] -- Up-to-date: /home/lion/intellicar/ros2_ws/install/carla_msgs/include/carla_msgs/msg/detail/carla_lane_invasion_event__type_support.c
[18.028s] -- Up-to-date: /home/lion/intellicar/ros2_ws/install/carla_msgs/include/carla_msgs/msg/detail/carla_collision_event__rosidl_typesupport_introspection_c.h
[18.028s] -- Up-to-date: /home/lion/intellicar/ros2_ws/install/carla_msgs/include/carla_msgs/msg/detail/carla_ego_vehicle_control__rosidl_typesupport_introspection_c.h
[18.028s] -- Up-to-date: /home/lion/intellicar/ros2_ws/install/carla_msgs/include/carla_msgs/msg/detail/carla_bounding_box__rosidl_typesupport_introspection_c.h
[18.028s] -- Up-to-date: /home/lion/intellicar/ros2_ws/install/carla_msgs/include/carla_msgs/msg/detail/carla_traffic_light_info_list__rosidl_typesupport_introspection_c.h
[18.028s] -- Up-to-date: /home/lion/intellicar/ros2_ws/install/carla_msgs/include/carla_msgs/msg/detail/carla_traffic_light_status__type_support.c
[18.028s] -- Up-to-date: /home/lion/intellicar/ros2_ws/install/carla_msgs/include/carla_msgs/msg/detail/carla_ego_vehicle_info_wheel__rosidl_typesupport_introspection_c.h
[18.028s] -- Up-to-date: /home/lion/intellicar/ros2_ws/install/carla_msgs/include/carla_msgs/msg/detail/carla_ego_vehicle_status__type_support.c
[18.028s] -- Up-to-date: /home/lion/intellicar/ros2_ws/install/carla_msgs/include/carla_msgs/msg/detail/carla_status__rosidl_typesupport_introspection_c.h
[18.028s] -- Up-to-date: /home/lion/intellicar/ros2_ws/install/carla_msgs/include/carla_msgs/msg/detail/carla_traffic_light_info__rosidl_typesupport_introspection_c.h
[18.028s] -- Up-to-date: /home/lion/intellicar/ros2_ws/install/carla_msgs/include/carla_msgs/msg/detail/carla_ego_vehicle_status__rosidl_typesupport_introspection_c.h
[18.029s] -- Up-to-date: /home/lion/intellicar/ros2_ws/install/carla_msgs/include/carla_msgs/msg/detail/carla_collision_event__type_support.c
[18.029s] -- Up-to-date: /home/lion/intellicar/ros2_ws/install/carla_msgs/include/carla_msgs/msg/detail/carla_actor_info__rosidl_typesupport_introspection_c.h
[18.029s] -- Up-to-date: /home/lion/intellicar/ros2_ws/install/carla_msgs/include/carla_msgs/msg/rosidl_typesupport_introspection_c__visibility_control.h
[18.029s] -- Up-to-date: /home/lion/intellicar/ros2_ws/install/carla_msgs/include/carla_msgs/srv
[18.029s] -- Up-to-date: /home/lion/intellicar/ros2_ws/install/carla_msgs/include/carla_msgs/srv/detail
[18.029s] -- Up-to-date: /home/lion/intellicar/ros2_ws/install/carla_msgs/include/carla_msgs/srv/detail/spawn_object__type_support.c
[18.030s] -- Up-to-date: /home/lion/intellicar/ros2_ws/install/carla_msgs/include/carla_msgs/srv/detail/destroy_object__type_support.c
[18.030s] -- Up-to-date: /home/lion/intellicar/ros2_ws/install/carla_msgs/include/carla_msgs/srv/detail/get_blueprints__type_support.c
[18.030s] -- Up-to-date: /home/lion/intellicar/ros2_ws/install/carla_msgs/include/carla_msgs/srv/detail/get_blueprints__rosidl_typesupport_introspection_c.h
[18.030s] -- Up-to-date: /home/lion/intellicar/ros2_ws/install/carla_msgs/include/carla_msgs/srv/detail/destroy_object__rosidl_typesupport_introspection_c.h
[18.030s] -- Up-to-date: /home/lion/intellicar/ros2_ws/install/carla_msgs/include/carla_msgs/srv/detail/spawn_object__rosidl_typesupport_introspection_c.h
[18.030s] -- Up-to-date: /home/lion/intellicar/ros2_ws/install/carla_msgs/lib/libcarla_msgs__rosidl_typesupport_introspection_c.so
[18.030s] -- Up-to-date: /home/lion/intellicar/ros2_ws/install/carla_msgs/lib/libcarla_msgs__rosidl_typesupport_c.so
[18.030s] -- Up-to-date: /home/lion/intellicar/ros2_ws/install/carla_msgs/include/carla_msgs
[18.030s] -- Up-to-date: /home/lion/intellicar/ros2_ws/install/carla_msgs/include/carla_msgs/msg
[18.030s] -- Up-to-date: /home/lion/intellicar/ros2_ws/install/carla_msgs/include/carla_msgs/msg/carla_traffic_light_info_list.hpp
[18.031s] -- Up-to-date: /home/lion/intellicar/ros2_ws/install/carla_msgs/include/carla_msgs/msg/carla_status.hpp
[18.031s] -- Up-to-date: /home/lion/intellicar/ros2_ws/install/carla_msgs/include/carla_msgs/msg/rosidl_generator_cpp__visibility_control.hpp
[18.031s] -- Up-to-date: /home/lion/intellicar/ros2_ws/install/carla_msgs/include/carla_msgs/msg/detail
[18.031s] -- Up-to-date: /home/lion/intellicar/ros2_ws/install/carla_msgs/include/carla_msgs/msg/detail/carla_ego_vehicle_info__type_support.hpp
[18.031s] -- Up-to-date: /home/lion/intellicar/ros2_ws/install/carla_msgs/include/carla_msgs/msg/detail/carla_lane_invasion_event__builder.hpp
[18.031s] -- Up-to-date: /home/lion/intellicar/ros2_ws/install/carla_msgs/include/carla_msgs/msg/detail/carla_actor_list__traits.hpp
[18.031s] -- Up-to-date: /home/lion/intellicar/ros2_ws/install/carla_msgs/include/carla_msgs/msg/detail/carla_status__traits.hpp
[18.031s] -- Up-to-date: /home/lion/intellicar/ros2_ws/install/carla_msgs/include/carla_msgs/msg/detail/carla_collision_event__builder.hpp
[18.031s] -- Up-to-date: /home/lion/intellicar/ros2_ws/install/carla_msgs/include/carla_msgs/msg/detail/carla_bounding_box__struct.hpp
[18.032s] -- Up-to-date: /home/lion/intellicar/ros2_ws/install/carla_msgs/include/carla_msgs/msg/detail/carla_traffic_light_status_list__builder.hpp
[18.032s] -- Up-to-date: /home/lion/intellicar/ros2_ws/install/carla_msgs/include/carla_msgs/msg/detail/carla_actor_info__traits.hpp
[18.032s] -- Up-to-date: /home/lion/intellicar/ros2_ws/install/carla_msgs/include/carla_msgs/msg/detail/carla_traffic_light_status__struct.hpp
[18.032s] -- Up-to-date: /home/lion/intellicar/ros2_ws/install/carla_msgs/include/carla_msgs/msg/detail/carla_traffic_light_info__traits.hpp
[18.032s] -- Up-to-date: /home/lion/intellicar/ros2_ws/install/carla_msgs/include/carla_msgs/msg/detail/carla_world_info__traits.hpp
[18.032s] -- Up-to-date: /home/lion/intellicar/ros2_ws/install/carla_msgs/include/carla_msgs/msg/detail/carla_traffic_light_status_list__type_support.hpp
[18.032s] -- Up-to-date: /home/lion/intellicar/ros2_ws/install/carla_msgs/include/carla_msgs/msg/detail/carla_ego_vehicle_status__builder.hpp
[18.032s] -- Up-to-date: /home/lion/intellicar/ros2_ws/install/carla_msgs/include/carla_msgs/msg/detail/carla_status__type_support.hpp
[18.032s] -- Up-to-date: /home/lion/intellicar/ros2_ws/install/carla_msgs/include/carla_msgs/msg/detail/carla_ego_vehicle_control__builder.hpp
[18.032s] -- Up-to-date: /home/lion/intellicar/ros2_ws/install/carla_msgs/include/carla_msgs/msg/detail/carla_ego_vehicle_control__type_support.hpp
[18.033s] -- Up-to-date: /home/lion/intellicar/ros2_ws/install/carla_msgs/include/carla_msgs/msg/detail/carla_traffic_light_status_list__traits.hpp
[18.033s] -- Up-to-date: /home/lion/intellicar/ros2_ws/install/carla_msgs/include/carla_msgs/msg/detail/carla_lane_invasion_event__struct.hpp
[18.033s] -- Up-to-date: /home/lion/intellicar/ros2_ws/install/carla_msgs/include/carla_msgs/msg/detail/carla_control__type_support.hpp
[18.033s] -- Up-to-date: /home/lion/intellicar/ros2_ws/install/carla_msgs/include/carla_msgs/msg/detail/carla_ego_vehicle_info_wheel__type_support.hpp
[18.033s] -- Up-to-date: /home/lion/intellicar/ros2_ws/install/carla_msgs/include/carla_msgs/msg/detail/carla_ego_vehicle_status__traits.hpp
[18.033s] -- Up-to-date: /home/lion/intellicar/ros2_ws/install/carla_msgs/include/carla_msgs/msg/detail/carla_walker_control__builder.hpp
[18.033s] -- Up-to-date: /home/lion/intellicar/ros2_ws/install/carla_msgs/include/carla_msgs/msg/detail/carla_collision_event__struct.hpp
[18.033s] -- Up-to-date: /home/lion/intellicar/ros2_ws/install/carla_msgs/include/carla_msgs/msg/detail/carla_status__builder.hpp
[18.033s] -- Up-to-date: /home/lion/intellicar/ros2_ws/install/carla_msgs/include/carla_msgs/msg/detail/carla_traffic_light_info_list__type_support.hpp
[18.034s] -- Up-to-date: /home/lion/intellicar/ros2_ws/install/carla_msgs/include/carla_msgs/msg/detail/carla_ego_vehicle_info__struct.hpp
[18.034s] -- Up-to-date: /home/lion/intellicar/ros2_ws/install/carla_msgs/include/carla_msgs/msg/detail/carla_ego_vehicle_control__struct.hpp
[18.034s] -- Up-to-date: /home/lion/intellicar/ros2_ws/install/carla_msgs/include/carla_msgs/msg/detail/carla_bounding_box__builder.hpp
[18.034s] -- Up-to-date: /home/lion/intellicar/ros2_ws/install/carla_msgs/include/carla_msgs/msg/detail/carla_traffic_light_info__struct.hpp
[18.034s] -- Up-to-date: /home/lion/intellicar/ros2_ws/install/carla_msgs/include/carla_msgs/msg/detail/carla_traffic_light_info_list__traits.hpp
[18.034s] -- Up-to-date: /home/lion/intellicar/ros2_ws/install/carla_msgs/include/carla_msgs/msg/detail/carla_traffic_light_status_list__struct.hpp
[18.034s] -- Up-to-date: /home/lion/intellicar/ros2_ws/install/carla_msgs/include/carla_msgs/msg/detail/carla_actor_info__struct.hpp
[18.034s] -- Up-to-date: /home/lion/intellicar/ros2_ws/install/carla_msgs/include/carla_msgs/msg/detail/carla_walker_control__traits.hpp
[18.034s] -- Up-to-date: /home/lion/intellicar/ros2_ws/install/carla_msgs/include/carla_msgs/msg/detail/carla_traffic_light_status__type_support.hpp
[18.034s] -- Up-to-date: /home/lion/intellicar/ros2_ws/install/carla_msgs/include/carla_msgs/msg/detail/carla_actor_list__type_support.hpp
[18.035s] -- Up-to-date: /home/lion/intellicar/ros2_ws/install/carla_msgs/include/carla_msgs/msg/detail/carla_control__struct.hpp
[18.035s] -- Up-to-date: /home/lion/intellicar/ros2_ws/install/carla_msgs/include/carla_msgs/msg/detail/carla_walker_control__type_support.hpp
[18.035s] -- Up-to-date: /home/lion/intellicar/ros2_ws/install/carla_msgs/include/carla_msgs/msg/detail/carla_ego_vehicle_info__traits.hpp
[18.035s] -- Up-to-date: /home/lion/intellicar/ros2_ws/install/carla_msgs/include/carla_msgs/msg/detail/carla_ego_vehicle_status__type_support.hpp
[18.035s] -- Up-to-date: /home/lion/intellicar/ros2_ws/install/carla_msgs/include/carla_msgs/msg/detail/carla_ego_vehicle_control__traits.hpp
[18.035s] -- Up-to-date: /home/lion/intellicar/ros2_ws/install/carla_msgs/include/carla_msgs/msg/detail/carla_world_info__type_support.hpp
[18.035s] -- Up-to-date: /home/lion/intellicar/ros2_ws/install/carla_msgs/include/carla_msgs/msg/detail/carla_weather_parameters__builder.hpp
[18.035s] -- Up-to-date: /home/lion/intellicar/ros2_ws/install/carla_msgs/include/carla_msgs/msg/detail/carla_world_info__builder.hpp
[18.035s] -- Up-to-date: /home/lion/intellicar/ros2_ws/install/carla_msgs/include/carla_msgs/msg/detail/carla_status__struct.hpp
[18.035s] -- Up-to-date: /home/lion/intellicar/ros2_ws/install/carla_msgs/include/carla_msgs/msg/detail/carla_collision_event__traits.hpp
[18.036s] -- Up-to-date: /home/lion/intellicar/ros2_ws/install/carla_msgs/include/carla_msgs/msg/detail/carla_ego_vehicle_info_wheel__builder.hpp
[18.036s] -- Up-to-date: /home/lion/intellicar/ros2_ws/install/carla_msgs/include/carla_msgs/msg/detail/carla_control__builder.hpp
[18.036s] -- Up-to-date: /home/lion/intellicar/ros2_ws/install/carla_msgs/include/carla_msgs/msg/detail/carla_lane_invasion_event__type_support.hpp
[18.036s] -- Up-to-date: /home/lion/intellicar/ros2_ws/install/carla_msgs/include/carla_msgs/msg/detail/carla_traffic_light_status__traits.hpp
[18.036s] -- Up-to-date: /home/lion/intellicar/ros2_ws/install/carla_msgs/include/carla_msgs/msg/detail/carla_control__traits.hpp
[18.036s] -- Up-to-date: /home/lion/intellicar/ros2_ws/install/carla_msgs/include/carla_msgs/msg/detail/carla_traffic_light_status__builder.hpp
[18.036s] -- Up-to-date: /home/lion/intellicar/ros2_ws/install/carla_msgs/include/carla_msgs/msg/detail/carla_traffic_light_info_list__struct.hpp
[18.036s] -- Up-to-date: /home/lion/intellicar/ros2_ws/install/carla_msgs/include/carla_msgs/msg/detail/carla_lane_invasion_event__traits.hpp
[18.036s] -- Up-to-date: /home/lion/intellicar/ros2_ws/install/carla_msgs/include/carla_msgs/msg/detail/carla_actor_list__builder.hpp
[18.037s] -- Up-to-date: /home/lion/intellicar/ros2_ws/install/carla_msgs/include/carla_msgs/msg/detail/carla_weather_parameters__traits.hpp
[18.037s] -- Up-to-date: /home/lion/intellicar/ros2_ws/install/carla_msgs/include/carla_msgs/msg/detail/carla_world_info__struct.hpp
[18.037s] -- Up-to-date: /home/lion/intellicar/ros2_ws/install/carla_msgs/include/carla_msgs/msg/detail/carla_traffic_light_info__builder.hpp
[18.037s] -- Up-to-date: /home/lion/intellicar/ros2_ws/install/carla_msgs/include/carla_msgs/msg/detail/carla_ego_vehicle_info_wheel__struct.hpp
[18.037s] -- Up-to-date: /home/lion/intellicar/ros2_ws/install/carla_msgs/include/carla_msgs/msg/detail/carla_ego_vehicle_status__struct.hpp
[18.037s] -- Up-to-date: /home/lion/intellicar/ros2_ws/install/carla_msgs/include/carla_msgs/msg/detail/carla_actor_info__builder.hpp
[18.037s] -- Up-to-date: /home/lion/intellicar/ros2_ws/install/carla_msgs/include/carla_msgs/msg/detail/carla_collision_event__type_support.hpp
[18.037s] -- Up-to-date: /home/lion/intellicar/ros2_ws/install/carla_msgs/include/carla_msgs/msg/detail/carla_actor_info__type_support.hpp
[18.037s] -- Up-to-date: /home/lion/intellicar/ros2_ws/install/carla_msgs/include/carla_msgs/msg/detail/carla_bounding_box__type_support.hpp
[18.037s] -- Up-to-date: /home/lion/intellicar/ros2_ws/install/carla_msgs/include/carla_msgs/msg/detail/carla_actor_list__struct.hpp
[18.037s] -- Up-to-date: /home/lion/intellicar/ros2_ws/install/carla_msgs/include/carla_msgs/msg/detail/carla_traffic_light_info__type_support.hpp
[18.038s] -- Up-to-date: /home/lion/intellicar/ros2_ws/install/carla_msgs/include/carla_msgs/msg/detail/carla_bounding_box__traits.hpp
[18.038s] -- Up-to-date: /home/lion/intellicar/ros2_ws/install/carla_msgs/include/carla_msgs/msg/detail/carla_ego_vehicle_info_wheel__traits.hpp
[18.038s] -- Up-to-date: /home/lion/intellicar/ros2_ws/install/carla_msgs/include/carla_msgs/msg/detail/carla_walker_control__struct.hpp
[18.038s] -- Up-to-date: /home/lion/intellicar/ros2_ws/install/carla_msgs/include/carla_msgs/msg/detail/carla_traffic_light_info_list__builder.hpp
[18.038s] -- Up-to-date: /home/lion/intellicar/ros2_ws/install/carla_msgs/include/carla_msgs/msg/detail/carla_weather_parameters__struct.hpp
[18.038s] -- Up-to-date: /home/lion/intellicar/ros2_ws/install/carla_msgs/include/carla_msgs/msg/detail/carla_ego_vehicle_info__builder.hpp
[18.038s] -- Up-to-date: /home/lion/intellicar/ros2_ws/install/carla_msgs/include/carla_msgs/msg/detail/carla_weather_parameters__type_support.hpp
[18.038s] -- Up-to-date: /home/lion/intellicar/ros2_ws/install/carla_msgs/include/carla_msgs/msg/carla_traffic_light_status.hpp
[18.038s] -- Up-to-date: /home/lion/intellicar/ros2_ws/install/carla_msgs/include/carla_msgs/msg/carla_ego_vehicle_info.hpp
[18.038s] -- Up-to-date: /home/lion/intellicar/ros2_ws/install/carla_msgs/include/carla_msgs/msg/carla_traffic_light_info.hpp
[18.039s] -- Up-to-date: /home/lion/intellicar/ros2_ws/install/carla_msgs/include/carla_msgs/msg/carla_actor_info.hpp
[18.039s] -- Up-to-date: /home/lion/intellicar/ros2_ws/install/carla_msgs/include/carla_msgs/msg/carla_traffic_light_status_list.hpp
[18.039s] -- Up-to-date: /home/lion/intellicar/ros2_ws/install/carla_msgs/include/carla_msgs/msg/carla_weather_parameters.hpp
[18.039s] -- Up-to-date: /home/lion/intellicar/ros2_ws/install/carla_msgs/include/carla_msgs/msg/carla_bounding_box.hpp
[18.039s] -- Up-to-date: /home/lion/intellicar/ros2_ws/install/carla_msgs/include/carla_msgs/msg/carla_actor_list.hpp
[18.040s] -- Up-to-date: /home/lion/intellicar/ros2_ws/install/carla_msgs/include/carla_msgs/msg/carla_world_info.hpp
[18.040s] -- Up-to-date: /home/lion/intellicar/ros2_ws/install/carla_msgs/include/carla_msgs/msg/carla_ego_vehicle_control.hpp
[18.040s] -- Up-to-date: /home/lion/intellicar/ros2_ws/install/carla_msgs/include/carla_msgs/msg/carla_walker_control.hpp
[18.040s] -- Up-to-date: /home/lion/intellicar/ros2_ws/install/carla_msgs/include/carla_msgs/msg/carla_ego_vehicle_info_wheel.hpp
[18.040s] -- Up-to-date: /home/lion/intellicar/ros2_ws/install/carla_msgs/include/carla_msgs/msg/carla_ego_vehicle_status.hpp
[18.040s] -- Up-to-date: /home/lion/intellicar/ros2_ws/install/carla_msgs/include/carla_msgs/msg/carla_control.hpp
[18.040s] -- Up-to-date: /home/lion/intellicar/ros2_ws/install/carla_msgs/include/carla_msgs/msg/carla_collision_event.hpp
[18.040s] -- Up-to-date: /home/lion/intellicar/ros2_ws/install/carla_msgs/include/carla_msgs/msg/carla_lane_invasion_event.hpp
[18.040s] -- Up-to-date: /home/lion/intellicar/ros2_ws/install/carla_msgs/include/carla_msgs/srv
[18.041s] -- Up-to-date: /home/lion/intellicar/ros2_ws/install/carla_msgs/include/carla_msgs/srv/detail
[18.041s] -- Up-to-date: /home/lion/intellicar/ros2_ws/install/carla_msgs/include/carla_msgs/srv/detail/destroy_object__builder.hpp
[18.041s] -- Up-to-date: /home/lion/intellicar/ros2_ws/install/carla_msgs/include/carla_msgs/srv/detail/get_blueprints__traits.hpp
[18.041s] -- Up-to-date: /home/lion/intellicar/ros2_ws/install/carla_msgs/include/carla_msgs/srv/detail/spawn_object__type_support.hpp
[18.041s] -- Up-to-date: /home/lion/intellicar/ros2_ws/install/carla_msgs/include/carla_msgs/srv/detail/get_blueprints__builder.hpp
[18.041s] -- Up-to-date: /home/lion/intellicar/ros2_ws/install/carla_msgs/include/carla_msgs/srv/detail/spawn_object__struct.hpp
[18.041s] -- Up-to-date: /home/lion/intellicar/ros2_ws/install/carla_msgs/include/carla_msgs/srv/detail/spawn_object__traits.hpp
[18.041s] -- Up-to-date: /home/lion/intellicar/ros2_ws/install/carla_msgs/include/carla_msgs/srv/detail/destroy_object__traits.hpp
[18.041s] -- Up-to-date: /home/lion/intellicar/ros2_ws/install/carla_msgs/include/carla_msgs/srv/detail/get_blueprints__struct.hpp
[18.041s] -- Up-to-date: /home/lion/intellicar/ros2_ws/install/carla_msgs/include/carla_msgs/srv/detail/spawn_object__builder.hpp
[18.042s] -- Up-to-date: /home/lion/intellicar/ros2_ws/install/carla_msgs/include/carla_msgs/srv/detail/destroy_object__type_support.hpp
[18.042s] -- Up-to-date: /home/lion/intellicar/ros2_ws/install/carla_msgs/include/carla_msgs/srv/detail/get_blueprints__type_support.hpp
[18.042s] -- Up-to-date: /home/lion/intellicar/ros2_ws/install/carla_msgs/include/carla_msgs/srv/detail/destroy_object__struct.hpp
[18.042s] -- Up-to-date: /home/lion/intellicar/ros2_ws/install/carla_msgs/include/carla_msgs/srv/destroy_object.hpp
[18.042s] -- Up-to-date: /home/lion/intellicar/ros2_ws/install/carla_msgs/include/carla_msgs/srv/get_blueprints.hpp
[18.042s] -- Up-to-date: /home/lion/intellicar/ros2_ws/install/carla_msgs/include/carla_msgs/srv/spawn_object.hpp
[18.042s] -- Up-to-date: /home/lion/intellicar/ros2_ws/install/carla_msgs/include/carla_msgs
[18.042s] -- Up-to-date: /home/lion/intellicar/ros2_ws/install/carla_msgs/include/carla_msgs/msg
[18.042s] -- Up-to-date: /home/lion/intellicar/ros2_ws/install/carla_msgs/include/carla_msgs/msg/detail
[18.042s] -- Up-to-date: /home/lion/intellicar/ros2_ws/install/carla_msgs/include/carla_msgs/msg/detail/carla_traffic_light_status__rosidl_typesupport_introspection_cpp.hpp
[18.043s] -- Up-to-date: /home/lion/intellicar/ros2_ws/install/carla_msgs/include/carla_msgs/msg/detail/carla_world_info__type_support.cpp
[18.043s] -- Up-to-date: /home/lion/intellicar/ros2_ws/install/carla_msgs/include/carla_msgs/msg/detail/carla_ego_vehicle_info_wheel__type_support.cpp
[18.043s] -- Up-to-date: /home/lion/intellicar/ros2_ws/install/carla_msgs/include/carla_msgs/msg/detail/carla_lane_invasion_event__rosidl_typesupport_introspection_cpp.hpp
[18.043s] -- Up-to-date: /home/lion/intellicar/ros2_ws/install/carla_msgs/include/carla_msgs/msg/detail/carla_ego_vehicle_control__type_support.cpp
[18.043s] -- Up-to-date: /home/lion/intellicar/ros2_ws/install/carla_msgs/include/carla_msgs/msg/detail/carla_weather_parameters__type_support.cpp
[18.043s] -- Up-to-date: /home/lion/intellicar/ros2_ws/install/carla_msgs/include/carla_msgs/msg/detail/carla_ego_vehicle_status__rosidl_typesupport_introspection_cpp.hpp
[18.043s] -- Up-to-date: /home/lion/intellicar/ros2_ws/install/carla_msgs/include/carla_msgs/msg/detail/carla_traffic_light_info_list__type_support.cpp
[18.043s] -- Up-to-date: /home/lion/intellicar/ros2_ws/install/carla_msgs/include/carla_msgs/msg/detail/carla_ego_vehicle_info__rosidl_typesupport_introspection_cpp.hpp
[18.044s] -- Up-to-date: /home/lion/intellicar/ros2_ws/install/carla_msgs/include/carla_msgs/msg/detail/carla_bounding_box__rosidl_typesupport_introspection_cpp.hpp
[18.044s] -- Up-to-date: /home/lion/intellicar/ros2_ws/install/carla_msgs/include/carla_msgs/msg/detail/carla_actor_list__rosidl_typesupport_introspection_cpp.hpp
[18.044s] -- Up-to-date: /home/lion/intellicar/ros2_ws/install/carla_msgs/include/carla_msgs/msg/detail/carla_ego_vehicle_status__type_support.cpp
[18.044s] -- Up-to-date: /home/lion/intellicar/ros2_ws/install/carla_msgs/include/carla_msgs/msg/detail/carla_lane_invasion_event__type_support.cpp
[18.044s] -- Up-to-date: /home/lion/intellicar/ros2_ws/install/carla_msgs/include/carla_msgs/msg/detail/carla_control__rosidl_typesupport_introspection_cpp.hpp
[18.044s] -- Up-to-date: /home/lion/intellicar/ros2_ws/install/carla_msgs/include/carla_msgs/msg/detail/carla_control__type_support.cpp
[18.044s] -- Up-to-date: /home/lion/intellicar/ros2_ws/install/carla_msgs/include/carla_msgs/msg/detail/carla_walker_control__rosidl_typesupport_introspection_cpp.hpp
[18.044s] -- Up-to-date: /home/lion/intellicar/ros2_ws/install/carla_msgs/include/carla_msgs/msg/detail/carla_traffic_light_info__rosidl_typesupport_introspection_cpp.hpp
[18.044s] -- Up-to-date: /home/lion/intellicar/ros2_ws/install/carla_msgs/include/carla_msgs/msg/detail/carla_traffic_light_status_list__rosidl_typesupport_introspection_cpp.hpp
[18.044s] -- Up-to-date: /home/lion/intellicar/ros2_ws/install/carla_msgs/include/carla_msgs/msg/detail/carla_actor_info__type_support.cpp
[18.045s] -- Up-to-date: /home/lion/intellicar/ros2_ws/install/carla_msgs/include/carla_msgs/msg/detail/carla_weather_parameters__rosidl_typesupport_introspection_cpp.hpp
[18.045s] -- Up-to-date: /home/lion/intellicar/ros2_ws/install/carla_msgs/include/carla_msgs/msg/detail/carla_bounding_box__type_support.cpp
[18.045s] -- Up-to-date: /home/lion/intellicar/ros2_ws/install/carla_msgs/include/carla_msgs/msg/detail/carla_ego_vehicle_info__type_support.cpp
[18.045s] -- Up-to-date: /home/lion/intellicar/ros2_ws/install/carla_msgs/include/carla_msgs/msg/detail/carla_traffic_light_status_list__type_support.cpp
[18.045s] -- Up-to-date: /home/lion/intellicar/ros2_ws/install/carla_msgs/include/carla_msgs/msg/detail/carla_actor_info__rosidl_typesupport_introspection_cpp.hpp
[18.045s] -- Up-to-date: /home/lion/intellicar/ros2_ws/install/carla_msgs/include/carla_msgs/msg/detail/carla_status__rosidl_typesupport_introspection_cpp.hpp
[18.045s] -- Up-to-date: /home/lion/intellicar/ros2_ws/install/carla_msgs/include/carla_msgs/msg/detail/carla_world_info__rosidl_typesupport_introspection_cpp.hpp
[18.045s] -- Up-to-date: /home/lion/intellicar/ros2_ws/install/carla_msgs/include/carla_msgs/msg/detail/carla_traffic_light_info__type_support.cpp
[18.045s] -- Up-to-date: /home/lion/intellicar/ros2_ws/install/carla_msgs/include/carla_msgs/msg/detail/carla_ego_vehicle_info_wheel__rosidl_typesupport_introspection_cpp.hpp
[18.045s] -- Up-to-date: /home/lion/intellicar/ros2_ws/install/carla_msgs/include/carla_msgs/msg/detail/carla_traffic_light_info_list__rosidl_typesupport_introspection_cpp.hpp
[18.046s] -- Up-to-date: /home/lion/intellicar/ros2_ws/install/carla_msgs/include/carla_msgs/msg/detail/carla_status__type_support.cpp
[18.046s] -- Up-to-date: /home/lion/intellicar/ros2_ws/install/carla_msgs/include/carla_msgs/msg/detail/carla_traffic_light_status__type_support.cpp
[18.046s] -- Up-to-date: /home/lion/intellicar/ros2_ws/install/carla_msgs/include/carla_msgs/msg/detail/carla_collision_event__type_support.cpp
[18.046s] -- Up-to-date: /home/lion/intellicar/ros2_ws/install/carla_msgs/include/carla_msgs/msg/detail/carla_ego_vehicle_control__rosidl_typesupport_introspection_cpp.hpp
[18.046s] -- Up-to-date: /home/lion/intellicar/ros2_ws/install/carla_msgs/include/carla_msgs/msg/detail/carla_collision_event__rosidl_typesupport_introspection_cpp.hpp
[18.046s] -- Up-to-date: /home/lion/intellicar/ros2_ws/install/carla_msgs/include/carla_msgs/msg/detail/carla_actor_list__type_support.cpp
[18.046s] -- Up-to-date: /home/lion/intellicar/ros2_ws/install/carla_msgs/include/carla_msgs/msg/detail/carla_walker_control__type_support.cpp
[18.046s] -- Up-to-date: /home/lion/intellicar/ros2_ws/install/carla_msgs/include/carla_msgs/srv
[18.046s] -- Up-to-date: /home/lion/intellicar/ros2_ws/install/carla_msgs/include/carla_msgs/srv/detail
[18.046s] -- Up-to-date: /home/lion/intellicar/ros2_ws/install/carla_msgs/include/carla_msgs/srv/detail/spawn_object__rosidl_typesupport_introspection_cpp.hpp
[18.047s] -- Up-to-date: /home/lion/intellicar/ros2_ws/install/carla_msgs/include/carla_msgs/srv/detail/spawn_object__type_support.cpp
[18.047s] -- Up-to-date: /home/lion/intellicar/ros2_ws/install/carla_msgs/include/carla_msgs/srv/detail/destroy_object__type_support.cpp
[18.047s] -- Up-to-date: /home/lion/intellicar/ros2_ws/install/carla_msgs/include/carla_msgs/srv/detail/get_blueprints__rosidl_typesupport_introspection_cpp.hpp
[18.047s] -- Up-to-date: /home/lion/intellicar/ros2_ws/install/carla_msgs/include/carla_msgs/srv/detail/destroy_object__rosidl_typesupport_introspection_cpp.hpp
[18.047s] -- Up-to-date: /home/lion/intellicar/ros2_ws/install/carla_msgs/include/carla_msgs/srv/detail/get_blueprints__type_support.cpp
[18.047s] -- Up-to-date: /home/lion/intellicar/ros2_ws/install/carla_msgs/lib/libcarla_msgs__rosidl_typesupport_introspection_cpp.so
[18.047s] -- Up-to-date: /home/lion/intellicar/ros2_ws/install/carla_msgs/lib/libcarla_msgs__rosidl_typesupport_cpp.so
[18.048s] -- Up-to-date: /home/lion/intellicar/ros2_ws/install/carla_msgs/share/carla_msgs/environment/pythonpath.sh
[18.048s] -- Up-to-date: /home/lion/intellicar/ros2_ws/install/carla_msgs/share/carla_msgs/environment/pythonpath.dsv
[18.048s] -- Up-to-date: /home/lion/intellicar/ros2_ws/install/carla_msgs/lib/python3.8/site-packages/carla_msgs/__init__.py
[18.117s] -- Up-to-date: /home/lion/intellicar/ros2_ws/install/carla_msgs/lib/python3.8/site-packages/carla_msgs/msg
[18.117s] -- Up-to-date: /home/lion/intellicar/ros2_ws/install/carla_msgs/lib/python3.8/site-packages/carla_msgs/msg/_carla_ego_vehicle_info_s.c
[18.118s] -- Up-to-date: /home/lion/intellicar/ros2_ws/install/carla_msgs/lib/python3.8/site-packages/carla_msgs/msg/_carla_actor_info.py
[18.118s] -- Up-to-date: /home/lion/intellicar/ros2_ws/install/carla_msgs/lib/python3.8/site-packages/carla_msgs/msg/_carla_weather_parameters_s.c
[18.118s] -- Up-to-date: /home/lion/intellicar/ros2_ws/install/carla_msgs/lib/python3.8/site-packages/carla_msgs/msg/_carla_lane_invasion_event.py
[18.118s] -- Up-to-date: /home/lion/intellicar/ros2_ws/install/carla_msgs/lib/python3.8/site-packages/carla_msgs/msg/_carla_world_info.py
[18.118s] -- Up-to-date: /home/lion/intellicar/ros2_ws/install/carla_msgs/lib/python3.8/site-packages/carla_msgs/msg/_carla_weather_parameters.py
[18.118s] -- Up-to-date: /home/lion/intellicar/ros2_ws/install/carla_msgs/lib/python3.8/site-packages/carla_msgs/msg/_carla_ego_vehicle_info_wheel.py
[18.118s] -- Up-to-date: /home/lion/intellicar/ros2_ws/install/carla_msgs/lib/python3.8/site-packages/carla_msgs/msg/_carla_collision_event.py
[18.118s] -- Up-to-date: /home/lion/intellicar/ros2_ws/install/carla_msgs/lib/python3.8/site-packages/carla_msgs/msg/_carla_traffic_light_info_list.py
[18.118s] -- Up-to-date: /home/lion/intellicar/ros2_ws/install/carla_msgs/lib/python3.8/site-packages/carla_msgs/msg/_carla_bounding_box_s.c
[18.119s] -- Up-to-date: /home/lion/intellicar/ros2_ws/install/carla_msgs/lib/python3.8/site-packages/carla_msgs/msg/_carla_actor_list_s.c
[18.119s] -- Up-to-date: /home/lion/intellicar/ros2_ws/install/carla_msgs/lib/python3.8/site-packages/carla_msgs/msg/_carla_ego_vehicle_control.py
[18.119s] -- Up-to-date: /home/lion/intellicar/ros2_ws/install/carla_msgs/lib/python3.8/site-packages/carla_msgs/msg/_carla_bounding_box.py
[18.119s] -- Up-to-date: /home/lion/intellicar/ros2_ws/install/carla_msgs/lib/python3.8/site-packages/carla_msgs/msg/_carla_walker_control_s.c
[18.119s] -- Up-to-date: /home/lion/intellicar/ros2_ws/install/carla_msgs/lib/python3.8/site-packages/carla_msgs/msg/_carla_collision_event_s.c
[18.119s] -- Up-to-date: /home/lion/intellicar/ros2_ws/install/carla_msgs/lib/python3.8/site-packages/carla_msgs/msg/_carla_ego_vehicle_info_wheel_s.c
[18.119s] -- Up-to-date: /home/lion/intellicar/ros2_ws/install/carla_msgs/lib/python3.8/site-packages/carla_msgs/msg/__init__.py
[18.119s] -- Up-to-date: /home/lion/intellicar/ros2_ws/install/carla_msgs/lib/python3.8/site-packages/carla_msgs/msg/_carla_control_s.c
[18.119s] -- Up-to-date: /home/lion/intellicar/ros2_ws/install/carla_msgs/lib/python3.8/site-packages/carla_msgs/msg/_carla_walker_control.py
[18.120s] -- Up-to-date: /home/lion/intellicar/ros2_ws/install/carla_msgs/lib/python3.8/site-packages/carla_msgs/msg/_carla_ego_vehicle_control_s.c
[18.120s] -- Up-to-date: /home/lion/intellicar/ros2_ws/install/carla_msgs/lib/python3.8/site-packages/carla_msgs/msg/_carla_traffic_light_status_list_s.c
[18.120s] -- Up-to-date: /home/lion/intellicar/ros2_ws/install/carla_msgs/lib/python3.8/site-packages/carla_msgs/msg/_carla_control.py
[18.120s] -- Up-to-date: /home/lion/intellicar/ros2_ws/install/carla_msgs/lib/python3.8/site-packages/carla_msgs/msg/_carla_world_info_s.c
[18.120s] -- Up-to-date: /home/lion/intellicar/ros2_ws/install/carla_msgs/lib/python3.8/site-packages/carla_msgs/msg/_carla_lane_invasion_event_s.c
[18.120s] -- Up-to-date: /home/lion/intellicar/ros2_ws/install/carla_msgs/lib/python3.8/site-packages/carla_msgs/msg/_carla_traffic_light_info_s.c
[18.120s] -- Up-to-date: /home/lion/intellicar/ros2_ws/install/carla_msgs/lib/python3.8/site-packages/carla_msgs/msg/_carla_traffic_light_info_list_s.c
[18.120s] -- Up-to-date: /home/lion/intellicar/ros2_ws/install/carla_msgs/lib/python3.8/site-packages/carla_msgs/msg/_carla_traffic_light_status.py
[18.120s] -- Up-to-date: /home/lion/intellicar/ros2_ws/install/carla_msgs/lib/python3.8/site-packages/carla_msgs/msg/_carla_actor_list.py
[18.121s] -- Up-to-date: /home/lion/intellicar/ros2_ws/install/carla_msgs/lib/python3.8/site-packages/carla_msgs/msg/_carla_traffic_light_info.py
[18.121s] -- Up-to-date: /home/lion/intellicar/ros2_ws/install/carla_msgs/lib/python3.8/site-packages/carla_msgs/msg/_carla_ego_vehicle_info.py
[18.121s] -- Up-to-date: /home/lion/intellicar/ros2_ws/install/carla_msgs/lib/python3.8/site-packages/carla_msgs/msg/_carla_traffic_light_status_s.c
[18.121s] -- Up-to-date: /home/lion/intellicar/ros2_ws/install/carla_msgs/lib/python3.8/site-packages/carla_msgs/msg/_carla_traffic_light_status_list.py
[18.121s] -- Up-to-date: /home/lion/intellicar/ros2_ws/install/carla_msgs/lib/python3.8/site-packages/carla_msgs/msg/_carla_status_s.c
[18.121s] -- Up-to-date: /home/lion/intellicar/ros2_ws/install/carla_msgs/lib/python3.8/site-packages/carla_msgs/msg/_carla_ego_vehicle_status_s.c
[18.122s] -- Up-to-date: /home/lion/intellicar/ros2_ws/install/carla_msgs/lib/python3.8/site-packages/carla_msgs/msg/_carla_actor_info_s.c
[18.122s] -- Up-to-date: /home/lion/intellicar/ros2_ws/install/carla_msgs/lib/python3.8/site-packages/carla_msgs/msg/_carla_ego_vehicle_status.py
[18.122s] -- Up-to-date: /home/lion/intellicar/ros2_ws/install/carla_msgs/lib/python3.8/site-packages/carla_msgs/msg/_carla_status.py
[18.122s] -- Up-to-date: /home/lion/intellicar/ros2_ws/install/carla_msgs/lib/python3.8/site-packages/carla_msgs/srv
[18.122s] -- Up-to-date: /home/lion/intellicar/ros2_ws/install/carla_msgs/lib/python3.8/site-packages/carla_msgs/srv/_spawn_object_s.c
[18.122s] -- Up-to-date: /home/lion/intellicar/ros2_ws/install/carla_msgs/lib/python3.8/site-packages/carla_msgs/srv/_destroy_object_s.c
[18.122s] -- Up-to-date: /home/lion/intellicar/ros2_ws/install/carla_msgs/lib/python3.8/site-packages/carla_msgs/srv/__init__.py
[18.122s] -- Up-to-date: /home/lion/intellicar/ros2_ws/install/carla_msgs/lib/python3.8/site-packages/carla_msgs/srv/_destroy_object.py
[18.122s] -- Up-to-date: /home/lion/intellicar/ros2_ws/install/carla_msgs/lib/python3.8/site-packages/carla_msgs/srv/_get_blueprints.py
[18.122s] -- Up-to-date: /home/lion/intellicar/ros2_ws/install/carla_msgs/lib/python3.8/site-packages/carla_msgs/srv/_get_blueprints_s.c
[18.123s] -- Up-to-date: /home/lion/intellicar/ros2_ws/install/carla_msgs/lib/python3.8/site-packages/carla_msgs/srv/_spawn_object.py
[18.123s] -- Up-to-date: /home/lion/intellicar/ros2_ws/install/carla_msgs/lib/python3.8/site-packages/carla_msgs/carla_msgs_s__rosidl_typesupport_fastrtps_c.cpython-38-x86_64-linux-gnu.so
[18.123s] -- Up-to-date: /home/lion/intellicar/ros2_ws/install/carla_msgs/lib/python3.8/site-packages/carla_msgs/carla_msgs_s__rosidl_typesupport_introspection_c.cpython-38-x86_64-linux-gnu.so
[18.123s] -- Up-to-date: /home/lion/intellicar/ros2_ws/install/carla_msgs/lib/python3.8/site-packages/carla_msgs/carla_msgs_s__rosidl_typesupport_c.cpython-38-x86_64-linux-gnu.so
[18.123s] -- Up-to-date: /home/lion/intellicar/ros2_ws/install/carla_msgs/lib/libcarla_msgs__python.so
[18.123s] -- Up-to-date: /home/lion/intellicar/ros2_ws/install/carla_msgs/share/carla_msgs/msg/CarlaBoundingBox.idl
[18.123s] -- Up-to-date: /home/lion/intellicar/ros2_ws/install/carla_msgs/share/carla_msgs/msg/CarlaEgoVehicleControl.idl
[18.123s] -- Up-to-date: /home/lion/intellicar/ros2_ws/install/carla_msgs/share/carla_msgs/msg/CarlaEgoVehicleStatus.idl
[18.123s] -- Up-to-date: /home/lion/intellicar/ros2_ws/install/carla_msgs/share/carla_msgs/msg/CarlaEgoVehicleInfoWheel.idl
[18.124s] -- Up-to-date: /home/lion/intellicar/ros2_ws/install/carla_msgs/share/carla_msgs/msg/CarlaEgoVehicleInfo.idl
[18.124s] -- Up-to-date: /home/lion/intellicar/ros2_ws/install/carla_msgs/share/carla_msgs/msg/CarlaCollisionEvent.idl
[18.124s] -- Up-to-date: /home/lion/intellicar/ros2_ws/install/carla_msgs/share/carla_msgs/msg/CarlaLaneInvasionEvent.idl
[18.125s] -- Up-to-date: /home/lion/intellicar/ros2_ws/install/carla_msgs/share/carla_msgs/msg/CarlaWorldInfo.idl
[18.125s] -- Up-to-date: /home/lion/intellicar/ros2_ws/install/carla_msgs/share/carla_msgs/msg/CarlaActorInfo.idl
[18.125s] -- Up-to-date: /home/lion/intellicar/ros2_ws/install/carla_msgs/share/carla_msgs/msg/CarlaActorList.idl
[18.125s] -- Up-to-date: /home/lion/intellicar/ros2_ws/install/carla_msgs/share/carla_msgs/msg/CarlaControl.idl
[18.125s] -- Up-to-date: /home/lion/intellicar/ros2_ws/install/carla_msgs/share/carla_msgs/msg/CarlaStatus.idl
[18.125s] -- Up-to-date: /home/lion/intellicar/ros2_ws/install/carla_msgs/share/carla_msgs/msg/CarlaTrafficLightInfo.idl
[18.125s] -- Up-to-date: /home/lion/intellicar/ros2_ws/install/carla_msgs/share/carla_msgs/msg/CarlaTrafficLightInfoList.idl
[18.125s] -- Up-to-date: /home/lion/intellicar/ros2_ws/install/carla_msgs/share/carla_msgs/msg/CarlaTrafficLightStatus.idl
[18.125s] -- Up-to-date: /home/lion/intellicar/ros2_ws/install/carla_msgs/share/carla_msgs/msg/CarlaTrafficLightStatusList.idl
[18.125s] -- Up-to-date: /home/lion/intellicar/ros2_ws/install/carla_msgs/share/carla_msgs/msg/CarlaWalkerControl.idl
[18.126s] -- Up-to-date: /home/lion/intellicar/ros2_ws/install/carla_msgs/share/carla_msgs/msg/CarlaWeatherParameters.idl
[18.126s] -- Up-to-date: /home/lion/intellicar/ros2_ws/install/carla_msgs/share/carla_msgs/srv/SpawnObject.idl
[18.126s] -- Up-to-date: /home/lion/intellicar/ros2_ws/install/carla_msgs/share/carla_msgs/srv/DestroyObject.idl
[18.126s] -- Up-to-date: /home/lion/intellicar/ros2_ws/install/carla_msgs/share/carla_msgs/srv/GetBlueprints.idl
[18.126s] -- Up-to-date: /home/lion/intellicar/ros2_ws/install/carla_msgs/share/carla_msgs/msg/CarlaBoundingBox.msg
[18.126s] -- Up-to-date: /home/lion/intellicar/ros2_ws/install/carla_msgs/share/carla_msgs/msg/CarlaEgoVehicleControl.msg
[18.126s] -- Up-to-date: /home/lion/intellicar/ros2_ws/install/carla_msgs/share/carla_msgs/msg/CarlaEgoVehicleStatus.msg
[18.126s] -- Up-to-date: /home/lion/intellicar/ros2_ws/install/carla_msgs/share/carla_msgs/msg/CarlaEgoVehicleInfoWheel.msg
[18.126s] -- Up-to-date: /home/lion/intellicar/ros2_ws/install/carla_msgs/share/carla_msgs/msg/CarlaEgoVehicleInfo.msg
[18.127s] -- Up-to-date: /home/lion/intellicar/ros2_ws/install/carla_msgs/share/carla_msgs/msg/CarlaCollisionEvent.msg
[18.127s] -- Up-to-date: /home/lion/intellicar/ros2_ws/install/carla_msgs/share/carla_msgs/msg/CarlaLaneInvasionEvent.msg
[18.127s] -- Up-to-date: /home/lion/intellicar/ros2_ws/install/carla_msgs/share/carla_msgs/msg/CarlaWorldInfo.msg
[18.127s] -- Up-to-date: /home/lion/intellicar/ros2_ws/install/carla_msgs/share/carla_msgs/msg/CarlaActorInfo.msg
[18.127s] -- Up-to-date: /home/lion/intellicar/ros2_ws/install/carla_msgs/share/carla_msgs/msg/CarlaActorList.msg
[18.127s] -- Up-to-date: /home/lion/intellicar/ros2_ws/install/carla_msgs/share/carla_msgs/msg/CarlaControl.msg
[18.127s] -- Up-to-date: /home/lion/intellicar/ros2_ws/install/carla_msgs/share/carla_msgs/msg/CarlaStatus.msg
[18.127s] -- Up-to-date: /home/lion/intellicar/ros2_ws/install/carla_msgs/share/carla_msgs/msg/CarlaTrafficLightInfo.msg
[18.128s] -- Up-to-date: /home/lion/intellicar/ros2_ws/install/carla_msgs/share/carla_msgs/msg/CarlaTrafficLightInfoList.msg
[18.128s] -- Up-to-date: /home/lion/intellicar/ros2_ws/install/carla_msgs/share/carla_msgs/msg/CarlaTrafficLightStatus.msg
[18.129s] -- Up-to-date: /home/lion/intellicar/ros2_ws/install/carla_msgs/share/carla_msgs/msg/CarlaTrafficLightStatusList.msg
[18.129s] -- Up-to-date: /home/lion/intellicar/ros2_ws/install/carla_msgs/share/carla_msgs/msg/CarlaWalkerControl.msg
[18.129s] -- Up-to-date: /home/lion/intellicar/ros2_ws/install/carla_msgs/share/carla_msgs/msg/CarlaWeatherParameters.msg
[18.129s] -- Up-to-date: /home/lion/intellicar/ros2_ws/install/carla_msgs/share/carla_msgs/srv/SpawnObject.srv
[18.130s] -- Up-to-date: /home/lion/intellicar/ros2_ws/install/carla_msgs/share/carla_msgs/srv/SpawnObject_Request.msg
[18.131s] -- Up-to-date: /home/lion/intellicar/ros2_ws/install/carla_msgs/share/carla_msgs/srv/SpawnObject_Response.msg
[18.131s] -- Up-to-date: /home/lion/intellicar/ros2_ws/install/carla_msgs/share/carla_msgs/srv/DestroyObject.srv
[18.131s] -- Up-to-date: /home/lion/intellicar/ros2_ws/install/carla_msgs/share/carla_msgs/srv/DestroyObject_Request.msg
[18.131s] -- Up-to-date: /home/lion/intellicar/ros2_ws/install/carla_msgs/share/carla_msgs/srv/DestroyObject_Response.msg
[18.131s] -- Up-to-date: /home/lion/intellicar/ros2_ws/install/carla_msgs/share/carla_msgs/srv/GetBlueprints.srv
[18.131s] -- Up-to-date: /home/lion/intellicar/ros2_ws/install/carla_msgs/share/carla_msgs/srv/GetBlueprints_Request.msg
[18.131s] -- Up-to-date: /home/lion/intellicar/ros2_ws/install/carla_msgs/share/carla_msgs/srv/GetBlueprints_Response.msg
[18.131s] -- Up-to-date: /home/lion/intellicar/ros2_ws/install/carla_msgs/share/ament_index/resource_index/package_run_dependencies/carla_msgs
[18.131s] -- Up-to-date: /home/lion/intellicar/ros2_ws/install/carla_msgs/share/ament_index/resource_index/parent_prefix_path/carla_msgs
[18.132s] -- Up-to-date: /home/lion/intellicar/ros2_ws/install/carla_msgs/share/carla_msgs/environment/ament_prefix_path.sh
[18.132s] -- Up-to-date: /home/lion/intellicar/ros2_ws/install/carla_msgs/share/carla_msgs/environment/ament_prefix_path.dsv
[18.132s] -- Up-to-date: /home/lion/intellicar/ros2_ws/install/carla_msgs/share/carla_msgs/environment/path.sh
[18.132s] -- Up-to-date: /home/lion/intellicar/ros2_ws/install/carla_msgs/share/carla_msgs/environment/path.dsv
[18.132s] -- Up-to-date: /home/lion/intellicar/ros2_ws/install/carla_msgs/share/carla_msgs/local_setup.bash
[18.132s] -- Up-to-date: /home/lion/intellicar/ros2_ws/install/carla_msgs/share/carla_msgs/local_setup.sh
[18.132s] -- Up-to-date: /home/lion/intellicar/ros2_ws/install/carla_msgs/share/carla_msgs/local_setup.zsh
[18.132s] -- Up-to-date: /home/lion/intellicar/ros2_ws/install/carla_msgs/share/carla_msgs/local_setup.dsv
[18.132s] -- Installing: /home/lion/intellicar/ros2_ws/install/carla_msgs/share/carla_msgs/package.dsv
[18.133s] -- Up-to-date: /home/lion/intellicar/ros2_ws/install/carla_msgs/share/ament_index/resource_index/packages/carla_msgs
[18.133s] -- Up-to-date: /home/lion/intellicar/ros2_ws/install/carla_msgs/share/carla_msgs/cmake/carla_msgs__rosidl_generator_cExport.cmake
[18.134s] -- Up-to-date: /home/lion/intellicar/ros2_ws/install/carla_msgs/share/carla_msgs/cmake/carla_msgs__rosidl_generator_cExport-noconfig.cmake
[18.134s] -- Up-to-date: /home/lion/intellicar/ros2_ws/install/carla_msgs/share/carla_msgs/cmake/carla_msgs__rosidl_typesupport_introspection_cExport.cmake
[18.136s] -- Up-to-date: /home/lion/intellicar/ros2_ws/install/carla_msgs/share/carla_msgs/cmake/carla_msgs__rosidl_typesupport_introspection_cExport-noconfig.cmake
[18.136s] -- Up-to-date: /home/lion/intellicar/ros2_ws/install/carla_msgs/share/carla_msgs/cmake/carla_msgs__rosidl_typesupport_cExport.cmake
[18.136s] -- Up-to-date: /home/lion/intellicar/ros2_ws/install/carla_msgs/share/carla_msgs/cmake/carla_msgs__rosidl_typesupport_cExport-noconfig.cmake
[18.136s] -- Up-to-date: /home/lion/intellicar/ros2_ws/install/carla_msgs/share/carla_msgs/cmake/carla_msgs__rosidl_generator_cppExport.cmake
[18.136s] -- Up-to-date: /home/lion/intellicar/ros2_ws/install/carla_msgs/share/carla_msgs/cmake/carla_msgs__rosidl_typesupport_introspection_cppExport.cmake
[18.137s] -- Up-to-date: /home/lion/intellicar/ros2_ws/install/carla_msgs/share/carla_msgs/cmake/carla_msgs__rosidl_typesupport_introspection_cppExport-noconfig.cmake
[18.137s] -- Up-to-date: /home/lion/intellicar/ros2_ws/install/carla_msgs/share/carla_msgs/cmake/carla_msgs__rosidl_typesupport_cppExport.cmake
[18.137s] -- Up-to-date: /home/lion/intellicar/ros2_ws/install/carla_msgs/share/carla_msgs/cmake/carla_msgs__rosidl_typesupport_cppExport-noconfig.cmake
[18.137s] -- Up-to-date: /home/lion/intellicar/ros2_ws/install/carla_msgs/share/carla_msgs/cmake/rosidl_cmake-extras.cmake
[18.137s] -- Up-to-date: /home/lion/intellicar/ros2_ws/install/carla_msgs/share/carla_msgs/cmake/ament_cmake_export_dependencies-extras.cmake
[18.137s] -- Up-to-date: /home/lion/intellicar/ros2_ws/install/carla_msgs/share/carla_msgs/cmake/ament_cmake_export_libraries-extras.cmake
[18.137s] -- Up-to-date: /home/lion/intellicar/ros2_ws/install/carla_msgs/share/carla_msgs/cmake/ament_cmake_export_targets-extras.cmake
[18.137s] -- Up-to-date: /home/lion/intellicar/ros2_ws/install/carla_msgs/share/carla_msgs/cmake/ament_cmake_export_include_directories-extras.cmake
[18.138s] -- Up-to-date: /home/lion/intellicar/ros2_ws/install/carla_msgs/share/carla_msgs/cmake/rosidl_cmake_export_typesupport_libraries-extras.cmake
[18.138s] -- Up-to-date: /home/lion/intellicar/ros2_ws/install/carla_msgs/share/carla_msgs/cmake/rosidl_cmake_export_typesupport_targets-extras.cmake
[18.138s] -- Up-to-date: /home/lion/intellicar/ros2_ws/install/carla_msgs/share/carla_msgs/cmake/carla_msgsConfig.cmake
[18.138s] -- Up-to-date: /home/lion/intellicar/ros2_ws/install/carla_msgs/share/carla_msgs/cmake/carla_msgsConfig-version.cmake
[18.138s] -- Up-to-date: /home/lion/intellicar/ros2_ws/install/carla_msgs/share/carla_msgs/package.xml
[21.182s] Invoked command in '/home/lion/intellicar/ros2_ws/build/carla_msgs' returned '0': CMAKE_PREFIX_PATH=${CMAKE_PREFIX_PATH}:/home/lion/intellicar/ros2_ws/install/yolo_detection:/home/lion/intellicar/ros2_ws/install/traffic_light_task:/home/lion/intellicar/ros2_ws/install/carla_ad_demo:/home/lion/intellicar/ros2_ws/install/rqt_carla_control:/home/lion/intellicar/ros2_ws/install/carla_waypoint_publisher:/home/lion/intellicar/ros2_ws/install/carla_ackermann_control:/home/lion/intellicar/ros2_ws/install/carla_ros_bridge:/home/lion/intellicar/ros2_ws/install/carla_spawn_objects:/home/lion/intellicar/ros2_ws/install/carla_manual_control:/home/lion/intellicar/ros2_ws/install/carla_ad_agent:/home/lion/intellicar/ros2_ws/install/ros_compatibility:/home/lion/intellicar/ros2_ws/install/carla_walker_agent:/home/lion/intellicar/ros2_ws/install/carla_twist_to_control:/home/lion/intellicar/ros2_ws/install/carla_ros_scenario_runner:/home/lion/intellicar/ros2_ws/install/carla_common:/opt/ros/foxy /usr/bin/cmake --install /home/lion/intellicar/ros2_ws/build/carla_msgs
