[6.571s] Invoking command in '/home/lion/intellicar/ros2_ws/src/ros-bridge/carla_twist_to_control': PYTHONPATH=/home/lion/intellicar/ros2_ws/build/carla_twist_to_control/prefix_override:/home/lion/intellicar/ros2_ws/install/carla_twist_to_control/lib/python3.8/site-packages:${PYTHONPATH} /usr/bin/python3 setup.py egg_info --egg-base ../../../build/carla_twist_to_control build --build-base /home/lion/intellicar/ros2_ws/build/carla_twist_to_control/build install --record /home/lion/intellicar/ros2_ws/build/carla_twist_to_control/install.log --single-version-externally-managed
[6.953s] running egg_info
[6.954s] writing ../../../build/carla_twist_to_control/carla_twist_to_control.egg-info/PKG-INFO
[6.958s] writing dependency_links to ../../../build/carla_twist_to_control/carla_twist_to_control.egg-info/dependency_links.txt
[6.958s] writing entry points to ../../../build/carla_twist_to_control/carla_twist_to_control.egg-info/entry_points.txt
[6.958s] writing requirements to ../../../build/carla_twist_to_control/carla_twist_to_control.egg-info/requires.txt
[6.959s] writing top-level names to ../../../build/carla_twist_to_control/carla_twist_to_control.egg-info/top_level.txt
[7.021s] reading manifest file '../../../build/carla_twist_to_control/carla_twist_to_control.egg-info/SOURCES.txt'
[7.022s] writing manifest file '../../../build/carla_twist_to_control/carla_twist_to_control.egg-info/SOURCES.txt'
[7.023s] running build
[7.024s] running build_py
[7.024s] running install
[7.024s] running install_lib
[7.024s] running install_data
[7.024s] running install_egg_info
[7.024s] removing '/home/lion/intellicar/ros2_ws/install/carla_twist_to_control/lib/python3.8/site-packages/carla_twist_to_control-0.0.0-py3.8.egg-info' (and everything under it)
[7.024s] Copying ../../../build/carla_twist_to_control/carla_twist_to_control.egg-info to /home/lion/intellicar/ros2_ws/install/carla_twist_to_control/lib/python3.8/site-packages/carla_twist_to_control-0.0.0-py3.8.egg-info
[7.025s] running install_scripts
[7.052s] Installing carla_twist_to_control script to /home/lion/intellicar/ros2_ws/install/carla_twist_to_control/lib/carla_twist_to_control
[7.052s] writing list of installed files to '/home/lion/intellicar/ros2_ws/build/carla_twist_to_control/install.log'
[11.071s] Invoked command in '/home/lion/intellicar/ros2_ws/src/ros-bridge/carla_twist_to_control' returned '0': PYTHONPATH=/home/lion/intellicar/ros2_ws/build/carla_twist_to_control/prefix_override:/home/lion/intellicar/ros2_ws/install/carla_twist_to_control/lib/python3.8/site-packages:${PYTHONPATH} /usr/bin/python3 setup.py egg_info --egg-base ../../../build/carla_twist_to_control build --build-base /home/lion/intellicar/ros2_ws/build/carla_twist_to_control/build install --record /home/lion/intellicar/ros2_ws/build/carla_twist_to_control/install.log --single-version-externally-managed
