[7.987s] Invoking command in '/home/lion/intellicar/ros2_ws/build/carla_waypoint_types': CMAKE_PREFIX_PATH=${CMAKE_PREFIX_PATH}:/home/lion/intellicar/ros2_ws/install/yolo_detection:/home/lion/intellicar/ros2_ws/install/traffic_light_task:/home/lion/intellicar/ros2_ws/install/carla_ad_demo:/home/lion/intellicar/ros2_ws/install/rqt_carla_control:/home/lion/intellicar/ros2_ws/install/carla_waypoint_publisher:/home/lion/intellicar/ros2_ws/install/carla_ackermann_control:/home/lion/intellicar/ros2_ws/install/carla_ros_bridge:/home/lion/intellicar/ros2_ws/install/carla_spawn_objects:/home/lion/intellicar/ros2_ws/install/carla_manual_control:/home/lion/intellicar/ros2_ws/install/carla_ad_agent:/home/lion/intellicar/ros2_ws/install/ros_compatibility:/home/lion/intellicar/ros2_ws/install/carla_walker_agent:/home/lion/intellicar/ros2_ws/install/carla_twist_to_control:/home/lion/intellicar/ros2_ws/install/carla_ros_scenario_runner:/home/lion/intellicar/ros2_ws/install/carla_common:/opt/ros/foxy /usr/bin/cmake --build /home/lion/intellicar/ros2_ws/build/carla_waypoint_types -- -j16 -l16
[12.866s] [  2%] Built target carla_waypoint_types__cpp
[12.866s] [ 12%] Built target carla_waypoint_types__rosidl_generator_c
[12.866s] [ 23%] Built target carla_waypoint_types__rosidl_typesupport_introspection_cpp
[12.867s] [ 34%] Built target carla_waypoint_types__rosidl_typesupport_introspection_c
[12.867s] [ 44%] Built target carla_waypoint_types__rosidl_typesupport_c
[12.867s] [ 55%] Built target carla_waypoint_types__rosidl_typesupport_cpp
[12.867s] [ 65%] Built target carla_waypoint_types__rosidl_typesupport_fastrtps_cpp
[12.867s] [ 76%] Built target carla_waypoint_types__rosidl_typesupport_fastrtps_c
[12.867s] [ 76%] Built target carla_waypoint_types
[12.867s] [ 78%] Built target carla_waypoint_types__py
[12.867s] [ 87%] Built target carla_waypoint_types__python
[12.867s] [ 91%] Built target carla_waypoint_types__rosidl_typesupport_c__pyext
[12.868s] [ 95%] Built target carla_waypoint_types__rosidl_typesupport_fastrtps_c__pyext
[12.868s] [100%] Built target carla_waypoint_types__rosidl_typesupport_introspection_c__pyext
[12.903s] Invoked command in '/home/lion/intellicar/ros2_ws/build/carla_waypoint_types' returned '0': CMAKE_PREFIX_PATH=${CMAKE_PREFIX_PATH}:/home/lion/intellicar/ros2_ws/install/yolo_detection:/home/lion/intellicar/ros2_ws/install/traffic_light_task:/home/lion/intellicar/ros2_ws/install/carla_ad_demo:/home/lion/intellicar/ros2_ws/install/rqt_carla_control:/home/lion/intellicar/ros2_ws/install/carla_waypoint_publisher:/home/lion/intellicar/ros2_ws/install/carla_ackermann_control:/home/lion/intellicar/ros2_ws/install/carla_ros_bridge:/home/lion/intellicar/ros2_ws/install/carla_spawn_objects:/home/lion/intellicar/ros2_ws/install/carla_manual_control:/home/lion/intellicar/ros2_ws/install/carla_ad_agent:/home/lion/intellicar/ros2_ws/install/ros_compatibility:/home/lion/intellicar/ros2_ws/install/carla_walker_agent:/home/lion/intellicar/ros2_ws/install/carla_twist_to_control:/home/lion/intellicar/ros2_ws/install/carla_ros_scenario_runner:/home/lion/intellicar/ros2_ws/install/carla_common:/opt/ros/foxy /usr/bin/cmake --build /home/lion/intellicar/ros2_ws/build/carla_waypoint_types -- -j16 -l16
[14.265s] Invoking command in '/home/lion/intellicar/ros2_ws/build/carla_waypoint_types': CMAKE_PREFIX_PATH=${CMAKE_PREFIX_PATH}:/home/lion/intellicar/ros2_ws/install/yolo_detection:/home/lion/intellicar/ros2_ws/install/traffic_light_task:/home/lion/intellicar/ros2_ws/install/carla_ad_demo:/home/lion/intellicar/ros2_ws/install/rqt_carla_control:/home/lion/intellicar/ros2_ws/install/carla_waypoint_publisher:/home/lion/intellicar/ros2_ws/install/carla_ackermann_control:/home/lion/intellicar/ros2_ws/install/carla_ros_bridge:/home/lion/intellicar/ros2_ws/install/carla_spawn_objects:/home/lion/intellicar/ros2_ws/install/carla_manual_control:/home/lion/intellicar/ros2_ws/install/carla_ad_agent:/home/lion/intellicar/ros2_ws/install/ros_compatibility:/home/lion/intellicar/ros2_ws/install/carla_walker_agent:/home/lion/intellicar/ros2_ws/install/carla_twist_to_control:/home/lion/intellicar/ros2_ws/install/carla_ros_scenario_runner:/home/lion/intellicar/ros2_ws/install/carla_common:/opt/ros/foxy /usr/bin/cmake --install /home/lion/intellicar/ros2_ws/build/carla_waypoint_types
[14.286s] -- Install configuration: ""
[14.286s] -- Up-to-date: /home/lion/intellicar/ros2_ws/install/carla_waypoint_types/share/ament_index/resource_index/rosidl_interfaces/carla_waypoint_types
[14.286s] -- Up-to-date: /home/lion/intellicar/ros2_ws/install/carla_waypoint_types/include/carla_waypoint_types
[14.287s] -- Up-to-date: /home/lion/intellicar/ros2_ws/install/carla_waypoint_types/include/carla_waypoint_types/msg
[14.287s] -- Up-to-date: /home/lion/intellicar/ros2_ws/install/carla_waypoint_types/include/carla_waypoint_types/msg/detail
[14.287s] -- Up-to-date: /home/lion/intellicar/ros2_ws/install/carla_waypoint_types/include/carla_waypoint_types/msg/detail/carla_waypoint__struct.h
[14.287s] -- Up-to-date: /home/lion/intellicar/ros2_ws/install/carla_waypoint_types/include/carla_waypoint_types/msg/detail/carla_waypoint__type_support.h
[14.288s] -- Up-to-date: /home/lion/intellicar/ros2_ws/install/carla_waypoint_types/include/carla_waypoint_types/msg/detail/carla_waypoint__functions.h
[14.289s] -- Up-to-date: /home/lion/intellicar/ros2_ws/install/carla_waypoint_types/include/carla_waypoint_types/msg/detail/carla_waypoint__functions.c
[14.289s] -- Up-to-date: /home/lion/intellicar/ros2_ws/install/carla_waypoint_types/include/carla_waypoint_types/msg/carla_waypoint.h
[14.290s] -- Up-to-date: /home/lion/intellicar/ros2_ws/install/carla_waypoint_types/include/carla_waypoint_types/msg/rosidl_generator_c__visibility_control.h
[14.290s] -- Up-to-date: /home/lion/intellicar/ros2_ws/install/carla_waypoint_types/include/carla_waypoint_types/srv
[14.290s] -- Up-to-date: /home/lion/intellicar/ros2_ws/install/carla_waypoint_types/include/carla_waypoint_types/srv/detail
[14.290s] -- Up-to-date: /home/lion/intellicar/ros2_ws/install/carla_waypoint_types/include/carla_waypoint_types/srv/detail/get_waypoint__struct.h
[14.290s] -- Up-to-date: /home/lion/intellicar/ros2_ws/install/carla_waypoint_types/include/carla_waypoint_types/srv/detail/get_actor_waypoint__functions.h
[14.290s] -- Up-to-date: /home/lion/intellicar/ros2_ws/install/carla_waypoint_types/include/carla_waypoint_types/srv/detail/get_waypoint__functions.h
[14.290s] -- Up-to-date: /home/lion/intellicar/ros2_ws/install/carla_waypoint_types/include/carla_waypoint_types/srv/detail/get_actor_waypoint__struct.h
[14.290s] -- Up-to-date: /home/lion/intellicar/ros2_ws/install/carla_waypoint_types/include/carla_waypoint_types/srv/detail/get_waypoint__type_support.h
[14.290s] -- Up-to-date: /home/lion/intellicar/ros2_ws/install/carla_waypoint_types/include/carla_waypoint_types/srv/detail/get_actor_waypoint__functions.c
[14.290s] -- Up-to-date: /home/lion/intellicar/ros2_ws/install/carla_waypoint_types/include/carla_waypoint_types/srv/detail/get_waypoint__functions.c
[14.290s] -- Up-to-date: /home/lion/intellicar/ros2_ws/install/carla_waypoint_types/include/carla_waypoint_types/srv/detail/get_actor_waypoint__type_support.h
[14.290s] -- Up-to-date: /home/lion/intellicar/ros2_ws/install/carla_waypoint_types/include/carla_waypoint_types/srv/get_actor_waypoint.h
[14.291s] -- Up-to-date: /home/lion/intellicar/ros2_ws/install/carla_waypoint_types/include/carla_waypoint_types/srv/get_waypoint.h
[14.291s] -- Up-to-date: /home/lion/intellicar/ros2_ws/install/carla_waypoint_types/share/carla_waypoint_types/environment/library_path.sh
[14.291s] -- Up-to-date: /home/lion/intellicar/ros2_ws/install/carla_waypoint_types/share/carla_waypoint_types/environment/library_path.dsv
[14.291s] -- Up-to-date: /home/lion/intellicar/ros2_ws/install/carla_waypoint_types/lib/libcarla_waypoint_types__rosidl_generator_c.so
[14.291s] -- Up-to-date: /home/lion/intellicar/ros2_ws/install/carla_waypoint_types/include/carla_waypoint_types
[14.291s] -- Up-to-date: /home/lion/intellicar/ros2_ws/install/carla_waypoint_types/include/carla_waypoint_types/msg
[14.291s] -- Up-to-date: /home/lion/intellicar/ros2_ws/install/carla_waypoint_types/include/carla_waypoint_types/msg/detail
[14.291s] -- Up-to-date: /home/lion/intellicar/ros2_ws/install/carla_waypoint_types/include/carla_waypoint_types/msg/detail/carla_waypoint__rosidl_typesupport_fastrtps_c.h
[14.291s] -- Up-to-date: /home/lion/intellicar/ros2_ws/install/carla_waypoint_types/include/carla_waypoint_types/msg/rosidl_typesupport_fastrtps_c__visibility_control.h
[14.291s] -- Up-to-date: /home/lion/intellicar/ros2_ws/install/carla_waypoint_types/include/carla_waypoint_types/srv
[14.292s] -- Up-to-date: /home/lion/intellicar/ros2_ws/install/carla_waypoint_types/include/carla_waypoint_types/srv/detail
[14.292s] -- Up-to-date: /home/lion/intellicar/ros2_ws/install/carla_waypoint_types/include/carla_waypoint_types/srv/detail/get_waypoint__rosidl_typesupport_fastrtps_c.h
[14.292s] -- Up-to-date: /home/lion/intellicar/ros2_ws/install/carla_waypoint_types/include/carla_waypoint_types/srv/detail/get_actor_waypoint__rosidl_typesupport_fastrtps_c.h
[14.292s] -- Up-to-date: /home/lion/intellicar/ros2_ws/install/carla_waypoint_types/lib/libcarla_waypoint_types__rosidl_typesupport_fastrtps_c.so
[14.292s] -- Up-to-date: /home/lion/intellicar/ros2_ws/install/carla_waypoint_types/include/carla_waypoint_types
[14.292s] -- Up-to-date: /home/lion/intellicar/ros2_ws/install/carla_waypoint_types/include/carla_waypoint_types/msg
[14.292s] -- Up-to-date: /home/lion/intellicar/ros2_ws/install/carla_waypoint_types/include/carla_waypoint_types/msg/detail
[14.292s] -- Up-to-date: /home/lion/intellicar/ros2_ws/install/carla_waypoint_types/include/carla_waypoint_types/msg/detail/carla_waypoint__rosidl_typesupport_fastrtps_cpp.hpp
[14.293s] -- Up-to-date: /home/lion/intellicar/ros2_ws/install/carla_waypoint_types/include/carla_waypoint_types/msg/detail/dds_fastrtps
[14.293s] -- Up-to-date: /home/lion/intellicar/ros2_ws/install/carla_waypoint_types/include/carla_waypoint_types/msg/rosidl_typesupport_fastrtps_cpp__visibility_control.h
[14.293s] -- Up-to-date: /home/lion/intellicar/ros2_ws/install/carla_waypoint_types/include/carla_waypoint_types/srv
[14.293s] -- Up-to-date: /home/lion/intellicar/ros2_ws/install/carla_waypoint_types/include/carla_waypoint_types/srv/detail
[14.293s] -- Up-to-date: /home/lion/intellicar/ros2_ws/install/carla_waypoint_types/include/carla_waypoint_types/srv/detail/get_waypoint__rosidl_typesupport_fastrtps_cpp.hpp
[14.293s] -- Up-to-date: /home/lion/intellicar/ros2_ws/install/carla_waypoint_types/include/carla_waypoint_types/srv/detail/dds_fastrtps
[14.294s] -- Up-to-date: /home/lion/intellicar/ros2_ws/install/carla_waypoint_types/include/carla_waypoint_types/srv/detail/get_actor_waypoint__rosidl_typesupport_fastrtps_cpp.hpp
[14.294s] -- Up-to-date: /home/lion/intellicar/ros2_ws/install/carla_waypoint_types/lib/libcarla_waypoint_types__rosidl_typesupport_fastrtps_cpp.so
[14.294s] -- Up-to-date: /home/lion/intellicar/ros2_ws/install/carla_waypoint_types/include/carla_waypoint_types
[14.294s] -- Up-to-date: /home/lion/intellicar/ros2_ws/install/carla_waypoint_types/include/carla_waypoint_types/msg
[14.294s] -- Up-to-date: /home/lion/intellicar/ros2_ws/install/carla_waypoint_types/include/carla_waypoint_types/msg/detail
[14.294s] -- Up-to-date: /home/lion/intellicar/ros2_ws/install/carla_waypoint_types/include/carla_waypoint_types/msg/detail/carla_waypoint__rosidl_typesupport_introspection_c.h
[14.294s] -- Up-to-date: /home/lion/intellicar/ros2_ws/install/carla_waypoint_types/include/carla_waypoint_types/msg/detail/carla_waypoint__type_support.c
[14.295s] -- Up-to-date: /home/lion/intellicar/ros2_ws/install/carla_waypoint_types/include/carla_waypoint_types/msg/rosidl_typesupport_introspection_c__visibility_control.h
[14.295s] -- Up-to-date: /home/lion/intellicar/ros2_ws/install/carla_waypoint_types/include/carla_waypoint_types/srv
[14.295s] -- Up-to-date: /home/lion/intellicar/ros2_ws/install/carla_waypoint_types/include/carla_waypoint_types/srv/detail
[14.295s] -- Up-to-date: /home/lion/intellicar/ros2_ws/install/carla_waypoint_types/include/carla_waypoint_types/srv/detail/get_actor_waypoint__rosidl_typesupport_introspection_c.h
[14.295s] -- Up-to-date: /home/lion/intellicar/ros2_ws/install/carla_waypoint_types/include/carla_waypoint_types/srv/detail/get_waypoint__type_support.c
[14.295s] -- Up-to-date: /home/lion/intellicar/ros2_ws/install/carla_waypoint_types/include/carla_waypoint_types/srv/detail/get_actor_waypoint__type_support.c
[14.295s] -- Up-to-date: /home/lion/intellicar/ros2_ws/install/carla_waypoint_types/include/carla_waypoint_types/srv/detail/get_waypoint__rosidl_typesupport_introspection_c.h
[14.295s] -- Up-to-date: /home/lion/intellicar/ros2_ws/install/carla_waypoint_types/lib/libcarla_waypoint_types__rosidl_typesupport_introspection_c.so
[14.295s] -- Up-to-date: /home/lion/intellicar/ros2_ws/install/carla_waypoint_types/lib/libcarla_waypoint_types__rosidl_typesupport_c.so
[14.296s] -- Up-to-date: /home/lion/intellicar/ros2_ws/install/carla_waypoint_types/include/carla_waypoint_types
[14.296s] -- Up-to-date: /home/lion/intellicar/ros2_ws/install/carla_waypoint_types/include/carla_waypoint_types/msg
[14.296s] -- Up-to-date: /home/lion/intellicar/ros2_ws/install/carla_waypoint_types/include/carla_waypoint_types/msg/rosidl_generator_cpp__visibility_control.hpp
[14.298s] -- Up-to-date: /home/lion/intellicar/ros2_ws/install/carla_waypoint_types/include/carla_waypoint_types/msg/detail
[14.298s] -- Up-to-date: /home/lion/intellicar/ros2_ws/install/carla_waypoint_types/include/carla_waypoint_types/msg/detail/carla_waypoint__struct.hpp
[14.300s] -- Up-to-date: /home/lion/intellicar/ros2_ws/install/carla_waypoint_types/include/carla_waypoint_types/msg/detail/carla_waypoint__type_support.hpp
[14.300s] -- Up-to-date: /home/lion/intellicar/ros2_ws/install/carla_waypoint_types/include/carla_waypoint_types/msg/detail/carla_waypoint__traits.hpp
[14.300s] -- Up-to-date: /home/lion/intellicar/ros2_ws/install/carla_waypoint_types/include/carla_waypoint_types/msg/detail/carla_waypoint__builder.hpp
[14.300s] -- Up-to-date: /home/lion/intellicar/ros2_ws/install/carla_waypoint_types/include/carla_waypoint_types/msg/carla_waypoint.hpp
[14.300s] -- Up-to-date: /home/lion/intellicar/ros2_ws/install/carla_waypoint_types/include/carla_waypoint_types/srv
[14.300s] -- Up-to-date: /home/lion/intellicar/ros2_ws/install/carla_waypoint_types/include/carla_waypoint_types/srv/detail
[14.302s] -- Up-to-date: /home/lion/intellicar/ros2_ws/install/carla_waypoint_types/include/carla_waypoint_types/srv/detail/get_actor_waypoint__traits.hpp
[14.302s] -- Up-to-date: /home/lion/intellicar/ros2_ws/install/carla_waypoint_types/include/carla_waypoint_types/srv/detail/get_waypoint__type_support.hpp
[14.302s] -- Up-to-date: /home/lion/intellicar/ros2_ws/install/carla_waypoint_types/include/carla_waypoint_types/srv/detail/get_waypoint__traits.hpp
[14.302s] -- Up-to-date: /home/lion/intellicar/ros2_ws/install/carla_waypoint_types/include/carla_waypoint_types/srv/detail/get_waypoint__builder.hpp
[14.303s] -- Up-to-date: /home/lion/intellicar/ros2_ws/install/carla_waypoint_types/include/carla_waypoint_types/srv/detail/get_actor_waypoint__struct.hpp
[14.303s] -- Up-to-date: /home/lion/intellicar/ros2_ws/install/carla_waypoint_types/include/carla_waypoint_types/srv/detail/get_actor_waypoint__builder.hpp
[14.303s] -- Up-to-date: /home/lion/intellicar/ros2_ws/install/carla_waypoint_types/include/carla_waypoint_types/srv/detail/get_actor_waypoint__type_support.hpp
[14.304s] -- Up-to-date: /home/lion/intellicar/ros2_ws/install/carla_waypoint_types/include/carla_waypoint_types/srv/detail/get_waypoint__struct.hpp
[14.304s] -- Up-to-date: /home/lion/intellicar/ros2_ws/install/carla_waypoint_types/include/carla_waypoint_types/srv/get_waypoint.hpp
[14.304s] -- Up-to-date: /home/lion/intellicar/ros2_ws/install/carla_waypoint_types/include/carla_waypoint_types/srv/get_actor_waypoint.hpp
[14.310s] -- Up-to-date: /home/lion/intellicar/ros2_ws/install/carla_waypoint_types/include/carla_waypoint_types
[14.310s] -- Up-to-date: /home/lion/intellicar/ros2_ws/install/carla_waypoint_types/include/carla_waypoint_types/msg
[14.311s] -- Up-to-date: /home/lion/intellicar/ros2_ws/install/carla_waypoint_types/include/carla_waypoint_types/msg/detail
[14.311s] -- Up-to-date: /home/lion/intellicar/ros2_ws/install/carla_waypoint_types/include/carla_waypoint_types/msg/detail/carla_waypoint__type_support.cpp
[14.311s] -- Up-to-date: /home/lion/intellicar/ros2_ws/install/carla_waypoint_types/include/carla_waypoint_types/msg/detail/carla_waypoint__rosidl_typesupport_introspection_cpp.hpp
[14.311s] -- Up-to-date: /home/lion/intellicar/ros2_ws/install/carla_waypoint_types/include/carla_waypoint_types/srv
[14.311s] -- Up-to-date: /home/lion/intellicar/ros2_ws/install/carla_waypoint_types/include/carla_waypoint_types/srv/detail
[14.311s] -- Up-to-date: /home/lion/intellicar/ros2_ws/install/carla_waypoint_types/include/carla_waypoint_types/srv/detail/get_waypoint__rosidl_typesupport_introspection_cpp.hpp
[14.311s] -- Up-to-date: /home/lion/intellicar/ros2_ws/install/carla_waypoint_types/include/carla_waypoint_types/srv/detail/get_waypoint__type_support.cpp
[14.312s] -- Up-to-date: /home/lion/intellicar/ros2_ws/install/carla_waypoint_types/include/carla_waypoint_types/srv/detail/get_actor_waypoint__rosidl_typesupport_introspection_cpp.hpp
[14.312s] -- Up-to-date: /home/lion/intellicar/ros2_ws/install/carla_waypoint_types/include/carla_waypoint_types/srv/detail/get_actor_waypoint__type_support.cpp
[14.312s] -- Up-to-date: /home/lion/intellicar/ros2_ws/install/carla_waypoint_types/lib/libcarla_waypoint_types__rosidl_typesupport_introspection_cpp.so
[14.312s] -- Up-to-date: /home/lion/intellicar/ros2_ws/install/carla_waypoint_types/lib/libcarla_waypoint_types__rosidl_typesupport_cpp.so
[14.312s] -- Up-to-date: /home/lion/intellicar/ros2_ws/install/carla_waypoint_types/share/carla_waypoint_types/environment/pythonpath.sh
[14.313s] -- Up-to-date: /home/lion/intellicar/ros2_ws/install/carla_waypoint_types/share/carla_waypoint_types/environment/pythonpath.dsv
[14.313s] -- Up-to-date: /home/lion/intellicar/ros2_ws/install/carla_waypoint_types/lib/python3.8/site-packages/carla_waypoint_types/__init__.py
[14.356s] -- Up-to-date: /home/lion/intellicar/ros2_ws/install/carla_waypoint_types/lib/python3.8/site-packages/carla_waypoint_types/msg
[14.357s] -- Up-to-date: /home/lion/intellicar/ros2_ws/install/carla_waypoint_types/lib/python3.8/site-packages/carla_waypoint_types/msg/__init__.py
[14.357s] -- Up-to-date: /home/lion/intellicar/ros2_ws/install/carla_waypoint_types/lib/python3.8/site-packages/carla_waypoint_types/msg/_carla_waypoint_s.c
[14.358s] -- Up-to-date: /home/lion/intellicar/ros2_ws/install/carla_waypoint_types/lib/python3.8/site-packages/carla_waypoint_types/msg/_carla_waypoint.py
[14.359s] -- Up-to-date: /home/lion/intellicar/ros2_ws/install/carla_waypoint_types/lib/python3.8/site-packages/carla_waypoint_types/srv
[14.359s] -- Up-to-date: /home/lion/intellicar/ros2_ws/install/carla_waypoint_types/lib/python3.8/site-packages/carla_waypoint_types/srv/_get_actor_waypoint.py
[14.359s] -- Up-to-date: /home/lion/intellicar/ros2_ws/install/carla_waypoint_types/lib/python3.8/site-packages/carla_waypoint_types/srv/_get_waypoint.py
[14.361s] -- Up-to-date: /home/lion/intellicar/ros2_ws/install/carla_waypoint_types/lib/python3.8/site-packages/carla_waypoint_types/srv/__init__.py
[14.361s] -- Up-to-date: /home/lion/intellicar/ros2_ws/install/carla_waypoint_types/lib/python3.8/site-packages/carla_waypoint_types/srv/_get_waypoint_s.c
[14.362s] -- Up-to-date: /home/lion/intellicar/ros2_ws/install/carla_waypoint_types/lib/python3.8/site-packages/carla_waypoint_types/srv/_get_actor_waypoint_s.c
[14.363s] -- Up-to-date: /home/lion/intellicar/ros2_ws/install/carla_waypoint_types/lib/python3.8/site-packages/carla_waypoint_types/carla_waypoint_types_s__rosidl_typesupport_fastrtps_c.cpython-38-x86_64-linux-gnu.so
[14.363s] -- Up-to-date: /home/lion/intellicar/ros2_ws/install/carla_waypoint_types/lib/python3.8/site-packages/carla_waypoint_types/carla_waypoint_types_s__rosidl_typesupport_introspection_c.cpython-38-x86_64-linux-gnu.so
[14.363s] -- Up-to-date: /home/lion/intellicar/ros2_ws/install/carla_waypoint_types/lib/python3.8/site-packages/carla_waypoint_types/carla_waypoint_types_s__rosidl_typesupport_c.cpython-38-x86_64-linux-gnu.so
[14.364s] -- Up-to-date: /home/lion/intellicar/ros2_ws/install/carla_waypoint_types/lib/libcarla_waypoint_types__python.so
[14.364s] -- Up-to-date: /home/lion/intellicar/ros2_ws/install/carla_waypoint_types/share/carla_waypoint_types/msg/CarlaWaypoint.idl
[14.364s] -- Up-to-date: /home/lion/intellicar/ros2_ws/install/carla_waypoint_types/share/carla_waypoint_types/srv/GetWaypoint.idl
[14.365s] -- Up-to-date: /home/lion/intellicar/ros2_ws/install/carla_waypoint_types/share/carla_waypoint_types/srv/GetActorWaypoint.idl
[14.365s] -- Up-to-date: /home/lion/intellicar/ros2_ws/install/carla_waypoint_types/share/carla_waypoint_types/msg/CarlaWaypoint.msg
[14.365s] -- Up-to-date: /home/lion/intellicar/ros2_ws/install/carla_waypoint_types/share/carla_waypoint_types/srv/GetWaypoint.srv
[14.365s] -- Up-to-date: /home/lion/intellicar/ros2_ws/install/carla_waypoint_types/share/carla_waypoint_types/srv/GetWaypoint_Request.msg
[14.365s] -- Up-to-date: /home/lion/intellicar/ros2_ws/install/carla_waypoint_types/share/carla_waypoint_types/srv/GetWaypoint_Response.msg
[14.366s] -- Up-to-date: /home/lion/intellicar/ros2_ws/install/carla_waypoint_types/share/carla_waypoint_types/srv/GetActorWaypoint.srv
[14.366s] -- Up-to-date: /home/lion/intellicar/ros2_ws/install/carla_waypoint_types/share/carla_waypoint_types/srv/GetActorWaypoint_Request.msg
[14.366s] -- Up-to-date: /home/lion/intellicar/ros2_ws/install/carla_waypoint_types/share/carla_waypoint_types/srv/GetActorWaypoint_Response.msg
[14.366s] -- Up-to-date: /home/lion/intellicar/ros2_ws/install/carla_waypoint_types/share/ament_index/resource_index/package_run_dependencies/carla_waypoint_types
[14.366s] -- Up-to-date: /home/lion/intellicar/ros2_ws/install/carla_waypoint_types/share/ament_index/resource_index/parent_prefix_path/carla_waypoint_types
[14.366s] -- Up-to-date: /home/lion/intellicar/ros2_ws/install/carla_waypoint_types/share/carla_waypoint_types/environment/ament_prefix_path.sh
[14.366s] -- Up-to-date: /home/lion/intellicar/ros2_ws/install/carla_waypoint_types/share/carla_waypoint_types/environment/ament_prefix_path.dsv
[14.366s] -- Up-to-date: /home/lion/intellicar/ros2_ws/install/carla_waypoint_types/share/carla_waypoint_types/environment/path.sh
[14.366s] -- Up-to-date: /home/lion/intellicar/ros2_ws/install/carla_waypoint_types/share/carla_waypoint_types/environment/path.dsv
[14.366s] -- Up-to-date: /home/lion/intellicar/ros2_ws/install/carla_waypoint_types/share/carla_waypoint_types/local_setup.bash
[14.366s] -- Up-to-date: /home/lion/intellicar/ros2_ws/install/carla_waypoint_types/share/carla_waypoint_types/local_setup.sh
[14.366s] -- Up-to-date: /home/lion/intellicar/ros2_ws/install/carla_waypoint_types/share/carla_waypoint_types/local_setup.zsh
[14.366s] -- Up-to-date: /home/lion/intellicar/ros2_ws/install/carla_waypoint_types/share/carla_waypoint_types/local_setup.dsv
[14.367s] -- Installing: /home/lion/intellicar/ros2_ws/install/carla_waypoint_types/share/carla_waypoint_types/package.dsv
[14.367s] -- Up-to-date: /home/lion/intellicar/ros2_ws/install/carla_waypoint_types/share/ament_index/resource_index/packages/carla_waypoint_types
[14.367s] -- Up-to-date: /home/lion/intellicar/ros2_ws/install/carla_waypoint_types/share/carla_waypoint_types/cmake/carla_waypoint_types__rosidl_generator_cExport.cmake
[14.367s] -- Up-to-date: /home/lion/intellicar/ros2_ws/install/carla_waypoint_types/share/carla_waypoint_types/cmake/carla_waypoint_types__rosidl_generator_cExport-noconfig.cmake
[14.367s] -- Up-to-date: /home/lion/intellicar/ros2_ws/install/carla_waypoint_types/share/carla_waypoint_types/cmake/carla_waypoint_types__rosidl_typesupport_introspection_cExport.cmake
[14.367s] -- Up-to-date: /home/lion/intellicar/ros2_ws/install/carla_waypoint_types/share/carla_waypoint_types/cmake/carla_waypoint_types__rosidl_typesupport_introspection_cExport-noconfig.cmake
[14.367s] -- Up-to-date: /home/lion/intellicar/ros2_ws/install/carla_waypoint_types/share/carla_waypoint_types/cmake/carla_waypoint_types__rosidl_typesupport_cExport.cmake
[14.367s] -- Up-to-date: /home/lion/intellicar/ros2_ws/install/carla_waypoint_types/share/carla_waypoint_types/cmake/carla_waypoint_types__rosidl_typesupport_cExport-noconfig.cmake
[14.367s] -- Up-to-date: /home/lion/intellicar/ros2_ws/install/carla_waypoint_types/share/carla_waypoint_types/cmake/carla_waypoint_types__rosidl_generator_cppExport.cmake
[14.367s] -- Up-to-date: /home/lion/intellicar/ros2_ws/install/carla_waypoint_types/share/carla_waypoint_types/cmake/carla_waypoint_types__rosidl_typesupport_introspection_cppExport.cmake
[14.367s] -- Up-to-date: /home/lion/intellicar/ros2_ws/install/carla_waypoint_types/share/carla_waypoint_types/cmake/carla_waypoint_types__rosidl_typesupport_introspection_cppExport-noconfig.cmake
[14.367s] -- Up-to-date: /home/lion/intellicar/ros2_ws/install/carla_waypoint_types/share/carla_waypoint_types/cmake/carla_waypoint_types__rosidl_typesupport_cppExport.cmake
[14.367s] -- Up-to-date: /home/lion/intellicar/ros2_ws/install/carla_waypoint_types/share/carla_waypoint_types/cmake/carla_waypoint_types__rosidl_typesupport_cppExport-noconfig.cmake
[14.368s] -- Up-to-date: /home/lion/intellicar/ros2_ws/install/carla_waypoint_types/share/carla_waypoint_types/cmake/rosidl_cmake-extras.cmake
[14.368s] -- Up-to-date: /home/lion/intellicar/ros2_ws/install/carla_waypoint_types/share/carla_waypoint_types/cmake/ament_cmake_export_dependencies-extras.cmake
[14.368s] -- Up-to-date: /home/lion/intellicar/ros2_ws/install/carla_waypoint_types/share/carla_waypoint_types/cmake/ament_cmake_export_libraries-extras.cmake
[14.368s] -- Up-to-date: /home/lion/intellicar/ros2_ws/install/carla_waypoint_types/share/carla_waypoint_types/cmake/ament_cmake_export_targets-extras.cmake
[14.368s] -- Up-to-date: /home/lion/intellicar/ros2_ws/install/carla_waypoint_types/share/carla_waypoint_types/cmake/ament_cmake_export_include_directories-extras.cmake
[14.368s] -- Up-to-date: /home/lion/intellicar/ros2_ws/install/carla_waypoint_types/share/carla_waypoint_types/cmake/rosidl_cmake_export_typesupport_libraries-extras.cmake
[14.368s] -- Up-to-date: /home/lion/intellicar/ros2_ws/install/carla_waypoint_types/share/carla_waypoint_types/cmake/rosidl_cmake_export_typesupport_targets-extras.cmake
[14.368s] -- Up-to-date: /home/lion/intellicar/ros2_ws/install/carla_waypoint_types/share/carla_waypoint_types/cmake/carla_waypoint_typesConfig.cmake
[14.368s] -- Up-to-date: /home/lion/intellicar/ros2_ws/install/carla_waypoint_types/share/carla_waypoint_types/cmake/carla_waypoint_typesConfig-version.cmake
[14.368s] -- Up-to-date: /home/lion/intellicar/ros2_ws/install/carla_waypoint_types/share/carla_waypoint_types/package.xml
[15.212s] Invoked command in '/home/lion/intellicar/ros2_ws/build/carla_waypoint_types' returned '0': CMAKE_PREFIX_PATH=${CMAKE_PREFIX_PATH}:/home/lion/intellicar/ros2_ws/install/yolo_detection:/home/lion/intellicar/ros2_ws/install/traffic_light_task:/home/lion/intellicar/ros2_ws/install/carla_ad_demo:/home/lion/intellicar/ros2_ws/install/rqt_carla_control:/home/lion/intellicar/ros2_ws/install/carla_waypoint_publisher:/home/lion/intellicar/ros2_ws/install/carla_ackermann_control:/home/lion/intellicar/ros2_ws/install/carla_ros_bridge:/home/lion/intellicar/ros2_ws/install/carla_spawn_objects:/home/lion/intellicar/ros2_ws/install/carla_manual_control:/home/lion/intellicar/ros2_ws/install/carla_ad_agent:/home/lion/intellicar/ros2_ws/install/ros_compatibility:/home/lion/intellicar/ros2_ws/install/carla_walker_agent:/home/lion/intellicar/ros2_ws/install/carla_twist_to_control:/home/lion/intellicar/ros2_ws/install/carla_ros_scenario_runner:/home/lion/intellicar/ros2_ws/install/carla_common:/opt/ros/foxy /usr/bin/cmake --install /home/lion/intellicar/ros2_ws/build/carla_waypoint_types
