running egg_info
creating ../../../build/carla_ad_demo/carla_ad_demo.egg-info
writing ../../../build/carla_ad_demo/carla_ad_demo.egg-info/PKG-INFO
writing dependency_links to ../../../build/carla_ad_demo/carla_ad_demo.egg-info/dependency_links.txt
writing requirements to ../../../build/carla_ad_demo/carla_ad_demo.egg-info/requires.txt
writing top-level names to ../../../build/carla_ad_demo/carla_ad_demo.egg-info/top_level.txt
writing manifest file '../../../build/carla_ad_demo/carla_ad_demo.egg-info/SOURCES.txt'
reading manifest file '../../../build/carla_ad_demo/carla_ad_demo.egg-info/SOURCES.txt'
writing manifest file '../../../build/carla_ad_demo/carla_ad_demo.egg-info/SOURCES.txt'
running build
running install
running install_data
creating /home/lion/intellicar/ros2_ws/install/carla_ad_demo/share/ament_index
creating /home/lion/intellicar/ros2_ws/install/carla_ad_demo/share/ament_index/resource_index
creating /home/lion/intellicar/ros2_ws/install/carla_ad_demo/share/ament_index/resource_index/packages
copying resource/carla_ad_demo -> /home/lion/intellicar/ros2_ws/install/carla_ad_demo/share/ament_index/resource_index/packages
copying package.xml -> /home/lion/intellicar/ros2_ws/install/carla_ad_demo/share/carla_ad_demo
creating /home/lion/intellicar/ros2_ws/install/carla_ad_demo/share/carla_ad_demo/config
copying config/FollowLeadingVehicle.xosc -> /home/lion/intellicar/ros2_ws/install/carla_ad_demo/share/carla_ad_demo/config
copying config/carla_ad_demo_ros2.rviz -> /home/lion/intellicar/ros2_ws/install/carla_ad_demo/share/carla_ad_demo/config
copying launch/carla_ad_demo_with_scenario.launch.py -> /home/lion/intellicar/ros2_ws/install/carla_ad_demo/share/carla_ad_demo
copying launch/carla_ad_demo.launch.py -> /home/lion/intellicar/ros2_ws/install/carla_ad_demo/share/carla_ad_demo
running install_egg_info
Copying ../../../build/carla_ad_demo/carla_ad_demo.egg-info to /home/lion/intellicar/ros2_ws/install/carla_ad_demo/lib/python3.8/site-packages/carla_ad_demo-0.0.0-py3.8.egg-info
running install_scripts
writing list of installed files to '/home/lion/intellicar/ros2_ws/build/carla_ad_demo/install.log'
