[2.480s] Invoking command in '/home/lion/intellicar/ros2_ws/src/ros-bridge/carla_ad_demo': AMENT_PREFIX_PATH=/home/lion/intellicar/ros2_ws/install/carla_ros_bridge:/home/lion/intellicar/ros2_ws/install/rviz_carla_plugin:/home/lion/intellicar/ros2_ws/install/carla_waypoint_publisher:/home/lion/intellicar/ros2_ws/install/carla_spawn_objects:/home/lion/intellicar/ros2_ws/install/carla_ros_scenario_runner:/home/lion/intellicar/ros2_ws/install/carla_manual_control:/home/lion/intellicar/ros2_ws/install/carla_ad_agent:/home/lion/intellicar/ros2_ws/install/ros_compatibility:/home/lion/intellicar/ros2_ws/install/carla_waypoint_types:/home/lion/intellicar/ros2_ws/install/carla_twist_to_control:/home/lion/intellicar/ros2_ws/install/carla_ros_scenario_runner_types:/home/lion/intellicar/ros2_ws/install/carla_msgs:/home/lion/intellicar/ros2_ws/install/carla_common:${AMENT_PREFIX_PATH} CMAKE_PREFIX_PATH=/home/lion/intellicar/ros2_ws/install/rviz_carla_plugin:/home/lion/intellicar/ros2_ws/install/carla_waypoint_types:/home/lion/intellicar/ros2_ws/install/carla_ros_scenario_runner_types:/home/lion/intellicar/ros2_ws/install/carla_msgs LD_LIBRARY_PATH=/home/lion/intellicar/ros2_ws/install/rviz_carla_plugin/lib:/home/lion/intellicar/ros2_ws/install/carla_waypoint_types/lib:/home/lion/intellicar/ros2_ws/install/carla_ros_scenario_runner_types/lib:/home/lion/intellicar/ros2_ws/install/carla_msgs/lib:${LD_LIBRARY_PATH} PYTHONPATH=/home/lion/intellicar/ros2_ws/build/carla_ad_demo/prefix_override:/home/lion/intellicar/ros2_ws/install/carla_ad_demo/lib/python3.8/site-packages:/home/lion/intellicar/ros2_ws/install/carla_ros_bridge/lib/python3.8/site-packages:/home/lion/intellicar/ros2_ws/install/carla_waypoint_publisher/lib/python3.8/site-packages:/home/lion/intellicar/ros2_ws/install/carla_spawn_objects/lib/python3.8/site-packages:/home/lion/intellicar/ros2_ws/install/carla_ros_scenario_runner/lib/python3.8/site-packages:/home/lion/intellicar/ros2_ws/install/carla_manual_control/lib/python3.8/site-packages:/home/lion/intellicar/ros2_ws/install/carla_ad_agent/lib/python3.8/site-packages:/home/lion/intellicar/ros2_ws/install/ros_compatibility/lib/python3.8/site-packages:/home/lion/intellicar/ros2_ws/install/carla_waypoint_types/lib/python3.8/site-packages:/home/lion/intellicar/ros2_ws/install/carla_twist_to_control/lib/python3.8/site-packages:/home/lion/intellicar/ros2_ws/install/carla_ros_scenario_runner_types/lib/python3.8/site-packages:/home/lion/intellicar/ros2_ws/install/carla_msgs/lib/python3.8/site-packages:/home/lion/intellicar/ros2_ws/install/carla_common/lib/python3.8/site-packages:${PYTHONPATH} /usr/bin/python3 setup.py egg_info --egg-base ../../../build/carla_ad_demo build --build-base /home/lion/intellicar/ros2_ws/build/carla_ad_demo/build install --record /home/lion/intellicar/ros2_ws/build/carla_ad_demo/install.log --single-version-externally-managed
[2.827s] running egg_info
[2.828s] creating ../../../build/carla_ad_demo/carla_ad_demo.egg-info
[2.828s] writing ../../../build/carla_ad_demo/carla_ad_demo.egg-info/PKG-INFO
[2.829s] writing dependency_links to ../../../build/carla_ad_demo/carla_ad_demo.egg-info/dependency_links.txt
[2.829s] writing requirements to ../../../build/carla_ad_demo/carla_ad_demo.egg-info/requires.txt
[2.829s] writing top-level names to ../../../build/carla_ad_demo/carla_ad_demo.egg-info/top_level.txt
[2.832s] writing manifest file '../../../build/carla_ad_demo/carla_ad_demo.egg-info/SOURCES.txt'
[2.833s] reading manifest file '../../../build/carla_ad_demo/carla_ad_demo.egg-info/SOURCES.txt'
[2.834s] writing manifest file '../../../build/carla_ad_demo/carla_ad_demo.egg-info/SOURCES.txt'
[2.834s] running build
[2.834s] running install
[2.836s] running install_data
[2.836s] creating /home/lion/intellicar/ros2_ws/install/carla_ad_demo/share/ament_index
[2.837s] creating /home/lion/intellicar/ros2_ws/install/carla_ad_demo/share/ament_index/resource_index
[2.837s] creating /home/lion/intellicar/ros2_ws/install/carla_ad_demo/share/ament_index/resource_index/packages
[2.837s] copying resource/carla_ad_demo -> /home/lion/intellicar/ros2_ws/install/carla_ad_demo/share/ament_index/resource_index/packages
[2.837s] copying package.xml -> /home/lion/intellicar/ros2_ws/install/carla_ad_demo/share/carla_ad_demo
[2.837s] creating /home/lion/intellicar/ros2_ws/install/carla_ad_demo/share/carla_ad_demo/config
[2.837s] copying config/FollowLeadingVehicle.xosc -> /home/lion/intellicar/ros2_ws/install/carla_ad_demo/share/carla_ad_demo/config
[2.837s] copying config/carla_ad_demo_ros2.rviz -> /home/lion/intellicar/ros2_ws/install/carla_ad_demo/share/carla_ad_demo/config
[2.837s] copying launch/carla_ad_demo_with_scenario.launch.py -> /home/lion/intellicar/ros2_ws/install/carla_ad_demo/share/carla_ad_demo
[2.838s] copying launch/carla_ad_demo.launch.py -> /home/lion/intellicar/ros2_ws/install/carla_ad_demo/share/carla_ad_demo
[2.838s] running install_egg_info
[2.841s] Copying ../../../build/carla_ad_demo/carla_ad_demo.egg-info to /home/lion/intellicar/ros2_ws/install/carla_ad_demo/lib/python3.8/site-packages/carla_ad_demo-0.0.0-py3.8.egg-info
[2.842s] running install_scripts
[2.870s] writing list of installed files to '/home/lion/intellicar/ros2_ws/build/carla_ad_demo/install.log'
[2.927s] Invoked command in '/home/lion/intellicar/ros2_ws/src/ros-bridge/carla_ad_demo' returned '0': AMENT_PREFIX_PATH=/home/lion/intellicar/ros2_ws/install/carla_ros_bridge:/home/lion/intellicar/ros2_ws/install/rviz_carla_plugin:/home/lion/intellicar/ros2_ws/install/carla_waypoint_publisher:/home/lion/intellicar/ros2_ws/install/carla_spawn_objects:/home/lion/intellicar/ros2_ws/install/carla_ros_scenario_runner:/home/lion/intellicar/ros2_ws/install/carla_manual_control:/home/lion/intellicar/ros2_ws/install/carla_ad_agent:/home/lion/intellicar/ros2_ws/install/ros_compatibility:/home/lion/intellicar/ros2_ws/install/carla_waypoint_types:/home/lion/intellicar/ros2_ws/install/carla_twist_to_control:/home/lion/intellicar/ros2_ws/install/carla_ros_scenario_runner_types:/home/lion/intellicar/ros2_ws/install/carla_msgs:/home/lion/intellicar/ros2_ws/install/carla_common:${AMENT_PREFIX_PATH} CMAKE_PREFIX_PATH=/home/lion/intellicar/ros2_ws/install/rviz_carla_plugin:/home/lion/intellicar/ros2_ws/install/carla_waypoint_types:/home/lion/intellicar/ros2_ws/install/carla_ros_scenario_runner_types:/home/lion/intellicar/ros2_ws/install/carla_msgs LD_LIBRARY_PATH=/home/lion/intellicar/ros2_ws/install/rviz_carla_plugin/lib:/home/lion/intellicar/ros2_ws/install/carla_waypoint_types/lib:/home/lion/intellicar/ros2_ws/install/carla_ros_scenario_runner_types/lib:/home/lion/intellicar/ros2_ws/install/carla_msgs/lib:${LD_LIBRARY_PATH} PYTHONPATH=/home/lion/intellicar/ros2_ws/build/carla_ad_demo/prefix_override:/home/lion/intellicar/ros2_ws/install/carla_ad_demo/lib/python3.8/site-packages:/home/lion/intellicar/ros2_ws/install/carla_ros_bridge/lib/python3.8/site-packages:/home/lion/intellicar/ros2_ws/install/carla_waypoint_publisher/lib/python3.8/site-packages:/home/lion/intellicar/ros2_ws/install/carla_spawn_objects/lib/python3.8/site-packages:/home/lion/intellicar/ros2_ws/install/carla_ros_scenario_runner/lib/python3.8/site-packages:/home/lion/intellicar/ros2_ws/install/carla_manual_control/lib/python3.8/site-packages:/home/lion/intellicar/ros2_ws/install/carla_ad_agent/lib/python3.8/site-packages:/home/lion/intellicar/ros2_ws/install/ros_compatibility/lib/python3.8/site-packages:/home/lion/intellicar/ros2_ws/install/carla_waypoint_types/lib/python3.8/site-packages:/home/lion/intellicar/ros2_ws/install/carla_twist_to_control/lib/python3.8/site-packages:/home/lion/intellicar/ros2_ws/install/carla_ros_scenario_runner_types/lib/python3.8/site-packages:/home/lion/intellicar/ros2_ws/install/carla_msgs/lib/python3.8/site-packages:/home/lion/intellicar/ros2_ws/install/carla_common/lib/python3.8/site-packages:${PYTHONPATH} /usr/bin/python3 setup.py egg_info --egg-base ../../../build/carla_ad_demo build --build-base /home/lion/intellicar/ros2_ws/build/carla_ad_demo/build install --record /home/lion/intellicar/ros2_ws/build/carla_ad_demo/install.log --single-version-externally-managed
