[12.006s] Invoking command in '/home/lion/intellicar/ros2_ws/src/ros-bridge/carla_waypoint_publisher': AMENT_PREFIX_PATH=/home/lion/intellicar/ros2_ws/install/ros_compatibility:/home/lion/intellicar/ros2_ws/install/carla_waypoint_types:${AMENT_PREFIX_PATH} CMAKE_PREFIX_PATH=/home/lion/intellicar/ros2_ws/install/carla_waypoint_types LD_LIBRARY_PATH=/home/lion/intellicar/ros2_ws/install/carla_waypoint_types/lib:${LD_LIBRARY_PATH} PYTHONPATH=/home/lion/intellicar/ros2_ws/build/carla_waypoint_publisher/prefix_override:/home/lion/intellicar/ros2_ws/install/carla_waypoint_publisher/lib/python3.8/site-packages:/home/lion/intellicar/ros2_ws/install/ros_compatibility/lib/python3.8/site-packages:/home/lion/intellicar/ros2_ws/install/carla_waypoint_types/lib/python3.8/site-packages:${PYTHONPATH} /usr/bin/python3 setup.py egg_info --egg-base ../../../build/carla_waypoint_publisher build --build-base /home/lion/intellicar/ros2_ws/build/carla_waypoint_publisher/build install --record /home/lion/intellicar/ros2_ws/build/carla_waypoint_publisher/install.log --single-version-externally-managed
[12.345s] running egg_info
[12.347s] writing ../../../build/carla_waypoint_publisher/carla_waypoint_publisher.egg-info/PKG-INFO
[12.347s] writing dependency_links to ../../../build/carla_waypoint_publisher/carla_waypoint_publisher.egg-info/dependency_links.txt
[12.347s] writing entry points to ../../../build/carla_waypoint_publisher/carla_waypoint_publisher.egg-info/entry_points.txt
[12.347s] writing requirements to ../../../build/carla_waypoint_publisher/carla_waypoint_publisher.egg-info/requires.txt
[12.347s] writing top-level names to ../../../build/carla_waypoint_publisher/carla_waypoint_publisher.egg-info/top_level.txt
[12.419s] reading manifest file '../../../build/carla_waypoint_publisher/carla_waypoint_publisher.egg-info/SOURCES.txt'
[12.423s] writing manifest file '../../../build/carla_waypoint_publisher/carla_waypoint_publisher.egg-info/SOURCES.txt'
[12.423s] running build
[12.423s] running build_py
[12.424s] running install
[12.425s] running install_lib
[12.440s] running install_data
[12.444s] running install_egg_info
[12.444s] removing '/home/lion/intellicar/ros2_ws/install/carla_waypoint_publisher/lib/python3.8/site-packages/carla_waypoint_publisher-0.0.0-py3.8.egg-info' (and everything under it)
[12.444s] Copying ../../../build/carla_waypoint_publisher/carla_waypoint_publisher.egg-info to /home/lion/intellicar/ros2_ws/install/carla_waypoint_publisher/lib/python3.8/site-packages/carla_waypoint_publisher-0.0.0-py3.8.egg-info
[12.445s] running install_scripts
[12.468s] Installing carla_waypoint_publisher script to /home/lion/intellicar/ros2_ws/install/carla_waypoint_publisher/lib/carla_waypoint_publisher
[12.470s] writing list of installed files to '/home/lion/intellicar/ros2_ws/build/carla_waypoint_publisher/install.log'
[12.976s] Invoked command in '/home/lion/intellicar/ros2_ws/src/ros-bridge/carla_waypoint_publisher' returned '0': AMENT_PREFIX_PATH=/home/lion/intellicar/ros2_ws/install/ros_compatibility:/home/lion/intellicar/ros2_ws/install/carla_waypoint_types:${AMENT_PREFIX_PATH} CMAKE_PREFIX_PATH=/home/lion/intellicar/ros2_ws/install/carla_waypoint_types LD_LIBRARY_PATH=/home/lion/intellicar/ros2_ws/install/carla_waypoint_types/lib:${LD_LIBRARY_PATH} PYTHONPATH=/home/lion/intellicar/ros2_ws/build/carla_waypoint_publisher/prefix_override:/home/lion/intellicar/ros2_ws/install/carla_waypoint_publisher/lib/python3.8/site-packages:/home/lion/intellicar/ros2_ws/install/ros_compatibility/lib/python3.8/site-packages:/home/lion/intellicar/ros2_ws/install/carla_waypoint_types/lib/python3.8/site-packages:${PYTHONPATH} /usr/bin/python3 setup.py egg_info --egg-base ../../../build/carla_waypoint_publisher build --build-base /home/lion/intellicar/ros2_ws/build/carla_waypoint_publisher/build install --record /home/lion/intellicar/ros2_ws/build/carla_waypoint_publisher/install.log --single-version-externally-managed
