[8.395s] Invoking command in '/home/lion/intellicar/ros2_ws/build/carla_ros_scenario_runner_types': CMAKE_PREFIX_PATH=${CMAKE_PREFIX_PATH}:/home/lion/intellicar/ros2_ws/install/carla_ad_demo:/home/lion/intellicar/ros2_ws/install/rqt_carla_control:/home/lion/intellicar/ros2_ws/install/carla_waypoint_publisher:/home/lion/intellicar/ros2_ws/install/carla_ackermann_control:/home/lion/intellicar/ros2_ws/install/carla_ros_bridge:/home/lion/intellicar/ros2_ws/install/carla_spawn_objects:/home/lion/intellicar/ros2_ws/install/carla_manual_control:/home/lion/intellicar/ros2_ws/install/carla_ad_agent:/home/lion/intellicar/ros2_ws/install/ros_compatibility:/home/lion/intellicar/ros2_ws/install/carla_walker_agent:/home/lion/intellicar/ros2_ws/install/carla_twist_to_control:/home/lion/intellicar/ros2_ws/install/carla_ros_scenario_runner:/home/lion/intellicar/ros2_ws/install/carla_common:/opt/ros/foxy /usr/bin/cmake --build /home/lion/intellicar/ros2_ws/build/carla_ros_scenario_runner_types -- -j16 -l16
[11.253s] [  1%] Built target carla_ros_scenario_runner_types__cpp
[11.253s] [ 12%] Built target carla_ros_scenario_runner_types__rosidl_generator_c
[11.253s] [ 23%] Built target carla_ros_scenario_runner_types__rosidl_typesupport_introspection_cpp
[11.253s] [ 34%] Built target carla_ros_scenario_runner_types__rosidl_typesupport_c
[11.253s] [ 45%] Built target carla_ros_scenario_runner_types__rosidl_typesupport_introspection_c
[11.253s] [ 56%] Built target carla_ros_scenario_runner_types__rosidl_typesupport_fastrtps_cpp
[11.253s] [ 67%] Built target carla_ros_scenario_runner_types__rosidl_typesupport_cpp
[11.253s] [ 78%] Built target carla_ros_scenario_runner_types__rosidl_typesupport_fastrtps_c
[11.253s] [ 78%] Built target carla_ros_scenario_runner_types
[11.253s] [ 80%] Built target carla_ros_scenario_runner_types__py
[11.253s] [ 89%] Built target carla_ros_scenario_runner_types__python
[11.253s] [ 92%] Built target carla_ros_scenario_runner_types__rosidl_typesupport_c__pyext
[11.253s] [ 96%] Built target carla_ros_scenario_runner_types__rosidl_typesupport_fastrtps_c__pyext
[11.253s] [100%] Built target carla_ros_scenario_runner_types__rosidl_typesupport_introspection_c__pyext
[11.268s] Invoked command in '/home/lion/intellicar/ros2_ws/build/carla_ros_scenario_runner_types' returned '0': CMAKE_PREFIX_PATH=${CMAKE_PREFIX_PATH}:/home/lion/intellicar/ros2_ws/install/carla_ad_demo:/home/lion/intellicar/ros2_ws/install/rqt_carla_control:/home/lion/intellicar/ros2_ws/install/carla_waypoint_publisher:/home/lion/intellicar/ros2_ws/install/carla_ackermann_control:/home/lion/intellicar/ros2_ws/install/carla_ros_bridge:/home/lion/intellicar/ros2_ws/install/carla_spawn_objects:/home/lion/intellicar/ros2_ws/install/carla_manual_control:/home/lion/intellicar/ros2_ws/install/carla_ad_agent:/home/lion/intellicar/ros2_ws/install/ros_compatibility:/home/lion/intellicar/ros2_ws/install/carla_walker_agent:/home/lion/intellicar/ros2_ws/install/carla_twist_to_control:/home/lion/intellicar/ros2_ws/install/carla_ros_scenario_runner:/home/lion/intellicar/ros2_ws/install/carla_common:/opt/ros/foxy /usr/bin/cmake --build /home/lion/intellicar/ros2_ws/build/carla_ros_scenario_runner_types -- -j16 -l16
[11.575s] Invoking command in '/home/lion/intellicar/ros2_ws/build/carla_ros_scenario_runner_types': CMAKE_PREFIX_PATH=${CMAKE_PREFIX_PATH}:/home/lion/intellicar/ros2_ws/install/carla_ad_demo:/home/lion/intellicar/ros2_ws/install/rqt_carla_control:/home/lion/intellicar/ros2_ws/install/carla_waypoint_publisher:/home/lion/intellicar/ros2_ws/install/carla_ackermann_control:/home/lion/intellicar/ros2_ws/install/carla_ros_bridge:/home/lion/intellicar/ros2_ws/install/carla_spawn_objects:/home/lion/intellicar/ros2_ws/install/carla_manual_control:/home/lion/intellicar/ros2_ws/install/carla_ad_agent:/home/lion/intellicar/ros2_ws/install/ros_compatibility:/home/lion/intellicar/ros2_ws/install/carla_walker_agent:/home/lion/intellicar/ros2_ws/install/carla_twist_to_control:/home/lion/intellicar/ros2_ws/install/carla_ros_scenario_runner:/home/lion/intellicar/ros2_ws/install/carla_common:/opt/ros/foxy /usr/bin/cmake --install /home/lion/intellicar/ros2_ws/build/carla_ros_scenario_runner_types
[11.621s] -- Install configuration: ""
[11.622s] -- Up-to-date: /home/lion/intellicar/ros2_ws/install/carla_ros_scenario_runner_types/share/ament_index/resource_index/rosidl_interfaces/carla_ros_scenario_runner_types
[11.623s] -- Up-to-date: /home/lion/intellicar/ros2_ws/install/carla_ros_scenario_runner_types/include/carla_ros_scenario_runner_types
[11.623s] -- Up-to-date: /home/lion/intellicar/ros2_ws/install/carla_ros_scenario_runner_types/include/carla_ros_scenario_runner_types/msg
[11.623s] -- Up-to-date: /home/lion/intellicar/ros2_ws/install/carla_ros_scenario_runner_types/include/carla_ros_scenario_runner_types/msg/detail
[11.623s] -- Up-to-date: /home/lion/intellicar/ros2_ws/install/carla_ros_scenario_runner_types/include/carla_ros_scenario_runner_types/msg/detail/carla_scenario_list__struct.h
[11.623s] -- Up-to-date: /home/lion/intellicar/ros2_ws/install/carla_ros_scenario_runner_types/include/carla_ros_scenario_runner_types/msg/detail/carla_scenario__type_support.h
[11.623s] -- Up-to-date: /home/lion/intellicar/ros2_ws/install/carla_ros_scenario_runner_types/include/carla_ros_scenario_runner_types/msg/detail/carla_scenario__struct.h
[11.623s] -- Up-to-date: /home/lion/intellicar/ros2_ws/install/carla_ros_scenario_runner_types/include/carla_ros_scenario_runner_types/msg/detail/carla_scenario_list__type_support.h
[11.623s] -- Up-to-date: /home/lion/intellicar/ros2_ws/install/carla_ros_scenario_runner_types/include/carla_ros_scenario_runner_types/msg/detail/carla_scenario_runner_status__functions.c
[11.624s] -- Up-to-date: /home/lion/intellicar/ros2_ws/install/carla_ros_scenario_runner_types/include/carla_ros_scenario_runner_types/msg/detail/carla_scenario__functions.c
[11.624s] -- Up-to-date: /home/lion/intellicar/ros2_ws/install/carla_ros_scenario_runner_types/include/carla_ros_scenario_runner_types/msg/detail/carla_scenario_runner_status__type_support.h
[11.624s] -- Up-to-date: /home/lion/intellicar/ros2_ws/install/carla_ros_scenario_runner_types/include/carla_ros_scenario_runner_types/msg/detail/carla_scenario_list__functions.c
[11.624s] -- Up-to-date: /home/lion/intellicar/ros2_ws/install/carla_ros_scenario_runner_types/include/carla_ros_scenario_runner_types/msg/detail/carla_scenario__functions.h
[11.624s] -- Up-to-date: /home/lion/intellicar/ros2_ws/install/carla_ros_scenario_runner_types/include/carla_ros_scenario_runner_types/msg/detail/carla_scenario_runner_status__functions.h
[11.624s] -- Up-to-date: /home/lion/intellicar/ros2_ws/install/carla_ros_scenario_runner_types/include/carla_ros_scenario_runner_types/msg/detail/carla_scenario_list__functions.h
[11.624s] -- Up-to-date: /home/lion/intellicar/ros2_ws/install/carla_ros_scenario_runner_types/include/carla_ros_scenario_runner_types/msg/detail/carla_scenario_runner_status__struct.h
[11.625s] -- Up-to-date: /home/lion/intellicar/ros2_ws/install/carla_ros_scenario_runner_types/include/carla_ros_scenario_runner_types/msg/carla_scenario.h
[11.625s] -- Up-to-date: /home/lion/intellicar/ros2_ws/install/carla_ros_scenario_runner_types/include/carla_ros_scenario_runner_types/msg/carla_scenario_list.h
[11.625s] -- Up-to-date: /home/lion/intellicar/ros2_ws/install/carla_ros_scenario_runner_types/include/carla_ros_scenario_runner_types/msg/rosidl_generator_c__visibility_control.h
[11.625s] -- Up-to-date: /home/lion/intellicar/ros2_ws/install/carla_ros_scenario_runner_types/include/carla_ros_scenario_runner_types/msg/carla_scenario_runner_status.h
[11.625s] -- Up-to-date: /home/lion/intellicar/ros2_ws/install/carla_ros_scenario_runner_types/include/carla_ros_scenario_runner_types/srv
[11.625s] -- Up-to-date: /home/lion/intellicar/ros2_ws/install/carla_ros_scenario_runner_types/include/carla_ros_scenario_runner_types/srv/detail
[11.626s] -- Up-to-date: /home/lion/intellicar/ros2_ws/install/carla_ros_scenario_runner_types/include/carla_ros_scenario_runner_types/srv/detail/execute_scenario__type_support.h
[11.627s] -- Up-to-date: /home/lion/intellicar/ros2_ws/install/carla_ros_scenario_runner_types/include/carla_ros_scenario_runner_types/srv/detail/execute_scenario__functions.c
[11.627s] -- Up-to-date: /home/lion/intellicar/ros2_ws/install/carla_ros_scenario_runner_types/include/carla_ros_scenario_runner_types/srv/detail/execute_scenario__functions.h
[11.627s] -- Up-to-date: /home/lion/intellicar/ros2_ws/install/carla_ros_scenario_runner_types/include/carla_ros_scenario_runner_types/srv/detail/execute_scenario__struct.h
[11.628s] -- Up-to-date: /home/lion/intellicar/ros2_ws/install/carla_ros_scenario_runner_types/include/carla_ros_scenario_runner_types/srv/execute_scenario.h
[11.628s] -- Up-to-date: /home/lion/intellicar/ros2_ws/install/carla_ros_scenario_runner_types/share/carla_ros_scenario_runner_types/environment/library_path.sh
[11.629s] -- Up-to-date: /home/lion/intellicar/ros2_ws/install/carla_ros_scenario_runner_types/share/carla_ros_scenario_runner_types/environment/library_path.dsv
[11.629s] -- Up-to-date: /home/lion/intellicar/ros2_ws/install/carla_ros_scenario_runner_types/lib/libcarla_ros_scenario_runner_types__rosidl_generator_c.so
[11.630s] -- Up-to-date: /home/lion/intellicar/ros2_ws/install/carla_ros_scenario_runner_types/include/carla_ros_scenario_runner_types
[11.631s] -- Up-to-date: /home/lion/intellicar/ros2_ws/install/carla_ros_scenario_runner_types/include/carla_ros_scenario_runner_types/msg
[11.632s] -- Up-to-date: /home/lion/intellicar/ros2_ws/install/carla_ros_scenario_runner_types/include/carla_ros_scenario_runner_types/msg/detail
[11.634s] -- Up-to-date: /home/lion/intellicar/ros2_ws/install/carla_ros_scenario_runner_types/include/carla_ros_scenario_runner_types/msg/detail/carla_scenario_runner_status__rosidl_typesupport_fastrtps_c.h
[11.634s] -- Up-to-date: /home/lion/intellicar/ros2_ws/install/carla_ros_scenario_runner_types/include/carla_ros_scenario_runner_types/msg/detail/carla_scenario__rosidl_typesupport_fastrtps_c.h
[11.635s] -- Up-to-date: /home/lion/intellicar/ros2_ws/install/carla_ros_scenario_runner_types/include/carla_ros_scenario_runner_types/msg/detail/carla_scenario_list__rosidl_typesupport_fastrtps_c.h
[11.635s] -- Up-to-date: /home/lion/intellicar/ros2_ws/install/carla_ros_scenario_runner_types/include/carla_ros_scenario_runner_types/msg/rosidl_typesupport_fastrtps_c__visibility_control.h
[11.635s] -- Up-to-date: /home/lion/intellicar/ros2_ws/install/carla_ros_scenario_runner_types/include/carla_ros_scenario_runner_types/srv
[11.636s] -- Up-to-date: /home/lion/intellicar/ros2_ws/install/carla_ros_scenario_runner_types/include/carla_ros_scenario_runner_types/srv/detail
[11.638s] -- Up-to-date: /home/lion/intellicar/ros2_ws/install/carla_ros_scenario_runner_types/include/carla_ros_scenario_runner_types/srv/detail/execute_scenario__rosidl_typesupport_fastrtps_c.h
[11.638s] -- Up-to-date: /home/lion/intellicar/ros2_ws/install/carla_ros_scenario_runner_types/lib/libcarla_ros_scenario_runner_types__rosidl_typesupport_fastrtps_c.so
[11.638s] -- Up-to-date: /home/lion/intellicar/ros2_ws/install/carla_ros_scenario_runner_types/include/carla_ros_scenario_runner_types
[11.638s] -- Up-to-date: /home/lion/intellicar/ros2_ws/install/carla_ros_scenario_runner_types/include/carla_ros_scenario_runner_types/msg
[11.638s] -- Up-to-date: /home/lion/intellicar/ros2_ws/install/carla_ros_scenario_runner_types/include/carla_ros_scenario_runner_types/msg/detail
[11.640s] -- Up-to-date: /home/lion/intellicar/ros2_ws/install/carla_ros_scenario_runner_types/include/carla_ros_scenario_runner_types/msg/detail/dds_fastrtps
[11.640s] -- Up-to-date: /home/lion/intellicar/ros2_ws/install/carla_ros_scenario_runner_types/include/carla_ros_scenario_runner_types/msg/detail/carla_scenario__rosidl_typesupport_fastrtps_cpp.hpp
[11.640s] -- Up-to-date: /home/lion/intellicar/ros2_ws/install/carla_ros_scenario_runner_types/include/carla_ros_scenario_runner_types/msg/detail/carla_scenario_runner_status__rosidl_typesupport_fastrtps_cpp.hpp
[11.640s] -- Up-to-date: /home/lion/intellicar/ros2_ws/install/carla_ros_scenario_runner_types/include/carla_ros_scenario_runner_types/msg/detail/carla_scenario_list__rosidl_typesupport_fastrtps_cpp.hpp
[11.640s] -- Up-to-date: /home/lion/intellicar/ros2_ws/install/carla_ros_scenario_runner_types/include/carla_ros_scenario_runner_types/msg/rosidl_typesupport_fastrtps_cpp__visibility_control.h
[11.641s] -- Up-to-date: /home/lion/intellicar/ros2_ws/install/carla_ros_scenario_runner_types/include/carla_ros_scenario_runner_types/srv
[11.641s] -- Up-to-date: /home/lion/intellicar/ros2_ws/install/carla_ros_scenario_runner_types/include/carla_ros_scenario_runner_types/srv/detail
[11.645s] -- Up-to-date: /home/lion/intellicar/ros2_ws/install/carla_ros_scenario_runner_types/include/carla_ros_scenario_runner_types/srv/detail/execute_scenario__rosidl_typesupport_fastrtps_cpp.hpp
[11.645s] -- Up-to-date: /home/lion/intellicar/ros2_ws/install/carla_ros_scenario_runner_types/include/carla_ros_scenario_runner_types/srv/detail/dds_fastrtps
[11.646s] -- Up-to-date: /home/lion/intellicar/ros2_ws/install/carla_ros_scenario_runner_types/lib/libcarla_ros_scenario_runner_types__rosidl_typesupport_fastrtps_cpp.so
[11.646s] -- Up-to-date: /home/lion/intellicar/ros2_ws/install/carla_ros_scenario_runner_types/include/carla_ros_scenario_runner_types
[11.647s] -- Up-to-date: /home/lion/intellicar/ros2_ws/install/carla_ros_scenario_runner_types/include/carla_ros_scenario_runner_types/msg
[11.647s] -- Up-to-date: /home/lion/intellicar/ros2_ws/install/carla_ros_scenario_runner_types/include/carla_ros_scenario_runner_types/msg/detail
[11.647s] -- Up-to-date: /home/lion/intellicar/ros2_ws/install/carla_ros_scenario_runner_types/include/carla_ros_scenario_runner_types/msg/detail/carla_scenario__rosidl_typesupport_introspection_c.h
[11.648s] -- Up-to-date: /home/lion/intellicar/ros2_ws/install/carla_ros_scenario_runner_types/include/carla_ros_scenario_runner_types/msg/detail/carla_scenario_runner_status__type_support.c
[11.648s] -- Up-to-date: /home/lion/intellicar/ros2_ws/install/carla_ros_scenario_runner_types/include/carla_ros_scenario_runner_types/msg/detail/carla_scenario__type_support.c
[11.648s] -- Up-to-date: /home/lion/intellicar/ros2_ws/install/carla_ros_scenario_runner_types/include/carla_ros_scenario_runner_types/msg/detail/carla_scenario_list__type_support.c
[11.648s] -- Up-to-date: /home/lion/intellicar/ros2_ws/install/carla_ros_scenario_runner_types/include/carla_ros_scenario_runner_types/msg/detail/carla_scenario_runner_status__rosidl_typesupport_introspection_c.h
[11.648s] -- Up-to-date: /home/lion/intellicar/ros2_ws/install/carla_ros_scenario_runner_types/include/carla_ros_scenario_runner_types/msg/detail/carla_scenario_list__rosidl_typesupport_introspection_c.h
[11.648s] -- Up-to-date: /home/lion/intellicar/ros2_ws/install/carla_ros_scenario_runner_types/include/carla_ros_scenario_runner_types/msg/rosidl_typesupport_introspection_c__visibility_control.h
[11.648s] -- Up-to-date: /home/lion/intellicar/ros2_ws/install/carla_ros_scenario_runner_types/include/carla_ros_scenario_runner_types/srv
[11.648s] -- Up-to-date: /home/lion/intellicar/ros2_ws/install/carla_ros_scenario_runner_types/include/carla_ros_scenario_runner_types/srv/detail
[11.650s] -- Up-to-date: /home/lion/intellicar/ros2_ws/install/carla_ros_scenario_runner_types/include/carla_ros_scenario_runner_types/srv/detail/execute_scenario__rosidl_typesupport_introspection_c.h
[11.650s] -- Up-to-date: /home/lion/intellicar/ros2_ws/install/carla_ros_scenario_runner_types/include/carla_ros_scenario_runner_types/srv/detail/execute_scenario__type_support.c
[11.650s] -- Up-to-date: /home/lion/intellicar/ros2_ws/install/carla_ros_scenario_runner_types/lib/libcarla_ros_scenario_runner_types__rosidl_typesupport_introspection_c.so
[11.650s] -- Up-to-date: /home/lion/intellicar/ros2_ws/install/carla_ros_scenario_runner_types/lib/libcarla_ros_scenario_runner_types__rosidl_typesupport_c.so
[11.650s] -- Up-to-date: /home/lion/intellicar/ros2_ws/install/carla_ros_scenario_runner_types/include/carla_ros_scenario_runner_types
[11.650s] -- Up-to-date: /home/lion/intellicar/ros2_ws/install/carla_ros_scenario_runner_types/include/carla_ros_scenario_runner_types/msg
[11.650s] -- Up-to-date: /home/lion/intellicar/ros2_ws/install/carla_ros_scenario_runner_types/include/carla_ros_scenario_runner_types/msg/rosidl_generator_cpp__visibility_control.hpp
[11.650s] -- Up-to-date: /home/lion/intellicar/ros2_ws/install/carla_ros_scenario_runner_types/include/carla_ros_scenario_runner_types/msg/detail
[11.650s] -- Up-to-date: /home/lion/intellicar/ros2_ws/install/carla_ros_scenario_runner_types/include/carla_ros_scenario_runner_types/msg/detail/carla_scenario_list__traits.hpp
[11.650s] -- Up-to-date: /home/lion/intellicar/ros2_ws/install/carla_ros_scenario_runner_types/include/carla_ros_scenario_runner_types/msg/detail/carla_scenario__type_support.hpp
[11.651s] -- Up-to-date: /home/lion/intellicar/ros2_ws/install/carla_ros_scenario_runner_types/include/carla_ros_scenario_runner_types/msg/detail/carla_scenario__traits.hpp
[11.651s] -- Up-to-date: /home/lion/intellicar/ros2_ws/install/carla_ros_scenario_runner_types/include/carla_ros_scenario_runner_types/msg/detail/carla_scenario_runner_status__struct.hpp
[11.651s] -- Up-to-date: /home/lion/intellicar/ros2_ws/install/carla_ros_scenario_runner_types/include/carla_ros_scenario_runner_types/msg/detail/carla_scenario_list__struct.hpp
[11.651s] -- Up-to-date: /home/lion/intellicar/ros2_ws/install/carla_ros_scenario_runner_types/include/carla_ros_scenario_runner_types/msg/detail/carla_scenario_runner_status__traits.hpp
[11.651s] -- Up-to-date: /home/lion/intellicar/ros2_ws/install/carla_ros_scenario_runner_types/include/carla_ros_scenario_runner_types/msg/detail/carla_scenario_list__type_support.hpp
[11.654s] -- Up-to-date: /home/lion/intellicar/ros2_ws/install/carla_ros_scenario_runner_types/include/carla_ros_scenario_runner_types/msg/detail/carla_scenario__builder.hpp
[11.655s] -- Up-to-date: /home/lion/intellicar/ros2_ws/install/carla_ros_scenario_runner_types/include/carla_ros_scenario_runner_types/msg/detail/carla_scenario__struct.hpp
[11.655s] -- Up-to-date: /home/lion/intellicar/ros2_ws/install/carla_ros_scenario_runner_types/include/carla_ros_scenario_runner_types/msg/detail/carla_scenario_list__builder.hpp
[11.655s] -- Up-to-date: /home/lion/intellicar/ros2_ws/install/carla_ros_scenario_runner_types/include/carla_ros_scenario_runner_types/msg/detail/carla_scenario_runner_status__type_support.hpp
[11.655s] -- Up-to-date: /home/lion/intellicar/ros2_ws/install/carla_ros_scenario_runner_types/include/carla_ros_scenario_runner_types/msg/detail/carla_scenario_runner_status__builder.hpp
[11.655s] -- Up-to-date: /home/lion/intellicar/ros2_ws/install/carla_ros_scenario_runner_types/include/carla_ros_scenario_runner_types/msg/carla_scenario_list.hpp
[11.655s] -- Up-to-date: /home/lion/intellicar/ros2_ws/install/carla_ros_scenario_runner_types/include/carla_ros_scenario_runner_types/msg/carla_scenario_runner_status.hpp
[11.655s] -- Up-to-date: /home/lion/intellicar/ros2_ws/install/carla_ros_scenario_runner_types/include/carla_ros_scenario_runner_types/msg/carla_scenario.hpp
[11.655s] -- Up-to-date: /home/lion/intellicar/ros2_ws/install/carla_ros_scenario_runner_types/include/carla_ros_scenario_runner_types/srv
[11.656s] -- Up-to-date: /home/lion/intellicar/ros2_ws/install/carla_ros_scenario_runner_types/include/carla_ros_scenario_runner_types/srv/execute_scenario.hpp
[11.656s] -- Up-to-date: /home/lion/intellicar/ros2_ws/install/carla_ros_scenario_runner_types/include/carla_ros_scenario_runner_types/srv/detail
[11.656s] -- Up-to-date: /home/lion/intellicar/ros2_ws/install/carla_ros_scenario_runner_types/include/carla_ros_scenario_runner_types/srv/detail/execute_scenario__traits.hpp
[11.656s] -- Up-to-date: /home/lion/intellicar/ros2_ws/install/carla_ros_scenario_runner_types/include/carla_ros_scenario_runner_types/srv/detail/execute_scenario__type_support.hpp
[11.656s] -- Up-to-date: /home/lion/intellicar/ros2_ws/install/carla_ros_scenario_runner_types/include/carla_ros_scenario_runner_types/srv/detail/execute_scenario__builder.hpp
[11.656s] -- Up-to-date: /home/lion/intellicar/ros2_ws/install/carla_ros_scenario_runner_types/include/carla_ros_scenario_runner_types/srv/detail/execute_scenario__struct.hpp
[11.656s] -- Up-to-date: /home/lion/intellicar/ros2_ws/install/carla_ros_scenario_runner_types/include/carla_ros_scenario_runner_types
[11.656s] -- Up-to-date: /home/lion/intellicar/ros2_ws/install/carla_ros_scenario_runner_types/include/carla_ros_scenario_runner_types/msg
[11.657s] -- Up-to-date: /home/lion/intellicar/ros2_ws/install/carla_ros_scenario_runner_types/include/carla_ros_scenario_runner_types/msg/detail
[11.657s] -- Up-to-date: /home/lion/intellicar/ros2_ws/install/carla_ros_scenario_runner_types/include/carla_ros_scenario_runner_types/msg/detail/carla_scenario__rosidl_typesupport_introspection_cpp.hpp
[11.657s] -- Up-to-date: /home/lion/intellicar/ros2_ws/install/carla_ros_scenario_runner_types/include/carla_ros_scenario_runner_types/msg/detail/carla_scenario__type_support.cpp
[11.657s] -- Up-to-date: /home/lion/intellicar/ros2_ws/install/carla_ros_scenario_runner_types/include/carla_ros_scenario_runner_types/msg/detail/carla_scenario_list__rosidl_typesupport_introspection_cpp.hpp
[11.657s] -- Up-to-date: /home/lion/intellicar/ros2_ws/install/carla_ros_scenario_runner_types/include/carla_ros_scenario_runner_types/msg/detail/carla_scenario_runner_status__type_support.cpp
[11.657s] -- Up-to-date: /home/lion/intellicar/ros2_ws/install/carla_ros_scenario_runner_types/include/carla_ros_scenario_runner_types/msg/detail/carla_scenario_runner_status__rosidl_typesupport_introspection_cpp.hpp
[11.657s] -- Up-to-date: /home/lion/intellicar/ros2_ws/install/carla_ros_scenario_runner_types/include/carla_ros_scenario_runner_types/msg/detail/carla_scenario_list__type_support.cpp
[11.658s] -- Up-to-date: /home/lion/intellicar/ros2_ws/install/carla_ros_scenario_runner_types/include/carla_ros_scenario_runner_types/srv
[11.658s] -- Up-to-date: /home/lion/intellicar/ros2_ws/install/carla_ros_scenario_runner_types/include/carla_ros_scenario_runner_types/srv/detail
[11.658s] -- Up-to-date: /home/lion/intellicar/ros2_ws/install/carla_ros_scenario_runner_types/include/carla_ros_scenario_runner_types/srv/detail/execute_scenario__type_support.cpp
[11.658s] -- Up-to-date: /home/lion/intellicar/ros2_ws/install/carla_ros_scenario_runner_types/include/carla_ros_scenario_runner_types/srv/detail/execute_scenario__rosidl_typesupport_introspection_cpp.hpp
[11.658s] -- Up-to-date: /home/lion/intellicar/ros2_ws/install/carla_ros_scenario_runner_types/lib/libcarla_ros_scenario_runner_types__rosidl_typesupport_introspection_cpp.so
[11.658s] -- Up-to-date: /home/lion/intellicar/ros2_ws/install/carla_ros_scenario_runner_types/lib/libcarla_ros_scenario_runner_types__rosidl_typesupport_cpp.so
[11.658s] -- Up-to-date: /home/lion/intellicar/ros2_ws/install/carla_ros_scenario_runner_types/share/carla_ros_scenario_runner_types/environment/pythonpath.sh
[11.658s] -- Up-to-date: /home/lion/intellicar/ros2_ws/install/carla_ros_scenario_runner_types/share/carla_ros_scenario_runner_types/environment/pythonpath.dsv
[11.658s] -- Up-to-date: /home/lion/intellicar/ros2_ws/install/carla_ros_scenario_runner_types/lib/python3.8/site-packages/carla_ros_scenario_runner_types/__init__.py
[11.781s] -- Up-to-date: /home/lion/intellicar/ros2_ws/install/carla_ros_scenario_runner_types/lib/python3.8/site-packages/carla_ros_scenario_runner_types/msg
[11.781s] -- Up-to-date: /home/lion/intellicar/ros2_ws/install/carla_ros_scenario_runner_types/lib/python3.8/site-packages/carla_ros_scenario_runner_types/msg/_carla_scenario_list.py
[11.782s] -- Up-to-date: /home/lion/intellicar/ros2_ws/install/carla_ros_scenario_runner_types/lib/python3.8/site-packages/carla_ros_scenario_runner_types/msg/_carla_scenario_s.c
[11.782s] -- Up-to-date: /home/lion/intellicar/ros2_ws/install/carla_ros_scenario_runner_types/lib/python3.8/site-packages/carla_ros_scenario_runner_types/msg/_carla_scenario.py
[11.782s] -- Up-to-date: /home/lion/intellicar/ros2_ws/install/carla_ros_scenario_runner_types/lib/python3.8/site-packages/carla_ros_scenario_runner_types/msg/__init__.py
[11.782s] -- Up-to-date: /home/lion/intellicar/ros2_ws/install/carla_ros_scenario_runner_types/lib/python3.8/site-packages/carla_ros_scenario_runner_types/msg/_carla_scenario_runner_status_s.c
[11.782s] -- Up-to-date: /home/lion/intellicar/ros2_ws/install/carla_ros_scenario_runner_types/lib/python3.8/site-packages/carla_ros_scenario_runner_types/msg/_carla_scenario_runner_status.py
[11.783s] -- Up-to-date: /home/lion/intellicar/ros2_ws/install/carla_ros_scenario_runner_types/lib/python3.8/site-packages/carla_ros_scenario_runner_types/msg/_carla_scenario_list_s.c
[11.783s] -- Up-to-date: /home/lion/intellicar/ros2_ws/install/carla_ros_scenario_runner_types/lib/python3.8/site-packages/carla_ros_scenario_runner_types/srv
[11.783s] -- Up-to-date: /home/lion/intellicar/ros2_ws/install/carla_ros_scenario_runner_types/lib/python3.8/site-packages/carla_ros_scenario_runner_types/srv/_execute_scenario_s.c
[11.784s] -- Up-to-date: /home/lion/intellicar/ros2_ws/install/carla_ros_scenario_runner_types/lib/python3.8/site-packages/carla_ros_scenario_runner_types/srv/__init__.py
[11.784s] -- Up-to-date: /home/lion/intellicar/ros2_ws/install/carla_ros_scenario_runner_types/lib/python3.8/site-packages/carla_ros_scenario_runner_types/srv/_execute_scenario.py
[11.784s] -- Up-to-date: /home/lion/intellicar/ros2_ws/install/carla_ros_scenario_runner_types/lib/python3.8/site-packages/carla_ros_scenario_runner_types/carla_ros_scenario_runner_types_s__rosidl_typesupport_fastrtps_c.cpython-38-x86_64-linux-gnu.so
[11.784s] -- Up-to-date: /home/lion/intellicar/ros2_ws/install/carla_ros_scenario_runner_types/lib/python3.8/site-packages/carla_ros_scenario_runner_types/carla_ros_scenario_runner_types_s__rosidl_typesupport_introspection_c.cpython-38-x86_64-linux-gnu.so
[11.784s] -- Up-to-date: /home/lion/intellicar/ros2_ws/install/carla_ros_scenario_runner_types/lib/python3.8/site-packages/carla_ros_scenario_runner_types/carla_ros_scenario_runner_types_s__rosidl_typesupport_c.cpython-38-x86_64-linux-gnu.so
[11.787s] -- Up-to-date: /home/lion/intellicar/ros2_ws/install/carla_ros_scenario_runner_types/lib/libcarla_ros_scenario_runner_types__python.so
[11.788s] -- Up-to-date: /home/lion/intellicar/ros2_ws/install/carla_ros_scenario_runner_types/share/carla_ros_scenario_runner_types/msg/CarlaScenario.idl
[11.788s] -- Up-to-date: /home/lion/intellicar/ros2_ws/install/carla_ros_scenario_runner_types/share/carla_ros_scenario_runner_types/msg/CarlaScenarioList.idl
[11.788s] -- Up-to-date: /home/lion/intellicar/ros2_ws/install/carla_ros_scenario_runner_types/share/carla_ros_scenario_runner_types/msg/CarlaScenarioRunnerStatus.idl
[11.788s] -- Up-to-date: /home/lion/intellicar/ros2_ws/install/carla_ros_scenario_runner_types/share/carla_ros_scenario_runner_types/srv/ExecuteScenario.idl
[11.788s] -- Up-to-date: /home/lion/intellicar/ros2_ws/install/carla_ros_scenario_runner_types/share/carla_ros_scenario_runner_types/msg/CarlaScenario.msg
[11.788s] -- Up-to-date: /home/lion/intellicar/ros2_ws/install/carla_ros_scenario_runner_types/share/carla_ros_scenario_runner_types/msg/CarlaScenarioList.msg
[11.788s] -- Up-to-date: /home/lion/intellicar/ros2_ws/install/carla_ros_scenario_runner_types/share/carla_ros_scenario_runner_types/msg/CarlaScenarioRunnerStatus.msg
[11.789s] -- Up-to-date: /home/lion/intellicar/ros2_ws/install/carla_ros_scenario_runner_types/share/carla_ros_scenario_runner_types/srv/ExecuteScenario.srv
[11.789s] -- Up-to-date: /home/lion/intellicar/ros2_ws/install/carla_ros_scenario_runner_types/share/carla_ros_scenario_runner_types/srv/ExecuteScenario_Request.msg
[11.789s] -- Up-to-date: /home/lion/intellicar/ros2_ws/install/carla_ros_scenario_runner_types/share/carla_ros_scenario_runner_types/srv/ExecuteScenario_Response.msg
[11.790s] -- Up-to-date: /home/lion/intellicar/ros2_ws/install/carla_ros_scenario_runner_types/share/ament_index/resource_index/package_run_dependencies/carla_ros_scenario_runner_types
[11.790s] -- Up-to-date: /home/lion/intellicar/ros2_ws/install/carla_ros_scenario_runner_types/share/ament_index/resource_index/parent_prefix_path/carla_ros_scenario_runner_types
[11.790s] -- Up-to-date: /home/lion/intellicar/ros2_ws/install/carla_ros_scenario_runner_types/share/carla_ros_scenario_runner_types/environment/ament_prefix_path.sh
[11.790s] -- Up-to-date: /home/lion/intellicar/ros2_ws/install/carla_ros_scenario_runner_types/share/carla_ros_scenario_runner_types/environment/ament_prefix_path.dsv
[11.790s] -- Up-to-date: /home/lion/intellicar/ros2_ws/install/carla_ros_scenario_runner_types/share/carla_ros_scenario_runner_types/environment/path.sh
[11.790s] -- Up-to-date: /home/lion/intellicar/ros2_ws/install/carla_ros_scenario_runner_types/share/carla_ros_scenario_runner_types/environment/path.dsv
[11.790s] -- Up-to-date: /home/lion/intellicar/ros2_ws/install/carla_ros_scenario_runner_types/share/carla_ros_scenario_runner_types/local_setup.bash
[11.790s] -- Up-to-date: /home/lion/intellicar/ros2_ws/install/carla_ros_scenario_runner_types/share/carla_ros_scenario_runner_types/local_setup.sh
[11.790s] -- Up-to-date: /home/lion/intellicar/ros2_ws/install/carla_ros_scenario_runner_types/share/carla_ros_scenario_runner_types/local_setup.zsh
[11.790s] -- Up-to-date: /home/lion/intellicar/ros2_ws/install/carla_ros_scenario_runner_types/share/carla_ros_scenario_runner_types/local_setup.dsv
[11.791s] -- Installing: /home/lion/intellicar/ros2_ws/install/carla_ros_scenario_runner_types/share/carla_ros_scenario_runner_types/package.dsv
[11.792s] -- Up-to-date: /home/lion/intellicar/ros2_ws/install/carla_ros_scenario_runner_types/share/ament_index/resource_index/packages/carla_ros_scenario_runner_types
[11.794s] -- Up-to-date: /home/lion/intellicar/ros2_ws/install/carla_ros_scenario_runner_types/share/carla_ros_scenario_runner_types/cmake/carla_ros_scenario_runner_types__rosidl_generator_cExport.cmake
[11.794s] -- Up-to-date: /home/lion/intellicar/ros2_ws/install/carla_ros_scenario_runner_types/share/carla_ros_scenario_runner_types/cmake/carla_ros_scenario_runner_types__rosidl_generator_cExport-noconfig.cmake
[11.802s] -- Up-to-date: /home/lion/intellicar/ros2_ws/install/carla_ros_scenario_runner_types/share/carla_ros_scenario_runner_types/cmake/carla_ros_scenario_runner_types__rosidl_typesupport_introspection_cExport.cmake
[11.802s] -- Up-to-date: /home/lion/intellicar/ros2_ws/install/carla_ros_scenario_runner_types/share/carla_ros_scenario_runner_types/cmake/carla_ros_scenario_runner_types__rosidl_typesupport_introspection_cExport-noconfig.cmake
[11.802s] -- Up-to-date: /home/lion/intellicar/ros2_ws/install/carla_ros_scenario_runner_types/share/carla_ros_scenario_runner_types/cmake/carla_ros_scenario_runner_types__rosidl_typesupport_cExport.cmake
[11.803s] -- Up-to-date: /home/lion/intellicar/ros2_ws/install/carla_ros_scenario_runner_types/share/carla_ros_scenario_runner_types/cmake/carla_ros_scenario_runner_types__rosidl_typesupport_cExport-noconfig.cmake
[11.803s] -- Up-to-date: /home/lion/intellicar/ros2_ws/install/carla_ros_scenario_runner_types/share/carla_ros_scenario_runner_types/cmake/carla_ros_scenario_runner_types__rosidl_generator_cppExport.cmake
[11.803s] -- Up-to-date: /home/lion/intellicar/ros2_ws/install/carla_ros_scenario_runner_types/share/carla_ros_scenario_runner_types/cmake/carla_ros_scenario_runner_types__rosidl_typesupport_introspection_cppExport.cmake
[11.806s] -- Up-to-date: /home/lion/intellicar/ros2_ws/install/carla_ros_scenario_runner_types/share/carla_ros_scenario_runner_types/cmake/carla_ros_scenario_runner_types__rosidl_typesupport_introspection_cppExport-noconfig.cmake
[11.812s] -- Up-to-date: /home/lion/intellicar/ros2_ws/install/carla_ros_scenario_runner_types/share/carla_ros_scenario_runner_types/cmake/carla_ros_scenario_runner_types__rosidl_typesupport_cppExport.cmake
[11.812s] -- Up-to-date: /home/lion/intellicar/ros2_ws/install/carla_ros_scenario_runner_types/share/carla_ros_scenario_runner_types/cmake/carla_ros_scenario_runner_types__rosidl_typesupport_cppExport-noconfig.cmake
[11.812s] -- Up-to-date: /home/lion/intellicar/ros2_ws/install/carla_ros_scenario_runner_types/share/carla_ros_scenario_runner_types/cmake/rosidl_cmake-extras.cmake
[11.812s] -- Up-to-date: /home/lion/intellicar/ros2_ws/install/carla_ros_scenario_runner_types/share/carla_ros_scenario_runner_types/cmake/ament_cmake_export_dependencies-extras.cmake
[11.813s] -- Up-to-date: /home/lion/intellicar/ros2_ws/install/carla_ros_scenario_runner_types/share/carla_ros_scenario_runner_types/cmake/ament_cmake_export_libraries-extras.cmake
[11.813s] -- Up-to-date: /home/lion/intellicar/ros2_ws/install/carla_ros_scenario_runner_types/share/carla_ros_scenario_runner_types/cmake/ament_cmake_export_targets-extras.cmake
[11.813s] -- Up-to-date: /home/lion/intellicar/ros2_ws/install/carla_ros_scenario_runner_types/share/carla_ros_scenario_runner_types/cmake/ament_cmake_export_include_directories-extras.cmake
[11.813s] -- Up-to-date: /home/lion/intellicar/ros2_ws/install/carla_ros_scenario_runner_types/share/carla_ros_scenario_runner_types/cmake/rosidl_cmake_export_typesupport_libraries-extras.cmake
[11.814s] -- Up-to-date: /home/lion/intellicar/ros2_ws/install/carla_ros_scenario_runner_types/share/carla_ros_scenario_runner_types/cmake/rosidl_cmake_export_typesupport_targets-extras.cmake
[11.814s] -- Up-to-date: /home/lion/intellicar/ros2_ws/install/carla_ros_scenario_runner_types/share/carla_ros_scenario_runner_types/cmake/carla_ros_scenario_runner_typesConfig.cmake
[11.814s] -- Up-to-date: /home/lion/intellicar/ros2_ws/install/carla_ros_scenario_runner_types/share/carla_ros_scenario_runner_types/cmake/carla_ros_scenario_runner_typesConfig-version.cmake
[11.814s] -- Up-to-date: /home/lion/intellicar/ros2_ws/install/carla_ros_scenario_runner_types/share/carla_ros_scenario_runner_types/package.xml
[11.833s] Invoked command in '/home/lion/intellicar/ros2_ws/build/carla_ros_scenario_runner_types' returned '0': CMAKE_PREFIX_PATH=${CMAKE_PREFIX_PATH}:/home/lion/intellicar/ros2_ws/install/carla_ad_demo:/home/lion/intellicar/ros2_ws/install/rqt_carla_control:/home/lion/intellicar/ros2_ws/install/carla_waypoint_publisher:/home/lion/intellicar/ros2_ws/install/carla_ackermann_control:/home/lion/intellicar/ros2_ws/install/carla_ros_bridge:/home/lion/intellicar/ros2_ws/install/carla_spawn_objects:/home/lion/intellicar/ros2_ws/install/carla_manual_control:/home/lion/intellicar/ros2_ws/install/carla_ad_agent:/home/lion/intellicar/ros2_ws/install/ros_compatibility:/home/lion/intellicar/ros2_ws/install/carla_walker_agent:/home/lion/intellicar/ros2_ws/install/carla_twist_to_control:/home/lion/intellicar/ros2_ws/install/carla_ros_scenario_runner:/home/lion/intellicar/ros2_ws/install/carla_common:/opt/ros/foxy /usr/bin/cmake --install /home/lion/intellicar/ros2_ws/build/carla_ros_scenario_runner_types
