[7.783s] Invoking command in '/home/lion/intellicar/ros2_ws/src/ros-bridge/carla_ros_scenario_runner': AMENT_PREFIX_PATH=/home/lion/intellicar/ros2_ws/install/carla_ros_scenario_runner_types:/home/lion/intellicar/ros2_ws/install/carla_msgs:/home/lion/intellicar/ros2_ws/install/carla_common:${AMENT_PREFIX_PATH} CMAKE_PREFIX_PATH=/home/lion/intellicar/ros2_ws/install/carla_ros_scenario_runner_types:/home/lion/intellicar/ros2_ws/install/carla_msgs LD_LIBRARY_PATH=/home/lion/intellicar/ros2_ws/install/carla_ros_scenario_runner_types/lib:/home/lion/intellicar/ros2_ws/install/carla_msgs/lib:${LD_LIBRARY_PATH} PYTHONPATH=/home/lion/intellicar/ros2_ws/build/carla_ros_scenario_runner/prefix_override:/home/lion/intellicar/ros2_ws/install/carla_ros_scenario_runner/lib/python3.8/site-packages:/home/lion/intellicar/ros2_ws/install/carla_ros_scenario_runner_types/lib/python3.8/site-packages:/home/lion/intellicar/ros2_ws/install/carla_msgs/lib/python3.8/site-packages:/home/lion/intellicar/ros2_ws/install/carla_common/lib/python3.8/site-packages:${PYTHONPATH} /usr/bin/python3 setup.py egg_info --egg-base ../../../build/carla_ros_scenario_runner build --build-base /home/lion/intellicar/ros2_ws/build/carla_ros_scenario_runner/build install --record /home/lion/intellicar/ros2_ws/build/carla_ros_scenario_runner/install.log --single-version-externally-managed
[8.226s] running egg_info
[8.227s] creating ../../../build/carla_ros_scenario_runner/carla_ros_scenario_runner.egg-info
[8.227s] writing ../../../build/carla_ros_scenario_runner/carla_ros_scenario_runner.egg-info/PKG-INFO
[8.227s] writing dependency_links to ../../../build/carla_ros_scenario_runner/carla_ros_scenario_runner.egg-info/dependency_links.txt
[8.228s] writing entry points to ../../../build/carla_ros_scenario_runner/carla_ros_scenario_runner.egg-info/entry_points.txt
[8.228s] writing requirements to ../../../build/carla_ros_scenario_runner/carla_ros_scenario_runner.egg-info/requires.txt
[8.228s] writing top-level names to ../../../build/carla_ros_scenario_runner/carla_ros_scenario_runner.egg-info/top_level.txt
[8.233s] writing manifest file '../../../build/carla_ros_scenario_runner/carla_ros_scenario_runner.egg-info/SOURCES.txt'
[8.282s] reading manifest file '../../../build/carla_ros_scenario_runner/carla_ros_scenario_runner.egg-info/SOURCES.txt'
[8.283s] writing manifest file '../../../build/carla_ros_scenario_runner/carla_ros_scenario_runner.egg-info/SOURCES.txt'
[8.284s] running build
[8.284s] running build_py
[8.284s] creating /home/lion/intellicar/ros2_ws/build/carla_ros_scenario_runner/build
[8.285s] creating /home/lion/intellicar/ros2_ws/build/carla_ros_scenario_runner/build/lib
[8.285s] creating /home/lion/intellicar/ros2_ws/build/carla_ros_scenario_runner/build/lib/carla_ros_scenario_runner
[8.287s] copying src/carla_ros_scenario_runner/scenario_runner_runner.py -> /home/lion/intellicar/ros2_ws/build/carla_ros_scenario_runner/build/lib/carla_ros_scenario_runner
[8.287s] copying src/carla_ros_scenario_runner/__init__.py -> /home/lion/intellicar/ros2_ws/build/carla_ros_scenario_runner/build/lib/carla_ros_scenario_runner
[8.287s] copying src/carla_ros_scenario_runner/ros_vehicle_control.py -> /home/lion/intellicar/ros2_ws/build/carla_ros_scenario_runner/build/lib/carla_ros_scenario_runner
[8.288s] copying src/carla_ros_scenario_runner/application_runner.py -> /home/lion/intellicar/ros2_ws/build/carla_ros_scenario_runner/build/lib/carla_ros_scenario_runner
[8.288s] copying src/carla_ros_scenario_runner/carla_ros_scenario_runner_node.py -> /home/lion/intellicar/ros2_ws/build/carla_ros_scenario_runner/build/lib/carla_ros_scenario_runner
[8.288s] running install
[8.289s] running install_lib
[8.290s] creating /home/lion/intellicar/ros2_ws/install/carla_ros_scenario_runner/lib/python3.8/site-packages/carla_ros_scenario_runner
[8.290s] copying /home/lion/intellicar/ros2_ws/build/carla_ros_scenario_runner/build/lib/carla_ros_scenario_runner/scenario_runner_runner.py -> /home/lion/intellicar/ros2_ws/install/carla_ros_scenario_runner/lib/python3.8/site-packages/carla_ros_scenario_runner
[8.291s] copying /home/lion/intellicar/ros2_ws/build/carla_ros_scenario_runner/build/lib/carla_ros_scenario_runner/__init__.py -> /home/lion/intellicar/ros2_ws/install/carla_ros_scenario_runner/lib/python3.8/site-packages/carla_ros_scenario_runner
[8.291s] copying /home/lion/intellicar/ros2_ws/build/carla_ros_scenario_runner/build/lib/carla_ros_scenario_runner/ros_vehicle_control.py -> /home/lion/intellicar/ros2_ws/install/carla_ros_scenario_runner/lib/python3.8/site-packages/carla_ros_scenario_runner
[8.291s] copying /home/lion/intellicar/ros2_ws/build/carla_ros_scenario_runner/build/lib/carla_ros_scenario_runner/application_runner.py -> /home/lion/intellicar/ros2_ws/install/carla_ros_scenario_runner/lib/python3.8/site-packages/carla_ros_scenario_runner
[8.291s] copying /home/lion/intellicar/ros2_ws/build/carla_ros_scenario_runner/build/lib/carla_ros_scenario_runner/carla_ros_scenario_runner_node.py -> /home/lion/intellicar/ros2_ws/install/carla_ros_scenario_runner/lib/python3.8/site-packages/carla_ros_scenario_runner
[8.292s] byte-compiling /home/lion/intellicar/ros2_ws/install/carla_ros_scenario_runner/lib/python3.8/site-packages/carla_ros_scenario_runner/scenario_runner_runner.py to scenario_runner_runner.cpython-38.pyc
[8.297s] byte-compiling /home/lion/intellicar/ros2_ws/install/carla_ros_scenario_runner/lib/python3.8/site-packages/carla_ros_scenario_runner/__init__.py to __init__.cpython-38.pyc
[8.297s] byte-compiling /home/lion/intellicar/ros2_ws/install/carla_ros_scenario_runner/lib/python3.8/site-packages/carla_ros_scenario_runner/ros_vehicle_control.py to ros_vehicle_control.cpython-38.pyc
[8.299s] byte-compiling /home/lion/intellicar/ros2_ws/install/carla_ros_scenario_runner/lib/python3.8/site-packages/carla_ros_scenario_runner/application_runner.py to application_runner.cpython-38.pyc
[8.300s] byte-compiling /home/lion/intellicar/ros2_ws/install/carla_ros_scenario_runner/lib/python3.8/site-packages/carla_ros_scenario_runner/carla_ros_scenario_runner_node.py to carla_ros_scenario_runner_node.cpython-38.pyc
[8.302s] running install_data
[8.303s] creating /home/lion/intellicar/ros2_ws/install/carla_ros_scenario_runner/share/ament_index
[8.303s] creating /home/lion/intellicar/ros2_ws/install/carla_ros_scenario_runner/share/ament_index/resource_index
[8.303s] creating /home/lion/intellicar/ros2_ws/install/carla_ros_scenario_runner/share/ament_index/resource_index/packages
[8.303s] copying resource/carla_ros_scenario_runner -> /home/lion/intellicar/ros2_ws/install/carla_ros_scenario_runner/share/ament_index/resource_index/packages
[8.303s] copying package.xml -> /home/lion/intellicar/ros2_ws/install/carla_ros_scenario_runner/share/carla_ros_scenario_runner
[8.303s] copying launch/carla_ros_scenario_runner.launch.py -> /home/lion/intellicar/ros2_ws/install/carla_ros_scenario_runner/share/carla_ros_scenario_runner
[8.303s] running install_egg_info
[8.306s] Copying ../../../build/carla_ros_scenario_runner/carla_ros_scenario_runner.egg-info to /home/lion/intellicar/ros2_ws/install/carla_ros_scenario_runner/lib/python3.8/site-packages/carla_ros_scenario_runner-0.0.0-py3.8.egg-info
[8.316s] running install_scripts
[8.356s] Installing carla_ros_scenario_runner script to /home/lion/intellicar/ros2_ws/install/carla_ros_scenario_runner/lib/carla_ros_scenario_runner
[8.356s] writing list of installed files to '/home/lion/intellicar/ros2_ws/build/carla_ros_scenario_runner/install.log'
[11.198s] Invoked command in '/home/lion/intellicar/ros2_ws/src/ros-bridge/carla_ros_scenario_runner' returned '0': AMENT_PREFIX_PATH=/home/lion/intellicar/ros2_ws/install/carla_ros_scenario_runner_types:/home/lion/intellicar/ros2_ws/install/carla_msgs:/home/lion/intellicar/ros2_ws/install/carla_common:${AMENT_PREFIX_PATH} CMAKE_PREFIX_PATH=/home/lion/intellicar/ros2_ws/install/carla_ros_scenario_runner_types:/home/lion/intellicar/ros2_ws/install/carla_msgs LD_LIBRARY_PATH=/home/lion/intellicar/ros2_ws/install/carla_ros_scenario_runner_types/lib:/home/lion/intellicar/ros2_ws/install/carla_msgs/lib:${LD_LIBRARY_PATH} PYTHONPATH=/home/lion/intellicar/ros2_ws/build/carla_ros_scenario_runner/prefix_override:/home/lion/intellicar/ros2_ws/install/carla_ros_scenario_runner/lib/python3.8/site-packages:/home/lion/intellicar/ros2_ws/install/carla_ros_scenario_runner_types/lib/python3.8/site-packages:/home/lion/intellicar/ros2_ws/install/carla_msgs/lib/python3.8/site-packages:/home/lion/intellicar/ros2_ws/install/carla_common/lib/python3.8/site-packages:${PYTHONPATH} /usr/bin/python3 setup.py egg_info --egg-base ../../../build/carla_ros_scenario_runner build --build-base /home/lion/intellicar/ros2_ws/build/carla_ros_scenario_runner/build install --record /home/lion/intellicar/ros2_ws/build/carla_ros_scenario_runner/install.log --single-version-externally-managed
