[7.477s] Invoking command in '/home/lion/intellicar/ros2_ws/build/carla_waypoint_types': CMAKE_PREFIX_PATH=${CMAKE_PREFIX_PATH}:/home/lion/intellicar/ros2_ws/install/carla_ad_demo:/home/lion/intellicar/ros2_ws/install/rqt_carla_control:/home/lion/intellicar/ros2_ws/install/carla_waypoint_publisher:/home/lion/intellicar/ros2_ws/install/carla_ackermann_control:/home/lion/intellicar/ros2_ws/install/carla_ros_bridge:/home/lion/intellicar/ros2_ws/install/carla_spawn_objects:/home/lion/intellicar/ros2_ws/install/carla_manual_control:/home/lion/intellicar/ros2_ws/install/carla_ad_agent:/home/lion/intellicar/ros2_ws/install/ros_compatibility:/home/lion/intellicar/ros2_ws/install/carla_walker_agent:/home/lion/intellicar/ros2_ws/install/carla_twist_to_control:/home/lion/intellicar/ros2_ws/install/carla_ros_scenario_runner:/home/lion/intellicar/ros2_ws/install/carla_common:/opt/ros/foxy /usr/bin/cmake --build /home/lion/intellicar/ros2_ws/build/carla_waypoint_types -- -j16 -l16
[11.777s] [  2%] Built target carla_waypoint_types__cpp
[11.777s] [ 12%] Built target carla_waypoint_types__rosidl_generator_c
[11.777s] [ 23%] Built target carla_waypoint_types__rosidl_typesupport_introspection_cpp
[11.779s] [ 34%] Built target carla_waypoint_types__rosidl_typesupport_introspection_c
[11.779s] [ 44%] Built target carla_waypoint_types__rosidl_typesupport_c
[11.780s] [ 55%] Built target carla_waypoint_types__rosidl_typesupport_cpp
[11.780s] [ 65%] Built target carla_waypoint_types__rosidl_typesupport_fastrtps_cpp
[11.780s] [ 76%] Built target carla_waypoint_types__rosidl_typesupport_fastrtps_c
[11.780s] [ 76%] Built target carla_waypoint_types
[11.780s] [ 78%] Built target carla_waypoint_types__py
[11.780s] [ 87%] Built target carla_waypoint_types__python
[11.780s] [ 91%] Built target carla_waypoint_types__rosidl_typesupport_c__pyext
[11.780s] [ 95%] Built target carla_waypoint_types__rosidl_typesupport_fastrtps_c__pyext
[11.780s] [100%] Built target carla_waypoint_types__rosidl_typesupport_introspection_c__pyext
[11.782s] Invoked command in '/home/lion/intellicar/ros2_ws/build/carla_waypoint_types' returned '0': CMAKE_PREFIX_PATH=${CMAKE_PREFIX_PATH}:/home/lion/intellicar/ros2_ws/install/carla_ad_demo:/home/lion/intellicar/ros2_ws/install/rqt_carla_control:/home/lion/intellicar/ros2_ws/install/carla_waypoint_publisher:/home/lion/intellicar/ros2_ws/install/carla_ackermann_control:/home/lion/intellicar/ros2_ws/install/carla_ros_bridge:/home/lion/intellicar/ros2_ws/install/carla_spawn_objects:/home/lion/intellicar/ros2_ws/install/carla_manual_control:/home/lion/intellicar/ros2_ws/install/carla_ad_agent:/home/lion/intellicar/ros2_ws/install/ros_compatibility:/home/lion/intellicar/ros2_ws/install/carla_walker_agent:/home/lion/intellicar/ros2_ws/install/carla_twist_to_control:/home/lion/intellicar/ros2_ws/install/carla_ros_scenario_runner:/home/lion/intellicar/ros2_ws/install/carla_common:/opt/ros/foxy /usr/bin/cmake --build /home/lion/intellicar/ros2_ws/build/carla_waypoint_types -- -j16 -l16
[12.663s] Invoking command in '/home/lion/intellicar/ros2_ws/build/carla_waypoint_types': CMAKE_PREFIX_PATH=${CMAKE_PREFIX_PATH}:/home/lion/intellicar/ros2_ws/install/carla_ad_demo:/home/lion/intellicar/ros2_ws/install/rqt_carla_control:/home/lion/intellicar/ros2_ws/install/carla_waypoint_publisher:/home/lion/intellicar/ros2_ws/install/carla_ackermann_control:/home/lion/intellicar/ros2_ws/install/carla_ros_bridge:/home/lion/intellicar/ros2_ws/install/carla_spawn_objects:/home/lion/intellicar/ros2_ws/install/carla_manual_control:/home/lion/intellicar/ros2_ws/install/carla_ad_agent:/home/lion/intellicar/ros2_ws/install/ros_compatibility:/home/lion/intellicar/ros2_ws/install/carla_walker_agent:/home/lion/intellicar/ros2_ws/install/carla_twist_to_control:/home/lion/intellicar/ros2_ws/install/carla_ros_scenario_runner:/home/lion/intellicar/ros2_ws/install/carla_common:/opt/ros/foxy /usr/bin/cmake --install /home/lion/intellicar/ros2_ws/build/carla_waypoint_types
[12.691s] -- Install configuration: ""
[12.692s] -- Up-to-date: /home/lion/intellicar/ros2_ws/install/carla_waypoint_types/share/ament_index/resource_index/rosidl_interfaces/carla_waypoint_types
[12.693s] -- Up-to-date: /home/lion/intellicar/ros2_ws/install/carla_waypoint_types/include/carla_waypoint_types
[12.695s] -- Up-to-date: /home/lion/intellicar/ros2_ws/install/carla_waypoint_types/include/carla_waypoint_types/msg
[12.699s] -- Up-to-date: /home/lion/intellicar/ros2_ws/install/carla_waypoint_types/include/carla_waypoint_types/msg/detail
[12.700s] -- Up-to-date: /home/lion/intellicar/ros2_ws/install/carla_waypoint_types/include/carla_waypoint_types/msg/detail/carla_waypoint__struct.h
[12.700s] -- Up-to-date: /home/lion/intellicar/ros2_ws/install/carla_waypoint_types/include/carla_waypoint_types/msg/detail/carla_waypoint__type_support.h
[12.701s] -- Up-to-date: /home/lion/intellicar/ros2_ws/install/carla_waypoint_types/include/carla_waypoint_types/msg/detail/carla_waypoint__functions.h
[12.703s] -- Up-to-date: /home/lion/intellicar/ros2_ws/install/carla_waypoint_types/include/carla_waypoint_types/msg/detail/carla_waypoint__functions.c
[12.704s] -- Up-to-date: /home/lion/intellicar/ros2_ws/install/carla_waypoint_types/include/carla_waypoint_types/msg/carla_waypoint.h
[12.705s] -- Up-to-date: /home/lion/intellicar/ros2_ws/install/carla_waypoint_types/include/carla_waypoint_types/msg/rosidl_generator_c__visibility_control.h
[12.706s] -- Up-to-date: /home/lion/intellicar/ros2_ws/install/carla_waypoint_types/include/carla_waypoint_types/srv
[12.707s] -- Up-to-date: /home/lion/intellicar/ros2_ws/install/carla_waypoint_types/include/carla_waypoint_types/srv/detail
[12.707s] -- Up-to-date: /home/lion/intellicar/ros2_ws/install/carla_waypoint_types/include/carla_waypoint_types/srv/detail/get_waypoint__struct.h
[12.707s] -- Up-to-date: /home/lion/intellicar/ros2_ws/install/carla_waypoint_types/include/carla_waypoint_types/srv/detail/get_actor_waypoint__functions.h
[12.707s] -- Up-to-date: /home/lion/intellicar/ros2_ws/install/carla_waypoint_types/include/carla_waypoint_types/srv/detail/get_waypoint__functions.h
[12.707s] -- Up-to-date: /home/lion/intellicar/ros2_ws/install/carla_waypoint_types/include/carla_waypoint_types/srv/detail/get_actor_waypoint__struct.h
[12.707s] -- Up-to-date: /home/lion/intellicar/ros2_ws/install/carla_waypoint_types/include/carla_waypoint_types/srv/detail/get_waypoint__type_support.h
[12.707s] -- Up-to-date: /home/lion/intellicar/ros2_ws/install/carla_waypoint_types/include/carla_waypoint_types/srv/detail/get_actor_waypoint__functions.c
[12.707s] -- Up-to-date: /home/lion/intellicar/ros2_ws/install/carla_waypoint_types/include/carla_waypoint_types/srv/detail/get_waypoint__functions.c
[12.707s] -- Up-to-date: /home/lion/intellicar/ros2_ws/install/carla_waypoint_types/include/carla_waypoint_types/srv/detail/get_actor_waypoint__type_support.h
[12.708s] -- Up-to-date: /home/lion/intellicar/ros2_ws/install/carla_waypoint_types/include/carla_waypoint_types/srv/get_actor_waypoint.h
[12.708s] -- Up-to-date: /home/lion/intellicar/ros2_ws/install/carla_waypoint_types/include/carla_waypoint_types/srv/get_waypoint.h
[12.708s] -- Up-to-date: /home/lion/intellicar/ros2_ws/install/carla_waypoint_types/share/carla_waypoint_types/environment/library_path.sh
[12.708s] -- Up-to-date: /home/lion/intellicar/ros2_ws/install/carla_waypoint_types/share/carla_waypoint_types/environment/library_path.dsv
[12.708s] -- Up-to-date: /home/lion/intellicar/ros2_ws/install/carla_waypoint_types/lib/libcarla_waypoint_types__rosidl_generator_c.so
[12.708s] -- Up-to-date: /home/lion/intellicar/ros2_ws/install/carla_waypoint_types/include/carla_waypoint_types
[12.708s] -- Up-to-date: /home/lion/intellicar/ros2_ws/install/carla_waypoint_types/include/carla_waypoint_types/msg
[12.708s] -- Up-to-date: /home/lion/intellicar/ros2_ws/install/carla_waypoint_types/include/carla_waypoint_types/msg/detail
[12.708s] -- Up-to-date: /home/lion/intellicar/ros2_ws/install/carla_waypoint_types/include/carla_waypoint_types/msg/detail/carla_waypoint__rosidl_typesupport_fastrtps_c.h
[12.708s] -- Up-to-date: /home/lion/intellicar/ros2_ws/install/carla_waypoint_types/include/carla_waypoint_types/msg/rosidl_typesupport_fastrtps_c__visibility_control.h
[12.708s] -- Up-to-date: /home/lion/intellicar/ros2_ws/install/carla_waypoint_types/include/carla_waypoint_types/srv
[12.709s] -- Up-to-date: /home/lion/intellicar/ros2_ws/install/carla_waypoint_types/include/carla_waypoint_types/srv/detail
[12.709s] -- Up-to-date: /home/lion/intellicar/ros2_ws/install/carla_waypoint_types/include/carla_waypoint_types/srv/detail/get_waypoint__rosidl_typesupport_fastrtps_c.h
[12.709s] -- Up-to-date: /home/lion/intellicar/ros2_ws/install/carla_waypoint_types/include/carla_waypoint_types/srv/detail/get_actor_waypoint__rosidl_typesupport_fastrtps_c.h
[12.709s] -- Up-to-date: /home/lion/intellicar/ros2_ws/install/carla_waypoint_types/lib/libcarla_waypoint_types__rosidl_typesupport_fastrtps_c.so
[12.709s] -- Up-to-date: /home/lion/intellicar/ros2_ws/install/carla_waypoint_types/include/carla_waypoint_types
[12.709s] -- Up-to-date: /home/lion/intellicar/ros2_ws/install/carla_waypoint_types/include/carla_waypoint_types/msg
[12.709s] -- Up-to-date: /home/lion/intellicar/ros2_ws/install/carla_waypoint_types/include/carla_waypoint_types/msg/detail
[12.709s] -- Up-to-date: /home/lion/intellicar/ros2_ws/install/carla_waypoint_types/include/carla_waypoint_types/msg/detail/carla_waypoint__rosidl_typesupport_fastrtps_cpp.hpp
[12.709s] -- Up-to-date: /home/lion/intellicar/ros2_ws/install/carla_waypoint_types/include/carla_waypoint_types/msg/detail/dds_fastrtps
[12.709s] -- Up-to-date: /home/lion/intellicar/ros2_ws/install/carla_waypoint_types/include/carla_waypoint_types/msg/rosidl_typesupport_fastrtps_cpp__visibility_control.h
[12.709s] -- Up-to-date: /home/lion/intellicar/ros2_ws/install/carla_waypoint_types/include/carla_waypoint_types/srv
[12.710s] -- Up-to-date: /home/lion/intellicar/ros2_ws/install/carla_waypoint_types/include/carla_waypoint_types/srv/detail
[12.710s] -- Up-to-date: /home/lion/intellicar/ros2_ws/install/carla_waypoint_types/include/carla_waypoint_types/srv/detail/get_waypoint__rosidl_typesupport_fastrtps_cpp.hpp
[12.710s] -- Up-to-date: /home/lion/intellicar/ros2_ws/install/carla_waypoint_types/include/carla_waypoint_types/srv/detail/dds_fastrtps
[12.710s] -- Up-to-date: /home/lion/intellicar/ros2_ws/install/carla_waypoint_types/include/carla_waypoint_types/srv/detail/get_actor_waypoint__rosidl_typesupport_fastrtps_cpp.hpp
[12.710s] -- Up-to-date: /home/lion/intellicar/ros2_ws/install/carla_waypoint_types/lib/libcarla_waypoint_types__rosidl_typesupport_fastrtps_cpp.so
[12.710s] -- Up-to-date: /home/lion/intellicar/ros2_ws/install/carla_waypoint_types/include/carla_waypoint_types
[12.710s] -- Up-to-date: /home/lion/intellicar/ros2_ws/install/carla_waypoint_types/include/carla_waypoint_types/msg
[12.710s] -- Up-to-date: /home/lion/intellicar/ros2_ws/install/carla_waypoint_types/include/carla_waypoint_types/msg/detail
[12.710s] -- Up-to-date: /home/lion/intellicar/ros2_ws/install/carla_waypoint_types/include/carla_waypoint_types/msg/detail/carla_waypoint__rosidl_typesupport_introspection_c.h
[12.710s] -- Up-to-date: /home/lion/intellicar/ros2_ws/install/carla_waypoint_types/include/carla_waypoint_types/msg/detail/carla_waypoint__type_support.c
[12.710s] -- Up-to-date: /home/lion/intellicar/ros2_ws/install/carla_waypoint_types/include/carla_waypoint_types/msg/rosidl_typesupport_introspection_c__visibility_control.h
[12.711s] -- Up-to-date: /home/lion/intellicar/ros2_ws/install/carla_waypoint_types/include/carla_waypoint_types/srv
[12.711s] -- Up-to-date: /home/lion/intellicar/ros2_ws/install/carla_waypoint_types/include/carla_waypoint_types/srv/detail
[12.711s] -- Up-to-date: /home/lion/intellicar/ros2_ws/install/carla_waypoint_types/include/carla_waypoint_types/srv/detail/get_actor_waypoint__rosidl_typesupport_introspection_c.h
[12.712s] -- Up-to-date: /home/lion/intellicar/ros2_ws/install/carla_waypoint_types/include/carla_waypoint_types/srv/detail/get_waypoint__type_support.c
[12.712s] -- Up-to-date: /home/lion/intellicar/ros2_ws/install/carla_waypoint_types/include/carla_waypoint_types/srv/detail/get_actor_waypoint__type_support.c
[12.712s] -- Up-to-date: /home/lion/intellicar/ros2_ws/install/carla_waypoint_types/include/carla_waypoint_types/srv/detail/get_waypoint__rosidl_typesupport_introspection_c.h
[12.712s] -- Up-to-date: /home/lion/intellicar/ros2_ws/install/carla_waypoint_types/lib/libcarla_waypoint_types__rosidl_typesupport_introspection_c.so
[12.712s] -- Up-to-date: /home/lion/intellicar/ros2_ws/install/carla_waypoint_types/lib/libcarla_waypoint_types__rosidl_typesupport_c.so
[12.712s] -- Up-to-date: /home/lion/intellicar/ros2_ws/install/carla_waypoint_types/include/carla_waypoint_types
[12.712s] -- Up-to-date: /home/lion/intellicar/ros2_ws/install/carla_waypoint_types/include/carla_waypoint_types/msg
[12.712s] -- Up-to-date: /home/lion/intellicar/ros2_ws/install/carla_waypoint_types/include/carla_waypoint_types/msg/rosidl_generator_cpp__visibility_control.hpp
[12.712s] -- Up-to-date: /home/lion/intellicar/ros2_ws/install/carla_waypoint_types/include/carla_waypoint_types/msg/detail
[12.712s] -- Up-to-date: /home/lion/intellicar/ros2_ws/install/carla_waypoint_types/include/carla_waypoint_types/msg/detail/carla_waypoint__struct.hpp
[12.713s] -- Up-to-date: /home/lion/intellicar/ros2_ws/install/carla_waypoint_types/include/carla_waypoint_types/msg/detail/carla_waypoint__type_support.hpp
[12.713s] -- Up-to-date: /home/lion/intellicar/ros2_ws/install/carla_waypoint_types/include/carla_waypoint_types/msg/detail/carla_waypoint__traits.hpp
[12.713s] -- Up-to-date: /home/lion/intellicar/ros2_ws/install/carla_waypoint_types/include/carla_waypoint_types/msg/detail/carla_waypoint__builder.hpp
[12.714s] -- Up-to-date: /home/lion/intellicar/ros2_ws/install/carla_waypoint_types/include/carla_waypoint_types/msg/carla_waypoint.hpp
[12.714s] -- Up-to-date: /home/lion/intellicar/ros2_ws/install/carla_waypoint_types/include/carla_waypoint_types/srv
[12.714s] -- Up-to-date: /home/lion/intellicar/ros2_ws/install/carla_waypoint_types/include/carla_waypoint_types/srv/detail
[12.714s] -- Up-to-date: /home/lion/intellicar/ros2_ws/install/carla_waypoint_types/include/carla_waypoint_types/srv/detail/get_actor_waypoint__traits.hpp
[12.714s] -- Up-to-date: /home/lion/intellicar/ros2_ws/install/carla_waypoint_types/include/carla_waypoint_types/srv/detail/get_waypoint__type_support.hpp
[12.714s] -- Up-to-date: /home/lion/intellicar/ros2_ws/install/carla_waypoint_types/include/carla_waypoint_types/srv/detail/get_waypoint__traits.hpp
[12.714s] -- Up-to-date: /home/lion/intellicar/ros2_ws/install/carla_waypoint_types/include/carla_waypoint_types/srv/detail/get_waypoint__builder.hpp
[12.714s] -- Up-to-date: /home/lion/intellicar/ros2_ws/install/carla_waypoint_types/include/carla_waypoint_types/srv/detail/get_actor_waypoint__struct.hpp
[12.714s] -- Up-to-date: /home/lion/intellicar/ros2_ws/install/carla_waypoint_types/include/carla_waypoint_types/srv/detail/get_actor_waypoint__builder.hpp
[12.714s] -- Up-to-date: /home/lion/intellicar/ros2_ws/install/carla_waypoint_types/include/carla_waypoint_types/srv/detail/get_actor_waypoint__type_support.hpp
[12.715s] -- Up-to-date: /home/lion/intellicar/ros2_ws/install/carla_waypoint_types/include/carla_waypoint_types/srv/detail/get_waypoint__struct.hpp
[12.715s] -- Up-to-date: /home/lion/intellicar/ros2_ws/install/carla_waypoint_types/include/carla_waypoint_types/srv/get_waypoint.hpp
[12.715s] -- Up-to-date: /home/lion/intellicar/ros2_ws/install/carla_waypoint_types/include/carla_waypoint_types/srv/get_actor_waypoint.hpp
[12.715s] -- Up-to-date: /home/lion/intellicar/ros2_ws/install/carla_waypoint_types/include/carla_waypoint_types
[12.715s] -- Up-to-date: /home/lion/intellicar/ros2_ws/install/carla_waypoint_types/include/carla_waypoint_types/msg
[12.715s] -- Up-to-date: /home/lion/intellicar/ros2_ws/install/carla_waypoint_types/include/carla_waypoint_types/msg/detail
[12.715s] -- Up-to-date: /home/lion/intellicar/ros2_ws/install/carla_waypoint_types/include/carla_waypoint_types/msg/detail/carla_waypoint__type_support.cpp
[12.715s] -- Up-to-date: /home/lion/intellicar/ros2_ws/install/carla_waypoint_types/include/carla_waypoint_types/msg/detail/carla_waypoint__rosidl_typesupport_introspection_cpp.hpp
[12.716s] -- Up-to-date: /home/lion/intellicar/ros2_ws/install/carla_waypoint_types/include/carla_waypoint_types/srv
[12.716s] -- Up-to-date: /home/lion/intellicar/ros2_ws/install/carla_waypoint_types/include/carla_waypoint_types/srv/detail
[12.716s] -- Up-to-date: /home/lion/intellicar/ros2_ws/install/carla_waypoint_types/include/carla_waypoint_types/srv/detail/get_waypoint__rosidl_typesupport_introspection_cpp.hpp
[12.716s] -- Up-to-date: /home/lion/intellicar/ros2_ws/install/carla_waypoint_types/include/carla_waypoint_types/srv/detail/get_waypoint__type_support.cpp
[12.716s] -- Up-to-date: /home/lion/intellicar/ros2_ws/install/carla_waypoint_types/include/carla_waypoint_types/srv/detail/get_actor_waypoint__rosidl_typesupport_introspection_cpp.hpp
[12.716s] -- Up-to-date: /home/lion/intellicar/ros2_ws/install/carla_waypoint_types/include/carla_waypoint_types/srv/detail/get_actor_waypoint__type_support.cpp
[12.716s] -- Up-to-date: /home/lion/intellicar/ros2_ws/install/carla_waypoint_types/lib/libcarla_waypoint_types__rosidl_typesupport_introspection_cpp.so
[12.716s] -- Up-to-date: /home/lion/intellicar/ros2_ws/install/carla_waypoint_types/lib/libcarla_waypoint_types__rosidl_typesupport_cpp.so
[12.716s] -- Up-to-date: /home/lion/intellicar/ros2_ws/install/carla_waypoint_types/share/carla_waypoint_types/environment/pythonpath.sh
[12.716s] -- Up-to-date: /home/lion/intellicar/ros2_ws/install/carla_waypoint_types/share/carla_waypoint_types/environment/pythonpath.dsv
[12.717s] -- Up-to-date: /home/lion/intellicar/ros2_ws/install/carla_waypoint_types/lib/python3.8/site-packages/carla_waypoint_types/__init__.py
[12.807s] -- Up-to-date: /home/lion/intellicar/ros2_ws/install/carla_waypoint_types/lib/python3.8/site-packages/carla_waypoint_types/msg
[12.811s] -- Up-to-date: /home/lion/intellicar/ros2_ws/install/carla_waypoint_types/lib/python3.8/site-packages/carla_waypoint_types/msg/__init__.py
[12.811s] -- Up-to-date: /home/lion/intellicar/ros2_ws/install/carla_waypoint_types/lib/python3.8/site-packages/carla_waypoint_types/msg/_carla_waypoint_s.c
[12.811s] -- Up-to-date: /home/lion/intellicar/ros2_ws/install/carla_waypoint_types/lib/python3.8/site-packages/carla_waypoint_types/msg/_carla_waypoint.py
[12.811s] -- Up-to-date: /home/lion/intellicar/ros2_ws/install/carla_waypoint_types/lib/python3.8/site-packages/carla_waypoint_types/srv
[12.811s] -- Up-to-date: /home/lion/intellicar/ros2_ws/install/carla_waypoint_types/lib/python3.8/site-packages/carla_waypoint_types/srv/_get_actor_waypoint.py
[12.812s] -- Up-to-date: /home/lion/intellicar/ros2_ws/install/carla_waypoint_types/lib/python3.8/site-packages/carla_waypoint_types/srv/_get_waypoint.py
[12.812s] -- Up-to-date: /home/lion/intellicar/ros2_ws/install/carla_waypoint_types/lib/python3.8/site-packages/carla_waypoint_types/srv/__init__.py
[12.812s] -- Up-to-date: /home/lion/intellicar/ros2_ws/install/carla_waypoint_types/lib/python3.8/site-packages/carla_waypoint_types/srv/_get_waypoint_s.c
[12.812s] -- Up-to-date: /home/lion/intellicar/ros2_ws/install/carla_waypoint_types/lib/python3.8/site-packages/carla_waypoint_types/srv/_get_actor_waypoint_s.c
[12.812s] -- Up-to-date: /home/lion/intellicar/ros2_ws/install/carla_waypoint_types/lib/python3.8/site-packages/carla_waypoint_types/carla_waypoint_types_s__rosidl_typesupport_fastrtps_c.cpython-38-x86_64-linux-gnu.so
[12.812s] -- Up-to-date: /home/lion/intellicar/ros2_ws/install/carla_waypoint_types/lib/python3.8/site-packages/carla_waypoint_types/carla_waypoint_types_s__rosidl_typesupport_introspection_c.cpython-38-x86_64-linux-gnu.so
[12.812s] -- Up-to-date: /home/lion/intellicar/ros2_ws/install/carla_waypoint_types/lib/python3.8/site-packages/carla_waypoint_types/carla_waypoint_types_s__rosidl_typesupport_c.cpython-38-x86_64-linux-gnu.so
[12.812s] -- Up-to-date: /home/lion/intellicar/ros2_ws/install/carla_waypoint_types/lib/libcarla_waypoint_types__python.so
[12.812s] -- Up-to-date: /home/lion/intellicar/ros2_ws/install/carla_waypoint_types/share/carla_waypoint_types/msg/CarlaWaypoint.idl
[12.812s] -- Up-to-date: /home/lion/intellicar/ros2_ws/install/carla_waypoint_types/share/carla_waypoint_types/srv/GetWaypoint.idl
[12.812s] -- Up-to-date: /home/lion/intellicar/ros2_ws/install/carla_waypoint_types/share/carla_waypoint_types/srv/GetActorWaypoint.idl
[12.813s] -- Up-to-date: /home/lion/intellicar/ros2_ws/install/carla_waypoint_types/share/carla_waypoint_types/msg/CarlaWaypoint.msg
[12.813s] -- Up-to-date: /home/lion/intellicar/ros2_ws/install/carla_waypoint_types/share/carla_waypoint_types/srv/GetWaypoint.srv
[12.813s] -- Up-to-date: /home/lion/intellicar/ros2_ws/install/carla_waypoint_types/share/carla_waypoint_types/srv/GetWaypoint_Request.msg
[12.813s] -- Up-to-date: /home/lion/intellicar/ros2_ws/install/carla_waypoint_types/share/carla_waypoint_types/srv/GetWaypoint_Response.msg
[12.813s] -- Up-to-date: /home/lion/intellicar/ros2_ws/install/carla_waypoint_types/share/carla_waypoint_types/srv/GetActorWaypoint.srv
[12.813s] -- Up-to-date: /home/lion/intellicar/ros2_ws/install/carla_waypoint_types/share/carla_waypoint_types/srv/GetActorWaypoint_Request.msg
[12.813s] -- Up-to-date: /home/lion/intellicar/ros2_ws/install/carla_waypoint_types/share/carla_waypoint_types/srv/GetActorWaypoint_Response.msg
[12.813s] -- Up-to-date: /home/lion/intellicar/ros2_ws/install/carla_waypoint_types/share/ament_index/resource_index/package_run_dependencies/carla_waypoint_types
[12.813s] -- Up-to-date: /home/lion/intellicar/ros2_ws/install/carla_waypoint_types/share/ament_index/resource_index/parent_prefix_path/carla_waypoint_types
[12.813s] -- Up-to-date: /home/lion/intellicar/ros2_ws/install/carla_waypoint_types/share/carla_waypoint_types/environment/ament_prefix_path.sh
[12.813s] -- Up-to-date: /home/lion/intellicar/ros2_ws/install/carla_waypoint_types/share/carla_waypoint_types/environment/ament_prefix_path.dsv
[12.813s] -- Up-to-date: /home/lion/intellicar/ros2_ws/install/carla_waypoint_types/share/carla_waypoint_types/environment/path.sh
[12.814s] -- Up-to-date: /home/lion/intellicar/ros2_ws/install/carla_waypoint_types/share/carla_waypoint_types/environment/path.dsv
[12.814s] -- Up-to-date: /home/lion/intellicar/ros2_ws/install/carla_waypoint_types/share/carla_waypoint_types/local_setup.bash
[12.815s] -- Up-to-date: /home/lion/intellicar/ros2_ws/install/carla_waypoint_types/share/carla_waypoint_types/local_setup.sh
[12.816s] -- Up-to-date: /home/lion/intellicar/ros2_ws/install/carla_waypoint_types/share/carla_waypoint_types/local_setup.zsh
[12.817s] -- Up-to-date: /home/lion/intellicar/ros2_ws/install/carla_waypoint_types/share/carla_waypoint_types/local_setup.dsv
[12.837s] -- Installing: /home/lion/intellicar/ros2_ws/install/carla_waypoint_types/share/carla_waypoint_types/package.dsv
[12.837s] -- Up-to-date: /home/lion/intellicar/ros2_ws/install/carla_waypoint_types/share/ament_index/resource_index/packages/carla_waypoint_types
[12.838s] -- Up-to-date: /home/lion/intellicar/ros2_ws/install/carla_waypoint_types/share/carla_waypoint_types/cmake/carla_waypoint_types__rosidl_generator_cExport.cmake
[12.838s] -- Up-to-date: /home/lion/intellicar/ros2_ws/install/carla_waypoint_types/share/carla_waypoint_types/cmake/carla_waypoint_types__rosidl_generator_cExport-noconfig.cmake
[12.840s] -- Up-to-date: /home/lion/intellicar/ros2_ws/install/carla_waypoint_types/share/carla_waypoint_types/cmake/carla_waypoint_types__rosidl_typesupport_introspection_cExport.cmake
[12.840s] -- Up-to-date: /home/lion/intellicar/ros2_ws/install/carla_waypoint_types/share/carla_waypoint_types/cmake/carla_waypoint_types__rosidl_typesupport_introspection_cExport-noconfig.cmake
[12.841s] -- Up-to-date: /home/lion/intellicar/ros2_ws/install/carla_waypoint_types/share/carla_waypoint_types/cmake/carla_waypoint_types__rosidl_typesupport_cExport.cmake
[12.842s] -- Up-to-date: /home/lion/intellicar/ros2_ws/install/carla_waypoint_types/share/carla_waypoint_types/cmake/carla_waypoint_types__rosidl_typesupport_cExport-noconfig.cmake
[12.843s] -- Up-to-date: /home/lion/intellicar/ros2_ws/install/carla_waypoint_types/share/carla_waypoint_types/cmake/carla_waypoint_types__rosidl_generator_cppExport.cmake
[12.843s] -- Up-to-date: /home/lion/intellicar/ros2_ws/install/carla_waypoint_types/share/carla_waypoint_types/cmake/carla_waypoint_types__rosidl_typesupport_introspection_cppExport.cmake
[12.843s] -- Up-to-date: /home/lion/intellicar/ros2_ws/install/carla_waypoint_types/share/carla_waypoint_types/cmake/carla_waypoint_types__rosidl_typesupport_introspection_cppExport-noconfig.cmake
[12.844s] -- Up-to-date: /home/lion/intellicar/ros2_ws/install/carla_waypoint_types/share/carla_waypoint_types/cmake/carla_waypoint_types__rosidl_typesupport_cppExport.cmake
[12.844s] -- Up-to-date: /home/lion/intellicar/ros2_ws/install/carla_waypoint_types/share/carla_waypoint_types/cmake/carla_waypoint_types__rosidl_typesupport_cppExport-noconfig.cmake
[12.844s] -- Up-to-date: /home/lion/intellicar/ros2_ws/install/carla_waypoint_types/share/carla_waypoint_types/cmake/rosidl_cmake-extras.cmake
[12.845s] -- Up-to-date: /home/lion/intellicar/ros2_ws/install/carla_waypoint_types/share/carla_waypoint_types/cmake/ament_cmake_export_dependencies-extras.cmake
[12.845s] -- Up-to-date: /home/lion/intellicar/ros2_ws/install/carla_waypoint_types/share/carla_waypoint_types/cmake/ament_cmake_export_libraries-extras.cmake
[12.845s] -- Up-to-date: /home/lion/intellicar/ros2_ws/install/carla_waypoint_types/share/carla_waypoint_types/cmake/ament_cmake_export_targets-extras.cmake
[12.846s] -- Up-to-date: /home/lion/intellicar/ros2_ws/install/carla_waypoint_types/share/carla_waypoint_types/cmake/ament_cmake_export_include_directories-extras.cmake
[12.846s] -- Up-to-date: /home/lion/intellicar/ros2_ws/install/carla_waypoint_types/share/carla_waypoint_types/cmake/rosidl_cmake_export_typesupport_libraries-extras.cmake
[12.846s] -- Up-to-date: /home/lion/intellicar/ros2_ws/install/carla_waypoint_types/share/carla_waypoint_types/cmake/rosidl_cmake_export_typesupport_targets-extras.cmake
[12.846s] -- Up-to-date: /home/lion/intellicar/ros2_ws/install/carla_waypoint_types/share/carla_waypoint_types/cmake/carla_waypoint_typesConfig.cmake
[12.846s] -- Up-to-date: /home/lion/intellicar/ros2_ws/install/carla_waypoint_types/share/carla_waypoint_types/cmake/carla_waypoint_typesConfig-version.cmake
[12.846s] -- Up-to-date: /home/lion/intellicar/ros2_ws/install/carla_waypoint_types/share/carla_waypoint_types/package.xml
[13.686s] Invoked command in '/home/lion/intellicar/ros2_ws/build/carla_waypoint_types' returned '0': CMAKE_PREFIX_PATH=${CMAKE_PREFIX_PATH}:/home/lion/intellicar/ros2_ws/install/carla_ad_demo:/home/lion/intellicar/ros2_ws/install/rqt_carla_control:/home/lion/intellicar/ros2_ws/install/carla_waypoint_publisher:/home/lion/intellicar/ros2_ws/install/carla_ackermann_control:/home/lion/intellicar/ros2_ws/install/carla_ros_bridge:/home/lion/intellicar/ros2_ws/install/carla_spawn_objects:/home/lion/intellicar/ros2_ws/install/carla_manual_control:/home/lion/intellicar/ros2_ws/install/carla_ad_agent:/home/lion/intellicar/ros2_ws/install/ros_compatibility:/home/lion/intellicar/ros2_ws/install/carla_walker_agent:/home/lion/intellicar/ros2_ws/install/carla_twist_to_control:/home/lion/intellicar/ros2_ws/install/carla_ros_scenario_runner:/home/lion/intellicar/ros2_ws/install/carla_common:/opt/ros/foxy /usr/bin/cmake --install /home/lion/intellicar/ros2_ws/build/carla_waypoint_types
