running egg_info
creating ../../build/traffic_light_task/traffic_light_task.egg-info
writing ../../build/traffic_light_task/traffic_light_task.egg-info/PKG-INFO
writing dependency_links to ../../build/traffic_light_task/traffic_light_task.egg-info/dependency_links.txt
writing entry points to ../../build/traffic_light_task/traffic_light_task.egg-info/entry_points.txt
writing requirements to ../../build/traffic_light_task/traffic_light_task.egg-info/requires.txt
writing top-level names to ../../build/traffic_light_task/traffic_light_task.egg-info/top_level.txt
writing manifest file '../../build/traffic_light_task/traffic_light_task.egg-info/SOURCES.txt'
reading manifest file '../../build/traffic_light_task/traffic_light_task.egg-info/SOURCES.txt'
writing manifest file '../../build/traffic_light_task/traffic_light_task.egg-info/SOURCES.txt'
running build
running build_py
creating /home/lion/intellicar/ros2_ws/build/traffic_light_task/build
creating /home/lion/intellicar/ros2_ws/build/traffic_light_task/build/lib
creating /home/lion/intellicar/ros2_ws/build/traffic_light_task/build/lib/traffic_light_task
copying traffic_light_task/color_segmentation_ros.py -> /home/lion/intellicar/ros2_ws/build/traffic_light_task/build/lib/traffic_light_task
copying traffic_light_task/__init__.py -> /home/lion/intellicar/ros2_ws/build/traffic_light_task/build/lib/traffic_light_task
running install
running install_lib
creating /home/lion/intellicar/ros2_ws/install/traffic_light_task/lib/python3.8/site-packages/traffic_light_task
copying /home/lion/intellicar/ros2_ws/build/traffic_light_task/build/lib/traffic_light_task/color_segmentation_ros.py -> /home/lion/intellicar/ros2_ws/install/traffic_light_task/lib/python3.8/site-packages/traffic_light_task
copying /home/lion/intellicar/ros2_ws/build/traffic_light_task/build/lib/traffic_light_task/__init__.py -> /home/lion/intellicar/ros2_ws/install/traffic_light_task/lib/python3.8/site-packages/traffic_light_task
byte-compiling /home/lion/intellicar/ros2_ws/install/traffic_light_task/lib/python3.8/site-packages/traffic_light_task/color_segmentation_ros.py to color_segmentation_ros.cpython-38.pyc
byte-compiling /home/lion/intellicar/ros2_ws/install/traffic_light_task/lib/python3.8/site-packages/traffic_light_task/__init__.py to __init__.cpython-38.pyc
running install_data
creating /home/lion/intellicar/ros2_ws/install/traffic_light_task/share/ament_index
creating /home/lion/intellicar/ros2_ws/install/traffic_light_task/share/ament_index/resource_index
creating /home/lion/intellicar/ros2_ws/install/traffic_light_task/share/ament_index/resource_index/packages
copying resource/traffic_light_task -> /home/lion/intellicar/ros2_ws/install/traffic_light_task/share/ament_index/resource_index/packages
copying package.xml -> /home/lion/intellicar/ros2_ws/install/traffic_light_task/share/traffic_light_task
running install_egg_info
Copying ../../build/traffic_light_task/traffic_light_task.egg-info to /home/lion/intellicar/ros2_ws/install/traffic_light_task/lib/python3.8/site-packages/traffic_light_task-0.0.0-py3.8.egg-info
running install_scripts
writing list of installed files to '/home/lion/intellicar/ros2_ws/build/traffic_light_task/install.log'
