[12.131s] Invoking command in '/home/lion/intellicar/ros2_ws/src/traffic_light_task': PYTHONPATH=/home/lion/intellicar/ros2_ws/build/traffic_light_task/prefix_override:/home/lion/intellicar/ros2_ws/install/traffic_light_task/lib/python3.8/site-packages:${PYTHONPATH} /usr/bin/python3 setup.py egg_info --egg-base ../../build/traffic_light_task build --build-base /home/lion/intellicar/ros2_ws/build/traffic_light_task/build install --record /home/lion/intellicar/ros2_ws/build/traffic_light_task/install.log --install-scripts $base/lib/traffic_light_task --single-version-externally-managed
[12.704s] running egg_info
[12.704s] creating ../../build/traffic_light_task/traffic_light_task.egg-info
[12.704s] writing ../../build/traffic_light_task/traffic_light_task.egg-info/PKG-INFO
[12.705s] writing dependency_links to ../../build/traffic_light_task/traffic_light_task.egg-info/dependency_links.txt
[12.705s] writing entry points to ../../build/traffic_light_task/traffic_light_task.egg-info/entry_points.txt
[12.705s] writing requirements to ../../build/traffic_light_task/traffic_light_task.egg-info/requires.txt
[12.705s] writing top-level names to ../../build/traffic_light_task/traffic_light_task.egg-info/top_level.txt
[12.713s] writing manifest file '../../build/traffic_light_task/traffic_light_task.egg-info/SOURCES.txt'
[12.776s] reading manifest file '../../build/traffic_light_task/traffic_light_task.egg-info/SOURCES.txt'
[12.778s] writing manifest file '../../build/traffic_light_task/traffic_light_task.egg-info/SOURCES.txt'
[12.778s] running build
[12.779s] running build_py
[12.779s] creating /home/lion/intellicar/ros2_ws/build/traffic_light_task/build
[12.781s] creating /home/lion/intellicar/ros2_ws/build/traffic_light_task/build/lib
[12.783s] creating /home/lion/intellicar/ros2_ws/build/traffic_light_task/build/lib/traffic_light_task
[12.784s] copying traffic_light_task/color_segmentation_ros.py -> /home/lion/intellicar/ros2_ws/build/traffic_light_task/build/lib/traffic_light_task
[12.793s] copying traffic_light_task/__init__.py -> /home/lion/intellicar/ros2_ws/build/traffic_light_task/build/lib/traffic_light_task
[12.794s] running install
[12.799s] running install_lib
[12.800s] creating /home/lion/intellicar/ros2_ws/install/traffic_light_task/lib/python3.8/site-packages/traffic_light_task
[12.801s] copying /home/lion/intellicar/ros2_ws/build/traffic_light_task/build/lib/traffic_light_task/color_segmentation_ros.py -> /home/lion/intellicar/ros2_ws/install/traffic_light_task/lib/python3.8/site-packages/traffic_light_task
[12.801s] copying /home/lion/intellicar/ros2_ws/build/traffic_light_task/build/lib/traffic_light_task/__init__.py -> /home/lion/intellicar/ros2_ws/install/traffic_light_task/lib/python3.8/site-packages/traffic_light_task
[12.803s] byte-compiling /home/lion/intellicar/ros2_ws/install/traffic_light_task/lib/python3.8/site-packages/traffic_light_task/color_segmentation_ros.py to color_segmentation_ros.cpython-38.pyc
[12.814s] byte-compiling /home/lion/intellicar/ros2_ws/install/traffic_light_task/lib/python3.8/site-packages/traffic_light_task/__init__.py to __init__.cpython-38.pyc
[12.814s] running install_data
[12.820s] creating /home/lion/intellicar/ros2_ws/install/traffic_light_task/share/ament_index
[12.822s] creating /home/lion/intellicar/ros2_ws/install/traffic_light_task/share/ament_index/resource_index
[12.823s] creating /home/lion/intellicar/ros2_ws/install/traffic_light_task/share/ament_index/resource_index/packages
[12.823s] copying resource/traffic_light_task -> /home/lion/intellicar/ros2_ws/install/traffic_light_task/share/ament_index/resource_index/packages
[12.823s] copying package.xml -> /home/lion/intellicar/ros2_ws/install/traffic_light_task/share/traffic_light_task
[12.823s] running install_egg_info
[12.823s] Copying ../../build/traffic_light_task/traffic_light_task.egg-info to /home/lion/intellicar/ros2_ws/install/traffic_light_task/lib/python3.8/site-packages/traffic_light_task-0.0.0-py3.8.egg-info
[12.823s] running install_scripts
[12.868s] writing list of installed files to '/home/lion/intellicar/ros2_ws/build/traffic_light_task/install.log'
[19.692s] Invoked command in '/home/lion/intellicar/ros2_ws/src/traffic_light_task' returned '0': PYTHONPATH=/home/lion/intellicar/ros2_ws/build/traffic_light_task/prefix_override:/home/lion/intellicar/ros2_ws/install/traffic_light_task/lib/python3.8/site-packages:${PYTHONPATH} /usr/bin/python3 setup.py egg_info --egg-base ../../build/traffic_light_task build --build-base /home/lion/intellicar/ros2_ws/build/traffic_light_task/build install --record /home/lion/intellicar/ros2_ws/build/traffic_light_task/install.log --install-scripts $base/lib/traffic_light_task --single-version-externally-managed
