[2.473s] Invoking command in '/home/lion/intellicar/ros2_ws/src/ros-bridge/carla_ackermann_control': AMENT_PREFIX_PATH=/home/lion/intellicar/ros2_ws/install/carla_ros_bridge:/home/lion/intellicar/ros2_ws/install/carla_spawn_objects:/home/lion/intellicar/ros2_ws/install/carla_manual_control:/home/lion/intellicar/ros2_ws/install/carla_ackermann_msgs:/home/lion/intellicar/ros2_ws/install/ros_compatibility:/home/lion/intellicar/ros2_ws/install/carla_msgs:/home/lion/intellicar/ros2_ws/install/carla_common:${AMENT_PREFIX_PATH} CMAKE_PREFIX_PATH=/home/lion/intellicar/ros2_ws/install/carla_ackermann_msgs:/home/lion/intellicar/ros2_ws/install/carla_msgs LD_LIBRARY_PATH=/home/lion/intellicar/ros2_ws/install/carla_ackermann_msgs/lib:/home/lion/intellicar/ros2_ws/install/carla_msgs/lib:${LD_LIBRARY_PATH} PYTHONPATH=/home/lion/intellicar/ros2_ws/build/carla_ackermann_control/prefix_override:/home/lion/intellicar/ros2_ws/install/carla_ackermann_control/lib/python3.8/site-packages:/home/lion/intellicar/ros2_ws/install/carla_ros_bridge/lib/python3.8/site-packages:/home/lion/intellicar/ros2_ws/install/carla_spawn_objects/lib/python3.8/site-packages:/home/lion/intellicar/ros2_ws/install/carla_manual_control/lib/python3.8/site-packages:/home/lion/intellicar/ros2_ws/install/carla_ackermann_msgs/lib/python3.8/site-packages:/home/lion/intellicar/ros2_ws/install/ros_compatibility/lib/python3.8/site-packages:/home/lion/intellicar/ros2_ws/install/carla_msgs/lib/python3.8/site-packages:/home/lion/intellicar/ros2_ws/install/carla_common/lib/python3.8/site-packages:${PYTHONPATH} /usr/bin/python3 setup.py egg_info --egg-base ../../../build/carla_ackermann_control build --build-base /home/lion/intellicar/ros2_ws/build/carla_ackermann_control/build install --record /home/lion/intellicar/ros2_ws/build/carla_ackermann_control/install.log --single-version-externally-managed
[2.846s] running egg_info
[2.847s] creating ../../../build/carla_ackermann_control/carla_ackermann_control.egg-info
[2.847s] writing ../../../build/carla_ackermann_control/carla_ackermann_control.egg-info/PKG-INFO
[2.848s] writing dependency_links to ../../../build/carla_ackermann_control/carla_ackermann_control.egg-info/dependency_links.txt
[2.848s] writing entry points to ../../../build/carla_ackermann_control/carla_ackermann_control.egg-info/entry_points.txt
[2.848s] writing requirements to ../../../build/carla_ackermann_control/carla_ackermann_control.egg-info/requires.txt
[2.848s] writing top-level names to ../../../build/carla_ackermann_control/carla_ackermann_control.egg-info/top_level.txt
[2.850s] writing manifest file '../../../build/carla_ackermann_control/carla_ackermann_control.egg-info/SOURCES.txt'
[2.898s] reading manifest file '../../../build/carla_ackermann_control/carla_ackermann_control.egg-info/SOURCES.txt'
[2.899s] writing manifest file '../../../build/carla_ackermann_control/carla_ackermann_control.egg-info/SOURCES.txt'
[2.900s] running build
[2.900s] running build_py
[2.900s] creating /home/lion/intellicar/ros2_ws/build/carla_ackermann_control/build
[2.900s] creating /home/lion/intellicar/ros2_ws/build/carla_ackermann_control/build/lib
[2.900s] creating /home/lion/intellicar/ros2_ws/build/carla_ackermann_control/build/lib/carla_ackermann_control
[2.900s] copying src/carla_ackermann_control/carla_ackermann_control_node.py -> /home/lion/intellicar/ros2_ws/build/carla_ackermann_control/build/lib/carla_ackermann_control
[2.901s] copying src/carla_ackermann_control/__init__.py -> /home/lion/intellicar/ros2_ws/build/carla_ackermann_control/build/lib/carla_ackermann_control
[2.901s] copying src/carla_ackermann_control/carla_control_physics.py -> /home/lion/intellicar/ros2_ws/build/carla_ackermann_control/build/lib/carla_ackermann_control
[2.902s] running install
[2.903s] running install_lib
[2.905s] creating /home/lion/intellicar/ros2_ws/install/carla_ackermann_control/lib/python3.8/site-packages/carla_ackermann_control
[2.905s] copying /home/lion/intellicar/ros2_ws/build/carla_ackermann_control/build/lib/carla_ackermann_control/carla_ackermann_control_node.py -> /home/lion/intellicar/ros2_ws/install/carla_ackermann_control/lib/python3.8/site-packages/carla_ackermann_control
[2.905s] copying /home/lion/intellicar/ros2_ws/build/carla_ackermann_control/build/lib/carla_ackermann_control/__init__.py -> /home/lion/intellicar/ros2_ws/install/carla_ackermann_control/lib/python3.8/site-packages/carla_ackermann_control
[2.905s] copying /home/lion/intellicar/ros2_ws/build/carla_ackermann_control/build/lib/carla_ackermann_control/carla_control_physics.py -> /home/lion/intellicar/ros2_ws/install/carla_ackermann_control/lib/python3.8/site-packages/carla_ackermann_control
[2.905s] byte-compiling /home/lion/intellicar/ros2_ws/install/carla_ackermann_control/lib/python3.8/site-packages/carla_ackermann_control/carla_ackermann_control_node.py to carla_ackermann_control_node.cpython-38.pyc
[2.910s] byte-compiling /home/lion/intellicar/ros2_ws/install/carla_ackermann_control/lib/python3.8/site-packages/carla_ackermann_control/__init__.py to __init__.cpython-38.pyc
[2.911s] byte-compiling /home/lion/intellicar/ros2_ws/install/carla_ackermann_control/lib/python3.8/site-packages/carla_ackermann_control/carla_control_physics.py to carla_control_physics.cpython-38.pyc
[2.912s] running install_data
[2.912s] creating /home/lion/intellicar/ros2_ws/install/carla_ackermann_control/share/ament_index
[2.913s] creating /home/lion/intellicar/ros2_ws/install/carla_ackermann_control/share/ament_index/resource_index
[2.913s] creating /home/lion/intellicar/ros2_ws/install/carla_ackermann_control/share/ament_index/resource_index/packages
[2.913s] copying resource/carla_ackermann_control -> /home/lion/intellicar/ros2_ws/install/carla_ackermann_control/share/ament_index/resource_index/packages
[2.913s] copying package.xml -> /home/lion/intellicar/ros2_ws/install/carla_ackermann_control/share/carla_ackermann_control
[2.913s] copying launch/carla_ackermann_control.launch.py -> /home/lion/intellicar/ros2_ws/install/carla_ackermann_control/share/carla_ackermann_control
[2.913s] copying launch/carla_ros_bridge_with_ackermann_control.launch.py -> /home/lion/intellicar/ros2_ws/install/carla_ackermann_control/share/carla_ackermann_control
[2.913s] copying config/settings.yaml -> /home/lion/intellicar/ros2_ws/install/carla_ackermann_control/share/carla_ackermann_control
[2.913s] running install_egg_info
[2.917s] Copying ../../../build/carla_ackermann_control/carla_ackermann_control.egg-info to /home/lion/intellicar/ros2_ws/install/carla_ackermann_control/lib/python3.8/site-packages/carla_ackermann_control-0.0.0-py3.8.egg-info
[2.918s] running install_scripts
[2.956s] Installing carla_ackermann_control_node script to /home/lion/intellicar/ros2_ws/install/carla_ackermann_control/lib/carla_ackermann_control
[2.956s] writing list of installed files to '/home/lion/intellicar/ros2_ws/build/carla_ackermann_control/install.log'
[3.040s] Invoked command in '/home/lion/intellicar/ros2_ws/src/ros-bridge/carla_ackermann_control' returned '0': AMENT_PREFIX_PATH=/home/lion/intellicar/ros2_ws/install/carla_ros_bridge:/home/lion/intellicar/ros2_ws/install/carla_spawn_objects:/home/lion/intellicar/ros2_ws/install/carla_manual_control:/home/lion/intellicar/ros2_ws/install/carla_ackermann_msgs:/home/lion/intellicar/ros2_ws/install/ros_compatibility:/home/lion/intellicar/ros2_ws/install/carla_msgs:/home/lion/intellicar/ros2_ws/install/carla_common:${AMENT_PREFIX_PATH} CMAKE_PREFIX_PATH=/home/lion/intellicar/ros2_ws/install/carla_ackermann_msgs:/home/lion/intellicar/ros2_ws/install/carla_msgs LD_LIBRARY_PATH=/home/lion/intellicar/ros2_ws/install/carla_ackermann_msgs/lib:/home/lion/intellicar/ros2_ws/install/carla_msgs/lib:${LD_LIBRARY_PATH} PYTHONPATH=/home/lion/intellicar/ros2_ws/build/carla_ackermann_control/prefix_override:/home/lion/intellicar/ros2_ws/install/carla_ackermann_control/lib/python3.8/site-packages:/home/lion/intellicar/ros2_ws/install/carla_ros_bridge/lib/python3.8/site-packages:/home/lion/intellicar/ros2_ws/install/carla_spawn_objects/lib/python3.8/site-packages:/home/lion/intellicar/ros2_ws/install/carla_manual_control/lib/python3.8/site-packages:/home/lion/intellicar/ros2_ws/install/carla_ackermann_msgs/lib/python3.8/site-packages:/home/lion/intellicar/ros2_ws/install/ros_compatibility/lib/python3.8/site-packages:/home/lion/intellicar/ros2_ws/install/carla_msgs/lib/python3.8/site-packages:/home/lion/intellicar/ros2_ws/install/carla_common/lib/python3.8/site-packages:${PYTHONPATH} /usr/bin/python3 setup.py egg_info --egg-base ../../../build/carla_ackermann_control build --build-base /home/lion/intellicar/ros2_ws/build/carla_ackermann_control/build install --record /home/lion/intellicar/ros2_ws/build/carla_ackermann_control/install.log --single-version-externally-managed
