[9.711s] Invoking command in '/home/lion/intellicar/ros2_ws/src/ros-bridge/rqt_carla_control': PYTHONPATH=/home/lion/intellicar/ros2_ws/build/rqt_carla_control/prefix_override:/home/lion/intellicar/ros2_ws/install/rqt_carla_control/lib/python3.8/site-packages:${PYTHONPATH} /usr/bin/python3 setup.py egg_info --egg-base ../../../build/rqt_carla_control build --build-base /home/lion/intellicar/ros2_ws/build/rqt_carla_control/build install --record /home/lion/intellicar/ros2_ws/build/rqt_carla_control/install.log --single-version-externally-managed
[11.028s] running egg_info
[11.028s] writing ../../../build/rqt_carla_control/rqt_carla_control.egg-info/PKG-INFO
[11.029s] writing dependency_links to ../../../build/rqt_carla_control/rqt_carla_control.egg-info/dependency_links.txt
[11.029s] writing requirements to ../../../build/rqt_carla_control/rqt_carla_control.egg-info/requires.txt
[11.029s] writing top-level names to ../../../build/rqt_carla_control/rqt_carla_control.egg-info/top_level.txt
[11.029s] reading manifest file '../../../build/rqt_carla_control/rqt_carla_control.egg-info/SOURCES.txt'
[11.029s] writing manifest file '../../../build/rqt_carla_control/rqt_carla_control.egg-info/SOURCES.txt'
[11.029s] running build
[11.030s] running build_py
[11.030s] running build_scripts
[11.030s] running install
[11.030s] running install_lib
[11.030s] running install_data
[11.030s] running install_egg_info
[11.030s] removing '/home/lion/intellicar/ros2_ws/install/rqt_carla_control/lib/python3.8/site-packages/rqt_carla_control-0.0.0-py3.8.egg-info' (and everything under it)
[11.030s] Copying ../../../build/rqt_carla_control/rqt_carla_control.egg-info to /home/lion/intellicar/ros2_ws/install/rqt_carla_control/lib/python3.8/site-packages/rqt_carla_control-0.0.0-py3.8.egg-info
[11.031s] running install_scripts
[11.031s] changing mode of /home/lion/intellicar/ros2_ws/install/rqt_carla_control/lib/rqt_carla_control/rqt_carla_control to 775
[11.031s] writing list of installed files to '/home/lion/intellicar/ros2_ws/build/rqt_carla_control/install.log'
[12.373s] Invoked command in '/home/lion/intellicar/ros2_ws/src/ros-bridge/rqt_carla_control' returned '0': PYTHONPATH=/home/lion/intellicar/ros2_ws/build/rqt_carla_control/prefix_override:/home/lion/intellicar/ros2_ws/install/rqt_carla_control/lib/python3.8/site-packages:${PYTHONPATH} /usr/bin/python3 setup.py egg_info --egg-base ../../../build/rqt_carla_control build --build-base /home/lion/intellicar/ros2_ws/build/rqt_carla_control/build install --record /home/lion/intellicar/ros2_ws/build/rqt_carla_control/install.log --single-version-externally-managed
