[14.084s] Invoking command in '/home/lion/intellicar/ros2_ws/src/ros-bridge/carla_twist_to_control': PYTHONPATH=/home/lion/intellicar/ros2_ws/build/carla_twist_to_control/prefix_override:/home/lion/intellicar/ros2_ws/install/carla_twist_to_control/lib/python3.8/site-packages:${PYTHONPATH} /usr/bin/python3 setup.py egg_info --egg-base ../../../build/carla_twist_to_control build --build-base /home/lion/intellicar/ros2_ws/build/carla_twist_to_control/build install --record /home/lion/intellicar/ros2_ws/build/carla_twist_to_control/install.log --single-version-externally-managed
[14.499s] running egg_info
[14.499s] writing ../../../build/carla_twist_to_control/carla_twist_to_control.egg-info/PKG-INFO
[14.499s] writing dependency_links to ../../../build/carla_twist_to_control/carla_twist_to_control.egg-info/dependency_links.txt
[14.499s] writing entry points to ../../../build/carla_twist_to_control/carla_twist_to_control.egg-info/entry_points.txt
[14.500s] writing requirements to ../../../build/carla_twist_to_control/carla_twist_to_control.egg-info/requires.txt
[14.500s] writing top-level names to ../../../build/carla_twist_to_control/carla_twist_to_control.egg-info/top_level.txt
[14.553s] reading manifest file '../../../build/carla_twist_to_control/carla_twist_to_control.egg-info/SOURCES.txt'
[14.554s] writing manifest file '../../../build/carla_twist_to_control/carla_twist_to_control.egg-info/SOURCES.txt'
[14.554s] running build
[14.558s] running build_py
[14.560s] running install
[14.562s] running install_lib
[14.562s] running install_data
[14.564s] running install_egg_info
[14.565s] removing '/home/lion/intellicar/ros2_ws/install/carla_twist_to_control/lib/python3.8/site-packages/carla_twist_to_control-0.0.0-py3.8.egg-info' (and everything under it)
[14.565s] Copying ../../../build/carla_twist_to_control/carla_twist_to_control.egg-info to /home/lion/intellicar/ros2_ws/install/carla_twist_to_control/lib/python3.8/site-packages/carla_twist_to_control-0.0.0-py3.8.egg-info
[14.566s] running install_scripts
[14.597s] Installing carla_twist_to_control script to /home/lion/intellicar/ros2_ws/install/carla_twist_to_control/lib/carla_twist_to_control
[14.597s] writing list of installed files to '/home/lion/intellicar/ros2_ws/build/carla_twist_to_control/install.log'
[19.262s] Invoked command in '/home/lion/intellicar/ros2_ws/src/ros-bridge/carla_twist_to_control' returned '0': PYTHONPATH=/home/lion/intellicar/ros2_ws/build/carla_twist_to_control/prefix_override:/home/lion/intellicar/ros2_ws/install/carla_twist_to_control/lib/python3.8/site-packages:${PYTHONPATH} /usr/bin/python3 setup.py egg_info --egg-base ../../../build/carla_twist_to_control build --build-base /home/lion/intellicar/ros2_ws/build/carla_twist_to_control/build install --record /home/lion/intellicar/ros2_ws/build/carla_twist_to_control/install.log --single-version-externally-managed
