[7.720s] Invoking command in '/home/lion/intellicar/ros2_ws/build/carla_waypoint_types': CMAKE_PREFIX_PATH=${CMAKE_PREFIX_PATH}:/home/lion/intellicar/ros2_ws/install/yolo_detection:/home/lion/intellicar/ros2_ws/install/traffic_light_task:/home/lion/intellicar/ros2_ws/install/carla_ad_demo:/home/lion/intellicar/ros2_ws/install/rqt_carla_control:/home/lion/intellicar/ros2_ws/install/carla_waypoint_publisher:/home/lion/intellicar/ros2_ws/install/carla_ackermann_control:/home/lion/intellicar/ros2_ws/install/carla_ros_bridge:/home/lion/intellicar/ros2_ws/install/carla_spawn_objects:/home/lion/intellicar/ros2_ws/install/carla_manual_control:/home/lion/intellicar/ros2_ws/install/carla_ad_agent:/home/lion/intellicar/ros2_ws/install/ros_compatibility:/home/lion/intellicar/ros2_ws/install/carla_walker_agent:/home/lion/intellicar/ros2_ws/install/carla_twist_to_control:/home/lion/intellicar/ros2_ws/install/carla_ros_scenario_runner:/home/lion/intellicar/ros2_ws/install/carla_common:/opt/ros/foxy /usr/bin/cmake --build /home/lion/intellicar/ros2_ws/build/carla_waypoint_types -- -j16 -l16
[12.307s] [  2%] Built target carla_waypoint_types__cpp
[12.308s] [ 12%] Built target carla_waypoint_types__rosidl_generator_c
[12.308s] [ 23%] Built target carla_waypoint_types__rosidl_typesupport_introspection_cpp
[12.308s] [ 34%] Built target carla_waypoint_types__rosidl_typesupport_introspection_c
[12.308s] [ 44%] Built target carla_waypoint_types__rosidl_typesupport_c
[12.308s] [ 55%] Built target carla_waypoint_types__rosidl_typesupport_cpp
[12.308s] [ 65%] Built target carla_waypoint_types__rosidl_typesupport_fastrtps_cpp
[12.308s] [ 76%] Built target carla_waypoint_types__rosidl_typesupport_fastrtps_c
[12.308s] [ 76%] Built target carla_waypoint_types
[12.308s] [ 78%] Built target carla_waypoint_types__py
[12.308s] [ 87%] Built target carla_waypoint_types__python
[12.308s] [ 91%] Built target carla_waypoint_types__rosidl_typesupport_c__pyext
[12.308s] [ 95%] Built target carla_waypoint_types__rosidl_typesupport_fastrtps_c__pyext
[12.309s] [100%] Built target carla_waypoint_types__rosidl_typesupport_introspection_c__pyext
[12.323s] Invoked command in '/home/lion/intellicar/ros2_ws/build/carla_waypoint_types' returned '0': CMAKE_PREFIX_PATH=${CMAKE_PREFIX_PATH}:/home/lion/intellicar/ros2_ws/install/yolo_detection:/home/lion/intellicar/ros2_ws/install/traffic_light_task:/home/lion/intellicar/ros2_ws/install/carla_ad_demo:/home/lion/intellicar/ros2_ws/install/rqt_carla_control:/home/lion/intellicar/ros2_ws/install/carla_waypoint_publisher:/home/lion/intellicar/ros2_ws/install/carla_ackermann_control:/home/lion/intellicar/ros2_ws/install/carla_ros_bridge:/home/lion/intellicar/ros2_ws/install/carla_spawn_objects:/home/lion/intellicar/ros2_ws/install/carla_manual_control:/home/lion/intellicar/ros2_ws/install/carla_ad_agent:/home/lion/intellicar/ros2_ws/install/ros_compatibility:/home/lion/intellicar/ros2_ws/install/carla_walker_agent:/home/lion/intellicar/ros2_ws/install/carla_twist_to_control:/home/lion/intellicar/ros2_ws/install/carla_ros_scenario_runner:/home/lion/intellicar/ros2_ws/install/carla_common:/opt/ros/foxy /usr/bin/cmake --build /home/lion/intellicar/ros2_ws/build/carla_waypoint_types -- -j16 -l16
[13.735s] Invoking command in '/home/lion/intellicar/ros2_ws/build/carla_waypoint_types': CMAKE_PREFIX_PATH=${CMAKE_PREFIX_PATH}:/home/lion/intellicar/ros2_ws/install/yolo_detection:/home/lion/intellicar/ros2_ws/install/traffic_light_task:/home/lion/intellicar/ros2_ws/install/carla_ad_demo:/home/lion/intellicar/ros2_ws/install/rqt_carla_control:/home/lion/intellicar/ros2_ws/install/carla_waypoint_publisher:/home/lion/intellicar/ros2_ws/install/carla_ackermann_control:/home/lion/intellicar/ros2_ws/install/carla_ros_bridge:/home/lion/intellicar/ros2_ws/install/carla_spawn_objects:/home/lion/intellicar/ros2_ws/install/carla_manual_control:/home/lion/intellicar/ros2_ws/install/carla_ad_agent:/home/lion/intellicar/ros2_ws/install/ros_compatibility:/home/lion/intellicar/ros2_ws/install/carla_walker_agent:/home/lion/intellicar/ros2_ws/install/carla_twist_to_control:/home/lion/intellicar/ros2_ws/install/carla_ros_scenario_runner:/home/lion/intellicar/ros2_ws/install/carla_common:/opt/ros/foxy /usr/bin/cmake --install /home/lion/intellicar/ros2_ws/build/carla_waypoint_types
[13.885s] -- Install configuration: ""
[13.885s] -- Up-to-date: /home/lion/intellicar/ros2_ws/install/carla_waypoint_types/share/ament_index/resource_index/rosidl_interfaces/carla_waypoint_types
[13.885s] -- Up-to-date: /home/lion/intellicar/ros2_ws/install/carla_waypoint_types/include/carla_waypoint_types
[13.885s] -- Up-to-date: /home/lion/intellicar/ros2_ws/install/carla_waypoint_types/include/carla_waypoint_types/msg
[13.885s] -- Up-to-date: /home/lion/intellicar/ros2_ws/install/carla_waypoint_types/include/carla_waypoint_types/msg/detail
[13.885s] -- Up-to-date: /home/lion/intellicar/ros2_ws/install/carla_waypoint_types/include/carla_waypoint_types/msg/detail/carla_waypoint__struct.h
[13.885s] -- Up-to-date: /home/lion/intellicar/ros2_ws/install/carla_waypoint_types/include/carla_waypoint_types/msg/detail/carla_waypoint__type_support.h
[13.886s] -- Up-to-date: /home/lion/intellicar/ros2_ws/install/carla_waypoint_types/include/carla_waypoint_types/msg/detail/carla_waypoint__functions.h
[13.886s] -- Up-to-date: /home/lion/intellicar/ros2_ws/install/carla_waypoint_types/include/carla_waypoint_types/msg/detail/carla_waypoint__functions.c
[13.886s] -- Up-to-date: /home/lion/intellicar/ros2_ws/install/carla_waypoint_types/include/carla_waypoint_types/msg/carla_waypoint.h
[13.886s] -- Up-to-date: /home/lion/intellicar/ros2_ws/install/carla_waypoint_types/include/carla_waypoint_types/msg/rosidl_generator_c__visibility_control.h
[13.886s] -- Up-to-date: /home/lion/intellicar/ros2_ws/install/carla_waypoint_types/include/carla_waypoint_types/srv
[13.886s] -- Up-to-date: /home/lion/intellicar/ros2_ws/install/carla_waypoint_types/include/carla_waypoint_types/srv/detail
[13.887s] -- Up-to-date: /home/lion/intellicar/ros2_ws/install/carla_waypoint_types/include/carla_waypoint_types/srv/detail/get_waypoint__struct.h
[13.887s] -- Up-to-date: /home/lion/intellicar/ros2_ws/install/carla_waypoint_types/include/carla_waypoint_types/srv/detail/get_actor_waypoint__functions.h
[13.887s] -- Up-to-date: /home/lion/intellicar/ros2_ws/install/carla_waypoint_types/include/carla_waypoint_types/srv/detail/get_waypoint__functions.h
[13.887s] -- Up-to-date: /home/lion/intellicar/ros2_ws/install/carla_waypoint_types/include/carla_waypoint_types/srv/detail/get_actor_waypoint__struct.h
[13.887s] -- Up-to-date: /home/lion/intellicar/ros2_ws/install/carla_waypoint_types/include/carla_waypoint_types/srv/detail/get_waypoint__type_support.h
[13.887s] -- Up-to-date: /home/lion/intellicar/ros2_ws/install/carla_waypoint_types/include/carla_waypoint_types/srv/detail/get_actor_waypoint__functions.c
[13.887s] -- Up-to-date: /home/lion/intellicar/ros2_ws/install/carla_waypoint_types/include/carla_waypoint_types/srv/detail/get_waypoint__functions.c
[13.887s] -- Up-to-date: /home/lion/intellicar/ros2_ws/install/carla_waypoint_types/include/carla_waypoint_types/srv/detail/get_actor_waypoint__type_support.h
[13.888s] -- Up-to-date: /home/lion/intellicar/ros2_ws/install/carla_waypoint_types/include/carla_waypoint_types/srv/get_actor_waypoint.h
[13.888s] -- Up-to-date: /home/lion/intellicar/ros2_ws/install/carla_waypoint_types/include/carla_waypoint_types/srv/get_waypoint.h
[13.888s] -- Up-to-date: /home/lion/intellicar/ros2_ws/install/carla_waypoint_types/share/carla_waypoint_types/environment/library_path.sh
[13.888s] -- Up-to-date: /home/lion/intellicar/ros2_ws/install/carla_waypoint_types/share/carla_waypoint_types/environment/library_path.dsv
[13.889s] -- Up-to-date: /home/lion/intellicar/ros2_ws/install/carla_waypoint_types/lib/libcarla_waypoint_types__rosidl_generator_c.so
[13.889s] -- Up-to-date: /home/lion/intellicar/ros2_ws/install/carla_waypoint_types/include/carla_waypoint_types
[13.889s] -- Up-to-date: /home/lion/intellicar/ros2_ws/install/carla_waypoint_types/include/carla_waypoint_types/msg
[13.890s] -- Up-to-date: /home/lion/intellicar/ros2_ws/install/carla_waypoint_types/include/carla_waypoint_types/msg/detail
[13.891s] -- Up-to-date: /home/lion/intellicar/ros2_ws/install/carla_waypoint_types/include/carla_waypoint_types/msg/detail/carla_waypoint__rosidl_typesupport_fastrtps_c.h
[13.891s] -- Up-to-date: /home/lion/intellicar/ros2_ws/install/carla_waypoint_types/include/carla_waypoint_types/msg/rosidl_typesupport_fastrtps_c__visibility_control.h
[13.891s] -- Up-to-date: /home/lion/intellicar/ros2_ws/install/carla_waypoint_types/include/carla_waypoint_types/srv
[13.891s] -- Up-to-date: /home/lion/intellicar/ros2_ws/install/carla_waypoint_types/include/carla_waypoint_types/srv/detail
[13.891s] -- Up-to-date: /home/lion/intellicar/ros2_ws/install/carla_waypoint_types/include/carla_waypoint_types/srv/detail/get_waypoint__rosidl_typesupport_fastrtps_c.h
[13.891s] -- Up-to-date: /home/lion/intellicar/ros2_ws/install/carla_waypoint_types/include/carla_waypoint_types/srv/detail/get_actor_waypoint__rosidl_typesupport_fastrtps_c.h
[13.891s] -- Up-to-date: /home/lion/intellicar/ros2_ws/install/carla_waypoint_types/lib/libcarla_waypoint_types__rosidl_typesupport_fastrtps_c.so
[13.891s] -- Up-to-date: /home/lion/intellicar/ros2_ws/install/carla_waypoint_types/include/carla_waypoint_types
[13.892s] -- Up-to-date: /home/lion/intellicar/ros2_ws/install/carla_waypoint_types/include/carla_waypoint_types/msg
[13.892s] -- Up-to-date: /home/lion/intellicar/ros2_ws/install/carla_waypoint_types/include/carla_waypoint_types/msg/detail
[13.892s] -- Up-to-date: /home/lion/intellicar/ros2_ws/install/carla_waypoint_types/include/carla_waypoint_types/msg/detail/carla_waypoint__rosidl_typesupport_fastrtps_cpp.hpp
[13.892s] -- Up-to-date: /home/lion/intellicar/ros2_ws/install/carla_waypoint_types/include/carla_waypoint_types/msg/detail/dds_fastrtps
[13.892s] -- Up-to-date: /home/lion/intellicar/ros2_ws/install/carla_waypoint_types/include/carla_waypoint_types/msg/rosidl_typesupport_fastrtps_cpp__visibility_control.h
[13.892s] -- Up-to-date: /home/lion/intellicar/ros2_ws/install/carla_waypoint_types/include/carla_waypoint_types/srv
[13.892s] -- Up-to-date: /home/lion/intellicar/ros2_ws/install/carla_waypoint_types/include/carla_waypoint_types/srv/detail
[13.892s] -- Up-to-date: /home/lion/intellicar/ros2_ws/install/carla_waypoint_types/include/carla_waypoint_types/srv/detail/get_waypoint__rosidl_typesupport_fastrtps_cpp.hpp
[13.892s] -- Up-to-date: /home/lion/intellicar/ros2_ws/install/carla_waypoint_types/include/carla_waypoint_types/srv/detail/dds_fastrtps
[13.892s] -- Up-to-date: /home/lion/intellicar/ros2_ws/install/carla_waypoint_types/include/carla_waypoint_types/srv/detail/get_actor_waypoint__rosidl_typesupport_fastrtps_cpp.hpp
[13.902s] -- Up-to-date: /home/lion/intellicar/ros2_ws/install/carla_waypoint_types/lib/libcarla_waypoint_types__rosidl_typesupport_fastrtps_cpp.so
[13.902s] -- Up-to-date: /home/lion/intellicar/ros2_ws/install/carla_waypoint_types/include/carla_waypoint_types
[13.902s] -- Up-to-date: /home/lion/intellicar/ros2_ws/install/carla_waypoint_types/include/carla_waypoint_types/msg
[13.902s] -- Up-to-date: /home/lion/intellicar/ros2_ws/install/carla_waypoint_types/include/carla_waypoint_types/msg/detail
[13.903s] -- Up-to-date: /home/lion/intellicar/ros2_ws/install/carla_waypoint_types/include/carla_waypoint_types/msg/detail/carla_waypoint__rosidl_typesupport_introspection_c.h
[13.903s] -- Up-to-date: /home/lion/intellicar/ros2_ws/install/carla_waypoint_types/include/carla_waypoint_types/msg/detail/carla_waypoint__type_support.c
[13.903s] -- Up-to-date: /home/lion/intellicar/ros2_ws/install/carla_waypoint_types/include/carla_waypoint_types/msg/rosidl_typesupport_introspection_c__visibility_control.h
[13.903s] -- Up-to-date: /home/lion/intellicar/ros2_ws/install/carla_waypoint_types/include/carla_waypoint_types/srv
[13.903s] -- Up-to-date: /home/lion/intellicar/ros2_ws/install/carla_waypoint_types/include/carla_waypoint_types/srv/detail
[13.903s] -- Up-to-date: /home/lion/intellicar/ros2_ws/install/carla_waypoint_types/include/carla_waypoint_types/srv/detail/get_actor_waypoint__rosidl_typesupport_introspection_c.h
[13.903s] -- Up-to-date: /home/lion/intellicar/ros2_ws/install/carla_waypoint_types/include/carla_waypoint_types/srv/detail/get_waypoint__type_support.c
[13.903s] -- Up-to-date: /home/lion/intellicar/ros2_ws/install/carla_waypoint_types/include/carla_waypoint_types/srv/detail/get_actor_waypoint__type_support.c
[13.903s] -- Up-to-date: /home/lion/intellicar/ros2_ws/install/carla_waypoint_types/include/carla_waypoint_types/srv/detail/get_waypoint__rosidl_typesupport_introspection_c.h
[13.903s] -- Up-to-date: /home/lion/intellicar/ros2_ws/install/carla_waypoint_types/lib/libcarla_waypoint_types__rosidl_typesupport_introspection_c.so
[13.903s] -- Up-to-date: /home/lion/intellicar/ros2_ws/install/carla_waypoint_types/lib/libcarla_waypoint_types__rosidl_typesupport_c.so
[13.904s] -- Up-to-date: /home/lion/intellicar/ros2_ws/install/carla_waypoint_types/include/carla_waypoint_types
[13.904s] -- Up-to-date: /home/lion/intellicar/ros2_ws/install/carla_waypoint_types/include/carla_waypoint_types/msg
[13.904s] -- Up-to-date: /home/lion/intellicar/ros2_ws/install/carla_waypoint_types/include/carla_waypoint_types/msg/rosidl_generator_cpp__visibility_control.hpp
[13.904s] -- Up-to-date: /home/lion/intellicar/ros2_ws/install/carla_waypoint_types/include/carla_waypoint_types/msg/detail
[13.904s] -- Up-to-date: /home/lion/intellicar/ros2_ws/install/carla_waypoint_types/include/carla_waypoint_types/msg/detail/carla_waypoint__struct.hpp
[13.904s] -- Up-to-date: /home/lion/intellicar/ros2_ws/install/carla_waypoint_types/include/carla_waypoint_types/msg/detail/carla_waypoint__type_support.hpp
[13.904s] -- Up-to-date: /home/lion/intellicar/ros2_ws/install/carla_waypoint_types/include/carla_waypoint_types/msg/detail/carla_waypoint__traits.hpp
[13.904s] -- Up-to-date: /home/lion/intellicar/ros2_ws/install/carla_waypoint_types/include/carla_waypoint_types/msg/detail/carla_waypoint__builder.hpp
[13.904s] -- Up-to-date: /home/lion/intellicar/ros2_ws/install/carla_waypoint_types/include/carla_waypoint_types/msg/carla_waypoint.hpp
[13.904s] -- Up-to-date: /home/lion/intellicar/ros2_ws/install/carla_waypoint_types/include/carla_waypoint_types/srv
[13.904s] -- Up-to-date: /home/lion/intellicar/ros2_ws/install/carla_waypoint_types/include/carla_waypoint_types/srv/detail
[13.905s] -- Up-to-date: /home/lion/intellicar/ros2_ws/install/carla_waypoint_types/include/carla_waypoint_types/srv/detail/get_actor_waypoint__traits.hpp
[13.905s] -- Up-to-date: /home/lion/intellicar/ros2_ws/install/carla_waypoint_types/include/carla_waypoint_types/srv/detail/get_waypoint__type_support.hpp
[13.905s] -- Up-to-date: /home/lion/intellicar/ros2_ws/install/carla_waypoint_types/include/carla_waypoint_types/srv/detail/get_waypoint__traits.hpp
[13.905s] -- Up-to-date: /home/lion/intellicar/ros2_ws/install/carla_waypoint_types/include/carla_waypoint_types/srv/detail/get_waypoint__builder.hpp
[13.905s] -- Up-to-date: /home/lion/intellicar/ros2_ws/install/carla_waypoint_types/include/carla_waypoint_types/srv/detail/get_actor_waypoint__struct.hpp
[13.905s] -- Up-to-date: /home/lion/intellicar/ros2_ws/install/carla_waypoint_types/include/carla_waypoint_types/srv/detail/get_actor_waypoint__builder.hpp
[13.905s] -- Up-to-date: /home/lion/intellicar/ros2_ws/install/carla_waypoint_types/include/carla_waypoint_types/srv/detail/get_actor_waypoint__type_support.hpp
[13.905s] -- Up-to-date: /home/lion/intellicar/ros2_ws/install/carla_waypoint_types/include/carla_waypoint_types/srv/detail/get_waypoint__struct.hpp
[13.905s] -- Up-to-date: /home/lion/intellicar/ros2_ws/install/carla_waypoint_types/include/carla_waypoint_types/srv/get_waypoint.hpp
[13.906s] -- Up-to-date: /home/lion/intellicar/ros2_ws/install/carla_waypoint_types/include/carla_waypoint_types/srv/get_actor_waypoint.hpp
[13.906s] -- Up-to-date: /home/lion/intellicar/ros2_ws/install/carla_waypoint_types/include/carla_waypoint_types
[13.906s] -- Up-to-date: /home/lion/intellicar/ros2_ws/install/carla_waypoint_types/include/carla_waypoint_types/msg
[13.906s] -- Up-to-date: /home/lion/intellicar/ros2_ws/install/carla_waypoint_types/include/carla_waypoint_types/msg/detail
[13.915s] -- Up-to-date: /home/lion/intellicar/ros2_ws/install/carla_waypoint_types/include/carla_waypoint_types/msg/detail/carla_waypoint__type_support.cpp
[13.915s] -- Up-to-date: /home/lion/intellicar/ros2_ws/install/carla_waypoint_types/include/carla_waypoint_types/msg/detail/carla_waypoint__rosidl_typesupport_introspection_cpp.hpp
[13.915s] -- Up-to-date: /home/lion/intellicar/ros2_ws/install/carla_waypoint_types/include/carla_waypoint_types/srv
[13.915s] -- Up-to-date: /home/lion/intellicar/ros2_ws/install/carla_waypoint_types/include/carla_waypoint_types/srv/detail
[13.915s] -- Up-to-date: /home/lion/intellicar/ros2_ws/install/carla_waypoint_types/include/carla_waypoint_types/srv/detail/get_waypoint__rosidl_typesupport_introspection_cpp.hpp
[13.916s] -- Up-to-date: /home/lion/intellicar/ros2_ws/install/carla_waypoint_types/include/carla_waypoint_types/srv/detail/get_waypoint__type_support.cpp
[13.916s] -- Up-to-date: /home/lion/intellicar/ros2_ws/install/carla_waypoint_types/include/carla_waypoint_types/srv/detail/get_actor_waypoint__rosidl_typesupport_introspection_cpp.hpp
[13.916s] -- Up-to-date: /home/lion/intellicar/ros2_ws/install/carla_waypoint_types/include/carla_waypoint_types/srv/detail/get_actor_waypoint__type_support.cpp
[13.916s] -- Up-to-date: /home/lion/intellicar/ros2_ws/install/carla_waypoint_types/lib/libcarla_waypoint_types__rosidl_typesupport_introspection_cpp.so
[13.916s] -- Up-to-date: /home/lion/intellicar/ros2_ws/install/carla_waypoint_types/lib/libcarla_waypoint_types__rosidl_typesupport_cpp.so
[13.916s] -- Up-to-date: /home/lion/intellicar/ros2_ws/install/carla_waypoint_types/share/carla_waypoint_types/environment/pythonpath.sh
[13.916s] -- Up-to-date: /home/lion/intellicar/ros2_ws/install/carla_waypoint_types/share/carla_waypoint_types/environment/pythonpath.dsv
[13.916s] -- Up-to-date: /home/lion/intellicar/ros2_ws/install/carla_waypoint_types/lib/python3.8/site-packages/carla_waypoint_types/__init__.py
[13.984s] -- Up-to-date: /home/lion/intellicar/ros2_ws/install/carla_waypoint_types/lib/python3.8/site-packages/carla_waypoint_types/msg
[13.985s] -- Up-to-date: /home/lion/intellicar/ros2_ws/install/carla_waypoint_types/lib/python3.8/site-packages/carla_waypoint_types/msg/__init__.py
[13.985s] -- Up-to-date: /home/lion/intellicar/ros2_ws/install/carla_waypoint_types/lib/python3.8/site-packages/carla_waypoint_types/msg/_carla_waypoint_s.c
[13.985s] -- Up-to-date: /home/lion/intellicar/ros2_ws/install/carla_waypoint_types/lib/python3.8/site-packages/carla_waypoint_types/msg/_carla_waypoint.py
[13.985s] -- Up-to-date: /home/lion/intellicar/ros2_ws/install/carla_waypoint_types/lib/python3.8/site-packages/carla_waypoint_types/srv
[13.985s] -- Up-to-date: /home/lion/intellicar/ros2_ws/install/carla_waypoint_types/lib/python3.8/site-packages/carla_waypoint_types/srv/_get_actor_waypoint.py
[13.985s] -- Up-to-date: /home/lion/intellicar/ros2_ws/install/carla_waypoint_types/lib/python3.8/site-packages/carla_waypoint_types/srv/_get_waypoint.py
[13.985s] -- Up-to-date: /home/lion/intellicar/ros2_ws/install/carla_waypoint_types/lib/python3.8/site-packages/carla_waypoint_types/srv/__init__.py
[13.985s] -- Up-to-date: /home/lion/intellicar/ros2_ws/install/carla_waypoint_types/lib/python3.8/site-packages/carla_waypoint_types/srv/_get_waypoint_s.c
[13.985s] -- Up-to-date: /home/lion/intellicar/ros2_ws/install/carla_waypoint_types/lib/python3.8/site-packages/carla_waypoint_types/srv/_get_actor_waypoint_s.c
[13.985s] -- Up-to-date: /home/lion/intellicar/ros2_ws/install/carla_waypoint_types/lib/python3.8/site-packages/carla_waypoint_types/carla_waypoint_types_s__rosidl_typesupport_fastrtps_c.cpython-38-x86_64-linux-gnu.so
[13.985s] -- Up-to-date: /home/lion/intellicar/ros2_ws/install/carla_waypoint_types/lib/python3.8/site-packages/carla_waypoint_types/carla_waypoint_types_s__rosidl_typesupport_introspection_c.cpython-38-x86_64-linux-gnu.so
[13.985s] -- Up-to-date: /home/lion/intellicar/ros2_ws/install/carla_waypoint_types/lib/python3.8/site-packages/carla_waypoint_types/carla_waypoint_types_s__rosidl_typesupport_c.cpython-38-x86_64-linux-gnu.so
[13.986s] -- Up-to-date: /home/lion/intellicar/ros2_ws/install/carla_waypoint_types/lib/libcarla_waypoint_types__python.so
[13.986s] -- Up-to-date: /home/lion/intellicar/ros2_ws/install/carla_waypoint_types/share/carla_waypoint_types/msg/CarlaWaypoint.idl
[13.986s] -- Up-to-date: /home/lion/intellicar/ros2_ws/install/carla_waypoint_types/share/carla_waypoint_types/srv/GetWaypoint.idl
[13.986s] -- Up-to-date: /home/lion/intellicar/ros2_ws/install/carla_waypoint_types/share/carla_waypoint_types/srv/GetActorWaypoint.idl
[13.986s] -- Up-to-date: /home/lion/intellicar/ros2_ws/install/carla_waypoint_types/share/carla_waypoint_types/msg/CarlaWaypoint.msg
[13.986s] -- Up-to-date: /home/lion/intellicar/ros2_ws/install/carla_waypoint_types/share/carla_waypoint_types/srv/GetWaypoint.srv
[13.986s] -- Up-to-date: /home/lion/intellicar/ros2_ws/install/carla_waypoint_types/share/carla_waypoint_types/srv/GetWaypoint_Request.msg
[13.987s] -- Up-to-date: /home/lion/intellicar/ros2_ws/install/carla_waypoint_types/share/carla_waypoint_types/srv/GetWaypoint_Response.msg
[13.987s] -- Up-to-date: /home/lion/intellicar/ros2_ws/install/carla_waypoint_types/share/carla_waypoint_types/srv/GetActorWaypoint.srv
[13.987s] -- Up-to-date: /home/lion/intellicar/ros2_ws/install/carla_waypoint_types/share/carla_waypoint_types/srv/GetActorWaypoint_Request.msg
[13.987s] -- Up-to-date: /home/lion/intellicar/ros2_ws/install/carla_waypoint_types/share/carla_waypoint_types/srv/GetActorWaypoint_Response.msg
[13.987s] -- Up-to-date: /home/lion/intellicar/ros2_ws/install/carla_waypoint_types/share/ament_index/resource_index/package_run_dependencies/carla_waypoint_types
[13.987s] -- Up-to-date: /home/lion/intellicar/ros2_ws/install/carla_waypoint_types/share/ament_index/resource_index/parent_prefix_path/carla_waypoint_types
[13.987s] -- Up-to-date: /home/lion/intellicar/ros2_ws/install/carla_waypoint_types/share/carla_waypoint_types/environment/ament_prefix_path.sh
[13.987s] -- Up-to-date: /home/lion/intellicar/ros2_ws/install/carla_waypoint_types/share/carla_waypoint_types/environment/ament_prefix_path.dsv
[13.987s] -- Up-to-date: /home/lion/intellicar/ros2_ws/install/carla_waypoint_types/share/carla_waypoint_types/environment/path.sh
[13.992s] -- Up-to-date: /home/lion/intellicar/ros2_ws/install/carla_waypoint_types/share/carla_waypoint_types/environment/path.dsv
[13.992s] -- Up-to-date: /home/lion/intellicar/ros2_ws/install/carla_waypoint_types/share/carla_waypoint_types/local_setup.bash
[13.992s] -- Up-to-date: /home/lion/intellicar/ros2_ws/install/carla_waypoint_types/share/carla_waypoint_types/local_setup.sh
[13.992s] -- Up-to-date: /home/lion/intellicar/ros2_ws/install/carla_waypoint_types/share/carla_waypoint_types/local_setup.zsh
[13.992s] -- Up-to-date: /home/lion/intellicar/ros2_ws/install/carla_waypoint_types/share/carla_waypoint_types/local_setup.dsv
[13.992s] -- Installing: /home/lion/intellicar/ros2_ws/install/carla_waypoint_types/share/carla_waypoint_types/package.dsv
[13.992s] -- Up-to-date: /home/lion/intellicar/ros2_ws/install/carla_waypoint_types/share/ament_index/resource_index/packages/carla_waypoint_types
[13.992s] -- Up-to-date: /home/lion/intellicar/ros2_ws/install/carla_waypoint_types/share/carla_waypoint_types/cmake/carla_waypoint_types__rosidl_generator_cExport.cmake
[13.992s] -- Up-to-date: /home/lion/intellicar/ros2_ws/install/carla_waypoint_types/share/carla_waypoint_types/cmake/carla_waypoint_types__rosidl_generator_cExport-noconfig.cmake
[13.992s] -- Up-to-date: /home/lion/intellicar/ros2_ws/install/carla_waypoint_types/share/carla_waypoint_types/cmake/carla_waypoint_types__rosidl_typesupport_introspection_cExport.cmake
[13.992s] -- Up-to-date: /home/lion/intellicar/ros2_ws/install/carla_waypoint_types/share/carla_waypoint_types/cmake/carla_waypoint_types__rosidl_typesupport_introspection_cExport-noconfig.cmake
[13.992s] -- Up-to-date: /home/lion/intellicar/ros2_ws/install/carla_waypoint_types/share/carla_waypoint_types/cmake/carla_waypoint_types__rosidl_typesupport_cExport.cmake
[13.997s] -- Up-to-date: /home/lion/intellicar/ros2_ws/install/carla_waypoint_types/share/carla_waypoint_types/cmake/carla_waypoint_types__rosidl_typesupport_cExport-noconfig.cmake
[13.998s] -- Up-to-date: /home/lion/intellicar/ros2_ws/install/carla_waypoint_types/share/carla_waypoint_types/cmake/carla_waypoint_types__rosidl_generator_cppExport.cmake
[14.000s] -- Up-to-date: /home/lion/intellicar/ros2_ws/install/carla_waypoint_types/share/carla_waypoint_types/cmake/carla_waypoint_types__rosidl_typesupport_introspection_cppExport.cmake
[14.000s] -- Up-to-date: /home/lion/intellicar/ros2_ws/install/carla_waypoint_types/share/carla_waypoint_types/cmake/carla_waypoint_types__rosidl_typesupport_introspection_cppExport-noconfig.cmake
[14.001s] -- Up-to-date: /home/lion/intellicar/ros2_ws/install/carla_waypoint_types/share/carla_waypoint_types/cmake/carla_waypoint_types__rosidl_typesupport_cppExport.cmake
[14.004s] -- Up-to-date: /home/lion/intellicar/ros2_ws/install/carla_waypoint_types/share/carla_waypoint_types/cmake/carla_waypoint_types__rosidl_typesupport_cppExport-noconfig.cmake
[14.005s] -- Up-to-date: /home/lion/intellicar/ros2_ws/install/carla_waypoint_types/share/carla_waypoint_types/cmake/rosidl_cmake-extras.cmake
[14.005s] -- Up-to-date: /home/lion/intellicar/ros2_ws/install/carla_waypoint_types/share/carla_waypoint_types/cmake/ament_cmake_export_dependencies-extras.cmake
[14.006s] -- Up-to-date: /home/lion/intellicar/ros2_ws/install/carla_waypoint_types/share/carla_waypoint_types/cmake/ament_cmake_export_libraries-extras.cmake
[14.006s] -- Up-to-date: /home/lion/intellicar/ros2_ws/install/carla_waypoint_types/share/carla_waypoint_types/cmake/ament_cmake_export_targets-extras.cmake
[14.006s] -- Up-to-date: /home/lion/intellicar/ros2_ws/install/carla_waypoint_types/share/carla_waypoint_types/cmake/ament_cmake_export_include_directories-extras.cmake
[14.006s] -- Up-to-date: /home/lion/intellicar/ros2_ws/install/carla_waypoint_types/share/carla_waypoint_types/cmake/rosidl_cmake_export_typesupport_libraries-extras.cmake
[14.006s] -- Up-to-date: /home/lion/intellicar/ros2_ws/install/carla_waypoint_types/share/carla_waypoint_types/cmake/rosidl_cmake_export_typesupport_targets-extras.cmake
[14.006s] -- Up-to-date: /home/lion/intellicar/ros2_ws/install/carla_waypoint_types/share/carla_waypoint_types/cmake/carla_waypoint_typesConfig.cmake
[14.006s] -- Up-to-date: /home/lion/intellicar/ros2_ws/install/carla_waypoint_types/share/carla_waypoint_types/cmake/carla_waypoint_typesConfig-version.cmake
[14.007s] -- Up-to-date: /home/lion/intellicar/ros2_ws/install/carla_waypoint_types/share/carla_waypoint_types/package.xml
[17.942s] Invoked command in '/home/lion/intellicar/ros2_ws/build/carla_waypoint_types' returned '0': CMAKE_PREFIX_PATH=${CMAKE_PREFIX_PATH}:/home/lion/intellicar/ros2_ws/install/yolo_detection:/home/lion/intellicar/ros2_ws/install/traffic_light_task:/home/lion/intellicar/ros2_ws/install/carla_ad_demo:/home/lion/intellicar/ros2_ws/install/rqt_carla_control:/home/lion/intellicar/ros2_ws/install/carla_waypoint_publisher:/home/lion/intellicar/ros2_ws/install/carla_ackermann_control:/home/lion/intellicar/ros2_ws/install/carla_ros_bridge:/home/lion/intellicar/ros2_ws/install/carla_spawn_objects:/home/lion/intellicar/ros2_ws/install/carla_manual_control:/home/lion/intellicar/ros2_ws/install/carla_ad_agent:/home/lion/intellicar/ros2_ws/install/ros_compatibility:/home/lion/intellicar/ros2_ws/install/carla_walker_agent:/home/lion/intellicar/ros2_ws/install/carla_twist_to_control:/home/lion/intellicar/ros2_ws/install/carla_ros_scenario_runner:/home/lion/intellicar/ros2_ws/install/carla_common:/opt/ros/foxy /usr/bin/cmake --install /home/lion/intellicar/ros2_ws/build/carla_waypoint_types
