[7.030s] Invoking command in '/home/lion/intellicar/ros2_ws/build/gamepad_driver': CMAKE_PREFIX_PATH=${CMAKE_PREFIX_PATH}:/home/lion/intellicar/ros2_ws/install/carla_ad_demo:/home/lion/intellicar/ros2_ws/install/rqt_carla_control:/home/lion/intellicar/ros2_ws/install/carla_waypoint_publisher:/home/lion/intellicar/ros2_ws/install/carla_ackermann_control:/home/lion/intellicar/ros2_ws/install/carla_ros_bridge:/home/lion/intellicar/ros2_ws/install/carla_spawn_objects:/home/lion/intellicar/ros2_ws/install/carla_manual_control:/home/lion/intellicar/ros2_ws/install/carla_ad_agent:/home/lion/intellicar/ros2_ws/install/ros_compatibility:/home/lion/intellicar/ros2_ws/install/carla_walker_agent:/home/lion/intellicar/ros2_ws/install/carla_twist_to_control:/home/lion/intellicar/ros2_ws/install/carla_ros_scenario_runner:/home/lion/intellicar/ros2_ws/install/carla_common:/opt/ros/foxy /usr/bin/cmake /home/lion/intellicar/ros2_ws/src/gamepad_driver -DCMAKE_INSTALL_PREFIX=/home/lion/intellicar/ros2_ws/install/gamepad_driver
[8.489s] -- The C compiler identification is GNU 9.4.0
[8.489s] -- The CXX compiler identification is GNU 9.4.0
[8.489s] -- Check for working C compiler: /usr/bin/cc
[8.489s] -- Check for working C compiler: /usr/bin/cc -- works
[8.489s] -- Detecting C compiler ABI info
[8.489s] -- Detecting C compiler ABI info - done
[8.489s] -- Detecting C compile features
[8.490s] -- Detecting C compile features - done
[8.490s] -- Check for working CXX compiler: /usr/bin/c++
[8.490s] -- Check for working CXX compiler: /usr/bin/c++ -- works
[8.490s] -- Detecting CXX compiler ABI info
[8.490s] -- Detecting CXX compiler ABI info - done
[8.490s] -- Detecting CXX compile features
[8.490s] -- Detecting CXX compile features - done
[8.490s] -- Found ament_cmake: 0.9.12 (/opt/ros/foxy/share/ament_cmake/cmake)
[8.490s] -- Found PythonInterp: /usr/bin/python3 (found suitable version "3.8.10", minimum required is "3") 
[8.490s] -- Using PYTHON_EXECUTABLE: /usr/bin/python3
[8.865s] -- Found rclcpp: 2.4.3 (/opt/ros/foxy/share/rclcpp/cmake)
[9.080s] -- Using all available rosidl_typesupport_c: rosidl_typesupport_fastrtps_c;rosidl_typesupport_introspection_c
[9.094s] -- Found rosidl_adapter: 1.3.1 (/opt/ros/foxy/share/rosidl_adapter/cmake)
[9.420s] -- Found OpenSSL: /usr/lib/x86_64-linux-gnu/libcrypto.so (found version "1.1.1f")  
[9.492s] -- Found FastRTPS: /opt/ros/foxy/include  
[9.734s] -- Using all available rosidl_typesupport_cpp: rosidl_typesupport_fastrtps_cpp;rosidl_typesupport_introspection_cpp
[9.887s] -- Found rmw_implementation_cmake: 1.0.4 (/opt/ros/foxy/share/rmw_implementation_cmake/cmake)
[9.892s] -- Using RMW implementation 'rmw_fastrtps_cpp' as default
[9.894s] -- Looking for pthread.h
[10.137s] -- Looking for pthread.h - found
[10.138s] -- Performing Test CMAKE_HAVE_LIBC_PTHREAD
[10.293s] -- Performing Test CMAKE_HAVE_LIBC_PTHREAD - Failed
[10.293s] -- Looking for pthread_create in pthreads
[10.434s] -- Looking for pthread_create in pthreads - not found
[10.434s] -- Looking for pthread_create in pthread
[10.600s] -- Looking for pthread_create in pthread - found
[10.600s] -- Found Threads: TRUE  
[10.948s] -- Found geometry_msgs: 2.0.5 (/opt/ros/foxy/share/geometry_msgs/cmake)
[11.010s] -- Found sensor_msgs: 2.0.5 (/opt/ros/foxy/share/sensor_msgs/cmake)
[11.274s] -- Configuring done
[11.295s] -- Generating done
[11.298s] -- Build files have been written to: /home/lion/intellicar/ros2_ws/build/gamepad_driver
[14.452s] Invoked command in '/home/lion/intellicar/ros2_ws/build/gamepad_driver' returned '0': CMAKE_PREFIX_PATH=${CMAKE_PREFIX_PATH}:/home/lion/intellicar/ros2_ws/install/carla_ad_demo:/home/lion/intellicar/ros2_ws/install/rqt_carla_control:/home/lion/intellicar/ros2_ws/install/carla_waypoint_publisher:/home/lion/intellicar/ros2_ws/install/carla_ackermann_control:/home/lion/intellicar/ros2_ws/install/carla_ros_bridge:/home/lion/intellicar/ros2_ws/install/carla_spawn_objects:/home/lion/intellicar/ros2_ws/install/carla_manual_control:/home/lion/intellicar/ros2_ws/install/carla_ad_agent:/home/lion/intellicar/ros2_ws/install/ros_compatibility:/home/lion/intellicar/ros2_ws/install/carla_walker_agent:/home/lion/intellicar/ros2_ws/install/carla_twist_to_control:/home/lion/intellicar/ros2_ws/install/carla_ros_scenario_runner:/home/lion/intellicar/ros2_ws/install/carla_common:/opt/ros/foxy /usr/bin/cmake /home/lion/intellicar/ros2_ws/src/gamepad_driver -DCMAKE_INSTALL_PREFIX=/home/lion/intellicar/ros2_ws/install/gamepad_driver
[14.459s] Invoking command in '/home/lion/intellicar/ros2_ws/build/gamepad_driver': CMAKE_PREFIX_PATH=${CMAKE_PREFIX_PATH}:/home/lion/intellicar/ros2_ws/install/carla_ad_demo:/home/lion/intellicar/ros2_ws/install/rqt_carla_control:/home/lion/intellicar/ros2_ws/install/carla_waypoint_publisher:/home/lion/intellicar/ros2_ws/install/carla_ackermann_control:/home/lion/intellicar/ros2_ws/install/carla_ros_bridge:/home/lion/intellicar/ros2_ws/install/carla_spawn_objects:/home/lion/intellicar/ros2_ws/install/carla_manual_control:/home/lion/intellicar/ros2_ws/install/carla_ad_agent:/home/lion/intellicar/ros2_ws/install/ros_compatibility:/home/lion/intellicar/ros2_ws/install/carla_walker_agent:/home/lion/intellicar/ros2_ws/install/carla_twist_to_control:/home/lion/intellicar/ros2_ws/install/carla_ros_scenario_runner:/home/lion/intellicar/ros2_ws/install/carla_common:/opt/ros/foxy /usr/bin/cmake --build /home/lion/intellicar/ros2_ws/build/gamepad_driver -- -j16 -l16
[15.839s] [35m[1mScanning dependencies of target gamepad_driver_node[0m
[15.839s] [ 50%] [32mBuilding CXX object CMakeFiles/gamepad_driver_node.dir/src/gamepad_driver_node.cpp.o[0m
[26.047s] [100%] [32m[1mLinking CXX executable gamepad_driver_node[0m
[26.821s] [100%] Built target gamepad_driver_node
