[10.037s] Invoking command in '/home/lion/intellicar/ros2_ws/src/yolo_detection': PYTHONPATH=/home/lion/intellicar/ros2_ws/build/yolo_detection/prefix_override:/home/lion/intellicar/ros2_ws/install/yolo_detection/lib/python3.8/site-packages:${PYTHONPATH} /usr/bin/python3 setup.py egg_info --egg-base ../../build/yolo_detection build --build-base /home/lion/intellicar/ros2_ws/build/yolo_detection/build install --record /home/lion/intellicar/ros2_ws/build/yolo_detection/install.log --install-scripts $base/lib/yolo_detection --single-version-externally-managed
[10.378s] running egg_info
[10.380s] writing ../../build/yolo_detection/yolo_detection.egg-info/PKG-INFO
[10.380s] writing dependency_links to ../../build/yolo_detection/yolo_detection.egg-info/dependency_links.txt
[10.380s] writing entry points to ../../build/yolo_detection/yolo_detection.egg-info/entry_points.txt
[10.380s] writing requirements to ../../build/yolo_detection/yolo_detection.egg-info/requires.txt
[10.380s] writing top-level names to ../../build/yolo_detection/yolo_detection.egg-info/top_level.txt
[10.429s] reading manifest file '../../build/yolo_detection/yolo_detection.egg-info/SOURCES.txt'
[10.429s] writing manifest file '../../build/yolo_detection/yolo_detection.egg-info/SOURCES.txt'
[10.430s] running build
[10.432s] running build_py
[10.432s] running install
[10.432s] running install_lib
[10.433s] running install_data
[10.436s] running install_egg_info
[10.438s] removing '/home/lion/intellicar/ros2_ws/install/yolo_detection/lib/python3.8/site-packages/yolo_detection-0.0.0-py3.8.egg-info' (and everything under it)
[10.438s] Copying ../../build/yolo_detection/yolo_detection.egg-info to /home/lion/intellicar/ros2_ws/install/yolo_detection/lib/python3.8/site-packages/yolo_detection-0.0.0-py3.8.egg-info
[10.439s] running install_scripts
[10.472s] Installing prediction_yolov7_node script to /home/lion/intellicar/ros2_ws/install/yolo_detection/lib/yolo_detection
[10.473s] Installing prediction_yolov8_node script to /home/lion/intellicar/ros2_ws/install/yolo_detection/lib/yolo_detection
[10.473s] writing list of installed files to '/home/lion/intellicar/ros2_ws/build/yolo_detection/install.log'
[14.101s] Invoked command in '/home/lion/intellicar/ros2_ws/src/yolo_detection' returned '0': PYTHONPATH=/home/lion/intellicar/ros2_ws/build/yolo_detection/prefix_override:/home/lion/intellicar/ros2_ws/install/yolo_detection/lib/python3.8/site-packages:${PYTHONPATH} /usr/bin/python3 setup.py egg_info --egg-base ../../build/yolo_detection build --build-base /home/lion/intellicar/ros2_ws/build/yolo_detection/build install --record /home/lion/intellicar/ros2_ws/build/yolo_detection/install.log --install-scripts $base/lib/yolo_detection --single-version-externally-managed
