[11.792s] Invoking command in '/home/lion/intellicar/ros2_ws/src/ros-bridge/rqt_carla_control': PYTHONPATH=/home/lion/intellicar/ros2_ws/build/rqt_carla_control/prefix_override:/home/lion/intellicar/ros2_ws/install/rqt_carla_control/lib/python3.8/site-packages:${PYTHONPATH} /usr/bin/python3 setup.py egg_info --egg-base ../../../build/rqt_carla_control build --build-base /home/lion/intellicar/ros2_ws/build/rqt_carla_control/build install --record /home/lion/intellicar/ros2_ws/build/rqt_carla_control/install.log --single-version-externally-managed
[12.231s] running egg_info
[12.231s] writing ../../../build/rqt_carla_control/rqt_carla_control.egg-info/PKG-INFO
[12.231s] writing dependency_links to ../../../build/rqt_carla_control/rqt_carla_control.egg-info/dependency_links.txt
[12.231s] writing requirements to ../../../build/rqt_carla_control/rqt_carla_control.egg-info/requires.txt
[12.231s] writing top-level names to ../../../build/rqt_carla_control/rqt_carla_control.egg-info/top_level.txt
[12.304s] reading manifest file '../../../build/rqt_carla_control/rqt_carla_control.egg-info/SOURCES.txt'
[12.306s] writing manifest file '../../../build/rqt_carla_control/rqt_carla_control.egg-info/SOURCES.txt'
[12.307s] running build
[12.307s] running build_py
[12.307s] running build_scripts
[12.307s] running install
[12.308s] running install_lib
[12.312s] running install_data
[12.313s] running install_egg_info
[12.320s] removing '/home/lion/intellicar/ros2_ws/install/rqt_carla_control/lib/python3.8/site-packages/rqt_carla_control-0.0.0-py3.8.egg-info' (and everything under it)
[12.320s] Copying ../../../build/rqt_carla_control/rqt_carla_control.egg-info to /home/lion/intellicar/ros2_ws/install/rqt_carla_control/lib/python3.8/site-packages/rqt_carla_control-0.0.0-py3.8.egg-info
[12.321s] running install_scripts
[12.356s] changing mode of /home/lion/intellicar/ros2_ws/install/rqt_carla_control/lib/rqt_carla_control/rqt_carla_control to 775
[12.358s] writing list of installed files to '/home/lion/intellicar/ros2_ws/build/rqt_carla_control/install.log'
[17.991s] Invoked command in '/home/lion/intellicar/ros2_ws/src/ros-bridge/rqt_carla_control' returned '0': PYTHONPATH=/home/lion/intellicar/ros2_ws/build/rqt_carla_control/prefix_override:/home/lion/intellicar/ros2_ws/install/rqt_carla_control/lib/python3.8/site-packages:${PYTHONPATH} /usr/bin/python3 setup.py egg_info --egg-base ../../../build/rqt_carla_control build --build-base /home/lion/intellicar/ros2_ws/build/rqt_carla_control/build install --record /home/lion/intellicar/ros2_ws/build/rqt_carla_control/install.log --single-version-externally-managed
