[3.575s] Invoking command in '/home/lion/intellicar/ros2_ws/src/ros-bridge/carla_ros_bridge': AMENT_PREFIX_PATH=/home/lion/intellicar/ros2_ws/install/carla_spawn_objects:/home/lion/intellicar/ros2_ws/install/carla_manual_control:/home/lion/intellicar/ros2_ws/install/ros_compatibility:/home/lion/intellicar/ros2_ws/install/carla_msgs:/home/lion/intellicar/ros2_ws/install/carla_common:${AMENT_PREFIX_PATH} CMAKE_PREFIX_PATH=/home/lion/intellicar/ros2_ws/install/carla_msgs LD_LIBRARY_PATH=/home/lion/intellicar/ros2_ws/install/carla_msgs/lib:${LD_LIBRARY_PATH} PYTHONPATH=/home/lion/intellicar/ros2_ws/build/carla_ros_bridge/prefix_override:/home/lion/intellicar/ros2_ws/install/carla_ros_bridge/lib/python3.8/site-packages:/home/lion/intellicar/ros2_ws/install/carla_spawn_objects/lib/python3.8/site-packages:/home/lion/intellicar/ros2_ws/install/carla_manual_control/lib/python3.8/site-packages:/home/lion/intellicar/ros2_ws/install/ros_compatibility/lib/python3.8/site-packages:/home/lion/intellicar/ros2_ws/install/carla_msgs/lib/python3.8/site-packages:/home/lion/intellicar/ros2_ws/install/carla_common/lib/python3.8/site-packages:${PYTHONPATH} /usr/bin/python3 setup.py egg_info --egg-base ../../../build/carla_ros_bridge build --build-base /home/lion/intellicar/ros2_ws/build/carla_ros_bridge/build install --record /home/lion/intellicar/ros2_ws/build/carla_ros_bridge/install.log --single-version-externally-managed
[3.877s] running egg_info
[3.878s] writing ../../../build/carla_ros_bridge/carla_ros_bridge.egg-info/PKG-INFO
[3.878s] writing dependency_links to ../../../build/carla_ros_bridge/carla_ros_bridge.egg-info/dependency_links.txt
[3.878s] writing entry points to ../../../build/carla_ros_bridge/carla_ros_bridge.egg-info/entry_points.txt
[3.879s] writing requirements to ../../../build/carla_ros_bridge/carla_ros_bridge.egg-info/requires.txt
[3.879s] writing top-level names to ../../../build/carla_ros_bridge/carla_ros_bridge.egg-info/top_level.txt
[3.922s] reading manifest file '../../../build/carla_ros_bridge/carla_ros_bridge.egg-info/SOURCES.txt'
[3.924s] writing manifest file '../../../build/carla_ros_bridge/carla_ros_bridge.egg-info/SOURCES.txt'
[3.924s] running build
[3.924s] running build_py
[3.926s] running install
[3.928s] running install_lib
[3.932s] running install_data
[3.933s] running install_egg_info
[3.935s] removing '/home/lion/intellicar/ros2_ws/install/carla_ros_bridge/lib/python3.8/site-packages/carla_ros_bridge-0.0.0-py3.8.egg-info' (and everything under it)
[3.936s] Copying ../../../build/carla_ros_bridge/carla_ros_bridge.egg-info to /home/lion/intellicar/ros2_ws/install/carla_ros_bridge/lib/python3.8/site-packages/carla_ros_bridge-0.0.0-py3.8.egg-info
[3.937s] running install_scripts
[3.963s] Installing bridge script to /home/lion/intellicar/ros2_ws/install/carla_ros_bridge/lib/carla_ros_bridge
[3.964s] writing list of installed files to '/home/lion/intellicar/ros2_ws/build/carla_ros_bridge/install.log'
[4.017s] Invoked command in '/home/lion/intellicar/ros2_ws/src/ros-bridge/carla_ros_bridge' returned '0': AMENT_PREFIX_PATH=/home/lion/intellicar/ros2_ws/install/carla_spawn_objects:/home/lion/intellicar/ros2_ws/install/carla_manual_control:/home/lion/intellicar/ros2_ws/install/ros_compatibility:/home/lion/intellicar/ros2_ws/install/carla_msgs:/home/lion/intellicar/ros2_ws/install/carla_common:${AMENT_PREFIX_PATH} CMAKE_PREFIX_PATH=/home/lion/intellicar/ros2_ws/install/carla_msgs LD_LIBRARY_PATH=/home/lion/intellicar/ros2_ws/install/carla_msgs/lib:${LD_LIBRARY_PATH} PYTHONPATH=/home/lion/intellicar/ros2_ws/build/carla_ros_bridge/prefix_override:/home/lion/intellicar/ros2_ws/install/carla_ros_bridge/lib/python3.8/site-packages:/home/lion/intellicar/ros2_ws/install/carla_spawn_objects/lib/python3.8/site-packages:/home/lion/intellicar/ros2_ws/install/carla_manual_control/lib/python3.8/site-packages:/home/lion/intellicar/ros2_ws/install/ros_compatibility/lib/python3.8/site-packages:/home/lion/intellicar/ros2_ws/install/carla_msgs/lib/python3.8/site-packages:/home/lion/intellicar/ros2_ws/install/carla_common/lib/python3.8/site-packages:${PYTHONPATH} /usr/bin/python3 setup.py egg_info --egg-base ../../../build/carla_ros_bridge build --build-base /home/lion/intellicar/ros2_ws/build/carla_ros_bridge/build install --record /home/lion/intellicar/ros2_ws/build/carla_ros_bridge/install.log --single-version-externally-managed
