[8.054s] Invoking command in '/home/lion/intellicar/ros2_ws/src/ros-bridge/ros_compatibility': PYTHONPATH=/home/lion/intellicar/ros2_ws/build/ros_compatibility/prefix_override:/home/lion/intellicar/ros2_ws/install/ros_compatibility/lib/python3.8/site-packages:${PYTHONPATH} /usr/bin/python3 setup.py egg_info --egg-base ../../../build/ros_compatibility build --build-base /home/lion/intellicar/ros2_ws/build/ros_compatibility/build install --record /home/lion/intellicar/ros2_ws/build/ros_compatibility/install.log --single-version-externally-managed
[8.483s] running egg_info
[8.484s] creating ../../../build/ros_compatibility/ros_compatibility.egg-info
[8.484s] writing ../../../build/ros_compatibility/ros_compatibility.egg-info/PKG-INFO
[8.484s] writing dependency_links to ../../../build/ros_compatibility/ros_compatibility.egg-info/dependency_links.txt
[8.484s] writing requirements to ../../../build/ros_compatibility/ros_compatibility.egg-info/requires.txt
[8.485s] writing top-level names to ../../../build/ros_compatibility/ros_compatibility.egg-info/top_level.txt
[8.487s] writing manifest file '../../../build/ros_compatibility/ros_compatibility.egg-info/SOURCES.txt'
[8.535s] reading manifest file '../../../build/ros_compatibility/ros_compatibility.egg-info/SOURCES.txt'
[8.536s] writing manifest file '../../../build/ros_compatibility/ros_compatibility.egg-info/SOURCES.txt'
[8.537s] running build
[8.537s] running build_py
[8.538s] creating /home/lion/intellicar/ros2_ws/build/ros_compatibility/build
[8.538s] creating /home/lion/intellicar/ros2_ws/build/ros_compatibility/build/lib
[8.538s] creating /home/lion/intellicar/ros2_ws/build/ros_compatibility/build/lib/ros_compatibility
[8.538s] copying src/ros_compatibility/qos.py -> /home/lion/intellicar/ros2_ws/build/ros_compatibility/build/lib/ros_compatibility
[8.539s] copying src/ros_compatibility/logging.py -> /home/lion/intellicar/ros2_ws/build/ros_compatibility/build/lib/ros_compatibility
[8.539s] copying src/ros_compatibility/node.py -> /home/lion/intellicar/ros2_ws/build/ros_compatibility/build/lib/ros_compatibility
[8.540s] copying src/ros_compatibility/callback_groups.py -> /home/lion/intellicar/ros2_ws/build/ros_compatibility/build/lib/ros_compatibility
[8.540s] copying src/ros_compatibility/__init__.py -> /home/lion/intellicar/ros2_ws/build/ros_compatibility/build/lib/ros_compatibility
[8.540s] copying src/ros_compatibility/exceptions.py -> /home/lion/intellicar/ros2_ws/build/ros_compatibility/build/lib/ros_compatibility
[8.541s] copying src/ros_compatibility/executors.py -> /home/lion/intellicar/ros2_ws/build/ros_compatibility/build/lib/ros_compatibility
[8.541s] copying src/ros_compatibility/core.py -> /home/lion/intellicar/ros2_ws/build/ros_compatibility/build/lib/ros_compatibility
[8.542s] running install
[8.544s] running install_lib
[8.546s] creating /home/lion/intellicar/ros2_ws/install/ros_compatibility/lib/python3.8/site-packages/ros_compatibility
[8.547s] copying /home/lion/intellicar/ros2_ws/build/ros_compatibility/build/lib/ros_compatibility/qos.py -> /home/lion/intellicar/ros2_ws/install/ros_compatibility/lib/python3.8/site-packages/ros_compatibility
[8.547s] copying /home/lion/intellicar/ros2_ws/build/ros_compatibility/build/lib/ros_compatibility/logging.py -> /home/lion/intellicar/ros2_ws/install/ros_compatibility/lib/python3.8/site-packages/ros_compatibility
[8.547s] copying /home/lion/intellicar/ros2_ws/build/ros_compatibility/build/lib/ros_compatibility/node.py -> /home/lion/intellicar/ros2_ws/install/ros_compatibility/lib/python3.8/site-packages/ros_compatibility
[8.548s] copying /home/lion/intellicar/ros2_ws/build/ros_compatibility/build/lib/ros_compatibility/callback_groups.py -> /home/lion/intellicar/ros2_ws/install/ros_compatibility/lib/python3.8/site-packages/ros_compatibility
[8.548s] copying /home/lion/intellicar/ros2_ws/build/ros_compatibility/build/lib/ros_compatibility/__init__.py -> /home/lion/intellicar/ros2_ws/install/ros_compatibility/lib/python3.8/site-packages/ros_compatibility
[8.548s] copying /home/lion/intellicar/ros2_ws/build/ros_compatibility/build/lib/ros_compatibility/exceptions.py -> /home/lion/intellicar/ros2_ws/install/ros_compatibility/lib/python3.8/site-packages/ros_compatibility
[8.549s] copying /home/lion/intellicar/ros2_ws/build/ros_compatibility/build/lib/ros_compatibility/executors.py -> /home/lion/intellicar/ros2_ws/install/ros_compatibility/lib/python3.8/site-packages/ros_compatibility
[8.549s] copying /home/lion/intellicar/ros2_ws/build/ros_compatibility/build/lib/ros_compatibility/core.py -> /home/lion/intellicar/ros2_ws/install/ros_compatibility/lib/python3.8/site-packages/ros_compatibility
[8.550s] byte-compiling /home/lion/intellicar/ros2_ws/install/ros_compatibility/lib/python3.8/site-packages/ros_compatibility/qos.py to qos.cpython-38.pyc
[8.553s] byte-compiling /home/lion/intellicar/ros2_ws/install/ros_compatibility/lib/python3.8/site-packages/ros_compatibility/logging.py to logging.cpython-38.pyc
[8.555s] byte-compiling /home/lion/intellicar/ros2_ws/install/ros_compatibility/lib/python3.8/site-packages/ros_compatibility/node.py to node.cpython-38.pyc
[8.559s] byte-compiling /home/lion/intellicar/ros2_ws/install/ros_compatibility/lib/python3.8/site-packages/ros_compatibility/callback_groups.py to callback_groups.cpython-38.pyc
[8.560s] byte-compiling /home/lion/intellicar/ros2_ws/install/ros_compatibility/lib/python3.8/site-packages/ros_compatibility/__init__.py to __init__.cpython-38.pyc
[8.562s] byte-compiling /home/lion/intellicar/ros2_ws/install/ros_compatibility/lib/python3.8/site-packages/ros_compatibility/exceptions.py to exceptions.cpython-38.pyc
[8.563s] byte-compiling /home/lion/intellicar/ros2_ws/install/ros_compatibility/lib/python3.8/site-packages/ros_compatibility/executors.py to executors.cpython-38.pyc
[8.564s] byte-compiling /home/lion/intellicar/ros2_ws/install/ros_compatibility/lib/python3.8/site-packages/ros_compatibility/core.py to core.cpython-38.pyc
[8.564s] running install_data
[8.566s] creating /home/lion/intellicar/ros2_ws/install/ros_compatibility/share/ament_index
[8.567s] creating /home/lion/intellicar/ros2_ws/install/ros_compatibility/share/ament_index/resource_index
[8.567s] creating /home/lion/intellicar/ros2_ws/install/ros_compatibility/share/ament_index/resource_index/packages
[8.567s] copying resource/ros_compatibility -> /home/lion/intellicar/ros2_ws/install/ros_compatibility/share/ament_index/resource_index/packages
[8.568s] copying package.xml -> /home/lion/intellicar/ros2_ws/install/ros_compatibility/share/ros_compatibility
[8.568s] running install_egg_info
[8.573s] Copying ../../../build/ros_compatibility/ros_compatibility.egg-info to /home/lion/intellicar/ros2_ws/install/ros_compatibility/lib/python3.8/site-packages/ros_compatibility-0.0.0-py3.8.egg-info
[8.574s] running install_scripts
[8.609s] writing list of installed files to '/home/lion/intellicar/ros2_ws/build/ros_compatibility/install.log'
[9.303s] Invoked command in '/home/lion/intellicar/ros2_ws/src/ros-bridge/ros_compatibility' returned '0': PYTHONPATH=/home/lion/intellicar/ros2_ws/build/ros_compatibility/prefix_override:/home/lion/intellicar/ros2_ws/install/ros_compatibility/lib/python3.8/site-packages:${PYTHONPATH} /usr/bin/python3 setup.py egg_info --egg-base ../../../build/ros_compatibility build --build-base /home/lion/intellicar/ros2_ws/build/ros_compatibility/build install --record /home/lion/intellicar/ros2_ws/build/ros_compatibility/install.log --single-version-externally-managed
