[8.699s] DEBUG:colcon:Command line arguments: ['/usr/bin/colcon', 'build']
[8.699s] DEBUG:colcon:Parsed command line arguments: Namespace(allow_overriding=[], ament_cmake_args=None, base_paths=['.'], build_base='build', catkin_cmake_args=None, catkin_skip_building_tests=False, cmake_args=None, cmake_clean_cache=False, cmake_clean_first=False, cmake_force_configure=False, cmake_target=None, cmake_target_skip_unavailable=False, continue_on_error=False, event_handlers=None, executor='parallel', ignore_user_meta=False, install_base='install', log_base=None, log_level=None, main=<bound method BuildVerb.main of <colcon_core.verb.build.BuildVerb object at 0x7f071e092190>>, merge_install=False, metas=['./colcon.meta'], packages_above=None, packages_above_and_dependencies=None, packages_above_depth=None, packages_end=None, packages_ignore=None, packages_ignore_regex=None, packages_select=None, packages_select_build_failed=False, packages_select_by_dep=None, packages_select_regex=None, packages_select_test_failures=False, packages_skip=None, packages_skip_build_finished=False, packages_skip_by_dep=None, packages_skip_regex=None, packages_skip_test_passed=False, packages_skip_up_to=None, packages_start=None, packages_up_to=None, packages_up_to_regex=None, parallel_workers=16, paths=None, symlink_install=False, test_result_base=None, verb_extension=<colcon_core.verb.build.BuildVerb object at 0x7f071e092190>, verb_name='build', verb_parser=<colcon_defaults.argument_parser.defaults.DefaultArgumentsDecorator object at 0x7f071e092460>)
[9.063s] Level 1:colcon.colcon_core.package_discovery:discover_packages(colcon_meta) check parameters
[9.063s] Level 1:colcon.colcon_core.package_discovery:discover_packages(recursive) check parameters
[9.063s] Level 1:colcon.colcon_core.package_discovery:discover_packages(ignore) check parameters
[9.063s] Level 1:colcon.colcon_core.package_discovery:discover_packages(path) check parameters
[9.063s] Level 1:colcon.colcon_core.package_discovery:discover_packages(colcon_meta) discover
[9.063s] Level 1:colcon.colcon_core.package_discovery:discover_packages(recursive) discover
[9.063s] INFO:colcon.colcon_core.package_discovery:Crawling recursively for packages in '/home/lion/intellicar/ros2_ws/src/gamepad_driver'
[9.063s] Level 1:colcon.colcon_core.package_identification:_identify(.) by extensions ['ignore', 'ignore_ament_install']
[9.064s] Level 1:colcon.colcon_core.package_identification:_identify(.) by extension 'ignore'
[9.064s] Level 1:colcon.colcon_core.package_identification:_identify(.) by extension 'ignore_ament_install'
[9.064s] Level 1:colcon.colcon_core.package_identification:_identify(.) by extensions ['colcon_pkg']
[9.064s] Level 1:colcon.colcon_core.package_identification:_identify(.) by extension 'colcon_pkg'
[9.064s] Level 1:colcon.colcon_core.package_identification:_identify(.) by extensions ['colcon_meta']
[9.064s] Level 1:colcon.colcon_core.package_identification:_identify(.) by extension 'colcon_meta'
[9.064s] Level 1:colcon.colcon_core.package_identification:_identify(.) by extensions ['ros']
[9.064s] Level 1:colcon.colcon_core.package_identification:_identify(.) by extension 'ros'
[9.083s] DEBUG:colcon.colcon_core.package_identification:Package '.' with type 'ros.ament_cmake' and name 'gamepad_driver'
[9.083s] Level 1:colcon.colcon_core.package_discovery:discover_packages(recursive) using defaults
[9.083s] Level 1:colcon.colcon_core.package_discovery:discover_packages(ignore) discover
[9.083s] Level 1:colcon.colcon_core.package_discovery:discover_packages(ignore) using defaults
[9.083s] Level 1:colcon.colcon_core.package_discovery:discover_packages(path) discover
[9.083s] Level 1:colcon.colcon_core.package_discovery:discover_packages(path) using defaults
[9.961s] Level 1:colcon.colcon_core.package_discovery:discover_packages(prefix_path) check parameters
[9.961s] Level 1:colcon.colcon_core.package_discovery:discover_packages(prefix_path) discover
[10.271s] DEBUG:colcon.colcon_installed_package_information.package_discovery:Found 259 installed packages in /opt/ros/foxy
[10.274s] Level 1:colcon.colcon_core.package_discovery:discover_packages(prefix_path) using defaults
[10.704s] Level 5:colcon.colcon_core.verb:set package 'gamepad_driver' build argument 'cmake_args' from command line to 'None'
[10.704s] Level 5:colcon.colcon_core.verb:set package 'gamepad_driver' build argument 'cmake_target' from command line to 'None'
[10.704s] Level 5:colcon.colcon_core.verb:set package 'gamepad_driver' build argument 'cmake_target_skip_unavailable' from command line to 'False'
[10.704s] Level 5:colcon.colcon_core.verb:set package 'gamepad_driver' build argument 'cmake_clean_cache' from command line to 'False'
[10.704s] Level 5:colcon.colcon_core.verb:set package 'gamepad_driver' build argument 'cmake_clean_first' from command line to 'False'
[10.705s] Level 5:colcon.colcon_core.verb:set package 'gamepad_driver' build argument 'cmake_force_configure' from command line to 'False'
[10.705s] Level 5:colcon.colcon_core.verb:set package 'gamepad_driver' build argument 'ament_cmake_args' from command line to 'None'
[10.705s] Level 5:colcon.colcon_core.verb:set package 'gamepad_driver' build argument 'catkin_cmake_args' from command line to 'None'
[10.705s] Level 5:colcon.colcon_core.verb:set package 'gamepad_driver' build argument 'catkin_skip_building_tests' from command line to 'False'
[10.705s] DEBUG:colcon.colcon_core.verb:Building package 'gamepad_driver' with the following arguments: {'ament_cmake_args': None, 'build_base': '/home/lion/intellicar/ros2_ws/src/gamepad_driver/build/gamepad_driver', 'catkin_cmake_args': None, 'catkin_skip_building_tests': False, 'cmake_args': None, 'cmake_clean_cache': False, 'cmake_clean_first': False, 'cmake_force_configure': False, 'cmake_target': None, 'cmake_target_skip_unavailable': False, 'install_base': '/home/lion/intellicar/ros2_ws/src/gamepad_driver/install/gamepad_driver', 'merge_install': False, 'path': '/home/lion/intellicar/ros2_ws/src/gamepad_driver', 'symlink_install': False, 'test_result_base': None}
[10.869s] INFO:colcon.colcon_core.executor:Executing jobs using 'parallel' executor
[11.076s] DEBUG:colcon.colcon_parallel_executor.executor.parallel:run_until_complete
[11.077s] INFO:colcon.colcon_ros.task.ament_cmake.build:Building ROS package in '/home/lion/intellicar/ros2_ws/src/gamepad_driver' with build type 'ament_cmake'
[11.077s] INFO:colcon.colcon_cmake.task.cmake.build:Building CMake package in '/home/lion/intellicar/ros2_ws/src/gamepad_driver'
[11.239s] INFO:colcon.colcon_core.plugin_system:Skipping extension 'colcon_core.shell.bat': Not used on non-Windows systems
[11.239s] INFO:colcon.colcon_core.shell:Skip shell extension 'powershell' for command environment: Not usable outside of PowerShell
[11.239s] DEBUG:colcon.colcon_core.shell:Skip shell extension 'dsv' for command environment
[11.575s] DEBUG:colcon.colcon_core.event_handler.log_command:Invoking command in '/home/lion/intellicar/ros2_ws/src/gamepad_driver/build/gamepad_driver': CMAKE_PREFIX_PATH=/opt/ros/foxy /usr/bin/cmake /home/lion/intellicar/ros2_ws/src/gamepad_driver -DCMAKE_INSTALL_PREFIX=/home/lion/intellicar/ros2_ws/src/gamepad_driver/install/gamepad_driver
[13.893s] DEBUG:colcon.colcon_core.event_handler.log_command:Invoked command in '/home/lion/intellicar/ros2_ws/src/gamepad_driver/build/gamepad_driver' returned '0': CMAKE_PREFIX_PATH=/opt/ros/foxy /usr/bin/cmake /home/lion/intellicar/ros2_ws/src/gamepad_driver -DCMAKE_INSTALL_PREFIX=/home/lion/intellicar/ros2_ws/src/gamepad_driver/install/gamepad_driver
[13.895s] DEBUG:colcon.colcon_core.event_handler.log_command:Invoking command in '/home/lion/intellicar/ros2_ws/src/gamepad_driver/build/gamepad_driver': CMAKE_PREFIX_PATH=/opt/ros/foxy /usr/bin/cmake --build /home/lion/intellicar/ros2_ws/src/gamepad_driver/build/gamepad_driver -- -j16 -l16
[22.684s] DEBUG:colcon.colcon_core.event_handler.log_command:Invoked command in '/home/lion/intellicar/ros2_ws/src/gamepad_driver/build/gamepad_driver' returned '0': CMAKE_PREFIX_PATH=/opt/ros/foxy /usr/bin/cmake --build /home/lion/intellicar/ros2_ws/src/gamepad_driver/build/gamepad_driver -- -j16 -l16
[22.736s] DEBUG:colcon.colcon_core.event_handler.log_command:Invoking command in '/home/lion/intellicar/ros2_ws/src/gamepad_driver/build/gamepad_driver': CMAKE_PREFIX_PATH=/opt/ros/foxy /usr/bin/cmake --install /home/lion/intellicar/ros2_ws/src/gamepad_driver/build/gamepad_driver
[22.760s] Level 1:colcon.colcon_core.environment:create_environment_scripts_only(gamepad_driver)
[22.760s] DEBUG:colcon.colcon_core.event_handler.log_command:Invoked command in '/home/lion/intellicar/ros2_ws/src/gamepad_driver/build/gamepad_driver' returned '0': CMAKE_PREFIX_PATH=/opt/ros/foxy /usr/bin/cmake --install /home/lion/intellicar/ros2_ws/src/gamepad_driver/build/gamepad_driver
[22.931s] Level 1:colcon.colcon_core.environment:checking '/home/lion/intellicar/ros2_ws/src/gamepad_driver/install/gamepad_driver' for CMake module files
[22.932s] Level 1:colcon.colcon_core.environment:checking '/home/lion/intellicar/ros2_ws/src/gamepad_driver/install/gamepad_driver' for CMake config files
[22.932s] Level 1:colcon.colcon_core.shell:create_environment_hook('gamepad_driver', 'cmake_prefix_path')
[23.098s] INFO:colcon.colcon_core.shell:Creating environment hook '/home/lion/intellicar/ros2_ws/src/gamepad_driver/install/gamepad_driver/share/gamepad_driver/hook/cmake_prefix_path.ps1'
[23.099s] INFO:colcon.colcon_core.shell:Creating environment descriptor '/home/lion/intellicar/ros2_ws/src/gamepad_driver/install/gamepad_driver/share/gamepad_driver/hook/cmake_prefix_path.dsv'
[23.099s] INFO:colcon.colcon_core.shell:Creating environment hook '/home/lion/intellicar/ros2_ws/src/gamepad_driver/install/gamepad_driver/share/gamepad_driver/hook/cmake_prefix_path.sh'
[23.101s] Level 1:colcon.colcon_core.environment:checking '/home/lion/intellicar/ros2_ws/src/gamepad_driver/install/gamepad_driver/lib'
[23.101s] Level 1:colcon.colcon_core.environment:checking '/home/lion/intellicar/ros2_ws/src/gamepad_driver/install/gamepad_driver/bin'
[23.101s] Level 1:colcon.colcon_core.environment:checking '/home/lion/intellicar/ros2_ws/src/gamepad_driver/install/gamepad_driver/lib/pkgconfig/gamepad_driver.pc'
[23.101s] Level 1:colcon.colcon_core.environment:checking '/home/lion/intellicar/ros2_ws/src/gamepad_driver/install/gamepad_driver/lib/python3.8/site-packages'
[23.102s] Level 1:colcon.colcon_core.environment:checking '/home/lion/intellicar/ros2_ws/src/gamepad_driver/install/gamepad_driver/bin'
[23.276s] INFO:colcon.colcon_core.shell:Creating package script '/home/lion/intellicar/ros2_ws/src/gamepad_driver/install/gamepad_driver/share/gamepad_driver/package.ps1'
[23.278s] INFO:colcon.colcon_core.shell:Creating package descriptor '/home/lion/intellicar/ros2_ws/src/gamepad_driver/install/gamepad_driver/share/gamepad_driver/package.dsv'
[23.279s] INFO:colcon.colcon_core.shell:Creating package script '/home/lion/intellicar/ros2_ws/src/gamepad_driver/install/gamepad_driver/share/gamepad_driver/package.sh'
[23.280s] INFO:colcon.colcon_core.shell:Creating package script '/home/lion/intellicar/ros2_ws/src/gamepad_driver/install/gamepad_driver/share/gamepad_driver/package.bash'
[23.281s] INFO:colcon.colcon_core.shell:Creating package script '/home/lion/intellicar/ros2_ws/src/gamepad_driver/install/gamepad_driver/share/gamepad_driver/package.zsh'
[23.281s] Level 1:colcon.colcon_core.environment:create_file_with_runtime_dependencies(/home/lion/intellicar/ros2_ws/src/gamepad_driver/install/gamepad_driver/share/colcon-core/packages/gamepad_driver)
[23.485s] Level 1:colcon.colcon_core.environment:create_environment_scripts_only(gamepad_driver)
[23.659s] Level 1:colcon.colcon_core.environment:checking '/home/lion/intellicar/ros2_ws/src/gamepad_driver/install/gamepad_driver' for CMake module files
[23.660s] Level 1:colcon.colcon_core.environment:checking '/home/lion/intellicar/ros2_ws/src/gamepad_driver/install/gamepad_driver' for CMake config files
[23.660s] Level 1:colcon.colcon_core.shell:create_environment_hook('gamepad_driver', 'cmake_prefix_path')
[23.833s] INFO:colcon.colcon_core.shell:Creating environment hook '/home/lion/intellicar/ros2_ws/src/gamepad_driver/install/gamepad_driver/share/gamepad_driver/hook/cmake_prefix_path.ps1'
[23.834s] INFO:colcon.colcon_core.shell:Creating environment descriptor '/home/lion/intellicar/ros2_ws/src/gamepad_driver/install/gamepad_driver/share/gamepad_driver/hook/cmake_prefix_path.dsv'
[23.835s] INFO:colcon.colcon_core.shell:Creating environment hook '/home/lion/intellicar/ros2_ws/src/gamepad_driver/install/gamepad_driver/share/gamepad_driver/hook/cmake_prefix_path.sh'
[23.835s] Level 1:colcon.colcon_core.environment:checking '/home/lion/intellicar/ros2_ws/src/gamepad_driver/install/gamepad_driver/lib'
[23.836s] Level 1:colcon.colcon_core.environment:checking '/home/lion/intellicar/ros2_ws/src/gamepad_driver/install/gamepad_driver/bin'
[23.836s] Level 1:colcon.colcon_core.environment:checking '/home/lion/intellicar/ros2_ws/src/gamepad_driver/install/gamepad_driver/lib/pkgconfig/gamepad_driver.pc'
[23.836s] Level 1:colcon.colcon_core.environment:checking '/home/lion/intellicar/ros2_ws/src/gamepad_driver/install/gamepad_driver/lib/python3.8/site-packages'
[23.836s] Level 1:colcon.colcon_core.environment:checking '/home/lion/intellicar/ros2_ws/src/gamepad_driver/install/gamepad_driver/bin'
[24.008s] INFO:colcon.colcon_core.shell:Creating package script '/home/lion/intellicar/ros2_ws/src/gamepad_driver/install/gamepad_driver/share/gamepad_driver/package.ps1'
[24.009s] INFO:colcon.colcon_core.shell:Creating package descriptor '/home/lion/intellicar/ros2_ws/src/gamepad_driver/install/gamepad_driver/share/gamepad_driver/package.dsv'
[24.009s] INFO:colcon.colcon_core.shell:Creating package script '/home/lion/intellicar/ros2_ws/src/gamepad_driver/install/gamepad_driver/share/gamepad_driver/package.sh'
[24.010s] INFO:colcon.colcon_core.shell:Creating package script '/home/lion/intellicar/ros2_ws/src/gamepad_driver/install/gamepad_driver/share/gamepad_driver/package.bash'
[24.010s] INFO:colcon.colcon_core.shell:Creating package script '/home/lion/intellicar/ros2_ws/src/gamepad_driver/install/gamepad_driver/share/gamepad_driver/package.zsh'
[24.011s] Level 1:colcon.colcon_core.environment:create_file_with_runtime_dependencies(/home/lion/intellicar/ros2_ws/src/gamepad_driver/install/gamepad_driver/share/colcon-core/packages/gamepad_driver)
[24.011s] DEBUG:colcon.colcon_parallel_executor.executor.parallel:closing loop
[24.011s] DEBUG:colcon.colcon_parallel_executor.executor.parallel:loop closed
[24.011s] DEBUG:colcon.colcon_parallel_executor.executor.parallel:run_until_complete finished with '0'
[24.011s] DEBUG:colcon.colcon_core.event_reactor:joining thread
[24.199s] INFO:colcon.colcon_core.plugin_system:Skipping extension 'colcon_notification.desktop_notification.terminal_notifier': Not used on non-Darwin systems
[24.199s] INFO:colcon.colcon_core.plugin_system:Skipping extension 'colcon_notification.desktop_notification.win32': Not used on non-Windows systems
[24.199s] INFO:colcon.colcon_notification.desktop_notification:Sending desktop notification using 'notify2'
[24.212s] DEBUG:colcon.colcon_core.event_reactor:joined thread
[24.374s] INFO:colcon.colcon_core.shell:Creating prefix script '/home/lion/intellicar/ros2_ws/src/gamepad_driver/install/local_setup.ps1'
[24.375s] INFO:colcon.colcon_core.shell:Creating prefix util module '/home/lion/intellicar/ros2_ws/src/gamepad_driver/install/_local_setup_util_ps1.py'
[24.377s] INFO:colcon.colcon_core.shell:Creating prefix chain script '/home/lion/intellicar/ros2_ws/src/gamepad_driver/install/setup.ps1'
[24.541s] INFO:colcon.colcon_core.shell:Creating prefix script '/home/lion/intellicar/ros2_ws/src/gamepad_driver/install/local_setup.sh'
[24.542s] INFO:colcon.colcon_core.shell:Creating prefix util module '/home/lion/intellicar/ros2_ws/src/gamepad_driver/install/_local_setup_util_sh.py'
[24.542s] INFO:colcon.colcon_core.shell:Creating prefix chain script '/home/lion/intellicar/ros2_ws/src/gamepad_driver/install/setup.sh'
[24.700s] INFO:colcon.colcon_core.shell:Creating prefix script '/home/lion/intellicar/ros2_ws/src/gamepad_driver/install/local_setup.bash'
[24.701s] INFO:colcon.colcon_core.shell:Creating prefix chain script '/home/lion/intellicar/ros2_ws/src/gamepad_driver/install/setup.bash'
[24.863s] INFO:colcon.colcon_core.shell:Creating prefix script '/home/lion/intellicar/ros2_ws/src/gamepad_driver/install/local_setup.zsh'
[24.864s] INFO:colcon.colcon_core.shell:Creating prefix chain script '/home/lion/intellicar/ros2_ws/src/gamepad_driver/install/setup.zsh'
