[8.434s] Invoking command in '/home/lion/intellicar/ros2_ws/build/carla_ros_scenario_runner_types': CMAKE_PREFIX_PATH=${CMAKE_PREFIX_PATH}:/home/lion/intellicar/ros2_ws/install/yolo_detection:/home/lion/intellicar/ros2_ws/install/traffic_light_task:/home/lion/intellicar/ros2_ws/install/carla_ad_demo:/home/lion/intellicar/ros2_ws/install/rqt_carla_control:/home/lion/intellicar/ros2_ws/install/carla_waypoint_publisher:/home/lion/intellicar/ros2_ws/install/carla_ackermann_control:/home/lion/intellicar/ros2_ws/install/carla_ros_bridge:/home/lion/intellicar/ros2_ws/install/carla_spawn_objects:/home/lion/intellicar/ros2_ws/install/carla_manual_control:/home/lion/intellicar/ros2_ws/install/carla_ad_agent:/home/lion/intellicar/ros2_ws/install/ros_compatibility:/home/lion/intellicar/ros2_ws/install/carla_walker_agent:/home/lion/intellicar/ros2_ws/install/carla_twist_to_control:/home/lion/intellicar/ros2_ws/install/carla_ros_scenario_runner:/home/lion/intellicar/ros2_ws/install/carla_common:/opt/ros/foxy /usr/bin/cmake --build /home/lion/intellicar/ros2_ws/build/carla_ros_scenario_runner_types -- -j16 -l16
[13.027s] [  1%] Built target carla_ros_scenario_runner_types__cpp
[13.027s] [ 12%] Built target carla_ros_scenario_runner_types__rosidl_generator_c
[13.027s] [ 23%] Built target carla_ros_scenario_runner_types__rosidl_typesupport_introspection_cpp
[13.027s] [ 34%] Built target carla_ros_scenario_runner_types__rosidl_typesupport_c
[13.027s] [ 45%] Built target carla_ros_scenario_runner_types__rosidl_typesupport_introspection_c
[13.027s] [ 56%] Built target carla_ros_scenario_runner_types__rosidl_typesupport_fastrtps_cpp
[13.028s] [ 67%] Built target carla_ros_scenario_runner_types__rosidl_typesupport_cpp
[13.028s] [ 78%] Built target carla_ros_scenario_runner_types__rosidl_typesupport_fastrtps_c
[13.028s] [ 78%] Built target carla_ros_scenario_runner_types
[13.028s] [ 80%] Built target carla_ros_scenario_runner_types__py
[13.028s] [ 89%] Built target carla_ros_scenario_runner_types__python
[13.028s] [ 92%] Built target carla_ros_scenario_runner_types__rosidl_typesupport_c__pyext
[13.028s] [ 96%] Built target carla_ros_scenario_runner_types__rosidl_typesupport_fastrtps_c__pyext
[13.028s] [100%] Built target carla_ros_scenario_runner_types__rosidl_typesupport_introspection_c__pyext
[13.038s] Invoked command in '/home/lion/intellicar/ros2_ws/build/carla_ros_scenario_runner_types' returned '0': CMAKE_PREFIX_PATH=${CMAKE_PREFIX_PATH}:/home/lion/intellicar/ros2_ws/install/yolo_detection:/home/lion/intellicar/ros2_ws/install/traffic_light_task:/home/lion/intellicar/ros2_ws/install/carla_ad_demo:/home/lion/intellicar/ros2_ws/install/rqt_carla_control:/home/lion/intellicar/ros2_ws/install/carla_waypoint_publisher:/home/lion/intellicar/ros2_ws/install/carla_ackermann_control:/home/lion/intellicar/ros2_ws/install/carla_ros_bridge:/home/lion/intellicar/ros2_ws/install/carla_spawn_objects:/home/lion/intellicar/ros2_ws/install/carla_manual_control:/home/lion/intellicar/ros2_ws/install/carla_ad_agent:/home/lion/intellicar/ros2_ws/install/ros_compatibility:/home/lion/intellicar/ros2_ws/install/carla_walker_agent:/home/lion/intellicar/ros2_ws/install/carla_twist_to_control:/home/lion/intellicar/ros2_ws/install/carla_ros_scenario_runner:/home/lion/intellicar/ros2_ws/install/carla_common:/opt/ros/foxy /usr/bin/cmake --build /home/lion/intellicar/ros2_ws/build/carla_ros_scenario_runner_types -- -j16 -l16
[14.446s] Invoking command in '/home/lion/intellicar/ros2_ws/build/carla_ros_scenario_runner_types': CMAKE_PREFIX_PATH=${CMAKE_PREFIX_PATH}:/home/lion/intellicar/ros2_ws/install/yolo_detection:/home/lion/intellicar/ros2_ws/install/traffic_light_task:/home/lion/intellicar/ros2_ws/install/carla_ad_demo:/home/lion/intellicar/ros2_ws/install/rqt_carla_control:/home/lion/intellicar/ros2_ws/install/carla_waypoint_publisher:/home/lion/intellicar/ros2_ws/install/carla_ackermann_control:/home/lion/intellicar/ros2_ws/install/carla_ros_bridge:/home/lion/intellicar/ros2_ws/install/carla_spawn_objects:/home/lion/intellicar/ros2_ws/install/carla_manual_control:/home/lion/intellicar/ros2_ws/install/carla_ad_agent:/home/lion/intellicar/ros2_ws/install/ros_compatibility:/home/lion/intellicar/ros2_ws/install/carla_walker_agent:/home/lion/intellicar/ros2_ws/install/carla_twist_to_control:/home/lion/intellicar/ros2_ws/install/carla_ros_scenario_runner:/home/lion/intellicar/ros2_ws/install/carla_common:/opt/ros/foxy /usr/bin/cmake --install /home/lion/intellicar/ros2_ws/build/carla_ros_scenario_runner_types
[14.557s] -- Install configuration: ""
[14.561s] -- Up-to-date: /home/lion/intellicar/ros2_ws/install/carla_ros_scenario_runner_types/share/ament_index/resource_index/rosidl_interfaces/carla_ros_scenario_runner_types
[14.562s] -- Up-to-date: /home/lion/intellicar/ros2_ws/install/carla_ros_scenario_runner_types/include/carla_ros_scenario_runner_types
[14.562s] -- Up-to-date: /home/lion/intellicar/ros2_ws/install/carla_ros_scenario_runner_types/include/carla_ros_scenario_runner_types/msg
[14.566s] -- Up-to-date: /home/lion/intellicar/ros2_ws/install/carla_ros_scenario_runner_types/include/carla_ros_scenario_runner_types/msg/detail
[14.566s] -- Up-to-date: /home/lion/intellicar/ros2_ws/install/carla_ros_scenario_runner_types/include/carla_ros_scenario_runner_types/msg/detail/carla_scenario_list__struct.h
[14.566s] -- Up-to-date: /home/lion/intellicar/ros2_ws/install/carla_ros_scenario_runner_types/include/carla_ros_scenario_runner_types/msg/detail/carla_scenario__type_support.h
[14.566s] -- Up-to-date: /home/lion/intellicar/ros2_ws/install/carla_ros_scenario_runner_types/include/carla_ros_scenario_runner_types/msg/detail/carla_scenario__struct.h
[14.567s] -- Up-to-date: /home/lion/intellicar/ros2_ws/install/carla_ros_scenario_runner_types/include/carla_ros_scenario_runner_types/msg/detail/carla_scenario_list__type_support.h
[14.567s] -- Up-to-date: /home/lion/intellicar/ros2_ws/install/carla_ros_scenario_runner_types/include/carla_ros_scenario_runner_types/msg/detail/carla_scenario_runner_status__functions.c
[14.567s] -- Up-to-date: /home/lion/intellicar/ros2_ws/install/carla_ros_scenario_runner_types/include/carla_ros_scenario_runner_types/msg/detail/carla_scenario__functions.c
[14.567s] -- Up-to-date: /home/lion/intellicar/ros2_ws/install/carla_ros_scenario_runner_types/include/carla_ros_scenario_runner_types/msg/detail/carla_scenario_runner_status__type_support.h
[14.567s] -- Up-to-date: /home/lion/intellicar/ros2_ws/install/carla_ros_scenario_runner_types/include/carla_ros_scenario_runner_types/msg/detail/carla_scenario_list__functions.c
[14.567s] -- Up-to-date: /home/lion/intellicar/ros2_ws/install/carla_ros_scenario_runner_types/include/carla_ros_scenario_runner_types/msg/detail/carla_scenario__functions.h
[14.567s] -- Up-to-date: /home/lion/intellicar/ros2_ws/install/carla_ros_scenario_runner_types/include/carla_ros_scenario_runner_types/msg/detail/carla_scenario_runner_status__functions.h
[14.567s] -- Up-to-date: /home/lion/intellicar/ros2_ws/install/carla_ros_scenario_runner_types/include/carla_ros_scenario_runner_types/msg/detail/carla_scenario_list__functions.h
[14.567s] -- Up-to-date: /home/lion/intellicar/ros2_ws/install/carla_ros_scenario_runner_types/include/carla_ros_scenario_runner_types/msg/detail/carla_scenario_runner_status__struct.h
[14.567s] -- Up-to-date: /home/lion/intellicar/ros2_ws/install/carla_ros_scenario_runner_types/include/carla_ros_scenario_runner_types/msg/carla_scenario.h
[14.568s] -- Up-to-date: /home/lion/intellicar/ros2_ws/install/carla_ros_scenario_runner_types/include/carla_ros_scenario_runner_types/msg/carla_scenario_list.h
[14.568s] -- Up-to-date: /home/lion/intellicar/ros2_ws/install/carla_ros_scenario_runner_types/include/carla_ros_scenario_runner_types/msg/rosidl_generator_c__visibility_control.h
[14.568s] -- Up-to-date: /home/lion/intellicar/ros2_ws/install/carla_ros_scenario_runner_types/include/carla_ros_scenario_runner_types/msg/carla_scenario_runner_status.h
[14.568s] -- Up-to-date: /home/lion/intellicar/ros2_ws/install/carla_ros_scenario_runner_types/include/carla_ros_scenario_runner_types/srv
[14.568s] -- Up-to-date: /home/lion/intellicar/ros2_ws/install/carla_ros_scenario_runner_types/include/carla_ros_scenario_runner_types/srv/detail
[14.568s] -- Up-to-date: /home/lion/intellicar/ros2_ws/install/carla_ros_scenario_runner_types/include/carla_ros_scenario_runner_types/srv/detail/execute_scenario__type_support.h
[14.568s] -- Up-to-date: /home/lion/intellicar/ros2_ws/install/carla_ros_scenario_runner_types/include/carla_ros_scenario_runner_types/srv/detail/execute_scenario__functions.c
[14.568s] -- Up-to-date: /home/lion/intellicar/ros2_ws/install/carla_ros_scenario_runner_types/include/carla_ros_scenario_runner_types/srv/detail/execute_scenario__functions.h
[14.613s] -- Up-to-date: /home/lion/intellicar/ros2_ws/install/carla_ros_scenario_runner_types/include/carla_ros_scenario_runner_types/srv/detail/execute_scenario__struct.h
[14.613s] -- Up-to-date: /home/lion/intellicar/ros2_ws/install/carla_ros_scenario_runner_types/include/carla_ros_scenario_runner_types/srv/execute_scenario.h
[14.613s] -- Up-to-date: /home/lion/intellicar/ros2_ws/install/carla_ros_scenario_runner_types/share/carla_ros_scenario_runner_types/environment/library_path.sh
[14.613s] -- Up-to-date: /home/lion/intellicar/ros2_ws/install/carla_ros_scenario_runner_types/share/carla_ros_scenario_runner_types/environment/library_path.dsv
[14.613s] -- Up-to-date: /home/lion/intellicar/ros2_ws/install/carla_ros_scenario_runner_types/lib/libcarla_ros_scenario_runner_types__rosidl_generator_c.so
[14.614s] -- Up-to-date: /home/lion/intellicar/ros2_ws/install/carla_ros_scenario_runner_types/include/carla_ros_scenario_runner_types
[14.614s] -- Up-to-date: /home/lion/intellicar/ros2_ws/install/carla_ros_scenario_runner_types/include/carla_ros_scenario_runner_types/msg
[14.614s] -- Up-to-date: /home/lion/intellicar/ros2_ws/install/carla_ros_scenario_runner_types/include/carla_ros_scenario_runner_types/msg/detail
[14.614s] -- Up-to-date: /home/lion/intellicar/ros2_ws/install/carla_ros_scenario_runner_types/include/carla_ros_scenario_runner_types/msg/detail/carla_scenario_runner_status__rosidl_typesupport_fastrtps_c.h
[14.614s] -- Up-to-date: /home/lion/intellicar/ros2_ws/install/carla_ros_scenario_runner_types/include/carla_ros_scenario_runner_types/msg/detail/carla_scenario__rosidl_typesupport_fastrtps_c.h
[14.614s] -- Up-to-date: /home/lion/intellicar/ros2_ws/install/carla_ros_scenario_runner_types/include/carla_ros_scenario_runner_types/msg/detail/carla_scenario_list__rosidl_typesupport_fastrtps_c.h
[14.614s] -- Up-to-date: /home/lion/intellicar/ros2_ws/install/carla_ros_scenario_runner_types/include/carla_ros_scenario_runner_types/msg/rosidl_typesupport_fastrtps_c__visibility_control.h
[14.614s] -- Up-to-date: /home/lion/intellicar/ros2_ws/install/carla_ros_scenario_runner_types/include/carla_ros_scenario_runner_types/srv
[14.614s] -- Up-to-date: /home/lion/intellicar/ros2_ws/install/carla_ros_scenario_runner_types/include/carla_ros_scenario_runner_types/srv/detail
[14.614s] -- Up-to-date: /home/lion/intellicar/ros2_ws/install/carla_ros_scenario_runner_types/include/carla_ros_scenario_runner_types/srv/detail/execute_scenario__rosidl_typesupport_fastrtps_c.h
[14.615s] -- Up-to-date: /home/lion/intellicar/ros2_ws/install/carla_ros_scenario_runner_types/lib/libcarla_ros_scenario_runner_types__rosidl_typesupport_fastrtps_c.so
[14.615s] -- Up-to-date: /home/lion/intellicar/ros2_ws/install/carla_ros_scenario_runner_types/include/carla_ros_scenario_runner_types
[14.615s] -- Up-to-date: /home/lion/intellicar/ros2_ws/install/carla_ros_scenario_runner_types/include/carla_ros_scenario_runner_types/msg
[14.615s] -- Up-to-date: /home/lion/intellicar/ros2_ws/install/carla_ros_scenario_runner_types/include/carla_ros_scenario_runner_types/msg/detail
[14.615s] -- Up-to-date: /home/lion/intellicar/ros2_ws/install/carla_ros_scenario_runner_types/include/carla_ros_scenario_runner_types/msg/detail/dds_fastrtps
[14.615s] -- Up-to-date: /home/lion/intellicar/ros2_ws/install/carla_ros_scenario_runner_types/include/carla_ros_scenario_runner_types/msg/detail/carla_scenario__rosidl_typesupport_fastrtps_cpp.hpp
[14.615s] -- Up-to-date: /home/lion/intellicar/ros2_ws/install/carla_ros_scenario_runner_types/include/carla_ros_scenario_runner_types/msg/detail/carla_scenario_runner_status__rosidl_typesupport_fastrtps_cpp.hpp
[14.615s] -- Up-to-date: /home/lion/intellicar/ros2_ws/install/carla_ros_scenario_runner_types/include/carla_ros_scenario_runner_types/msg/detail/carla_scenario_list__rosidl_typesupport_fastrtps_cpp.hpp
[14.615s] -- Up-to-date: /home/lion/intellicar/ros2_ws/install/carla_ros_scenario_runner_types/include/carla_ros_scenario_runner_types/msg/rosidl_typesupport_fastrtps_cpp__visibility_control.h
[14.615s] -- Up-to-date: /home/lion/intellicar/ros2_ws/install/carla_ros_scenario_runner_types/include/carla_ros_scenario_runner_types/srv
[14.615s] -- Up-to-date: /home/lion/intellicar/ros2_ws/install/carla_ros_scenario_runner_types/include/carla_ros_scenario_runner_types/srv/detail
[14.615s] -- Up-to-date: /home/lion/intellicar/ros2_ws/install/carla_ros_scenario_runner_types/include/carla_ros_scenario_runner_types/srv/detail/execute_scenario__rosidl_typesupport_fastrtps_cpp.hpp
[14.615s] -- Up-to-date: /home/lion/intellicar/ros2_ws/install/carla_ros_scenario_runner_types/include/carla_ros_scenario_runner_types/srv/detail/dds_fastrtps
[14.616s] -- Up-to-date: /home/lion/intellicar/ros2_ws/install/carla_ros_scenario_runner_types/lib/libcarla_ros_scenario_runner_types__rosidl_typesupport_fastrtps_cpp.so
[14.616s] -- Up-to-date: /home/lion/intellicar/ros2_ws/install/carla_ros_scenario_runner_types/include/carla_ros_scenario_runner_types
[14.616s] -- Up-to-date: /home/lion/intellicar/ros2_ws/install/carla_ros_scenario_runner_types/include/carla_ros_scenario_runner_types/msg
[14.616s] -- Up-to-date: /home/lion/intellicar/ros2_ws/install/carla_ros_scenario_runner_types/include/carla_ros_scenario_runner_types/msg/detail
[14.616s] -- Up-to-date: /home/lion/intellicar/ros2_ws/install/carla_ros_scenario_runner_types/include/carla_ros_scenario_runner_types/msg/detail/carla_scenario__rosidl_typesupport_introspection_c.h
[14.616s] -- Up-to-date: /home/lion/intellicar/ros2_ws/install/carla_ros_scenario_runner_types/include/carla_ros_scenario_runner_types/msg/detail/carla_scenario_runner_status__type_support.c
[14.616s] -- Up-to-date: /home/lion/intellicar/ros2_ws/install/carla_ros_scenario_runner_types/include/carla_ros_scenario_runner_types/msg/detail/carla_scenario__type_support.c
[14.616s] -- Up-to-date: /home/lion/intellicar/ros2_ws/install/carla_ros_scenario_runner_types/include/carla_ros_scenario_runner_types/msg/detail/carla_scenario_list__type_support.c
[14.616s] -- Up-to-date: /home/lion/intellicar/ros2_ws/install/carla_ros_scenario_runner_types/include/carla_ros_scenario_runner_types/msg/detail/carla_scenario_runner_status__rosidl_typesupport_introspection_c.h
[14.616s] -- Up-to-date: /home/lion/intellicar/ros2_ws/install/carla_ros_scenario_runner_types/include/carla_ros_scenario_runner_types/msg/detail/carla_scenario_list__rosidl_typesupport_introspection_c.h
[14.616s] -- Up-to-date: /home/lion/intellicar/ros2_ws/install/carla_ros_scenario_runner_types/include/carla_ros_scenario_runner_types/msg/rosidl_typesupport_introspection_c__visibility_control.h
[14.617s] -- Up-to-date: /home/lion/intellicar/ros2_ws/install/carla_ros_scenario_runner_types/include/carla_ros_scenario_runner_types/srv
[14.617s] -- Up-to-date: /home/lion/intellicar/ros2_ws/install/carla_ros_scenario_runner_types/include/carla_ros_scenario_runner_types/srv/detail
[14.617s] -- Up-to-date: /home/lion/intellicar/ros2_ws/install/carla_ros_scenario_runner_types/include/carla_ros_scenario_runner_types/srv/detail/execute_scenario__rosidl_typesupport_introspection_c.h
[14.617s] -- Up-to-date: /home/lion/intellicar/ros2_ws/install/carla_ros_scenario_runner_types/include/carla_ros_scenario_runner_types/srv/detail/execute_scenario__type_support.c
[14.617s] -- Up-to-date: /home/lion/intellicar/ros2_ws/install/carla_ros_scenario_runner_types/lib/libcarla_ros_scenario_runner_types__rosidl_typesupport_introspection_c.so
[14.617s] -- Up-to-date: /home/lion/intellicar/ros2_ws/install/carla_ros_scenario_runner_types/lib/libcarla_ros_scenario_runner_types__rosidl_typesupport_c.so
[14.617s] -- Up-to-date: /home/lion/intellicar/ros2_ws/install/carla_ros_scenario_runner_types/include/carla_ros_scenario_runner_types
[14.617s] -- Up-to-date: /home/lion/intellicar/ros2_ws/install/carla_ros_scenario_runner_types/include/carla_ros_scenario_runner_types/msg
[14.617s] -- Up-to-date: /home/lion/intellicar/ros2_ws/install/carla_ros_scenario_runner_types/include/carla_ros_scenario_runner_types/msg/rosidl_generator_cpp__visibility_control.hpp
[14.617s] -- Up-to-date: /home/lion/intellicar/ros2_ws/install/carla_ros_scenario_runner_types/include/carla_ros_scenario_runner_types/msg/detail
[14.617s] -- Up-to-date: /home/lion/intellicar/ros2_ws/install/carla_ros_scenario_runner_types/include/carla_ros_scenario_runner_types/msg/detail/carla_scenario_list__traits.hpp
[14.618s] -- Up-to-date: /home/lion/intellicar/ros2_ws/install/carla_ros_scenario_runner_types/include/carla_ros_scenario_runner_types/msg/detail/carla_scenario__type_support.hpp
[14.618s] -- Up-to-date: /home/lion/intellicar/ros2_ws/install/carla_ros_scenario_runner_types/include/carla_ros_scenario_runner_types/msg/detail/carla_scenario__traits.hpp
[14.618s] -- Up-to-date: /home/lion/intellicar/ros2_ws/install/carla_ros_scenario_runner_types/include/carla_ros_scenario_runner_types/msg/detail/carla_scenario_runner_status__struct.hpp
[14.618s] -- Up-to-date: /home/lion/intellicar/ros2_ws/install/carla_ros_scenario_runner_types/include/carla_ros_scenario_runner_types/msg/detail/carla_scenario_list__struct.hpp
[14.618s] -- Up-to-date: /home/lion/intellicar/ros2_ws/install/carla_ros_scenario_runner_types/include/carla_ros_scenario_runner_types/msg/detail/carla_scenario_runner_status__traits.hpp
[14.618s] -- Up-to-date: /home/lion/intellicar/ros2_ws/install/carla_ros_scenario_runner_types/include/carla_ros_scenario_runner_types/msg/detail/carla_scenario_list__type_support.hpp
[14.618s] -- Up-to-date: /home/lion/intellicar/ros2_ws/install/carla_ros_scenario_runner_types/include/carla_ros_scenario_runner_types/msg/detail/carla_scenario__builder.hpp
[14.618s] -- Up-to-date: /home/lion/intellicar/ros2_ws/install/carla_ros_scenario_runner_types/include/carla_ros_scenario_runner_types/msg/detail/carla_scenario__struct.hpp
[14.619s] -- Up-to-date: /home/lion/intellicar/ros2_ws/install/carla_ros_scenario_runner_types/include/carla_ros_scenario_runner_types/msg/detail/carla_scenario_list__builder.hpp
[14.619s] -- Up-to-date: /home/lion/intellicar/ros2_ws/install/carla_ros_scenario_runner_types/include/carla_ros_scenario_runner_types/msg/detail/carla_scenario_runner_status__type_support.hpp
[14.620s] -- Up-to-date: /home/lion/intellicar/ros2_ws/install/carla_ros_scenario_runner_types/include/carla_ros_scenario_runner_types/msg/detail/carla_scenario_runner_status__builder.hpp
[14.620s] -- Up-to-date: /home/lion/intellicar/ros2_ws/install/carla_ros_scenario_runner_types/include/carla_ros_scenario_runner_types/msg/carla_scenario_list.hpp
[14.620s] -- Up-to-date: /home/lion/intellicar/ros2_ws/install/carla_ros_scenario_runner_types/include/carla_ros_scenario_runner_types/msg/carla_scenario_runner_status.hpp
[14.620s] -- Up-to-date: /home/lion/intellicar/ros2_ws/install/carla_ros_scenario_runner_types/include/carla_ros_scenario_runner_types/msg/carla_scenario.hpp
[14.621s] -- Up-to-date: /home/lion/intellicar/ros2_ws/install/carla_ros_scenario_runner_types/include/carla_ros_scenario_runner_types/srv
[14.621s] -- Up-to-date: /home/lion/intellicar/ros2_ws/install/carla_ros_scenario_runner_types/include/carla_ros_scenario_runner_types/srv/execute_scenario.hpp
[14.621s] -- Up-to-date: /home/lion/intellicar/ros2_ws/install/carla_ros_scenario_runner_types/include/carla_ros_scenario_runner_types/srv/detail
[14.621s] -- Up-to-date: /home/lion/intellicar/ros2_ws/install/carla_ros_scenario_runner_types/include/carla_ros_scenario_runner_types/srv/detail/execute_scenario__traits.hpp
[14.621s] -- Up-to-date: /home/lion/intellicar/ros2_ws/install/carla_ros_scenario_runner_types/include/carla_ros_scenario_runner_types/srv/detail/execute_scenario__type_support.hpp
[14.621s] -- Up-to-date: /home/lion/intellicar/ros2_ws/install/carla_ros_scenario_runner_types/include/carla_ros_scenario_runner_types/srv/detail/execute_scenario__builder.hpp
[14.621s] -- Up-to-date: /home/lion/intellicar/ros2_ws/install/carla_ros_scenario_runner_types/include/carla_ros_scenario_runner_types/srv/detail/execute_scenario__struct.hpp
[14.621s] -- Up-to-date: /home/lion/intellicar/ros2_ws/install/carla_ros_scenario_runner_types/include/carla_ros_scenario_runner_types
[14.621s] -- Up-to-date: /home/lion/intellicar/ros2_ws/install/carla_ros_scenario_runner_types/include/carla_ros_scenario_runner_types/msg
[14.621s] -- Up-to-date: /home/lion/intellicar/ros2_ws/install/carla_ros_scenario_runner_types/include/carla_ros_scenario_runner_types/msg/detail
[14.621s] -- Up-to-date: /home/lion/intellicar/ros2_ws/install/carla_ros_scenario_runner_types/include/carla_ros_scenario_runner_types/msg/detail/carla_scenario__rosidl_typesupport_introspection_cpp.hpp
[14.622s] -- Up-to-date: /home/lion/intellicar/ros2_ws/install/carla_ros_scenario_runner_types/include/carla_ros_scenario_runner_types/msg/detail/carla_scenario__type_support.cpp
[14.622s] -- Up-to-date: /home/lion/intellicar/ros2_ws/install/carla_ros_scenario_runner_types/include/carla_ros_scenario_runner_types/msg/detail/carla_scenario_list__rosidl_typesupport_introspection_cpp.hpp
[14.622s] -- Up-to-date: /home/lion/intellicar/ros2_ws/install/carla_ros_scenario_runner_types/include/carla_ros_scenario_runner_types/msg/detail/carla_scenario_runner_status__type_support.cpp
[14.622s] -- Up-to-date: /home/lion/intellicar/ros2_ws/install/carla_ros_scenario_runner_types/include/carla_ros_scenario_runner_types/msg/detail/carla_scenario_runner_status__rosidl_typesupport_introspection_cpp.hpp
[14.622s] -- Up-to-date: /home/lion/intellicar/ros2_ws/install/carla_ros_scenario_runner_types/include/carla_ros_scenario_runner_types/msg/detail/carla_scenario_list__type_support.cpp
[14.622s] -- Up-to-date: /home/lion/intellicar/ros2_ws/install/carla_ros_scenario_runner_types/include/carla_ros_scenario_runner_types/srv
[14.622s] -- Up-to-date: /home/lion/intellicar/ros2_ws/install/carla_ros_scenario_runner_types/include/carla_ros_scenario_runner_types/srv/detail
[14.622s] -- Up-to-date: /home/lion/intellicar/ros2_ws/install/carla_ros_scenario_runner_types/include/carla_ros_scenario_runner_types/srv/detail/execute_scenario__type_support.cpp
[14.622s] -- Up-to-date: /home/lion/intellicar/ros2_ws/install/carla_ros_scenario_runner_types/include/carla_ros_scenario_runner_types/srv/detail/execute_scenario__rosidl_typesupport_introspection_cpp.hpp
[14.622s] -- Up-to-date: /home/lion/intellicar/ros2_ws/install/carla_ros_scenario_runner_types/lib/libcarla_ros_scenario_runner_types__rosidl_typesupport_introspection_cpp.so
[14.623s] -- Up-to-date: /home/lion/intellicar/ros2_ws/install/carla_ros_scenario_runner_types/lib/libcarla_ros_scenario_runner_types__rosidl_typesupport_cpp.so
[14.623s] -- Up-to-date: /home/lion/intellicar/ros2_ws/install/carla_ros_scenario_runner_types/share/carla_ros_scenario_runner_types/environment/pythonpath.sh
[14.623s] -- Up-to-date: /home/lion/intellicar/ros2_ws/install/carla_ros_scenario_runner_types/share/carla_ros_scenario_runner_types/environment/pythonpath.dsv
[14.623s] -- Up-to-date: /home/lion/intellicar/ros2_ws/install/carla_ros_scenario_runner_types/lib/python3.8/site-packages/carla_ros_scenario_runner_types/__init__.py
[14.653s] -- Up-to-date: /home/lion/intellicar/ros2_ws/install/carla_ros_scenario_runner_types/lib/python3.8/site-packages/carla_ros_scenario_runner_types/msg
[14.653s] -- Up-to-date: /home/lion/intellicar/ros2_ws/install/carla_ros_scenario_runner_types/lib/python3.8/site-packages/carla_ros_scenario_runner_types/msg/_carla_scenario_list.py
[14.653s] -- Up-to-date: /home/lion/intellicar/ros2_ws/install/carla_ros_scenario_runner_types/lib/python3.8/site-packages/carla_ros_scenario_runner_types/msg/_carla_scenario_s.c
[14.654s] -- Up-to-date: /home/lion/intellicar/ros2_ws/install/carla_ros_scenario_runner_types/lib/python3.8/site-packages/carla_ros_scenario_runner_types/msg/_carla_scenario.py
[14.654s] -- Up-to-date: /home/lion/intellicar/ros2_ws/install/carla_ros_scenario_runner_types/lib/python3.8/site-packages/carla_ros_scenario_runner_types/msg/__init__.py
[14.654s] -- Up-to-date: /home/lion/intellicar/ros2_ws/install/carla_ros_scenario_runner_types/lib/python3.8/site-packages/carla_ros_scenario_runner_types/msg/_carla_scenario_runner_status_s.c
[14.654s] -- Up-to-date: /home/lion/intellicar/ros2_ws/install/carla_ros_scenario_runner_types/lib/python3.8/site-packages/carla_ros_scenario_runner_types/msg/_carla_scenario_runner_status.py
[14.654s] -- Up-to-date: /home/lion/intellicar/ros2_ws/install/carla_ros_scenario_runner_types/lib/python3.8/site-packages/carla_ros_scenario_runner_types/msg/_carla_scenario_list_s.c
[14.654s] -- Up-to-date: /home/lion/intellicar/ros2_ws/install/carla_ros_scenario_runner_types/lib/python3.8/site-packages/carla_ros_scenario_runner_types/srv
[14.654s] -- Up-to-date: /home/lion/intellicar/ros2_ws/install/carla_ros_scenario_runner_types/lib/python3.8/site-packages/carla_ros_scenario_runner_types/srv/_execute_scenario_s.c
[14.654s] -- Up-to-date: /home/lion/intellicar/ros2_ws/install/carla_ros_scenario_runner_types/lib/python3.8/site-packages/carla_ros_scenario_runner_types/srv/__init__.py
[14.654s] -- Up-to-date: /home/lion/intellicar/ros2_ws/install/carla_ros_scenario_runner_types/lib/python3.8/site-packages/carla_ros_scenario_runner_types/srv/_execute_scenario.py
[14.655s] -- Up-to-date: /home/lion/intellicar/ros2_ws/install/carla_ros_scenario_runner_types/lib/python3.8/site-packages/carla_ros_scenario_runner_types/carla_ros_scenario_runner_types_s__rosidl_typesupport_fastrtps_c.cpython-38-x86_64-linux-gnu.so
[14.655s] -- Up-to-date: /home/lion/intellicar/ros2_ws/install/carla_ros_scenario_runner_types/lib/python3.8/site-packages/carla_ros_scenario_runner_types/carla_ros_scenario_runner_types_s__rosidl_typesupport_introspection_c.cpython-38-x86_64-linux-gnu.so
[14.655s] -- Up-to-date: /home/lion/intellicar/ros2_ws/install/carla_ros_scenario_runner_types/lib/python3.8/site-packages/carla_ros_scenario_runner_types/carla_ros_scenario_runner_types_s__rosidl_typesupport_c.cpython-38-x86_64-linux-gnu.so
[14.655s] -- Up-to-date: /home/lion/intellicar/ros2_ws/install/carla_ros_scenario_runner_types/lib/libcarla_ros_scenario_runner_types__python.so
[14.655s] -- Up-to-date: /home/lion/intellicar/ros2_ws/install/carla_ros_scenario_runner_types/share/carla_ros_scenario_runner_types/msg/CarlaScenario.idl
[14.655s] -- Up-to-date: /home/lion/intellicar/ros2_ws/install/carla_ros_scenario_runner_types/share/carla_ros_scenario_runner_types/msg/CarlaScenarioList.idl
[14.655s] -- Up-to-date: /home/lion/intellicar/ros2_ws/install/carla_ros_scenario_runner_types/share/carla_ros_scenario_runner_types/msg/CarlaScenarioRunnerStatus.idl
[14.655s] -- Up-to-date: /home/lion/intellicar/ros2_ws/install/carla_ros_scenario_runner_types/share/carla_ros_scenario_runner_types/srv/ExecuteScenario.idl
[14.655s] -- Up-to-date: /home/lion/intellicar/ros2_ws/install/carla_ros_scenario_runner_types/share/carla_ros_scenario_runner_types/msg/CarlaScenario.msg
[14.655s] -- Up-to-date: /home/lion/intellicar/ros2_ws/install/carla_ros_scenario_runner_types/share/carla_ros_scenario_runner_types/msg/CarlaScenarioList.msg
[14.656s] -- Up-to-date: /home/lion/intellicar/ros2_ws/install/carla_ros_scenario_runner_types/share/carla_ros_scenario_runner_types/msg/CarlaScenarioRunnerStatus.msg
[14.656s] -- Up-to-date: /home/lion/intellicar/ros2_ws/install/carla_ros_scenario_runner_types/share/carla_ros_scenario_runner_types/srv/ExecuteScenario.srv
[14.656s] -- Up-to-date: /home/lion/intellicar/ros2_ws/install/carla_ros_scenario_runner_types/share/carla_ros_scenario_runner_types/srv/ExecuteScenario_Request.msg
[14.656s] -- Up-to-date: /home/lion/intellicar/ros2_ws/install/carla_ros_scenario_runner_types/share/carla_ros_scenario_runner_types/srv/ExecuteScenario_Response.msg
[14.656s] -- Up-to-date: /home/lion/intellicar/ros2_ws/install/carla_ros_scenario_runner_types/share/ament_index/resource_index/package_run_dependencies/carla_ros_scenario_runner_types
[14.656s] -- Up-to-date: /home/lion/intellicar/ros2_ws/install/carla_ros_scenario_runner_types/share/ament_index/resource_index/parent_prefix_path/carla_ros_scenario_runner_types
[14.656s] -- Up-to-date: /home/lion/intellicar/ros2_ws/install/carla_ros_scenario_runner_types/share/carla_ros_scenario_runner_types/environment/ament_prefix_path.sh
[14.656s] -- Up-to-date: /home/lion/intellicar/ros2_ws/install/carla_ros_scenario_runner_types/share/carla_ros_scenario_runner_types/environment/ament_prefix_path.dsv
[14.658s] -- Up-to-date: /home/lion/intellicar/ros2_ws/install/carla_ros_scenario_runner_types/share/carla_ros_scenario_runner_types/environment/path.sh
[14.660s] -- Up-to-date: /home/lion/intellicar/ros2_ws/install/carla_ros_scenario_runner_types/share/carla_ros_scenario_runner_types/environment/path.dsv
[14.661s] -- Up-to-date: /home/lion/intellicar/ros2_ws/install/carla_ros_scenario_runner_types/share/carla_ros_scenario_runner_types/local_setup.bash
[14.661s] -- Up-to-date: /home/lion/intellicar/ros2_ws/install/carla_ros_scenario_runner_types/share/carla_ros_scenario_runner_types/local_setup.sh
[14.661s] -- Up-to-date: /home/lion/intellicar/ros2_ws/install/carla_ros_scenario_runner_types/share/carla_ros_scenario_runner_types/local_setup.zsh
[14.661s] -- Up-to-date: /home/lion/intellicar/ros2_ws/install/carla_ros_scenario_runner_types/share/carla_ros_scenario_runner_types/local_setup.dsv
[14.661s] -- Installing: /home/lion/intellicar/ros2_ws/install/carla_ros_scenario_runner_types/share/carla_ros_scenario_runner_types/package.dsv
[14.661s] -- Up-to-date: /home/lion/intellicar/ros2_ws/install/carla_ros_scenario_runner_types/share/ament_index/resource_index/packages/carla_ros_scenario_runner_types
[14.661s] -- Up-to-date: /home/lion/intellicar/ros2_ws/install/carla_ros_scenario_runner_types/share/carla_ros_scenario_runner_types/cmake/carla_ros_scenario_runner_types__rosidl_generator_cExport.cmake
[14.662s] -- Up-to-date: /home/lion/intellicar/ros2_ws/install/carla_ros_scenario_runner_types/share/carla_ros_scenario_runner_types/cmake/carla_ros_scenario_runner_types__rosidl_generator_cExport-noconfig.cmake
[14.662s] -- Up-to-date: /home/lion/intellicar/ros2_ws/install/carla_ros_scenario_runner_types/share/carla_ros_scenario_runner_types/cmake/carla_ros_scenario_runner_types__rosidl_typesupport_introspection_cExport.cmake
[14.662s] -- Up-to-date: /home/lion/intellicar/ros2_ws/install/carla_ros_scenario_runner_types/share/carla_ros_scenario_runner_types/cmake/carla_ros_scenario_runner_types__rosidl_typesupport_introspection_cExport-noconfig.cmake
[14.662s] -- Up-to-date: /home/lion/intellicar/ros2_ws/install/carla_ros_scenario_runner_types/share/carla_ros_scenario_runner_types/cmake/carla_ros_scenario_runner_types__rosidl_typesupport_cExport.cmake
[14.662s] -- Up-to-date: /home/lion/intellicar/ros2_ws/install/carla_ros_scenario_runner_types/share/carla_ros_scenario_runner_types/cmake/carla_ros_scenario_runner_types__rosidl_typesupport_cExport-noconfig.cmake
[14.662s] -- Up-to-date: /home/lion/intellicar/ros2_ws/install/carla_ros_scenario_runner_types/share/carla_ros_scenario_runner_types/cmake/carla_ros_scenario_runner_types__rosidl_generator_cppExport.cmake
[14.663s] -- Up-to-date: /home/lion/intellicar/ros2_ws/install/carla_ros_scenario_runner_types/share/carla_ros_scenario_runner_types/cmake/carla_ros_scenario_runner_types__rosidl_typesupport_introspection_cppExport.cmake
[14.663s] -- Up-to-date: /home/lion/intellicar/ros2_ws/install/carla_ros_scenario_runner_types/share/carla_ros_scenario_runner_types/cmake/carla_ros_scenario_runner_types__rosidl_typesupport_introspection_cppExport-noconfig.cmake
[14.664s] -- Up-to-date: /home/lion/intellicar/ros2_ws/install/carla_ros_scenario_runner_types/share/carla_ros_scenario_runner_types/cmake/carla_ros_scenario_runner_types__rosidl_typesupport_cppExport.cmake
[14.664s] -- Up-to-date: /home/lion/intellicar/ros2_ws/install/carla_ros_scenario_runner_types/share/carla_ros_scenario_runner_types/cmake/carla_ros_scenario_runner_types__rosidl_typesupport_cppExport-noconfig.cmake
[14.664s] -- Up-to-date: /home/lion/intellicar/ros2_ws/install/carla_ros_scenario_runner_types/share/carla_ros_scenario_runner_types/cmake/rosidl_cmake-extras.cmake
[14.664s] -- Up-to-date: /home/lion/intellicar/ros2_ws/install/carla_ros_scenario_runner_types/share/carla_ros_scenario_runner_types/cmake/ament_cmake_export_dependencies-extras.cmake
[14.665s] -- Up-to-date: /home/lion/intellicar/ros2_ws/install/carla_ros_scenario_runner_types/share/carla_ros_scenario_runner_types/cmake/ament_cmake_export_libraries-extras.cmake
[14.666s] -- Up-to-date: /home/lion/intellicar/ros2_ws/install/carla_ros_scenario_runner_types/share/carla_ros_scenario_runner_types/cmake/ament_cmake_export_targets-extras.cmake
[14.672s] -- Up-to-date: /home/lion/intellicar/ros2_ws/install/carla_ros_scenario_runner_types/share/carla_ros_scenario_runner_types/cmake/ament_cmake_export_include_directories-extras.cmake
[14.674s] -- Up-to-date: /home/lion/intellicar/ros2_ws/install/carla_ros_scenario_runner_types/share/carla_ros_scenario_runner_types/cmake/rosidl_cmake_export_typesupport_libraries-extras.cmake
[14.674s] -- Up-to-date: /home/lion/intellicar/ros2_ws/install/carla_ros_scenario_runner_types/share/carla_ros_scenario_runner_types/cmake/rosidl_cmake_export_typesupport_targets-extras.cmake
[14.675s] -- Up-to-date: /home/lion/intellicar/ros2_ws/install/carla_ros_scenario_runner_types/share/carla_ros_scenario_runner_types/cmake/carla_ros_scenario_runner_typesConfig.cmake
[14.675s] -- Up-to-date: /home/lion/intellicar/ros2_ws/install/carla_ros_scenario_runner_types/share/carla_ros_scenario_runner_types/cmake/carla_ros_scenario_runner_typesConfig-version.cmake
[14.675s] -- Up-to-date: /home/lion/intellicar/ros2_ws/install/carla_ros_scenario_runner_types/share/carla_ros_scenario_runner_types/package.xml
[20.382s] Invoked command in '/home/lion/intellicar/ros2_ws/build/carla_ros_scenario_runner_types' returned '0': CMAKE_PREFIX_PATH=${CMAKE_PREFIX_PATH}:/home/lion/intellicar/ros2_ws/install/yolo_detection:/home/lion/intellicar/ros2_ws/install/traffic_light_task:/home/lion/intellicar/ros2_ws/install/carla_ad_demo:/home/lion/intellicar/ros2_ws/install/rqt_carla_control:/home/lion/intellicar/ros2_ws/install/carla_waypoint_publisher:/home/lion/intellicar/ros2_ws/install/carla_ackermann_control:/home/lion/intellicar/ros2_ws/install/carla_ros_bridge:/home/lion/intellicar/ros2_ws/install/carla_spawn_objects:/home/lion/intellicar/ros2_ws/install/carla_manual_control:/home/lion/intellicar/ros2_ws/install/carla_ad_agent:/home/lion/intellicar/ros2_ws/install/ros_compatibility:/home/lion/intellicar/ros2_ws/install/carla_walker_agent:/home/lion/intellicar/ros2_ws/install/carla_twist_to_control:/home/lion/intellicar/ros2_ws/install/carla_ros_scenario_runner:/home/lion/intellicar/ros2_ws/install/carla_common:/opt/ros/foxy /usr/bin/cmake --install /home/lion/intellicar/ros2_ws/build/carla_ros_scenario_runner_types
