[10.125s] Invoking command in '/home/lion/intellicar/ros2_ws/src/traffic_light_task': PYTHONPATH=/home/lion/intellicar/ros2_ws/build/traffic_light_task/prefix_override:/home/lion/intellicar/ros2_ws/install/traffic_light_task/lib/python3.8/site-packages:${PYTHONPATH} /usr/bin/python3 setup.py egg_info --egg-base ../../build/traffic_light_task build --build-base /home/lion/intellicar/ros2_ws/build/traffic_light_task/build install --record /home/lion/intellicar/ros2_ws/build/traffic_light_task/install.log --install-scripts $base/lib/traffic_light_task --single-version-externally-managed
[10.906s] running egg_info
[10.906s] writing ../../build/traffic_light_task/traffic_light_task.egg-info/PKG-INFO
[10.906s] writing dependency_links to ../../build/traffic_light_task/traffic_light_task.egg-info/dependency_links.txt
[10.907s] writing entry points to ../../build/traffic_light_task/traffic_light_task.egg-info/entry_points.txt
[10.907s] writing requirements to ../../build/traffic_light_task/traffic_light_task.egg-info/requires.txt
[10.907s] writing top-level names to ../../build/traffic_light_task/traffic_light_task.egg-info/top_level.txt
[10.907s] reading manifest file '../../build/traffic_light_task/traffic_light_task.egg-info/SOURCES.txt'
[10.908s] writing manifest file '../../build/traffic_light_task/traffic_light_task.egg-info/SOURCES.txt'
[10.908s] running build
[10.908s] running build_py
[10.908s] copying traffic_light_task/distance_estimator.py -> /home/lion/intellicar/ros2_ws/build/traffic_light_task/build/lib/traffic_light_task
[10.908s] running install
[10.908s] running install_lib
[10.908s] copying /home/lion/intellicar/ros2_ws/build/traffic_light_task/build/lib/traffic_light_task/distance_estimator.py -> /home/lion/intellicar/ros2_ws/install/traffic_light_task/lib/python3.8/site-packages/traffic_light_task
[10.909s] byte-compiling /home/lion/intellicar/ros2_ws/install/traffic_light_task/lib/python3.8/site-packages/traffic_light_task/distance_estimator.py to distance_estimator.cpython-38.pyc
[10.909s] running install_data
[10.909s] running install_egg_info
[10.909s] removing '/home/lion/intellicar/ros2_ws/install/traffic_light_task/lib/python3.8/site-packages/traffic_light_task-0.0.0-py3.8.egg-info' (and everything under it)
[10.909s] Copying ../../build/traffic_light_task/traffic_light_task.egg-info to /home/lion/intellicar/ros2_ws/install/traffic_light_task/lib/python3.8/site-packages/traffic_light_task-0.0.0-py3.8.egg-info
[10.909s] running install_scripts
[10.910s] Installing color_segmentator_node script to /home/lion/intellicar/ros2_ws/install/traffic_light_task/lib/traffic_light_task
[10.911s] Installing distance_estimator_node script to /home/lion/intellicar/ros2_ws/install/traffic_light_task/lib/traffic_light_task
[10.912s] writing list of installed files to '/home/lion/intellicar/ros2_ws/build/traffic_light_task/install.log'
[12.858s] Invoked command in '/home/lion/intellicar/ros2_ws/src/traffic_light_task' returned '0': PYTHONPATH=/home/lion/intellicar/ros2_ws/build/traffic_light_task/prefix_override:/home/lion/intellicar/ros2_ws/install/traffic_light_task/lib/python3.8/site-packages:${PYTHONPATH} /usr/bin/python3 setup.py egg_info --egg-base ../../build/traffic_light_task build --build-base /home/lion/intellicar/ros2_ws/build/traffic_light_task/build install --record /home/lion/intellicar/ros2_ws/build/traffic_light_task/install.log --install-scripts $base/lib/traffic_light_task --single-version-externally-managed
