running egg_info
writing ../../../build/carla_ros_bridge/carla_ros_bridge.egg-info/PKG-INFO
writing dependency_links to ../../../build/carla_ros_bridge/carla_ros_bridge.egg-info/dependency_links.txt
writing entry points to ../../../build/carla_ros_bridge/carla_ros_bridge.egg-info/entry_points.txt
writing requirements to ../../../build/carla_ros_bridge/carla_ros_bridge.egg-info/requires.txt
writing top-level names to ../../../build/carla_ros_bridge/carla_ros_bridge.egg-info/top_level.txt
reading manifest file '../../../build/carla_ros_bridge/carla_ros_bridge.egg-info/SOURCES.txt'
writing manifest file '../../../build/carla_ros_bridge/carla_ros_bridge.egg-info/SOURCES.txt'
running build
running build_py
copying src/carla_ros_bridge/camera.py -> /home/lion/intellicar/ros2_ws/build/carla_ros_bridge/build/lib/carla_ros_bridge
running install
running install_lib
copying /home/lion/intellicar/ros2_ws/build/carla_ros_bridge/build/lib/carla_ros_bridge/camera.py -> /home/lion/intellicar/ros2_ws/install/carla_ros_bridge/lib/python3.8/site-packages/carla_ros_bridge
byte-compiling /home/lion/intellicar/ros2_ws/install/carla_ros_bridge/lib/python3.8/site-packages/carla_ros_bridge/camera.py to camera.cpython-38.pyc
running install_data
running install_egg_info
removing '/home/lion/intellicar/ros2_ws/install/carla_ros_bridge/lib/python3.8/site-packages/carla_ros_bridge-0.0.0-py3.8.egg-info' (and everything under it)
Copying ../../../build/carla_ros_bridge/carla_ros_bridge.egg-info to /home/lion/intellicar/ros2_ws/install/carla_ros_bridge/lib/python3.8/site-packages/carla_ros_bridge-0.0.0-py3.8.egg-info
running install_scripts
Installing bridge script to /home/lion/intellicar/ros2_ws/install/carla_ros_bridge/lib/carla_ros_bridge
writing list of installed files to '/home/lion/intellicar/ros2_ws/build/carla_ros_bridge/install.log'
