[6.871s] Invoking command in '/home/lion/intellicar/ros2_ws/build/gamepad_driver': CMAKE_PREFIX_PATH=${CMAKE_PREFIX_PATH}:/home/lion/intellicar/ros2_ws/install/yolo_detection:/home/lion/intellicar/ros2_ws/install/traffic_light_task:/home/lion/intellicar/ros2_ws/install/carla_ad_demo:/home/lion/intellicar/ros2_ws/install/rqt_carla_control:/home/lion/intellicar/ros2_ws/install/carla_waypoint_publisher:/home/lion/intellicar/ros2_ws/install/carla_ackermann_control:/home/lion/intellicar/ros2_ws/install/carla_ros_bridge:/home/lion/intellicar/ros2_ws/install/carla_spawn_objects:/home/lion/intellicar/ros2_ws/install/carla_manual_control:/home/lion/intellicar/ros2_ws/install/carla_ad_agent:/home/lion/intellicar/ros2_ws/install/ros_compatibility:/home/lion/intellicar/ros2_ws/install/carla_walker_agent:/home/lion/intellicar/ros2_ws/install/carla_twist_to_control:/home/lion/intellicar/ros2_ws/install/carla_ros_scenario_runner:/home/lion/intellicar/ros2_ws/install/carla_common:/opt/ros/foxy /usr/bin/cmake --build /home/lion/intellicar/ros2_ws/build/gamepad_driver -- -j16 -l16
[10.265s] [100%] Built target gamepad_driver_node
[10.278s] Invoked command in '/home/lion/intellicar/ros2_ws/build/gamepad_driver' returned '0': CMAKE_PREFIX_PATH=${CMAKE_PREFIX_PATH}:/home/lion/intellicar/ros2_ws/install/yolo_detection:/home/lion/intellicar/ros2_ws/install/traffic_light_task:/home/lion/intellicar/ros2_ws/install/carla_ad_demo:/home/lion/intellicar/ros2_ws/install/rqt_carla_control:/home/lion/intellicar/ros2_ws/install/carla_waypoint_publisher:/home/lion/intellicar/ros2_ws/install/carla_ackermann_control:/home/lion/intellicar/ros2_ws/install/carla_ros_bridge:/home/lion/intellicar/ros2_ws/install/carla_spawn_objects:/home/lion/intellicar/ros2_ws/install/carla_manual_control:/home/lion/intellicar/ros2_ws/install/carla_ad_agent:/home/lion/intellicar/ros2_ws/install/ros_compatibility:/home/lion/intellicar/ros2_ws/install/carla_walker_agent:/home/lion/intellicar/ros2_ws/install/carla_twist_to_control:/home/lion/intellicar/ros2_ws/install/carla_ros_scenario_runner:/home/lion/intellicar/ros2_ws/install/carla_common:/opt/ros/foxy /usr/bin/cmake --build /home/lion/intellicar/ros2_ws/build/gamepad_driver -- -j16 -l16
[10.416s] Invoking command in '/home/lion/intellicar/ros2_ws/build/gamepad_driver': CMAKE_PREFIX_PATH=${CMAKE_PREFIX_PATH}:/home/lion/intellicar/ros2_ws/install/yolo_detection:/home/lion/intellicar/ros2_ws/install/traffic_light_task:/home/lion/intellicar/ros2_ws/install/carla_ad_demo:/home/lion/intellicar/ros2_ws/install/rqt_carla_control:/home/lion/intellicar/ros2_ws/install/carla_waypoint_publisher:/home/lion/intellicar/ros2_ws/install/carla_ackermann_control:/home/lion/intellicar/ros2_ws/install/carla_ros_bridge:/home/lion/intellicar/ros2_ws/install/carla_spawn_objects:/home/lion/intellicar/ros2_ws/install/carla_manual_control:/home/lion/intellicar/ros2_ws/install/carla_ad_agent:/home/lion/intellicar/ros2_ws/install/ros_compatibility:/home/lion/intellicar/ros2_ws/install/carla_walker_agent:/home/lion/intellicar/ros2_ws/install/carla_twist_to_control:/home/lion/intellicar/ros2_ws/install/carla_ros_scenario_runner:/home/lion/intellicar/ros2_ws/install/carla_common:/opt/ros/foxy /usr/bin/cmake --install /home/lion/intellicar/ros2_ws/build/gamepad_driver
[10.453s] -- Install configuration: ""
[10.453s] -- Up-to-date: /home/lion/intellicar/ros2_ws/install/gamepad_driver/lib/gamepad_driver/gamepad_driver_node
[10.457s] -- Up-to-date: /home/lion/intellicar/ros2_ws/install/gamepad_driver/share/ament_index/resource_index/package_run_dependencies/gamepad_driver
[10.458s] -- Up-to-date: /home/lion/intellicar/ros2_ws/install/gamepad_driver/share/ament_index/resource_index/parent_prefix_path/gamepad_driver
[10.458s] -- Up-to-date: /home/lion/intellicar/ros2_ws/install/gamepad_driver/share/gamepad_driver/environment/ament_prefix_path.sh
[10.458s] -- Up-to-date: /home/lion/intellicar/ros2_ws/install/gamepad_driver/share/gamepad_driver/environment/ament_prefix_path.dsv
[10.459s] -- Up-to-date: /home/lion/intellicar/ros2_ws/install/gamepad_driver/share/gamepad_driver/environment/path.sh
[10.459s] -- Up-to-date: /home/lion/intellicar/ros2_ws/install/gamepad_driver/share/gamepad_driver/environment/path.dsv
[10.459s] -- Up-to-date: /home/lion/intellicar/ros2_ws/install/gamepad_driver/share/gamepad_driver/local_setup.bash
[10.459s] -- Up-to-date: /home/lion/intellicar/ros2_ws/install/gamepad_driver/share/gamepad_driver/local_setup.sh
[10.460s] -- Up-to-date: /home/lion/intellicar/ros2_ws/install/gamepad_driver/share/gamepad_driver/local_setup.zsh
[10.460s] -- Up-to-date: /home/lion/intellicar/ros2_ws/install/gamepad_driver/share/gamepad_driver/local_setup.dsv
[10.460s] -- Installing: /home/lion/intellicar/ros2_ws/install/gamepad_driver/share/gamepad_driver/package.dsv
[10.460s] -- Up-to-date: /home/lion/intellicar/ros2_ws/install/gamepad_driver/share/ament_index/resource_index/packages/gamepad_driver
[10.460s] -- Up-to-date: /home/lion/intellicar/ros2_ws/install/gamepad_driver/share/gamepad_driver/cmake/gamepad_driverConfig.cmake
[10.460s] -- Up-to-date: /home/lion/intellicar/ros2_ws/install/gamepad_driver/share/gamepad_driver/cmake/gamepad_driverConfig-version.cmake
[10.460s] -- Up-to-date: /home/lion/intellicar/ros2_ws/install/gamepad_driver/share/gamepad_driver/package.xml
[11.100s] Invoked command in '/home/lion/intellicar/ros2_ws/build/gamepad_driver' returned '0': CMAKE_PREFIX_PATH=${CMAKE_PREFIX_PATH}:/home/lion/intellicar/ros2_ws/install/yolo_detection:/home/lion/intellicar/ros2_ws/install/traffic_light_task:/home/lion/intellicar/ros2_ws/install/carla_ad_demo:/home/lion/intellicar/ros2_ws/install/rqt_carla_control:/home/lion/intellicar/ros2_ws/install/carla_waypoint_publisher:/home/lion/intellicar/ros2_ws/install/carla_ackermann_control:/home/lion/intellicar/ros2_ws/install/carla_ros_bridge:/home/lion/intellicar/ros2_ws/install/carla_spawn_objects:/home/lion/intellicar/ros2_ws/install/carla_manual_control:/home/lion/intellicar/ros2_ws/install/carla_ad_agent:/home/lion/intellicar/ros2_ws/install/ros_compatibility:/home/lion/intellicar/ros2_ws/install/carla_walker_agent:/home/lion/intellicar/ros2_ws/install/carla_twist_to_control:/home/lion/intellicar/ros2_ws/install/carla_ros_scenario_runner:/home/lion/intellicar/ros2_ws/install/carla_common:/opt/ros/foxy /usr/bin/cmake --install /home/lion/intellicar/ros2_ws/build/gamepad_driver
