[4.503s] Invoking command in '/home/lion/intellicar/ros2_ws/build/carla_ackermann_msgs': AMENT_PREFIX_PATH=/home/lion/intellicar/ros2_ws/install/carla_msgs:${AMENT_PREFIX_PATH} CMAKE_PREFIX_PATH=/home/lion/intellicar/ros2_ws/install/carla_msgs:/opt/ros/foxy LD_LIBRARY_PATH=/home/lion/intellicar/ros2_ws/install/carla_msgs/lib:${LD_LIBRARY_PATH} PYTHONPATH=/home/lion/intellicar/ros2_ws/install/carla_msgs/lib/python3.8/site-packages:${PYTHONPATH} /usr/bin/cmake --build /home/lion/intellicar/ros2_ws/build/carla_ackermann_msgs -- -j16 -l16
[6.214s] [  1%] Built target carla_ackermann_msgs__cpp
[6.214s] [ 12%] Built target carla_ackermann_msgs__rosidl_generator_c
[6.214s] [ 23%] Built target carla_ackermann_msgs__rosidl_typesupport_introspection_cpp
[6.214s] [ 34%] Built target carla_ackermann_msgs__rosidl_typesupport_cpp
[6.214s] [ 46%] Built target carla_ackermann_msgs__rosidl_typesupport_c
[6.214s] [ 57%] Built target carla_ackermann_msgs__rosidl_typesupport_introspection_c
[6.214s] [ 68%] Built target carla_ackermann_msgs__rosidl_typesupport_fastrtps_cpp
[6.215s] [ 79%] Built target carla_ackermann_msgs__rosidl_typesupport_fastrtps_c
[6.215s] [ 79%] Built target carla_ackermann_msgs
[6.215s] [ 80%] Built target carla_ackermann_msgs__py
[6.215s] [ 90%] Built target carla_ackermann_msgs__python
[6.215s] [ 93%] Built target carla_ackermann_msgs__rosidl_typesupport_c__pyext
[6.215s] [ 96%] Built target carla_ackermann_msgs__rosidl_typesupport_fastrtps_c__pyext
[6.215s] [100%] Built target carla_ackermann_msgs__rosidl_typesupport_introspection_c__pyext
[7.101s] Invoked command in '/home/lion/intellicar/ros2_ws/build/carla_ackermann_msgs' returned '0': AMENT_PREFIX_PATH=/home/lion/intellicar/ros2_ws/install/carla_msgs:${AMENT_PREFIX_PATH} CMAKE_PREFIX_PATH=/home/lion/intellicar/ros2_ws/install/carla_msgs:/opt/ros/foxy LD_LIBRARY_PATH=/home/lion/intellicar/ros2_ws/install/carla_msgs/lib:${LD_LIBRARY_PATH} PYTHONPATH=/home/lion/intellicar/ros2_ws/install/carla_msgs/lib/python3.8/site-packages:${PYTHONPATH} /usr/bin/cmake --build /home/lion/intellicar/ros2_ws/build/carla_ackermann_msgs -- -j16 -l16
[8.590s] Invoking command in '/home/lion/intellicar/ros2_ws/build/carla_ackermann_msgs': AMENT_PREFIX_PATH=/home/lion/intellicar/ros2_ws/install/carla_msgs:${AMENT_PREFIX_PATH} CMAKE_PREFIX_PATH=/home/lion/intellicar/ros2_ws/install/carla_msgs:/opt/ros/foxy LD_LIBRARY_PATH=/home/lion/intellicar/ros2_ws/install/carla_msgs/lib:${LD_LIBRARY_PATH} PYTHONPATH=/home/lion/intellicar/ros2_ws/install/carla_msgs/lib/python3.8/site-packages:${PYTHONPATH} /usr/bin/cmake --install /home/lion/intellicar/ros2_ws/build/carla_ackermann_msgs
[8.627s] -- Install configuration: ""
[8.628s] -- Up-to-date: /home/lion/intellicar/ros2_ws/install/carla_ackermann_msgs/share/ament_index/resource_index/rosidl_interfaces/carla_ackermann_msgs
[8.628s] -- Up-to-date: /home/lion/intellicar/ros2_ws/install/carla_ackermann_msgs/include/carla_ackermann_msgs
[8.628s] -- Up-to-date: /home/lion/intellicar/ros2_ws/install/carla_ackermann_msgs/include/carla_ackermann_msgs/msg
[8.628s] -- Up-to-date: /home/lion/intellicar/ros2_ws/install/carla_ackermann_msgs/include/carla_ackermann_msgs/msg/ego_vehicle_control_maxima.h
[8.628s] -- Up-to-date: /home/lion/intellicar/ros2_ws/install/carla_ackermann_msgs/include/carla_ackermann_msgs/msg/detail
[8.628s] -- Up-to-date: /home/lion/intellicar/ros2_ws/install/carla_ackermann_msgs/include/carla_ackermann_msgs/msg/detail/ego_vehicle_control_info__functions.h
[8.628s] -- Up-to-date: /home/lion/intellicar/ros2_ws/install/carla_ackermann_msgs/include/carla_ackermann_msgs/msg/detail/ego_vehicle_control_maxima__functions.c
[8.628s] -- Up-to-date: /home/lion/intellicar/ros2_ws/install/carla_ackermann_msgs/include/carla_ackermann_msgs/msg/detail/ego_vehicle_control_maxima__struct.h
[8.628s] -- Up-to-date: /home/lion/intellicar/ros2_ws/install/carla_ackermann_msgs/include/carla_ackermann_msgs/msg/detail/ego_vehicle_control_info__functions.c
[8.629s] -- Up-to-date: /home/lion/intellicar/ros2_ws/install/carla_ackermann_msgs/include/carla_ackermann_msgs/msg/detail/ego_vehicle_control_info__type_support.h
[8.629s] -- Up-to-date: /home/lion/intellicar/ros2_ws/install/carla_ackermann_msgs/include/carla_ackermann_msgs/msg/detail/ego_vehicle_control_info__struct.h
[8.629s] -- Up-to-date: /home/lion/intellicar/ros2_ws/install/carla_ackermann_msgs/include/carla_ackermann_msgs/msg/detail/ego_vehicle_control_current__functions.h
[8.629s] -- Up-to-date: /home/lion/intellicar/ros2_ws/install/carla_ackermann_msgs/include/carla_ackermann_msgs/msg/detail/ego_vehicle_control_maxima__type_support.h
[8.629s] -- Up-to-date: /home/lion/intellicar/ros2_ws/install/carla_ackermann_msgs/include/carla_ackermann_msgs/msg/detail/ego_vehicle_control_current__type_support.h
[8.629s] -- Up-to-date: /home/lion/intellicar/ros2_ws/install/carla_ackermann_msgs/include/carla_ackermann_msgs/msg/detail/ego_vehicle_control_current__functions.c
[8.629s] -- Up-to-date: /home/lion/intellicar/ros2_ws/install/carla_ackermann_msgs/include/carla_ackermann_msgs/msg/detail/ego_vehicle_control_target__type_support.h
[8.629s] -- Up-to-date: /home/lion/intellicar/ros2_ws/install/carla_ackermann_msgs/include/carla_ackermann_msgs/msg/detail/ego_vehicle_control_maxima__functions.h
[8.629s] -- Up-to-date: /home/lion/intellicar/ros2_ws/install/carla_ackermann_msgs/include/carla_ackermann_msgs/msg/detail/ego_vehicle_control_status__type_support.h
[8.629s] -- Up-to-date: /home/lion/intellicar/ros2_ws/install/carla_ackermann_msgs/include/carla_ackermann_msgs/msg/detail/ego_vehicle_control_target__functions.c
[8.630s] -- Up-to-date: /home/lion/intellicar/ros2_ws/install/carla_ackermann_msgs/include/carla_ackermann_msgs/msg/detail/ego_vehicle_control_status__functions.c
[8.630s] -- Up-to-date: /home/lion/intellicar/ros2_ws/install/carla_ackermann_msgs/include/carla_ackermann_msgs/msg/detail/ego_vehicle_control_status__functions.h
[8.630s] -- Up-to-date: /home/lion/intellicar/ros2_ws/install/carla_ackermann_msgs/include/carla_ackermann_msgs/msg/detail/ego_vehicle_control_target__struct.h
[8.630s] -- Up-to-date: /home/lion/intellicar/ros2_ws/install/carla_ackermann_msgs/include/carla_ackermann_msgs/msg/detail/ego_vehicle_control_target__functions.h
[8.630s] -- Up-to-date: /home/lion/intellicar/ros2_ws/install/carla_ackermann_msgs/include/carla_ackermann_msgs/msg/detail/ego_vehicle_control_status__struct.h
[8.630s] -- Up-to-date: /home/lion/intellicar/ros2_ws/install/carla_ackermann_msgs/include/carla_ackermann_msgs/msg/detail/ego_vehicle_control_current__struct.h
[8.630s] -- Up-to-date: /home/lion/intellicar/ros2_ws/install/carla_ackermann_msgs/include/carla_ackermann_msgs/msg/ego_vehicle_control_current.h
[8.630s] -- Up-to-date: /home/lion/intellicar/ros2_ws/install/carla_ackermann_msgs/include/carla_ackermann_msgs/msg/ego_vehicle_control_info.h
[8.630s] -- Up-to-date: /home/lion/intellicar/ros2_ws/install/carla_ackermann_msgs/include/carla_ackermann_msgs/msg/ego_vehicle_control_status.h
[8.630s] -- Up-to-date: /home/lion/intellicar/ros2_ws/install/carla_ackermann_msgs/include/carla_ackermann_msgs/msg/rosidl_generator_c__visibility_control.h
[8.631s] -- Up-to-date: /home/lion/intellicar/ros2_ws/install/carla_ackermann_msgs/include/carla_ackermann_msgs/msg/ego_vehicle_control_target.h
[8.631s] -- Up-to-date: /home/lion/intellicar/ros2_ws/install/carla_ackermann_msgs/share/carla_ackermann_msgs/environment/library_path.sh
[8.631s] -- Up-to-date: /home/lion/intellicar/ros2_ws/install/carla_ackermann_msgs/share/carla_ackermann_msgs/environment/library_path.dsv
[8.631s] -- Up-to-date: /home/lion/intellicar/ros2_ws/install/carla_ackermann_msgs/lib/libcarla_ackermann_msgs__rosidl_generator_c.so
[8.631s] -- Up-to-date: /home/lion/intellicar/ros2_ws/install/carla_ackermann_msgs/include/carla_ackermann_msgs
[8.631s] -- Up-to-date: /home/lion/intellicar/ros2_ws/install/carla_ackermann_msgs/include/carla_ackermann_msgs/msg
[8.631s] -- Up-to-date: /home/lion/intellicar/ros2_ws/install/carla_ackermann_msgs/include/carla_ackermann_msgs/msg/detail
[8.631s] -- Up-to-date: /home/lion/intellicar/ros2_ws/install/carla_ackermann_msgs/include/carla_ackermann_msgs/msg/detail/ego_vehicle_control_current__rosidl_typesupport_fastrtps_c.h
[8.631s] -- Up-to-date: /home/lion/intellicar/ros2_ws/install/carla_ackermann_msgs/include/carla_ackermann_msgs/msg/detail/ego_vehicle_control_status__rosidl_typesupport_fastrtps_c.h
[8.632s] -- Up-to-date: /home/lion/intellicar/ros2_ws/install/carla_ackermann_msgs/include/carla_ackermann_msgs/msg/detail/ego_vehicle_control_target__rosidl_typesupport_fastrtps_c.h
[8.636s] -- Up-to-date: /home/lion/intellicar/ros2_ws/install/carla_ackermann_msgs/include/carla_ackermann_msgs/msg/detail/ego_vehicle_control_info__rosidl_typesupport_fastrtps_c.h
[8.642s] -- Up-to-date: /home/lion/intellicar/ros2_ws/install/carla_ackermann_msgs/include/carla_ackermann_msgs/msg/detail/ego_vehicle_control_maxima__rosidl_typesupport_fastrtps_c.h
[8.642s] -- Up-to-date: /home/lion/intellicar/ros2_ws/install/carla_ackermann_msgs/include/carla_ackermann_msgs/msg/rosidl_typesupport_fastrtps_c__visibility_control.h
[8.642s] -- Up-to-date: /home/lion/intellicar/ros2_ws/install/carla_ackermann_msgs/lib/libcarla_ackermann_msgs__rosidl_typesupport_fastrtps_c.so
[8.642s] -- Up-to-date: /home/lion/intellicar/ros2_ws/install/carla_ackermann_msgs/include/carla_ackermann_msgs
[8.642s] -- Up-to-date: /home/lion/intellicar/ros2_ws/install/carla_ackermann_msgs/include/carla_ackermann_msgs/msg
[8.642s] -- Up-to-date: /home/lion/intellicar/ros2_ws/install/carla_ackermann_msgs/include/carla_ackermann_msgs/msg/detail
[8.642s] -- Up-to-date: /home/lion/intellicar/ros2_ws/install/carla_ackermann_msgs/include/carla_ackermann_msgs/msg/detail/dds_fastrtps
[8.642s] -- Up-to-date: /home/lion/intellicar/ros2_ws/install/carla_ackermann_msgs/include/carla_ackermann_msgs/msg/detail/ego_vehicle_control_current__rosidl_typesupport_fastrtps_cpp.hpp
[8.642s] -- Up-to-date: /home/lion/intellicar/ros2_ws/install/carla_ackermann_msgs/include/carla_ackermann_msgs/msg/detail/ego_vehicle_control_status__rosidl_typesupport_fastrtps_cpp.hpp
[8.642s] -- Up-to-date: /home/lion/intellicar/ros2_ws/install/carla_ackermann_msgs/include/carla_ackermann_msgs/msg/detail/ego_vehicle_control_target__rosidl_typesupport_fastrtps_cpp.hpp
[8.642s] -- Up-to-date: /home/lion/intellicar/ros2_ws/install/carla_ackermann_msgs/include/carla_ackermann_msgs/msg/detail/ego_vehicle_control_info__rosidl_typesupport_fastrtps_cpp.hpp
[8.642s] -- Up-to-date: /home/lion/intellicar/ros2_ws/install/carla_ackermann_msgs/include/carla_ackermann_msgs/msg/detail/ego_vehicle_control_maxima__rosidl_typesupport_fastrtps_cpp.hpp
[8.642s] -- Up-to-date: /home/lion/intellicar/ros2_ws/install/carla_ackermann_msgs/include/carla_ackermann_msgs/msg/rosidl_typesupport_fastrtps_cpp__visibility_control.h
[8.642s] -- Up-to-date: /home/lion/intellicar/ros2_ws/install/carla_ackermann_msgs/lib/libcarla_ackermann_msgs__rosidl_typesupport_fastrtps_cpp.so
[8.642s] -- Up-to-date: /home/lion/intellicar/ros2_ws/install/carla_ackermann_msgs/include/carla_ackermann_msgs
[8.642s] -- Up-to-date: /home/lion/intellicar/ros2_ws/install/carla_ackermann_msgs/include/carla_ackermann_msgs/msg
[8.643s] -- Up-to-date: /home/lion/intellicar/ros2_ws/install/carla_ackermann_msgs/include/carla_ackermann_msgs/msg/detail
[8.643s] -- Up-to-date: /home/lion/intellicar/ros2_ws/install/carla_ackermann_msgs/include/carla_ackermann_msgs/msg/detail/ego_vehicle_control_status__type_support.c
[8.643s] -- Up-to-date: /home/lion/intellicar/ros2_ws/install/carla_ackermann_msgs/include/carla_ackermann_msgs/msg/detail/ego_vehicle_control_status__rosidl_typesupport_introspection_c.h
[8.643s] -- Up-to-date: /home/lion/intellicar/ros2_ws/install/carla_ackermann_msgs/include/carla_ackermann_msgs/msg/detail/ego_vehicle_control_current__type_support.c
[8.643s] -- Up-to-date: /home/lion/intellicar/ros2_ws/install/carla_ackermann_msgs/include/carla_ackermann_msgs/msg/detail/ego_vehicle_control_target__type_support.c
[8.643s] -- Up-to-date: /home/lion/intellicar/ros2_ws/install/carla_ackermann_msgs/include/carla_ackermann_msgs/msg/detail/ego_vehicle_control_maxima__type_support.c
[8.643s] -- Up-to-date: /home/lion/intellicar/ros2_ws/install/carla_ackermann_msgs/include/carla_ackermann_msgs/msg/detail/ego_vehicle_control_maxima__rosidl_typesupport_introspection_c.h
[8.643s] -- Up-to-date: /home/lion/intellicar/ros2_ws/install/carla_ackermann_msgs/include/carla_ackermann_msgs/msg/detail/ego_vehicle_control_info__type_support.c
[8.643s] -- Up-to-date: /home/lion/intellicar/ros2_ws/install/carla_ackermann_msgs/include/carla_ackermann_msgs/msg/detail/ego_vehicle_control_target__rosidl_typesupport_introspection_c.h
[8.643s] -- Up-to-date: /home/lion/intellicar/ros2_ws/install/carla_ackermann_msgs/include/carla_ackermann_msgs/msg/detail/ego_vehicle_control_current__rosidl_typesupport_introspection_c.h
[8.643s] -- Up-to-date: /home/lion/intellicar/ros2_ws/install/carla_ackermann_msgs/include/carla_ackermann_msgs/msg/detail/ego_vehicle_control_info__rosidl_typesupport_introspection_c.h
[8.643s] -- Up-to-date: /home/lion/intellicar/ros2_ws/install/carla_ackermann_msgs/include/carla_ackermann_msgs/msg/rosidl_typesupport_introspection_c__visibility_control.h
[8.644s] -- Up-to-date: /home/lion/intellicar/ros2_ws/install/carla_ackermann_msgs/lib/libcarla_ackermann_msgs__rosidl_typesupport_introspection_c.so
[8.644s] -- Up-to-date: /home/lion/intellicar/ros2_ws/install/carla_ackermann_msgs/lib/libcarla_ackermann_msgs__rosidl_typesupport_c.so
[8.644s] -- Up-to-date: /home/lion/intellicar/ros2_ws/install/carla_ackermann_msgs/include/carla_ackermann_msgs
[8.644s] -- Up-to-date: /home/lion/intellicar/ros2_ws/install/carla_ackermann_msgs/include/carla_ackermann_msgs/msg
[8.644s] -- Up-to-date: /home/lion/intellicar/ros2_ws/install/carla_ackermann_msgs/include/carla_ackermann_msgs/msg/rosidl_generator_cpp__visibility_control.hpp
[8.644s] -- Up-to-date: /home/lion/intellicar/ros2_ws/install/carla_ackermann_msgs/include/carla_ackermann_msgs/msg/detail
[8.644s] -- Up-to-date: /home/lion/intellicar/ros2_ws/install/carla_ackermann_msgs/include/carla_ackermann_msgs/msg/detail/ego_vehicle_control_current__builder.hpp
[8.644s] -- Up-to-date: /home/lion/intellicar/ros2_ws/install/carla_ackermann_msgs/include/carla_ackermann_msgs/msg/detail/ego_vehicle_control_info__builder.hpp
[8.644s] -- Up-to-date: /home/lion/intellicar/ros2_ws/install/carla_ackermann_msgs/include/carla_ackermann_msgs/msg/detail/ego_vehicle_control_status__traits.hpp
[8.644s] -- Up-to-date: /home/lion/intellicar/ros2_ws/install/carla_ackermann_msgs/include/carla_ackermann_msgs/msg/detail/ego_vehicle_control_target__traits.hpp
[8.644s] -- Up-to-date: /home/lion/intellicar/ros2_ws/install/carla_ackermann_msgs/include/carla_ackermann_msgs/msg/detail/ego_vehicle_control_info__traits.hpp
[8.644s] -- Up-to-date: /home/lion/intellicar/ros2_ws/install/carla_ackermann_msgs/include/carla_ackermann_msgs/msg/detail/ego_vehicle_control_status__type_support.hpp
[8.644s] -- Up-to-date: /home/lion/intellicar/ros2_ws/install/carla_ackermann_msgs/include/carla_ackermann_msgs/msg/detail/ego_vehicle_control_current__type_support.hpp
[8.644s] -- Up-to-date: /home/lion/intellicar/ros2_ws/install/carla_ackermann_msgs/include/carla_ackermann_msgs/msg/detail/ego_vehicle_control_info__type_support.hpp
[8.644s] -- Up-to-date: /home/lion/intellicar/ros2_ws/install/carla_ackermann_msgs/include/carla_ackermann_msgs/msg/detail/ego_vehicle_control_maxima__traits.hpp
[8.644s] -- Up-to-date: /home/lion/intellicar/ros2_ws/install/carla_ackermann_msgs/include/carla_ackermann_msgs/msg/detail/ego_vehicle_control_status__struct.hpp
[8.645s] -- Up-to-date: /home/lion/intellicar/ros2_ws/install/carla_ackermann_msgs/include/carla_ackermann_msgs/msg/detail/ego_vehicle_control_status__builder.hpp
[8.645s] -- Up-to-date: /home/lion/intellicar/ros2_ws/install/carla_ackermann_msgs/include/carla_ackermann_msgs/msg/detail/ego_vehicle_control_maxima__struct.hpp
[8.645s] -- Up-to-date: /home/lion/intellicar/ros2_ws/install/carla_ackermann_msgs/include/carla_ackermann_msgs/msg/detail/ego_vehicle_control_current__struct.hpp
[8.645s] -- Up-to-date: /home/lion/intellicar/ros2_ws/install/carla_ackermann_msgs/include/carla_ackermann_msgs/msg/detail/ego_vehicle_control_current__traits.hpp
[8.645s] -- Up-to-date: /home/lion/intellicar/ros2_ws/install/carla_ackermann_msgs/include/carla_ackermann_msgs/msg/detail/ego_vehicle_control_target__type_support.hpp
[8.645s] -- Up-to-date: /home/lion/intellicar/ros2_ws/install/carla_ackermann_msgs/include/carla_ackermann_msgs/msg/detail/ego_vehicle_control_info__struct.hpp
[8.645s] -- Up-to-date: /home/lion/intellicar/ros2_ws/install/carla_ackermann_msgs/include/carla_ackermann_msgs/msg/detail/ego_vehicle_control_maxima__builder.hpp
[8.645s] -- Up-to-date: /home/lion/intellicar/ros2_ws/install/carla_ackermann_msgs/include/carla_ackermann_msgs/msg/detail/ego_vehicle_control_maxima__type_support.hpp
[8.645s] -- Up-to-date: /home/lion/intellicar/ros2_ws/install/carla_ackermann_msgs/include/carla_ackermann_msgs/msg/detail/ego_vehicle_control_target__builder.hpp
[8.645s] -- Up-to-date: /home/lion/intellicar/ros2_ws/install/carla_ackermann_msgs/include/carla_ackermann_msgs/msg/detail/ego_vehicle_control_target__struct.hpp
[8.646s] -- Up-to-date: /home/lion/intellicar/ros2_ws/install/carla_ackermann_msgs/include/carla_ackermann_msgs/msg/ego_vehicle_control_target.hpp
[8.646s] -- Up-to-date: /home/lion/intellicar/ros2_ws/install/carla_ackermann_msgs/include/carla_ackermann_msgs/msg/ego_vehicle_control_maxima.hpp
[8.646s] -- Up-to-date: /home/lion/intellicar/ros2_ws/install/carla_ackermann_msgs/include/carla_ackermann_msgs/msg/ego_vehicle_control_status.hpp
[8.646s] -- Up-to-date: /home/lion/intellicar/ros2_ws/install/carla_ackermann_msgs/include/carla_ackermann_msgs/msg/ego_vehicle_control_current.hpp
[8.646s] -- Up-to-date: /home/lion/intellicar/ros2_ws/install/carla_ackermann_msgs/include/carla_ackermann_msgs/msg/ego_vehicle_control_info.hpp
[8.646s] -- Up-to-date: /home/lion/intellicar/ros2_ws/install/carla_ackermann_msgs/include/carla_ackermann_msgs
[8.646s] -- Up-to-date: /home/lion/intellicar/ros2_ws/install/carla_ackermann_msgs/include/carla_ackermann_msgs/msg
[8.646s] -- Up-to-date: /home/lion/intellicar/ros2_ws/install/carla_ackermann_msgs/include/carla_ackermann_msgs/msg/detail
[8.646s] -- Up-to-date: /home/lion/intellicar/ros2_ws/install/carla_ackermann_msgs/include/carla_ackermann_msgs/msg/detail/ego_vehicle_control_status__rosidl_typesupport_introspection_cpp.hpp
[8.646s] -- Up-to-date: /home/lion/intellicar/ros2_ws/install/carla_ackermann_msgs/include/carla_ackermann_msgs/msg/detail/ego_vehicle_control_maxima__rosidl_typesupport_introspection_cpp.hpp
[8.646s] -- Up-to-date: /home/lion/intellicar/ros2_ws/install/carla_ackermann_msgs/include/carla_ackermann_msgs/msg/detail/ego_vehicle_control_target__rosidl_typesupport_introspection_cpp.hpp
[8.646s] -- Up-to-date: /home/lion/intellicar/ros2_ws/install/carla_ackermann_msgs/include/carla_ackermann_msgs/msg/detail/ego_vehicle_control_status__type_support.cpp
[8.646s] -- Up-to-date: /home/lion/intellicar/ros2_ws/install/carla_ackermann_msgs/include/carla_ackermann_msgs/msg/detail/ego_vehicle_control_target__type_support.cpp
[8.647s] -- Up-to-date: /home/lion/intellicar/ros2_ws/install/carla_ackermann_msgs/include/carla_ackermann_msgs/msg/detail/ego_vehicle_control_info__rosidl_typesupport_introspection_cpp.hpp
[8.647s] -- Up-to-date: /home/lion/intellicar/ros2_ws/install/carla_ackermann_msgs/include/carla_ackermann_msgs/msg/detail/ego_vehicle_control_current__type_support.cpp
[8.647s] -- Up-to-date: /home/lion/intellicar/ros2_ws/install/carla_ackermann_msgs/include/carla_ackermann_msgs/msg/detail/ego_vehicle_control_current__rosidl_typesupport_introspection_cpp.hpp
[8.647s] -- Up-to-date: /home/lion/intellicar/ros2_ws/install/carla_ackermann_msgs/include/carla_ackermann_msgs/msg/detail/ego_vehicle_control_maxima__type_support.cpp
[8.647s] -- Up-to-date: /home/lion/intellicar/ros2_ws/install/carla_ackermann_msgs/include/carla_ackermann_msgs/msg/detail/ego_vehicle_control_info__type_support.cpp
[8.647s] -- Up-to-date: /home/lion/intellicar/ros2_ws/install/carla_ackermann_msgs/lib/libcarla_ackermann_msgs__rosidl_typesupport_introspection_cpp.so
[8.647s] -- Up-to-date: /home/lion/intellicar/ros2_ws/install/carla_ackermann_msgs/lib/libcarla_ackermann_msgs__rosidl_typesupport_cpp.so
[8.647s] -- Up-to-date: /home/lion/intellicar/ros2_ws/install/carla_ackermann_msgs/share/carla_ackermann_msgs/environment/pythonpath.sh
[8.647s] -- Up-to-date: /home/lion/intellicar/ros2_ws/install/carla_ackermann_msgs/share/carla_ackermann_msgs/environment/pythonpath.dsv
[8.655s] -- Up-to-date: /home/lion/intellicar/ros2_ws/install/carla_ackermann_msgs/lib/python3.8/site-packages/carla_ackermann_msgs/__init__.py
[8.680s] -- Up-to-date: /home/lion/intellicar/ros2_ws/install/carla_ackermann_msgs/lib/python3.8/site-packages/carla_ackermann_msgs/msg
[8.681s] -- Up-to-date: /home/lion/intellicar/ros2_ws/install/carla_ackermann_msgs/lib/python3.8/site-packages/carla_ackermann_msgs/msg/_ego_vehicle_control_maxima_s.c
[8.681s] -- Up-to-date: /home/lion/intellicar/ros2_ws/install/carla_ackermann_msgs/lib/python3.8/site-packages/carla_ackermann_msgs/msg/_ego_vehicle_control_info_s.c
[8.683s] -- Up-to-date: /home/lion/intellicar/ros2_ws/install/carla_ackermann_msgs/lib/python3.8/site-packages/carla_ackermann_msgs/msg/_ego_vehicle_control_maxima.py
[8.684s] -- Up-to-date: /home/lion/intellicar/ros2_ws/install/carla_ackermann_msgs/lib/python3.8/site-packages/carla_ackermann_msgs/msg/_ego_vehicle_control_status.py
[8.685s] -- Up-to-date: /home/lion/intellicar/ros2_ws/install/carla_ackermann_msgs/lib/python3.8/site-packages/carla_ackermann_msgs/msg/_ego_vehicle_control_current_s.c
[8.691s] -- Up-to-date: /home/lion/intellicar/ros2_ws/install/carla_ackermann_msgs/lib/python3.8/site-packages/carla_ackermann_msgs/msg/_ego_vehicle_control_target_s.c
[8.692s] -- Up-to-date: /home/lion/intellicar/ros2_ws/install/carla_ackermann_msgs/lib/python3.8/site-packages/carla_ackermann_msgs/msg/__init__.py
[8.692s] -- Up-to-date: /home/lion/intellicar/ros2_ws/install/carla_ackermann_msgs/lib/python3.8/site-packages/carla_ackermann_msgs/msg/_ego_vehicle_control_info.py
[8.692s] -- Up-to-date: /home/lion/intellicar/ros2_ws/install/carla_ackermann_msgs/lib/python3.8/site-packages/carla_ackermann_msgs/msg/_ego_vehicle_control_target.py
[8.692s] -- Up-to-date: /home/lion/intellicar/ros2_ws/install/carla_ackermann_msgs/lib/python3.8/site-packages/carla_ackermann_msgs/msg/_ego_vehicle_control_status_s.c
[8.692s] -- Up-to-date: /home/lion/intellicar/ros2_ws/install/carla_ackermann_msgs/lib/python3.8/site-packages/carla_ackermann_msgs/msg/_ego_vehicle_control_current.py
[8.692s] -- Up-to-date: /home/lion/intellicar/ros2_ws/install/carla_ackermann_msgs/lib/python3.8/site-packages/carla_ackermann_msgs/carla_ackermann_msgs_s__rosidl_typesupport_fastrtps_c.cpython-38-x86_64-linux-gnu.so
[8.692s] -- Up-to-date: /home/lion/intellicar/ros2_ws/install/carla_ackermann_msgs/lib/python3.8/site-packages/carla_ackermann_msgs/carla_ackermann_msgs_s__rosidl_typesupport_introspection_c.cpython-38-x86_64-linux-gnu.so
[8.692s] -- Up-to-date: /home/lion/intellicar/ros2_ws/install/carla_ackermann_msgs/lib/python3.8/site-packages/carla_ackermann_msgs/carla_ackermann_msgs_s__rosidl_typesupport_c.cpython-38-x86_64-linux-gnu.so
[8.693s] -- Up-to-date: /home/lion/intellicar/ros2_ws/install/carla_ackermann_msgs/lib/libcarla_ackermann_msgs__python.so
[8.693s] -- Up-to-date: /home/lion/intellicar/ros2_ws/install/carla_ackermann_msgs/share/carla_ackermann_msgs/msg/EgoVehicleControlInfo.idl
[8.693s] -- Up-to-date: /home/lion/intellicar/ros2_ws/install/carla_ackermann_msgs/share/carla_ackermann_msgs/msg/EgoVehicleControlCurrent.idl
[8.693s] -- Up-to-date: /home/lion/intellicar/ros2_ws/install/carla_ackermann_msgs/share/carla_ackermann_msgs/msg/EgoVehicleControlMaxima.idl
[8.693s] -- Up-to-date: /home/lion/intellicar/ros2_ws/install/carla_ackermann_msgs/share/carla_ackermann_msgs/msg/EgoVehicleControlStatus.idl
[8.693s] -- Up-to-date: /home/lion/intellicar/ros2_ws/install/carla_ackermann_msgs/share/carla_ackermann_msgs/msg/EgoVehicleControlTarget.idl
[8.693s] -- Up-to-date: /home/lion/intellicar/ros2_ws/install/carla_ackermann_msgs/share/carla_ackermann_msgs/msg/EgoVehicleControlInfo.msg
[8.693s] -- Up-to-date: /home/lion/intellicar/ros2_ws/install/carla_ackermann_msgs/share/carla_ackermann_msgs/msg/EgoVehicleControlCurrent.msg
[8.693s] -- Up-to-date: /home/lion/intellicar/ros2_ws/install/carla_ackermann_msgs/share/carla_ackermann_msgs/msg/EgoVehicleControlMaxima.msg
[8.693s] -- Up-to-date: /home/lion/intellicar/ros2_ws/install/carla_ackermann_msgs/share/carla_ackermann_msgs/msg/EgoVehicleControlStatus.msg
[8.694s] -- Up-to-date: /home/lion/intellicar/ros2_ws/install/carla_ackermann_msgs/share/carla_ackermann_msgs/msg/EgoVehicleControlTarget.msg
[8.694s] -- Up-to-date: /home/lion/intellicar/ros2_ws/install/carla_ackermann_msgs/share/ament_index/resource_index/package_run_dependencies/carla_ackermann_msgs
[8.694s] -- Up-to-date: /home/lion/intellicar/ros2_ws/install/carla_ackermann_msgs/share/ament_index/resource_index/parent_prefix_path/carla_ackermann_msgs
[8.694s] -- Up-to-date: /home/lion/intellicar/ros2_ws/install/carla_ackermann_msgs/share/carla_ackermann_msgs/environment/ament_prefix_path.sh
[8.694s] -- Up-to-date: /home/lion/intellicar/ros2_ws/install/carla_ackermann_msgs/share/carla_ackermann_msgs/environment/ament_prefix_path.dsv
[8.694s] -- Up-to-date: /home/lion/intellicar/ros2_ws/install/carla_ackermann_msgs/share/carla_ackermann_msgs/environment/path.sh
[8.694s] -- Up-to-date: /home/lion/intellicar/ros2_ws/install/carla_ackermann_msgs/share/carla_ackermann_msgs/environment/path.dsv
[8.694s] -- Up-to-date: /home/lion/intellicar/ros2_ws/install/carla_ackermann_msgs/share/carla_ackermann_msgs/local_setup.bash
[8.694s] -- Up-to-date: /home/lion/intellicar/ros2_ws/install/carla_ackermann_msgs/share/carla_ackermann_msgs/local_setup.sh
[8.695s] -- Up-to-date: /home/lion/intellicar/ros2_ws/install/carla_ackermann_msgs/share/carla_ackermann_msgs/local_setup.zsh
[8.695s] -- Up-to-date: /home/lion/intellicar/ros2_ws/install/carla_ackermann_msgs/share/carla_ackermann_msgs/local_setup.dsv
[8.695s] -- Installing: /home/lion/intellicar/ros2_ws/install/carla_ackermann_msgs/share/carla_ackermann_msgs/package.dsv
[8.695s] -- Up-to-date: /home/lion/intellicar/ros2_ws/install/carla_ackermann_msgs/share/ament_index/resource_index/packages/carla_ackermann_msgs
[8.695s] -- Up-to-date: /home/lion/intellicar/ros2_ws/install/carla_ackermann_msgs/share/carla_ackermann_msgs/cmake/carla_ackermann_msgs__rosidl_generator_cExport.cmake
[8.695s] -- Up-to-date: /home/lion/intellicar/ros2_ws/install/carla_ackermann_msgs/share/carla_ackermann_msgs/cmake/carla_ackermann_msgs__rosidl_generator_cExport-noconfig.cmake
[8.695s] -- Up-to-date: /home/lion/intellicar/ros2_ws/install/carla_ackermann_msgs/share/carla_ackermann_msgs/cmake/carla_ackermann_msgs__rosidl_typesupport_introspection_cExport.cmake
[8.695s] -- Up-to-date: /home/lion/intellicar/ros2_ws/install/carla_ackermann_msgs/share/carla_ackermann_msgs/cmake/carla_ackermann_msgs__rosidl_typesupport_introspection_cExport-noconfig.cmake
[8.695s] -- Up-to-date: /home/lion/intellicar/ros2_ws/install/carla_ackermann_msgs/share/carla_ackermann_msgs/cmake/carla_ackermann_msgs__rosidl_typesupport_cExport.cmake
[8.695s] -- Up-to-date: /home/lion/intellicar/ros2_ws/install/carla_ackermann_msgs/share/carla_ackermann_msgs/cmake/carla_ackermann_msgs__rosidl_typesupport_cExport-noconfig.cmake
[8.696s] -- Up-to-date: /home/lion/intellicar/ros2_ws/install/carla_ackermann_msgs/share/carla_ackermann_msgs/cmake/carla_ackermann_msgs__rosidl_generator_cppExport.cmake
[8.696s] -- Up-to-date: /home/lion/intellicar/ros2_ws/install/carla_ackermann_msgs/share/carla_ackermann_msgs/cmake/carla_ackermann_msgs__rosidl_typesupport_introspection_cppExport.cmake
[8.696s] -- Up-to-date: /home/lion/intellicar/ros2_ws/install/carla_ackermann_msgs/share/carla_ackermann_msgs/cmake/carla_ackermann_msgs__rosidl_typesupport_introspection_cppExport-noconfig.cmake
[8.696s] -- Up-to-date: /home/lion/intellicar/ros2_ws/install/carla_ackermann_msgs/share/carla_ackermann_msgs/cmake/carla_ackermann_msgs__rosidl_typesupport_cppExport.cmake
[8.696s] -- Up-to-date: /home/lion/intellicar/ros2_ws/install/carla_ackermann_msgs/share/carla_ackermann_msgs/cmake/carla_ackermann_msgs__rosidl_typesupport_cppExport-noconfig.cmake
[8.696s] -- Up-to-date: /home/lion/intellicar/ros2_ws/install/carla_ackermann_msgs/share/carla_ackermann_msgs/cmake/rosidl_cmake-extras.cmake
[8.696s] -- Up-to-date: /home/lion/intellicar/ros2_ws/install/carla_ackermann_msgs/share/carla_ackermann_msgs/cmake/ament_cmake_export_dependencies-extras.cmake
[8.696s] -- Up-to-date: /home/lion/intellicar/ros2_ws/install/carla_ackermann_msgs/share/carla_ackermann_msgs/cmake/ament_cmake_export_libraries-extras.cmake
[8.696s] -- Up-to-date: /home/lion/intellicar/ros2_ws/install/carla_ackermann_msgs/share/carla_ackermann_msgs/cmake/ament_cmake_export_targets-extras.cmake
[8.696s] -- Up-to-date: /home/lion/intellicar/ros2_ws/install/carla_ackermann_msgs/share/carla_ackermann_msgs/cmake/ament_cmake_export_include_directories-extras.cmake
[8.697s] -- Up-to-date: /home/lion/intellicar/ros2_ws/install/carla_ackermann_msgs/share/carla_ackermann_msgs/cmake/rosidl_cmake_export_typesupport_libraries-extras.cmake
[8.697s] -- Up-to-date: /home/lion/intellicar/ros2_ws/install/carla_ackermann_msgs/share/carla_ackermann_msgs/cmake/rosidl_cmake_export_typesupport_targets-extras.cmake
[8.703s] -- Up-to-date: /home/lion/intellicar/ros2_ws/install/carla_ackermann_msgs/share/carla_ackermann_msgs/cmake/carla_ackermann_msgsConfig.cmake
[8.704s] -- Up-to-date: /home/lion/intellicar/ros2_ws/install/carla_ackermann_msgs/share/carla_ackermann_msgs/cmake/carla_ackermann_msgsConfig-version.cmake
[8.704s] -- Up-to-date: /home/lion/intellicar/ros2_ws/install/carla_ackermann_msgs/share/carla_ackermann_msgs/package.xml
[9.605s] Invoked command in '/home/lion/intellicar/ros2_ws/build/carla_ackermann_msgs' returned '0': AMENT_PREFIX_PATH=/home/lion/intellicar/ros2_ws/install/carla_msgs:${AMENT_PREFIX_PATH} CMAKE_PREFIX_PATH=/home/lion/intellicar/ros2_ws/install/carla_msgs:/opt/ros/foxy LD_LIBRARY_PATH=/home/lion/intellicar/ros2_ws/install/carla_msgs/lib:${LD_LIBRARY_PATH} PYTHONPATH=/home/lion/intellicar/ros2_ws/install/carla_msgs/lib/python3.8/site-packages:${PYTHONPATH} /usr/bin/cmake --install /home/lion/intellicar/ros2_ws/build/carla_ackermann_msgs
