[5.392s] Invoking command in '/home/lion/intellicar/ros2_ws/src/ros-bridge/rqt_carla_control': PYTHONPATH=/home/lion/intellicar/ros2_ws/build/rqt_carla_control/prefix_override:/home/lion/intellicar/ros2_ws/install/rqt_carla_control/lib/python3.8/site-packages:${PYTHONPATH} /usr/bin/python3 setup.py egg_info --egg-base ../../../build/rqt_carla_control build --build-base /home/lion/intellicar/ros2_ws/build/rqt_carla_control/build install --record /home/lion/intellicar/ros2_ws/build/rqt_carla_control/install.log --single-version-externally-managed
[5.740s] running egg_info
[5.742s] creating ../../../build/rqt_carla_control/rqt_carla_control.egg-info
[5.742s] writing ../../../build/rqt_carla_control/rqt_carla_control.egg-info/PKG-INFO
[5.742s] writing dependency_links to ../../../build/rqt_carla_control/rqt_carla_control.egg-info/dependency_links.txt
[5.742s] writing requirements to ../../../build/rqt_carla_control/rqt_carla_control.egg-info/requires.txt
[5.742s] writing top-level names to ../../../build/rqt_carla_control/rqt_carla_control.egg-info/top_level.txt
[5.746s] writing manifest file '../../../build/rqt_carla_control/rqt_carla_control.egg-info/SOURCES.txt'
[5.825s] reading manifest file '../../../build/rqt_carla_control/rqt_carla_control.egg-info/SOURCES.txt'
[5.828s] writing manifest file '../../../build/rqt_carla_control/rqt_carla_control.egg-info/SOURCES.txt'
[5.829s] running build
[5.829s] running build_py
[5.829s] creating /home/lion/intellicar/ros2_ws/build/rqt_carla_control/build
[5.830s] creating /home/lion/intellicar/ros2_ws/build/rqt_carla_control/build/lib
[5.830s] creating /home/lion/intellicar/ros2_ws/build/rqt_carla_control/build/lib/rqt_carla_control
[5.830s] copying src/rqt_carla_control/__init__.py -> /home/lion/intellicar/ros2_ws/build/rqt_carla_control/build/lib/rqt_carla_control
[5.831s] copying src/rqt_carla_control/rqt_carla_control.py -> /home/lion/intellicar/ros2_ws/build/rqt_carla_control/build/lib/rqt_carla_control
[5.831s] running build_scripts
[5.831s] creating /home/lion/intellicar/ros2_ws/build/rqt_carla_control/build/scripts-3.8
[5.832s] copying and adjusting scripts/rqt_carla_control -> /home/lion/intellicar/ros2_ws/build/rqt_carla_control/build/scripts-3.8
[5.832s] changing mode of /home/lion/intellicar/ros2_ws/build/rqt_carla_control/build/scripts-3.8/rqt_carla_control from 664 to 775
[5.832s] running install
[5.833s] running install_lib
[5.835s] creating /home/lion/intellicar/ros2_ws/install/rqt_carla_control/lib/python3.8/site-packages/rqt_carla_control
[5.835s] copying /home/lion/intellicar/ros2_ws/build/rqt_carla_control/build/lib/rqt_carla_control/__init__.py -> /home/lion/intellicar/ros2_ws/install/rqt_carla_control/lib/python3.8/site-packages/rqt_carla_control
[5.835s] copying /home/lion/intellicar/ros2_ws/build/rqt_carla_control/build/lib/rqt_carla_control/rqt_carla_control.py -> /home/lion/intellicar/ros2_ws/install/rqt_carla_control/lib/python3.8/site-packages/rqt_carla_control
[5.836s] byte-compiling /home/lion/intellicar/ros2_ws/install/rqt_carla_control/lib/python3.8/site-packages/rqt_carla_control/__init__.py to __init__.cpython-38.pyc
[5.839s] byte-compiling /home/lion/intellicar/ros2_ws/install/rqt_carla_control/lib/python3.8/site-packages/rqt_carla_control/rqt_carla_control.py to rqt_carla_control.cpython-38.pyc
[5.841s] running install_data
[5.844s] creating /home/lion/intellicar/ros2_ws/install/rqt_carla_control/share/ament_index
[5.845s] creating /home/lion/intellicar/ros2_ws/install/rqt_carla_control/share/ament_index/resource_index
[5.845s] creating /home/lion/intellicar/ros2_ws/install/rqt_carla_control/share/ament_index/resource_index/packages
[5.845s] copying resource/rqt_carla_control -> /home/lion/intellicar/ros2_ws/install/rqt_carla_control/share/ament_index/resource_index/packages
[5.846s] copying package.xml -> /home/lion/intellicar/ros2_ws/install/rqt_carla_control/share/rqt_carla_control
[5.846s] copying plugin.xml -> /home/lion/intellicar/ros2_ws/install/rqt_carla_control/share/rqt_carla_control
[5.847s] creating /home/lion/intellicar/ros2_ws/install/rqt_carla_control/share/rqt_carla_control/resource
[5.847s] copying resource/CarlaControl.ui -> /home/lion/intellicar/ros2_ws/install/rqt_carla_control/share/rqt_carla_control/resource
[5.847s] copying resource/pause.png -> /home/lion/intellicar/ros2_ws/install/rqt_carla_control/share/rqt_carla_control/resource
[5.848s] copying resource/play.png -> /home/lion/intellicar/ros2_ws/install/rqt_carla_control/share/rqt_carla_control/resource
[5.848s] copying resource/step_once.png -> /home/lion/intellicar/ros2_ws/install/rqt_carla_control/share/rqt_carla_control/resource
[5.848s] creating /home/lion/intellicar/ros2_ws/install/rqt_carla_control/lib/rqt_carla_control
[5.849s] copying scripts/rqt_carla_control -> /home/lion/intellicar/ros2_ws/install/rqt_carla_control/lib/rqt_carla_control
[5.849s] running install_egg_info
[5.854s] Copying ../../../build/rqt_carla_control/rqt_carla_control.egg-info to /home/lion/intellicar/ros2_ws/install/rqt_carla_control/lib/python3.8/site-packages/rqt_carla_control-0.0.0-py3.8.egg-info
[5.856s] running install_scripts
[5.889s] copying /home/lion/intellicar/ros2_ws/build/rqt_carla_control/build/scripts-3.8/rqt_carla_control -> /home/lion/intellicar/ros2_ws/install/rqt_carla_control/lib/rqt_carla_control
[5.889s] changing mode of /home/lion/intellicar/ros2_ws/install/rqt_carla_control/lib/rqt_carla_control/rqt_carla_control to 775
[5.892s] writing list of installed files to '/home/lion/intellicar/ros2_ws/build/rqt_carla_control/install.log'
[9.452s] Invoked command in '/home/lion/intellicar/ros2_ws/src/ros-bridge/rqt_carla_control' returned '0': PYTHONPATH=/home/lion/intellicar/ros2_ws/build/rqt_carla_control/prefix_override:/home/lion/intellicar/ros2_ws/install/rqt_carla_control/lib/python3.8/site-packages:${PYTHONPATH} /usr/bin/python3 setup.py egg_info --egg-base ../../../build/rqt_carla_control build --build-base /home/lion/intellicar/ros2_ws/build/rqt_carla_control/build install --record /home/lion/intellicar/ros2_ws/build/rqt_carla_control/install.log --single-version-externally-managed
