[0.555s] Invoking command in '/home/lion/intellicar/ros2_ws/build/pcl_recorder': AMENT_PREFIX_PATH=/home/lion/intellicar/ros2_ws/install/carla_ros_bridge:/home/lion/intellicar/ros2_ws/install/carla_spawn_objects:/home/lion/intellicar/ros2_ws/install/carla_manual_control:/home/lion/intellicar/ros2_ws/install/ros_compatibility:/home/lion/intellicar/ros2_ws/install/carla_msgs:/home/lion/intellicar/ros2_ws/install/carla_common:${AMENT_PREFIX_PATH} CMAKE_PREFIX_PATH=/home/lion/intellicar/ros2_ws/install/carla_msgs:/opt/ros/foxy LD_LIBRARY_PATH=/home/lion/intellicar/ros2_ws/install/carla_msgs/lib:${LD_LIBRARY_PATH} PYTHONPATH=/home/lion/intellicar/ros2_ws/install/carla_ros_bridge/lib/python3.8/site-packages:/home/lion/intellicar/ros2_ws/install/carla_spawn_objects/lib/python3.8/site-packages:/home/lion/intellicar/ros2_ws/install/carla_manual_control/lib/python3.8/site-packages:/home/lion/intellicar/ros2_ws/install/ros_compatibility/lib/python3.8/site-packages:/home/lion/intellicar/ros2_ws/install/carla_msgs/lib/python3.8/site-packages:/home/lion/intellicar/ros2_ws/install/carla_common/lib/python3.8/site-packages:${PYTHONPATH} /usr/bin/cmake /home/lion/intellicar/ros2_ws/src/ros-bridge/pcl_recorder -DCMAKE_INSTALL_PREFIX=/home/lion/intellicar/ros2_ws/install/pcl_recorder
[0.638s] -- The C compiler identification is GNU 9.4.0
[0.716s] -- The CXX compiler identification is GNU 9.4.0
[0.722s] -- Check for working C compiler: /usr/bin/cc
[0.835s] -- Check for working C compiler: /usr/bin/cc -- works
[0.836s] -- Detecting C compiler ABI info
[0.958s] -- Detecting C compiler ABI info - done
[0.973s] -- Detecting C compile features
[0.974s] -- Detecting C compile features - done
[0.978s] -- Check for working CXX compiler: /usr/bin/c++
[1.096s] -- Check for working CXX compiler: /usr/bin/c++ -- works
[1.097s] -- Detecting CXX compiler ABI info
[1.223s] -- Detecting CXX compiler ABI info - done
[1.248s] -- Detecting CXX compile features
[1.248s] -- Detecting CXX compile features - done
[1.248s] -- Found ros_environment: 2.5.1 (/opt/ros/foxy/share/ros_environment/cmake)
[1.250s] -- Found ament_cmake: 0.9.12 (/opt/ros/foxy/share/ament_cmake/cmake)
[1.291s] -- Found PythonInterp: /usr/bin/python3 (found suitable version "3.8.10", minimum required is "3") 
[1.291s] -- Using PYTHON_EXECUTABLE: /usr/bin/python3
[1.648s] -- Found rclcpp: 2.4.3 (/opt/ros/foxy/share/rclcpp/cmake)
[1.707s] -- Using all available rosidl_typesupport_c: rosidl_typesupport_fastrtps_c;rosidl_typesupport_introspection_c
[1.716s] -- Found rosidl_adapter: 1.3.1 (/opt/ros/foxy/share/rosidl_adapter/cmake)
[1.860s] -- Found OpenSSL: /usr/lib/x86_64-linux-gnu/libcrypto.so (found version "1.1.1f")  
[1.909s] -- Found FastRTPS: /opt/ros/foxy/include  
[2.025s] -- Using all available rosidl_typesupport_cpp: rosidl_typesupport_fastrtps_cpp;rosidl_typesupport_introspection_cpp
[2.102s] -- Found rmw_implementation_cmake: 1.0.4 (/opt/ros/foxy/share/rmw_implementation_cmake/cmake)
[2.104s] -- Using RMW implementation 'rmw_fastrtps_cpp' as default
[2.105s] -- Looking for pthread.h
[2.228s] -- Looking for pthread.h - found
[2.229s] -- Performing Test CMAKE_HAVE_LIBC_PTHREAD
[2.345s] -- Performing Test CMAKE_HAVE_LIBC_PTHREAD - Failed
[2.345s] -- Looking for pthread_create in pthreads
[2.448s] -- Looking for pthread_create in pthreads - not found
[2.448s] -- Looking for pthread_create in pthread
[2.581s] -- Looking for pthread_create in pthread - found
[2.582s] -- Found Threads: TRUE  
[2.812s] -- Found rclcpp_components: 2.4.3 (/opt/ros/foxy/share/rclcpp_components/cmake)
[2.896s] -- Found sensor_msgs: 2.0.5 (/opt/ros/foxy/share/sensor_msgs/cmake)
[3.069s] -- Found tf2: 0.13.14 (/opt/ros/foxy/share/tf2/cmake)
[3.084s] -- Found tf2_geometry_msgs: 0.13.14 (/opt/ros/foxy/share/tf2_geometry_msgs/cmake)
[3.095s] -- Found eigen3_cmake_module: 0.1.1 (/opt/ros/foxy/share/eigen3_cmake_module/cmake)
[3.098s] -- Found Eigen3: TRUE (found version "3.3.7") 
[3.574s] -- Found pcl_conversions: 2.2.1 (/opt/ros/foxy/share/pcl_conversions/cmake)
[3.843s] -- Found Boost: /usr/lib/x86_64-linux-gnu/cmake/Boost-1.71.0/BoostConfig.cmake (found version "1.71.0") found components: system 
[3.860s] -- Checking for module 'eigen3'
[3.888s] --   Found eigen3, version 3.3.7
[3.953s] -- Found Eigen: /usr/include/eigen3 (Required is at least version "3.1") 
[3.953s] -- Eigen found (include: /usr/include/eigen3, version: 3.3.7)
[4.022s] -- Found Boost: /usr/include (found suitable version "1.71.0", minimum required is "1.55.0") found components: system filesystem date_time iostreams regex 
[4.031s] -- Checking for module 'libusb-1.0'
[4.066s] --   Found libusb-1.0, version 1.0.23
[4.152s] -- Found USB_10: /usr/lib/x86_64-linux-gnu/libusb-1.0.so  
[4.252s] -- Found OpenNI: /usr/lib/libOpenNI.so  
[4.252s] -- OpenNI found (include: /usr/include/ni, lib: /usr/lib/libOpenNI.so)
[4.351s] -- Found OpenNI2: /usr/lib/libOpenNI2.so  
[4.351s] -- OpenNI2 found (include: /usr/include/openni2, lib: /usr/lib/libOpenNI2.so)
[4.351s] ** WARNING ** io features related to pcap will be disabled
[4.351s] ** WARNING ** io features related to png will be disabled
[4.436s] -- The imported target "vtkParseOGLExt" references the file
[4.436s]    "/usr/bin/vtkParseOGLExt-7.1"
[4.436s] but this file does not exist.  Possible reasons include:
[4.437s] * The file was deleted, renamed, or moved to another location.
[4.437s] * An install or uninstall procedure did not complete successfully.
[4.437s] * The installation package was faulty and contained
[4.437s]    "/usr/lib/cmake/vtk-7.1/VTKTargets.cmake"
[4.437s] but not all the files it references.
[4.437s] 
[4.438s] -- The imported target "vtkRenderingPythonTkWidgets" references the file
[4.438s]    "/usr/lib/x86_64-linux-gnu/libvtkRenderingPythonTkWidgets.so"
[4.438s] but this file does not exist.  Possible reasons include:
[4.438s] * The file was deleted, renamed, or moved to another location.
[4.438s] * An install or uninstall procedure did not complete successfully.
[4.438s] * The installation package was faulty and contained
[4.438s]    "/usr/lib/cmake/vtk-7.1/VTKTargets.cmake"
[4.439s] but not all the files it references.
[4.439s] 
[4.440s] -- The imported target "vtk" references the file
[4.440s]    "/usr/bin/vtk"
[4.440s] but this file does not exist.  Possible reasons include:
[4.440s] * The file was deleted, renamed, or moved to another location.
[4.440s] * An install or uninstall procedure did not complete successfully.
[4.440s] * The installation package was faulty and contained
[4.440s]    "/usr/lib/cmake/vtk-7.1/VTKTargets.cmake"
[4.440s] but not all the files it references.
[4.440s] 
[4.440s] -- The imported target "pvtk" references the file
[4.441s]    "/usr/bin/pvtk"
[4.441s] but this file does not exist.  Possible reasons include:
[4.441s] * The file was deleted, renamed, or moved to another location.
[4.441s] * An install or uninstall procedure did not complete successfully.
[4.441s] * The installation package was faulty and contained
[4.441s]    "/usr/lib/cmake/vtk-7.1/VTKTargets.cmake"
[4.441s] but not all the files it references.
[4.441s] 
[4.468s] ** WARNING ** io features related to libusb-1.0 will be disabled
[4.468s] -- Found libusb-1.0: /usr/include  
[4.468s] -- looking for PCL_COMMON
[4.470s] -- Found PCL_COMMON: /usr/lib/x86_64-linux-gnu/libpcl_common.so  
[4.471s] -- looking for PCL_OCTREE
[4.474s] -- Found PCL_OCTREE: /usr/lib/x86_64-linux-gnu/libpcl_octree.so  
[4.474s] -- looking for PCL_IO
[4.478s] -- Found PCL_IO: /usr/lib/x86_64-linux-gnu/libpcl_io.so  
[4.479s] -- Found PCL: pcl_common;pcl_octree;pcl_io;/usr/lib/x86_64-linux-gnu/libboost_system.so.1.71.0;/usr/lib/x86_64-linux-gnu/libboost_filesystem.so;/usr/lib/x86_64-linux-gnu/libboost_date_time.so;/usr/lib/x86_64-linux-gnu/libboost_iostreams.so;/usr/lib/x86_64-linux-gnu/libboost_regex.so;/usr/lib/libOpenNI.so;/usr/lib/libOpenNI2.so;vtkChartsCore;vtkCommonColor;vtkCommonCore;vtksys;vtkCommonDataModel;vtkCommonMath;vtkCommonMisc;vtkCommonSystem;vtkCommonTransforms;vtkCommonExecutionModel;vtkFiltersGeneral;vtkCommonComputationalGeometry;vtkFiltersCore;vtkInfovisCore;vtkFiltersExtraction;vtkFiltersStatistics;vtkImagingFourier;vtkImagingCore;vtkalglib;vtkRenderingContext2D;vtkRenderingCore;vtkFiltersGeometry;vtkFiltersSources;vtkRenderingFreeType;/usr/lib/x86_64-linux-gnu/libfreetype.so;/usr/lib/x86_64-linux-gnu/libz.so;vtkFiltersModeling;vtkImagingSources;vtkInteractionStyle;vtkInteractionWidgets;vtkFiltersHybrid;vtkImagingColor;vtkImagingGeneral;vtkImagingHybrid;vtkIOImage;vtkDICOMParser;vtkmetaio;/usr/lib/x86_64-linux-gnu/libjpeg.so;/usr/lib/x86_64-linux-gnu/libpng.so;/usr/lib/x86_64-linux-gnu/libtiff.so;vtkRenderingAnnotation;vtkRenderingVolume;vtkIOXML;vtkIOCore;vtkIOXMLParser;/usr/lib/x86_64-linux-gnu/libexpat.so;vtkIOGeometry;vtkIOLegacy;vtkIOPLY;vtkRenderingLOD;vtkViewsContext2D;vtkViewsCore;vtkRenderingContextOpenGL2;vtkRenderingOpenGL2  
[4.639s] -- Configuring done
[4.688s] -- Generating done
[4.691s] -- Build files have been written to: /home/lion/intellicar/ros2_ws/build/pcl_recorder
[4.720s] Invoked command in '/home/lion/intellicar/ros2_ws/build/pcl_recorder' returned '0': AMENT_PREFIX_PATH=/home/lion/intellicar/ros2_ws/install/carla_ros_bridge:/home/lion/intellicar/ros2_ws/install/carla_spawn_objects:/home/lion/intellicar/ros2_ws/install/carla_manual_control:/home/lion/intellicar/ros2_ws/install/ros_compatibility:/home/lion/intellicar/ros2_ws/install/carla_msgs:/home/lion/intellicar/ros2_ws/install/carla_common:${AMENT_PREFIX_PATH} CMAKE_PREFIX_PATH=/home/lion/intellicar/ros2_ws/install/carla_msgs:/opt/ros/foxy LD_LIBRARY_PATH=/home/lion/intellicar/ros2_ws/install/carla_msgs/lib:${LD_LIBRARY_PATH} PYTHONPATH=/home/lion/intellicar/ros2_ws/install/carla_ros_bridge/lib/python3.8/site-packages:/home/lion/intellicar/ros2_ws/install/carla_spawn_objects/lib/python3.8/site-packages:/home/lion/intellicar/ros2_ws/install/carla_manual_control/lib/python3.8/site-packages:/home/lion/intellicar/ros2_ws/install/ros_compatibility/lib/python3.8/site-packages:/home/lion/intellicar/ros2_ws/install/carla_msgs/lib/python3.8/site-packages:/home/lion/intellicar/ros2_ws/install/carla_common/lib/python3.8/site-packages:${PYTHONPATH} /usr/bin/cmake /home/lion/intellicar/ros2_ws/src/ros-bridge/pcl_recorder -DCMAKE_INSTALL_PREFIX=/home/lion/intellicar/ros2_ws/install/pcl_recorder
[4.726s] Invoking command in '/home/lion/intellicar/ros2_ws/build/pcl_recorder': AMENT_PREFIX_PATH=/home/lion/intellicar/ros2_ws/install/carla_ros_bridge:/home/lion/intellicar/ros2_ws/install/carla_spawn_objects:/home/lion/intellicar/ros2_ws/install/carla_manual_control:/home/lion/intellicar/ros2_ws/install/ros_compatibility:/home/lion/intellicar/ros2_ws/install/carla_msgs:/home/lion/intellicar/ros2_ws/install/carla_common:${AMENT_PREFIX_PATH} CMAKE_PREFIX_PATH=/home/lion/intellicar/ros2_ws/install/carla_msgs:/opt/ros/foxy LD_LIBRARY_PATH=/home/lion/intellicar/ros2_ws/install/carla_msgs/lib:${LD_LIBRARY_PATH} PYTHONPATH=/home/lion/intellicar/ros2_ws/install/carla_ros_bridge/lib/python3.8/site-packages:/home/lion/intellicar/ros2_ws/install/carla_spawn_objects/lib/python3.8/site-packages:/home/lion/intellicar/ros2_ws/install/carla_manual_control/lib/python3.8/site-packages:/home/lion/intellicar/ros2_ws/install/ros_compatibility/lib/python3.8/site-packages:/home/lion/intellicar/ros2_ws/install/carla_msgs/lib/python3.8/site-packages:/home/lion/intellicar/ros2_ws/install/carla_common/lib/python3.8/site-packages:${PYTHONPATH} /usr/bin/cmake --build /home/lion/intellicar/ros2_ws/build/pcl_recorder -- -j16 -l16
[4.791s] [35m[1mScanning dependencies of target pcl_recorder_node[0m
[4.922s] [ 33%] [32mBuilding CXX object CMakeFiles/pcl_recorder_node.dir/src/PclRecorderROS2.cpp.o[0m
[30.701s] [ 66%] [32mBuilding CXX object CMakeFiles/pcl_recorder_node.dir/src/mainROS2.cpp.o[0m
[43.688s] [100%] [32m[1mLinking CXX executable pcl_recorder_node[0m
[45.140s] [100%] Built target pcl_recorder_node
[45.158s] Invoked command in '/home/lion/intellicar/ros2_ws/build/pcl_recorder' returned '0': AMENT_PREFIX_PATH=/home/lion/intellicar/ros2_ws/install/carla_ros_bridge:/home/lion/intellicar/ros2_ws/install/carla_spawn_objects:/home/lion/intellicar/ros2_ws/install/carla_manual_control:/home/lion/intellicar/ros2_ws/install/ros_compatibility:/home/lion/intellicar/ros2_ws/install/carla_msgs:/home/lion/intellicar/ros2_ws/install/carla_common:${AMENT_PREFIX_PATH} CMAKE_PREFIX_PATH=/home/lion/intellicar/ros2_ws/install/carla_msgs:/opt/ros/foxy LD_LIBRARY_PATH=/home/lion/intellicar/ros2_ws/install/carla_msgs/lib:${LD_LIBRARY_PATH} PYTHONPATH=/home/lion/intellicar/ros2_ws/install/carla_ros_bridge/lib/python3.8/site-packages:/home/lion/intellicar/ros2_ws/install/carla_spawn_objects/lib/python3.8/site-packages:/home/lion/intellicar/ros2_ws/install/carla_manual_control/lib/python3.8/site-packages:/home/lion/intellicar/ros2_ws/install/ros_compatibility/lib/python3.8/site-packages:/home/lion/intellicar/ros2_ws/install/carla_msgs/lib/python3.8/site-packages:/home/lion/intellicar/ros2_ws/install/carla_common/lib/python3.8/site-packages:${PYTHONPATH} /usr/bin/cmake --build /home/lion/intellicar/ros2_ws/build/pcl_recorder -- -j16 -l16
[45.199s] Invoking command in '/home/lion/intellicar/ros2_ws/build/pcl_recorder': AMENT_PREFIX_PATH=/home/lion/intellicar/ros2_ws/install/carla_ros_bridge:/home/lion/intellicar/ros2_ws/install/carla_spawn_objects:/home/lion/intellicar/ros2_ws/install/carla_manual_control:/home/lion/intellicar/ros2_ws/install/ros_compatibility:/home/lion/intellicar/ros2_ws/install/carla_msgs:/home/lion/intellicar/ros2_ws/install/carla_common:${AMENT_PREFIX_PATH} CMAKE_PREFIX_PATH=/home/lion/intellicar/ros2_ws/install/carla_msgs:/opt/ros/foxy LD_LIBRARY_PATH=/home/lion/intellicar/ros2_ws/install/carla_msgs/lib:${LD_LIBRARY_PATH} PYTHONPATH=/home/lion/intellicar/ros2_ws/install/carla_ros_bridge/lib/python3.8/site-packages:/home/lion/intellicar/ros2_ws/install/carla_spawn_objects/lib/python3.8/site-packages:/home/lion/intellicar/ros2_ws/install/carla_manual_control/lib/python3.8/site-packages:/home/lion/intellicar/ros2_ws/install/ros_compatibility/lib/python3.8/site-packages:/home/lion/intellicar/ros2_ws/install/carla_msgs/lib/python3.8/site-packages:/home/lion/intellicar/ros2_ws/install/carla_common/lib/python3.8/site-packages:${PYTHONPATH} /usr/bin/cmake --install /home/lion/intellicar/ros2_ws/build/pcl_recorder
[45.216s] -- Install configuration: ""
[45.217s] -- Installing: /home/lion/intellicar/ros2_ws/install/pcl_recorder/lib/pcl_recorder/pcl_recorder_node
[45.222s] -- Set runtime path of "/home/lion/intellicar/ros2_ws/install/pcl_recorder/lib/pcl_recorder/pcl_recorder_node" to ""
[45.223s] -- Installing: /home/lion/intellicar/ros2_ws/install/pcl_recorder/share/pcl_recorder/
[45.223s] -- Installing: /home/lion/intellicar/ros2_ws/install/pcl_recorder/share/pcl_recorder//pcl_recorder.launch.py
[45.223s] -- Installing: /home/lion/intellicar/ros2_ws/install/pcl_recorder/share/pcl_recorder//pcl_recorder.launch
[45.223s] -- Installing: /home/lion/intellicar/ros2_ws/install/pcl_recorder/share/ament_index/resource_index/package_run_dependencies/pcl_recorder
[45.223s] -- Installing: /home/lion/intellicar/ros2_ws/install/pcl_recorder/share/ament_index/resource_index/parent_prefix_path/pcl_recorder
[45.223s] -- Installing: /home/lion/intellicar/ros2_ws/install/pcl_recorder/share/pcl_recorder/environment/ament_prefix_path.sh
[45.223s] -- Installing: /home/lion/intellicar/ros2_ws/install/pcl_recorder/share/pcl_recorder/environment/ament_prefix_path.dsv
[45.224s] -- Installing: /home/lion/intellicar/ros2_ws/install/pcl_recorder/share/pcl_recorder/environment/path.sh
[45.224s] -- Installing: /home/lion/intellicar/ros2_ws/install/pcl_recorder/share/pcl_recorder/environment/path.dsv
[45.224s] -- Installing: /home/lion/intellicar/ros2_ws/install/pcl_recorder/share/pcl_recorder/local_setup.bash
[45.224s] -- Installing: /home/lion/intellicar/ros2_ws/install/pcl_recorder/share/pcl_recorder/local_setup.sh
[45.224s] -- Installing: /home/lion/intellicar/ros2_ws/install/pcl_recorder/share/pcl_recorder/local_setup.zsh
[45.224s] -- Installing: /home/lion/intellicar/ros2_ws/install/pcl_recorder/share/pcl_recorder/local_setup.dsv
[45.225s] -- Installing: /home/lion/intellicar/ros2_ws/install/pcl_recorder/share/pcl_recorder/package.dsv
[45.225s] -- Installing: /home/lion/intellicar/ros2_ws/install/pcl_recorder/share/ament_index/resource_index/packages/pcl_recorder
[45.225s] -- Installing: /home/lion/intellicar/ros2_ws/install/pcl_recorder/share/pcl_recorder/cmake/pcl_recorderConfig.cmake
[45.225s] -- Installing: /home/lion/intellicar/ros2_ws/install/pcl_recorder/share/pcl_recorder/cmake/pcl_recorderConfig-version.cmake
[45.225s] -- Installing: /home/lion/intellicar/ros2_ws/install/pcl_recorder/share/pcl_recorder/package.xml
[45.229s] Invoked command in '/home/lion/intellicar/ros2_ws/build/pcl_recorder' returned '0': AMENT_PREFIX_PATH=/home/lion/intellicar/ros2_ws/install/carla_ros_bridge:/home/lion/intellicar/ros2_ws/install/carla_spawn_objects:/home/lion/intellicar/ros2_ws/install/carla_manual_control:/home/lion/intellicar/ros2_ws/install/ros_compatibility:/home/lion/intellicar/ros2_ws/install/carla_msgs:/home/lion/intellicar/ros2_ws/install/carla_common:${AMENT_PREFIX_PATH} CMAKE_PREFIX_PATH=/home/lion/intellicar/ros2_ws/install/carla_msgs:/opt/ros/foxy LD_LIBRARY_PATH=/home/lion/intellicar/ros2_ws/install/carla_msgs/lib:${LD_LIBRARY_PATH} PYTHONPATH=/home/lion/intellicar/ros2_ws/install/carla_ros_bridge/lib/python3.8/site-packages:/home/lion/intellicar/ros2_ws/install/carla_spawn_objects/lib/python3.8/site-packages:/home/lion/intellicar/ros2_ws/install/carla_manual_control/lib/python3.8/site-packages:/home/lion/intellicar/ros2_ws/install/ros_compatibility/lib/python3.8/site-packages:/home/lion/intellicar/ros2_ws/install/carla_msgs/lib/python3.8/site-packages:/home/lion/intellicar/ros2_ws/install/carla_common/lib/python3.8/site-packages:${PYTHONPATH} /usr/bin/cmake --install /home/lion/intellicar/ros2_ws/build/pcl_recorder
