[2.131s] Invoking command in '/home/lion/intellicar/ros2_ws/build/pcl_recorder': AMENT_PREFIX_PATH=/home/lion/intellicar/ros2_ws/install/carla_ros_bridge:/home/lion/intellicar/ros2_ws/install/carla_spawn_objects:/home/lion/intellicar/ros2_ws/install/carla_manual_control:/home/lion/intellicar/ros2_ws/install/ros_compatibility:/home/lion/intellicar/ros2_ws/install/carla_msgs:/home/lion/intellicar/ros2_ws/install/carla_common:${AMENT_PREFIX_PATH} CMAKE_PREFIX_PATH=/home/lion/intellicar/ros2_ws/install/carla_msgs:/opt/ros/foxy LD_LIBRARY_PATH=/home/lion/intellicar/ros2_ws/install/carla_msgs/lib:${LD_LIBRARY_PATH} PYTHONPATH=/home/lion/intellicar/ros2_ws/install/carla_ros_bridge/lib/python3.8/site-packages:/home/lion/intellicar/ros2_ws/install/carla_spawn_objects/lib/python3.8/site-packages:/home/lion/intellicar/ros2_ws/install/carla_manual_control/lib/python3.8/site-packages:/home/lion/intellicar/ros2_ws/install/ros_compatibility/lib/python3.8/site-packages:/home/lion/intellicar/ros2_ws/install/carla_msgs/lib/python3.8/site-packages:/home/lion/intellicar/ros2_ws/install/carla_common/lib/python3.8/site-packages:${PYTHONPATH} /usr/bin/cmake --build /home/lion/intellicar/ros2_ws/build/pcl_recorder -- -j16 -l16
[2.256s] [100%] Built target pcl_recorder_node
[2.278s] Invoked command in '/home/lion/intellicar/ros2_ws/build/pcl_recorder' returned '0': AMENT_PREFIX_PATH=/home/lion/intellicar/ros2_ws/install/carla_ros_bridge:/home/lion/intellicar/ros2_ws/install/carla_spawn_objects:/home/lion/intellicar/ros2_ws/install/carla_manual_control:/home/lion/intellicar/ros2_ws/install/ros_compatibility:/home/lion/intellicar/ros2_ws/install/carla_msgs:/home/lion/intellicar/ros2_ws/install/carla_common:${AMENT_PREFIX_PATH} CMAKE_PREFIX_PATH=/home/lion/intellicar/ros2_ws/install/carla_msgs:/opt/ros/foxy LD_LIBRARY_PATH=/home/lion/intellicar/ros2_ws/install/carla_msgs/lib:${LD_LIBRARY_PATH} PYTHONPATH=/home/lion/intellicar/ros2_ws/install/carla_ros_bridge/lib/python3.8/site-packages:/home/lion/intellicar/ros2_ws/install/carla_spawn_objects/lib/python3.8/site-packages:/home/lion/intellicar/ros2_ws/install/carla_manual_control/lib/python3.8/site-packages:/home/lion/intellicar/ros2_ws/install/ros_compatibility/lib/python3.8/site-packages:/home/lion/intellicar/ros2_ws/install/carla_msgs/lib/python3.8/site-packages:/home/lion/intellicar/ros2_ws/install/carla_common/lib/python3.8/site-packages:${PYTHONPATH} /usr/bin/cmake --build /home/lion/intellicar/ros2_ws/build/pcl_recorder -- -j16 -l16
[2.324s] Invoking command in '/home/lion/intellicar/ros2_ws/build/pcl_recorder': AMENT_PREFIX_PATH=/home/lion/intellicar/ros2_ws/install/carla_ros_bridge:/home/lion/intellicar/ros2_ws/install/carla_spawn_objects:/home/lion/intellicar/ros2_ws/install/carla_manual_control:/home/lion/intellicar/ros2_ws/install/ros_compatibility:/home/lion/intellicar/ros2_ws/install/carla_msgs:/home/lion/intellicar/ros2_ws/install/carla_common:${AMENT_PREFIX_PATH} CMAKE_PREFIX_PATH=/home/lion/intellicar/ros2_ws/install/carla_msgs:/opt/ros/foxy LD_LIBRARY_PATH=/home/lion/intellicar/ros2_ws/install/carla_msgs/lib:${LD_LIBRARY_PATH} PYTHONPATH=/home/lion/intellicar/ros2_ws/install/carla_ros_bridge/lib/python3.8/site-packages:/home/lion/intellicar/ros2_ws/install/carla_spawn_objects/lib/python3.8/site-packages:/home/lion/intellicar/ros2_ws/install/carla_manual_control/lib/python3.8/site-packages:/home/lion/intellicar/ros2_ws/install/ros_compatibility/lib/python3.8/site-packages:/home/lion/intellicar/ros2_ws/install/carla_msgs/lib/python3.8/site-packages:/home/lion/intellicar/ros2_ws/install/carla_common/lib/python3.8/site-packages:${PYTHONPATH} /usr/bin/cmake --install /home/lion/intellicar/ros2_ws/build/pcl_recorder
[2.338s] -- Install configuration: ""
[2.339s] -- Up-to-date: /home/lion/intellicar/ros2_ws/install/pcl_recorder/lib/pcl_recorder/pcl_recorder_node
[2.339s] -- Up-to-date: /home/lion/intellicar/ros2_ws/install/pcl_recorder/share/pcl_recorder/
[2.339s] -- Up-to-date: /home/lion/intellicar/ros2_ws/install/pcl_recorder/share/pcl_recorder//pcl_recorder.launch.py
[2.339s] -- Up-to-date: /home/lion/intellicar/ros2_ws/install/pcl_recorder/share/pcl_recorder//pcl_recorder.launch
[2.339s] -- Up-to-date: /home/lion/intellicar/ros2_ws/install/pcl_recorder/share/ament_index/resource_index/package_run_dependencies/pcl_recorder
[2.340s] -- Up-to-date: /home/lion/intellicar/ros2_ws/install/pcl_recorder/share/ament_index/resource_index/parent_prefix_path/pcl_recorder
[2.340s] -- Up-to-date: /home/lion/intellicar/ros2_ws/install/pcl_recorder/share/pcl_recorder/environment/ament_prefix_path.sh
[2.340s] -- Up-to-date: /home/lion/intellicar/ros2_ws/install/pcl_recorder/share/pcl_recorder/environment/ament_prefix_path.dsv
[2.340s] -- Up-to-date: /home/lion/intellicar/ros2_ws/install/pcl_recorder/share/pcl_recorder/environment/path.sh
[2.340s] -- Up-to-date: /home/lion/intellicar/ros2_ws/install/pcl_recorder/share/pcl_recorder/environment/path.dsv
[2.340s] -- Up-to-date: /home/lion/intellicar/ros2_ws/install/pcl_recorder/share/pcl_recorder/local_setup.bash
[2.340s] -- Up-to-date: /home/lion/intellicar/ros2_ws/install/pcl_recorder/share/pcl_recorder/local_setup.sh
[2.340s] -- Up-to-date: /home/lion/intellicar/ros2_ws/install/pcl_recorder/share/pcl_recorder/local_setup.zsh
[2.341s] -- Up-to-date: /home/lion/intellicar/ros2_ws/install/pcl_recorder/share/pcl_recorder/local_setup.dsv
[2.341s] -- Installing: /home/lion/intellicar/ros2_ws/install/pcl_recorder/share/pcl_recorder/package.dsv
[2.341s] -- Up-to-date: /home/lion/intellicar/ros2_ws/install/pcl_recorder/share/ament_index/resource_index/packages/pcl_recorder
[2.341s] -- Up-to-date: /home/lion/intellicar/ros2_ws/install/pcl_recorder/share/pcl_recorder/cmake/pcl_recorderConfig.cmake
[2.341s] -- Up-to-date: /home/lion/intellicar/ros2_ws/install/pcl_recorder/share/pcl_recorder/cmake/pcl_recorderConfig-version.cmake
[2.341s] -- Up-to-date: /home/lion/intellicar/ros2_ws/install/pcl_recorder/share/pcl_recorder/package.xml
[2.344s] Invoked command in '/home/lion/intellicar/ros2_ws/build/pcl_recorder' returned '0': AMENT_PREFIX_PATH=/home/lion/intellicar/ros2_ws/install/carla_ros_bridge:/home/lion/intellicar/ros2_ws/install/carla_spawn_objects:/home/lion/intellicar/ros2_ws/install/carla_manual_control:/home/lion/intellicar/ros2_ws/install/ros_compatibility:/home/lion/intellicar/ros2_ws/install/carla_msgs:/home/lion/intellicar/ros2_ws/install/carla_common:${AMENT_PREFIX_PATH} CMAKE_PREFIX_PATH=/home/lion/intellicar/ros2_ws/install/carla_msgs:/opt/ros/foxy LD_LIBRARY_PATH=/home/lion/intellicar/ros2_ws/install/carla_msgs/lib:${LD_LIBRARY_PATH} PYTHONPATH=/home/lion/intellicar/ros2_ws/install/carla_ros_bridge/lib/python3.8/site-packages:/home/lion/intellicar/ros2_ws/install/carla_spawn_objects/lib/python3.8/site-packages:/home/lion/intellicar/ros2_ws/install/carla_manual_control/lib/python3.8/site-packages:/home/lion/intellicar/ros2_ws/install/ros_compatibility/lib/python3.8/site-packages:/home/lion/intellicar/ros2_ws/install/carla_msgs/lib/python3.8/site-packages:/home/lion/intellicar/ros2_ws/install/carla_common/lib/python3.8/site-packages:${PYTHONPATH} /usr/bin/cmake --install /home/lion/intellicar/ros2_ws/build/pcl_recorder
