[5.997s] Invoking command in '/home/lion/intellicar/ros2_ws/src/ros-bridge/carla_twist_to_control': PYTHONPATH=/home/lion/intellicar/ros2_ws/build/carla_twist_to_control/prefix_override:/home/lion/intellicar/ros2_ws/install/carla_twist_to_control/lib/python3.8/site-packages:${PYTHONPATH} /usr/bin/python3 setup.py egg_info --egg-base ../../../build/carla_twist_to_control build --build-base /home/lion/intellicar/ros2_ws/build/carla_twist_to_control/build install --record /home/lion/intellicar/ros2_ws/build/carla_twist_to_control/install.log --single-version-externally-managed
[6.445s] running egg_info
[6.446s] creating ../../../build/carla_twist_to_control/carla_twist_to_control.egg-info
[6.447s] writing ../../../build/carla_twist_to_control/carla_twist_to_control.egg-info/PKG-INFO
[6.447s] writing dependency_links to ../../../build/carla_twist_to_control/carla_twist_to_control.egg-info/dependency_links.txt
[6.447s] writing entry points to ../../../build/carla_twist_to_control/carla_twist_to_control.egg-info/entry_points.txt
[6.447s] writing requirements to ../../../build/carla_twist_to_control/carla_twist_to_control.egg-info/requires.txt
[6.447s] writing top-level names to ../../../build/carla_twist_to_control/carla_twist_to_control.egg-info/top_level.txt
[6.449s] writing manifest file '../../../build/carla_twist_to_control/carla_twist_to_control.egg-info/SOURCES.txt'
[6.511s] reading manifest file '../../../build/carla_twist_to_control/carla_twist_to_control.egg-info/SOURCES.txt'
[6.511s] writing manifest file '../../../build/carla_twist_to_control/carla_twist_to_control.egg-info/SOURCES.txt'
[6.511s] running build
[6.512s] running build_py
[6.512s] creating /home/lion/intellicar/ros2_ws/build/carla_twist_to_control/build
[6.512s] creating /home/lion/intellicar/ros2_ws/build/carla_twist_to_control/build/lib
[6.512s] creating /home/lion/intellicar/ros2_ws/build/carla_twist_to_control/build/lib/carla_twist_to_control
[6.512s] copying src/carla_twist_to_control/carla_twist_to_control.py -> /home/lion/intellicar/ros2_ws/build/carla_twist_to_control/build/lib/carla_twist_to_control
[6.512s] copying src/carla_twist_to_control/__init__.py -> /home/lion/intellicar/ros2_ws/build/carla_twist_to_control/build/lib/carla_twist_to_control
[6.512s] running install
[6.512s] running install_lib
[6.515s] creating /home/lion/intellicar/ros2_ws/install/carla_twist_to_control/lib/python3.8/site-packages/carla_twist_to_control
[6.515s] copying /home/lion/intellicar/ros2_ws/build/carla_twist_to_control/build/lib/carla_twist_to_control/carla_twist_to_control.py -> /home/lion/intellicar/ros2_ws/install/carla_twist_to_control/lib/python3.8/site-packages/carla_twist_to_control
[6.515s] copying /home/lion/intellicar/ros2_ws/build/carla_twist_to_control/build/lib/carla_twist_to_control/__init__.py -> /home/lion/intellicar/ros2_ws/install/carla_twist_to_control/lib/python3.8/site-packages/carla_twist_to_control
[6.516s] byte-compiling /home/lion/intellicar/ros2_ws/install/carla_twist_to_control/lib/python3.8/site-packages/carla_twist_to_control/carla_twist_to_control.py to carla_twist_to_control.cpython-38.pyc
[6.518s] byte-compiling /home/lion/intellicar/ros2_ws/install/carla_twist_to_control/lib/python3.8/site-packages/carla_twist_to_control/__init__.py to __init__.cpython-38.pyc
[6.518s] running install_data
[6.526s] creating /home/lion/intellicar/ros2_ws/install/carla_twist_to_control/share/ament_index
[6.527s] creating /home/lion/intellicar/ros2_ws/install/carla_twist_to_control/share/ament_index/resource_index
[6.527s] creating /home/lion/intellicar/ros2_ws/install/carla_twist_to_control/share/ament_index/resource_index/packages
[6.527s] copying resource/carla_twist_to_control -> /home/lion/intellicar/ros2_ws/install/carla_twist_to_control/share/ament_index/resource_index/packages
[6.527s] copying package.xml -> /home/lion/intellicar/ros2_ws/install/carla_twist_to_control/share/carla_twist_to_control
[6.527s] copying launch/carla_twist_to_control.launch.py -> /home/lion/intellicar/ros2_ws/install/carla_twist_to_control/share/carla_twist_to_control
[6.527s] running install_egg_info
[6.527s] Copying ../../../build/carla_twist_to_control/carla_twist_to_control.egg-info to /home/lion/intellicar/ros2_ws/install/carla_twist_to_control/lib/python3.8/site-packages/carla_twist_to_control-0.0.0-py3.8.egg-info
[6.528s] running install_scripts
[6.570s] Installing carla_twist_to_control script to /home/lion/intellicar/ros2_ws/install/carla_twist_to_control/lib/carla_twist_to_control
[6.577s] writing list of installed files to '/home/lion/intellicar/ros2_ws/build/carla_twist_to_control/install.log'
[8.014s] Invoked command in '/home/lion/intellicar/ros2_ws/src/ros-bridge/carla_twist_to_control' returned '0': PYTHONPATH=/home/lion/intellicar/ros2_ws/build/carla_twist_to_control/prefix_override:/home/lion/intellicar/ros2_ws/install/carla_twist_to_control/lib/python3.8/site-packages:${PYTHONPATH} /usr/bin/python3 setup.py egg_info --egg-base ../../../build/carla_twist_to_control build --build-base /home/lion/intellicar/ros2_ws/build/carla_twist_to_control/build install --record /home/lion/intellicar/ros2_ws/build/carla_twist_to_control/install.log --single-version-externally-managed
