[10.322s] Invoking command in '/home/lion/intellicar/ros2_ws/src/yolo_detection': PYTHONPATH=/home/lion/intellicar/ros2_ws/build/yolo_detection/prefix_override:/home/lion/intellicar/ros2_ws/install/yolo_detection/lib/python3.8/site-packages:${PYTHONPATH} /usr/bin/python3 setup.py egg_info --egg-base ../../build/yolo_detection build --build-base /home/lion/intellicar/ros2_ws/build/yolo_detection/build install --record /home/lion/intellicar/ros2_ws/build/yolo_detection/install.log --install-scripts $base/lib/yolo_detection --single-version-externally-managed
[11.090s] running egg_info
[11.090s] creating ../../build/yolo_detection/yolo_detection.egg-info
[11.090s] writing ../../build/yolo_detection/yolo_detection.egg-info/PKG-INFO
[11.091s] writing dependency_links to ../../build/yolo_detection/yolo_detection.egg-info/dependency_links.txt
[11.091s] writing entry points to ../../build/yolo_detection/yolo_detection.egg-info/entry_points.txt
[11.091s] writing requirements to ../../build/yolo_detection/yolo_detection.egg-info/requires.txt
[11.091s] writing top-level names to ../../build/yolo_detection/yolo_detection.egg-info/top_level.txt
[11.091s] writing manifest file '../../build/yolo_detection/yolo_detection.egg-info/SOURCES.txt'
[11.091s] reading manifest file '../../build/yolo_detection/yolo_detection.egg-info/SOURCES.txt'
[11.091s] writing manifest file '../../build/yolo_detection/yolo_detection.egg-info/SOURCES.txt'
[11.091s] running build
[11.091s] running build_py
[11.092s] creating /home/lion/intellicar/ros2_ws/build/yolo_detection/build
[11.092s] creating /home/lion/intellicar/ros2_ws/build/yolo_detection/build/lib
[11.092s] creating /home/lion/intellicar/ros2_ws/build/yolo_detection/build/lib/yolo_detection
[11.092s] copying yolo_detection/prediction_yolov8.py -> /home/lion/intellicar/ros2_ws/build/yolo_detection/build/lib/yolo_detection
[11.092s] copying yolo_detection/__init__.py -> /home/lion/intellicar/ros2_ws/build/yolo_detection/build/lib/yolo_detection
[11.092s] copying yolo_detection/prediction_yolov7.py -> /home/lion/intellicar/ros2_ws/build/yolo_detection/build/lib/yolo_detection
[11.092s] running install
[11.092s] running install_lib
[11.092s] creating /home/lion/intellicar/ros2_ws/install/yolo_detection/lib/python3.8/site-packages/yolo_detection
[11.093s] copying /home/lion/intellicar/ros2_ws/build/yolo_detection/build/lib/yolo_detection/prediction_yolov8.py -> /home/lion/intellicar/ros2_ws/install/yolo_detection/lib/python3.8/site-packages/yolo_detection
[11.093s] copying /home/lion/intellicar/ros2_ws/build/yolo_detection/build/lib/yolo_detection/__init__.py -> /home/lion/intellicar/ros2_ws/install/yolo_detection/lib/python3.8/site-packages/yolo_detection
[11.093s] copying /home/lion/intellicar/ros2_ws/build/yolo_detection/build/lib/yolo_detection/prediction_yolov7.py -> /home/lion/intellicar/ros2_ws/install/yolo_detection/lib/python3.8/site-packages/yolo_detection
[11.093s] byte-compiling /home/lion/intellicar/ros2_ws/install/yolo_detection/lib/python3.8/site-packages/yolo_detection/prediction_yolov8.py to prediction_yolov8.cpython-38.pyc
[11.093s] byte-compiling /home/lion/intellicar/ros2_ws/install/yolo_detection/lib/python3.8/site-packages/yolo_detection/__init__.py to __init__.cpython-38.pyc
[11.093s] byte-compiling /home/lion/intellicar/ros2_ws/install/yolo_detection/lib/python3.8/site-packages/yolo_detection/prediction_yolov7.py to prediction_yolov7.cpython-38.pyc
[11.093s] running install_data
[11.093s] creating /home/lion/intellicar/ros2_ws/install/yolo_detection/share/ament_index
[11.093s] creating /home/lion/intellicar/ros2_ws/install/yolo_detection/share/ament_index/resource_index
[11.093s] creating /home/lion/intellicar/ros2_ws/install/yolo_detection/share/ament_index/resource_index/packages
[11.094s] copying resource/yolo_detection -> /home/lion/intellicar/ros2_ws/install/yolo_detection/share/ament_index/resource_index/packages
[11.094s] copying package.xml -> /home/lion/intellicar/ros2_ws/install/yolo_detection/share/yolo_detection
[11.094s] running install_egg_info
[11.094s] Copying ../../build/yolo_detection/yolo_detection.egg-info to /home/lion/intellicar/ros2_ws/install/yolo_detection/lib/python3.8/site-packages/yolo_detection-0.0.0-py3.8.egg-info
[11.094s] running install_scripts
[11.094s] Installing prediction_yolov7_node script to /home/lion/intellicar/ros2_ws/install/yolo_detection/lib/yolo_detection
[11.094s] Installing prediction_yolov8_node script to /home/lion/intellicar/ros2_ws/install/yolo_detection/lib/yolo_detection
[11.094s] writing list of installed files to '/home/lion/intellicar/ros2_ws/build/yolo_detection/install.log'
[12.833s] Invoked command in '/home/lion/intellicar/ros2_ws/src/yolo_detection' returned '0': PYTHONPATH=/home/lion/intellicar/ros2_ws/build/yolo_detection/prefix_override:/home/lion/intellicar/ros2_ws/install/yolo_detection/lib/python3.8/site-packages:${PYTHONPATH} /usr/bin/python3 setup.py egg_info --egg-base ../../build/yolo_detection build --build-base /home/lion/intellicar/ros2_ws/build/yolo_detection/build install --record /home/lion/intellicar/ros2_ws/build/yolo_detection/install.log --install-scripts $base/lib/yolo_detection --single-version-externally-managed
