-- Found ament_cmake: 0.9.12 (/opt/ros/foxy/share/ament_cmake/cmake)
-- Using PYTHON_EXECUTABLE: /usr/bin/python3
-- Found rclcpp: 2.4.3 (/opt/ros/foxy/share/rclcpp/cmake)
-- Using all available rosidl_typesupport_c: rosidl_typesupport_fastrtps_c;rosidl_typesupport_introspection_c
-- Found rosidl_adapter: 1.3.1 (/opt/ros/foxy/share/rosidl_adapter/cmake)
-- Using all available rosidl_typesupport_cpp: rosidl_typesupport_fastrtps_cpp;rosidl_typesupport_introspection_cpp
-- Found rmw_implementation_cmake: 1.0.4 (/opt/ros/foxy/share/rmw_implementation_cmake/cmake)
-- Using RMW implementation 'rmw_fastrtps_cpp' as default
-- Found geometry_msgs: 2.0.5 (/opt/ros/foxy/share/geometry_msgs/cmake)
-- Found sensor_msgs: 2.0.5 (/opt/ros/foxy/share/sensor_msgs/cmake)
-- Configuring done
-- Generating done
-- Build files have been written to: /home/lion/intellicar/ros2_ws/build/gamepad_driver
[100%] Built target gamepad_driver_node
-- Install configuration: ""
-- Up-to-date: /home/lion/intellicar/ros2_ws/install/gamepad_driver/lib/gamepad_driver/gamepad_driver_node
-- Installing: /home/lion/intellicar/ros2_ws/install/gamepad_driver/share/ament_index/resource_index/package_run_dependencies/gamepad_driver
-- Installing: /home/lion/intellicar/ros2_ws/install/gamepad_driver/share/ament_index/resource_index/parent_prefix_path/gamepad_driver
-- Up-to-date: /home/lion/intellicar/ros2_ws/install/gamepad_driver/share/gamepad_driver/environment/ament_prefix_path.sh
-- Installing: /home/lion/intellicar/ros2_ws/install/gamepad_driver/share/gamepad_driver/environment/ament_prefix_path.dsv
-- Up-to-date: /home/lion/intellicar/ros2_ws/install/gamepad_driver/share/gamepad_driver/environment/path.sh
-- Installing: /home/lion/intellicar/ros2_ws/install/gamepad_driver/share/gamepad_driver/environment/path.dsv
-- Up-to-date: /home/lion/intellicar/ros2_ws/install/gamepad_driver/share/gamepad_driver/local_setup.bash
-- Up-to-date: /home/lion/intellicar/ros2_ws/install/gamepad_driver/share/gamepad_driver/local_setup.sh
-- Up-to-date: /home/lion/intellicar/ros2_ws/install/gamepad_driver/share/gamepad_driver/local_setup.zsh
-- Installing: /home/lion/intellicar/ros2_ws/install/gamepad_driver/share/gamepad_driver/local_setup.dsv
-- Installing: /home/lion/intellicar/ros2_ws/install/gamepad_driver/share/gamepad_driver/package.dsv
-- Up-to-date: /home/lion/intellicar/ros2_ws/install/gamepad_driver/share/ament_index/resource_index/packages/gamepad_driver
-- Up-to-date: /home/lion/intellicar/ros2_ws/install/gamepad_driver/share/gamepad_driver/cmake/gamepad_driverConfig.cmake
-- Up-to-date: /home/lion/intellicar/ros2_ws/install/gamepad_driver/share/gamepad_driver/cmake/gamepad_driverConfig-version.cmake
-- Installing: /home/lion/intellicar/ros2_ws/install/gamepad_driver/share/gamepad_driver/package.xml
