[6.924s] Invoking command in '/home/lion/intellicar/ros2_ws/build/gamepad_driver': CMAKE_PREFIX_PATH=${CMAKE_PREFIX_PATH}:/home/lion/intellicar/ros2_ws/install/yolo_detection:/home/lion/intellicar/ros2_ws/install/traffic_light_task:/home/lion/intellicar/ros2_ws/install/carla_ad_demo:/home/lion/intellicar/ros2_ws/install/rqt_carla_control:/home/lion/intellicar/ros2_ws/install/carla_waypoint_publisher:/home/lion/intellicar/ros2_ws/install/carla_ackermann_control:/home/lion/intellicar/ros2_ws/install/carla_ros_bridge:/home/lion/intellicar/ros2_ws/install/carla_spawn_objects:/home/lion/intellicar/ros2_ws/install/carla_manual_control:/home/lion/intellicar/ros2_ws/install/carla_ad_agent:/home/lion/intellicar/ros2_ws/install/ros_compatibility:/home/lion/intellicar/ros2_ws/install/carla_walker_agent:/home/lion/intellicar/ros2_ws/install/carla_twist_to_control:/home/lion/intellicar/ros2_ws/install/carla_ros_scenario_runner:/home/lion/intellicar/ros2_ws/install/carla_common:/opt/ros/foxy /usr/bin/cmake --build /home/lion/intellicar/ros2_ws/build/gamepad_driver -- -j16 -l16
[10.562s] -- Found ament_cmake: 0.9.12 (/opt/ros/foxy/share/ament_cmake/cmake)
[10.562s] -- Using PYTHON_EXECUTABLE: /usr/bin/python3
[10.562s] -- Found rclcpp: 2.4.3 (/opt/ros/foxy/share/rclcpp/cmake)
[10.562s] -- Using all available rosidl_typesupport_c: rosidl_typesupport_fastrtps_c;rosidl_typesupport_introspection_c
[10.563s] -- Found rosidl_adapter: 1.3.1 (/opt/ros/foxy/share/rosidl_adapter/cmake)
[10.563s] -- Using all available rosidl_typesupport_cpp: rosidl_typesupport_fastrtps_cpp;rosidl_typesupport_introspection_cpp
[10.563s] -- Found rmw_implementation_cmake: 1.0.4 (/opt/ros/foxy/share/rmw_implementation_cmake/cmake)
[10.563s] -- Using RMW implementation 'rmw_fastrtps_cpp' as default
[10.563s] -- Found geometry_msgs: 2.0.5 (/opt/ros/foxy/share/geometry_msgs/cmake)
[10.563s] -- Found sensor_msgs: 2.0.5 (/opt/ros/foxy/share/sensor_msgs/cmake)
[10.563s] -- Configuring done
[10.563s] -- Generating done
[10.563s] -- Build files have been written to: /home/lion/intellicar/ros2_ws/build/gamepad_driver
[10.563s] [100%] Built target gamepad_driver_node
[10.604s] Invoked command in '/home/lion/intellicar/ros2_ws/build/gamepad_driver' returned '0': CMAKE_PREFIX_PATH=${CMAKE_PREFIX_PATH}:/home/lion/intellicar/ros2_ws/install/yolo_detection:/home/lion/intellicar/ros2_ws/install/traffic_light_task:/home/lion/intellicar/ros2_ws/install/carla_ad_demo:/home/lion/intellicar/ros2_ws/install/rqt_carla_control:/home/lion/intellicar/ros2_ws/install/carla_waypoint_publisher:/home/lion/intellicar/ros2_ws/install/carla_ackermann_control:/home/lion/intellicar/ros2_ws/install/carla_ros_bridge:/home/lion/intellicar/ros2_ws/install/carla_spawn_objects:/home/lion/intellicar/ros2_ws/install/carla_manual_control:/home/lion/intellicar/ros2_ws/install/carla_ad_agent:/home/lion/intellicar/ros2_ws/install/ros_compatibility:/home/lion/intellicar/ros2_ws/install/carla_walker_agent:/home/lion/intellicar/ros2_ws/install/carla_twist_to_control:/home/lion/intellicar/ros2_ws/install/carla_ros_scenario_runner:/home/lion/intellicar/ros2_ws/install/carla_common:/opt/ros/foxy /usr/bin/cmake --build /home/lion/intellicar/ros2_ws/build/gamepad_driver -- -j16 -l16
[10.713s] Invoking command in '/home/lion/intellicar/ros2_ws/build/gamepad_driver': CMAKE_PREFIX_PATH=${CMAKE_PREFIX_PATH}:/home/lion/intellicar/ros2_ws/install/yolo_detection:/home/lion/intellicar/ros2_ws/install/traffic_light_task:/home/lion/intellicar/ros2_ws/install/carla_ad_demo:/home/lion/intellicar/ros2_ws/install/rqt_carla_control:/home/lion/intellicar/ros2_ws/install/carla_waypoint_publisher:/home/lion/intellicar/ros2_ws/install/carla_ackermann_control:/home/lion/intellicar/ros2_ws/install/carla_ros_bridge:/home/lion/intellicar/ros2_ws/install/carla_spawn_objects:/home/lion/intellicar/ros2_ws/install/carla_manual_control:/home/lion/intellicar/ros2_ws/install/carla_ad_agent:/home/lion/intellicar/ros2_ws/install/ros_compatibility:/home/lion/intellicar/ros2_ws/install/carla_walker_agent:/home/lion/intellicar/ros2_ws/install/carla_twist_to_control:/home/lion/intellicar/ros2_ws/install/carla_ros_scenario_runner:/home/lion/intellicar/ros2_ws/install/carla_common:/opt/ros/foxy /usr/bin/cmake --install /home/lion/intellicar/ros2_ws/build/gamepad_driver
[10.741s] -- Install configuration: ""
[10.741s] -- Up-to-date: /home/lion/intellicar/ros2_ws/install/gamepad_driver/lib/gamepad_driver/gamepad_driver_node
[10.741s] -- Installing: /home/lion/intellicar/ros2_ws/install/gamepad_driver/share/ament_index/resource_index/package_run_dependencies/gamepad_driver
[10.741s] -- Installing: /home/lion/intellicar/ros2_ws/install/gamepad_driver/share/ament_index/resource_index/parent_prefix_path/gamepad_driver
[10.741s] -- Up-to-date: /home/lion/intellicar/ros2_ws/install/gamepad_driver/share/gamepad_driver/environment/ament_prefix_path.sh
[10.742s] -- Installing: /home/lion/intellicar/ros2_ws/install/gamepad_driver/share/gamepad_driver/environment/ament_prefix_path.dsv
[10.742s] -- Up-to-date: /home/lion/intellicar/ros2_ws/install/gamepad_driver/share/gamepad_driver/environment/path.sh
[10.742s] -- Installing: /home/lion/intellicar/ros2_ws/install/gamepad_driver/share/gamepad_driver/environment/path.dsv
[10.742s] -- Up-to-date: /home/lion/intellicar/ros2_ws/install/gamepad_driver/share/gamepad_driver/local_setup.bash
[10.742s] -- Up-to-date: /home/lion/intellicar/ros2_ws/install/gamepad_driver/share/gamepad_driver/local_setup.sh
[10.742s] -- Up-to-date: /home/lion/intellicar/ros2_ws/install/gamepad_driver/share/gamepad_driver/local_setup.zsh
[10.742s] -- Installing: /home/lion/intellicar/ros2_ws/install/gamepad_driver/share/gamepad_driver/local_setup.dsv
[10.742s] -- Installing: /home/lion/intellicar/ros2_ws/install/gamepad_driver/share/gamepad_driver/package.dsv
[10.742s] -- Up-to-date: /home/lion/intellicar/ros2_ws/install/gamepad_driver/share/ament_index/resource_index/packages/gamepad_driver
[10.742s] -- Up-to-date: /home/lion/intellicar/ros2_ws/install/gamepad_driver/share/gamepad_driver/cmake/gamepad_driverConfig.cmake
[10.742s] -- Up-to-date: /home/lion/intellicar/ros2_ws/install/gamepad_driver/share/gamepad_driver/cmake/gamepad_driverConfig-version.cmake
[10.742s] -- Installing: /home/lion/intellicar/ros2_ws/install/gamepad_driver/share/gamepad_driver/package.xml
[11.336s] Invoked command in '/home/lion/intellicar/ros2_ws/build/gamepad_driver' returned '0': CMAKE_PREFIX_PATH=${CMAKE_PREFIX_PATH}:/home/lion/intellicar/ros2_ws/install/yolo_detection:/home/lion/intellicar/ros2_ws/install/traffic_light_task:/home/lion/intellicar/ros2_ws/install/carla_ad_demo:/home/lion/intellicar/ros2_ws/install/rqt_carla_control:/home/lion/intellicar/ros2_ws/install/carla_waypoint_publisher:/home/lion/intellicar/ros2_ws/install/carla_ackermann_control:/home/lion/intellicar/ros2_ws/install/carla_ros_bridge:/home/lion/intellicar/ros2_ws/install/carla_spawn_objects:/home/lion/intellicar/ros2_ws/install/carla_manual_control:/home/lion/intellicar/ros2_ws/install/carla_ad_agent:/home/lion/intellicar/ros2_ws/install/ros_compatibility:/home/lion/intellicar/ros2_ws/install/carla_walker_agent:/home/lion/intellicar/ros2_ws/install/carla_twist_to_control:/home/lion/intellicar/ros2_ws/install/carla_ros_scenario_runner:/home/lion/intellicar/ros2_ws/install/carla_common:/opt/ros/foxy /usr/bin/cmake --install /home/lion/intellicar/ros2_ws/build/gamepad_driver
