[8.695s] Invoking command in '/home/lion/intellicar/ros2_ws/build/carla_ros_scenario_runner_types': CMAKE_PREFIX_PATH=${CMAKE_PREFIX_PATH}:/home/lion/intellicar/ros2_ws/install/yolo_detection:/home/lion/intellicar/ros2_ws/install/traffic_light_task:/home/lion/intellicar/ros2_ws/install/carla_ad_demo:/home/lion/intellicar/ros2_ws/install/rqt_carla_control:/home/lion/intellicar/ros2_ws/install/carla_waypoint_publisher:/home/lion/intellicar/ros2_ws/install/carla_ackermann_control:/home/lion/intellicar/ros2_ws/install/carla_ros_bridge:/home/lion/intellicar/ros2_ws/install/carla_spawn_objects:/home/lion/intellicar/ros2_ws/install/carla_manual_control:/home/lion/intellicar/ros2_ws/install/carla_ad_agent:/home/lion/intellicar/ros2_ws/install/ros_compatibility:/home/lion/intellicar/ros2_ws/install/carla_walker_agent:/home/lion/intellicar/ros2_ws/install/carla_twist_to_control:/home/lion/intellicar/ros2_ws/install/carla_ros_scenario_runner:/home/lion/intellicar/ros2_ws/install/carla_common:/opt/ros/foxy /usr/bin/cmake --build /home/lion/intellicar/ros2_ws/build/carla_ros_scenario_runner_types -- -j16 -l16
[13.586s] [  1%] Built target carla_ros_scenario_runner_types__cpp
[13.587s] [ 12%] Built target carla_ros_scenario_runner_types__rosidl_generator_c
[13.587s] [ 23%] Built target carla_ros_scenario_runner_types__rosidl_typesupport_introspection_cpp
[13.587s] [ 34%] Built target carla_ros_scenario_runner_types__rosidl_typesupport_c
[13.587s] [ 45%] Built target carla_ros_scenario_runner_types__rosidl_typesupport_introspection_c
[13.587s] [ 56%] Built target carla_ros_scenario_runner_types__rosidl_typesupport_fastrtps_cpp
[13.587s] [ 67%] Built target carla_ros_scenario_runner_types__rosidl_typesupport_cpp
[13.587s] [ 78%] Built target carla_ros_scenario_runner_types__rosidl_typesupport_fastrtps_c
[13.587s] [ 78%] Built target carla_ros_scenario_runner_types
[13.587s] [ 80%] Built target carla_ros_scenario_runner_types__py
[13.587s] [ 89%] Built target carla_ros_scenario_runner_types__python
[13.588s] [ 92%] Built target carla_ros_scenario_runner_types__rosidl_typesupport_c__pyext
[13.588s] [ 96%] Built target carla_ros_scenario_runner_types__rosidl_typesupport_fastrtps_c__pyext
[13.588s] [100%] Built target carla_ros_scenario_runner_types__rosidl_typesupport_introspection_c__pyext
[13.607s] Invoked command in '/home/lion/intellicar/ros2_ws/build/carla_ros_scenario_runner_types' returned '0': CMAKE_PREFIX_PATH=${CMAKE_PREFIX_PATH}:/home/lion/intellicar/ros2_ws/install/yolo_detection:/home/lion/intellicar/ros2_ws/install/traffic_light_task:/home/lion/intellicar/ros2_ws/install/carla_ad_demo:/home/lion/intellicar/ros2_ws/install/rqt_carla_control:/home/lion/intellicar/ros2_ws/install/carla_waypoint_publisher:/home/lion/intellicar/ros2_ws/install/carla_ackermann_control:/home/lion/intellicar/ros2_ws/install/carla_ros_bridge:/home/lion/intellicar/ros2_ws/install/carla_spawn_objects:/home/lion/intellicar/ros2_ws/install/carla_manual_control:/home/lion/intellicar/ros2_ws/install/carla_ad_agent:/home/lion/intellicar/ros2_ws/install/ros_compatibility:/home/lion/intellicar/ros2_ws/install/carla_walker_agent:/home/lion/intellicar/ros2_ws/install/carla_twist_to_control:/home/lion/intellicar/ros2_ws/install/carla_ros_scenario_runner:/home/lion/intellicar/ros2_ws/install/carla_common:/opt/ros/foxy /usr/bin/cmake --build /home/lion/intellicar/ros2_ws/build/carla_ros_scenario_runner_types -- -j16 -l16
[14.989s] Invoking command in '/home/lion/intellicar/ros2_ws/build/carla_ros_scenario_runner_types': CMAKE_PREFIX_PATH=${CMAKE_PREFIX_PATH}:/home/lion/intellicar/ros2_ws/install/yolo_detection:/home/lion/intellicar/ros2_ws/install/traffic_light_task:/home/lion/intellicar/ros2_ws/install/carla_ad_demo:/home/lion/intellicar/ros2_ws/install/rqt_carla_control:/home/lion/intellicar/ros2_ws/install/carla_waypoint_publisher:/home/lion/intellicar/ros2_ws/install/carla_ackermann_control:/home/lion/intellicar/ros2_ws/install/carla_ros_bridge:/home/lion/intellicar/ros2_ws/install/carla_spawn_objects:/home/lion/intellicar/ros2_ws/install/carla_manual_control:/home/lion/intellicar/ros2_ws/install/carla_ad_agent:/home/lion/intellicar/ros2_ws/install/ros_compatibility:/home/lion/intellicar/ros2_ws/install/carla_walker_agent:/home/lion/intellicar/ros2_ws/install/carla_twist_to_control:/home/lion/intellicar/ros2_ws/install/carla_ros_scenario_runner:/home/lion/intellicar/ros2_ws/install/carla_common:/opt/ros/foxy /usr/bin/cmake --install /home/lion/intellicar/ros2_ws/build/carla_ros_scenario_runner_types
[15.032s] -- Install configuration: ""
[15.032s] -- Up-to-date: /home/lion/intellicar/ros2_ws/install/carla_ros_scenario_runner_types/share/ament_index/resource_index/rosidl_interfaces/carla_ros_scenario_runner_types
[15.032s] -- Up-to-date: /home/lion/intellicar/ros2_ws/install/carla_ros_scenario_runner_types/include/carla_ros_scenario_runner_types
[15.032s] -- Up-to-date: /home/lion/intellicar/ros2_ws/install/carla_ros_scenario_runner_types/include/carla_ros_scenario_runner_types/msg
[15.032s] -- Up-to-date: /home/lion/intellicar/ros2_ws/install/carla_ros_scenario_runner_types/include/carla_ros_scenario_runner_types/msg/detail
[15.032s] -- Up-to-date: /home/lion/intellicar/ros2_ws/install/carla_ros_scenario_runner_types/include/carla_ros_scenario_runner_types/msg/detail/carla_scenario_list__struct.h
[15.032s] -- Up-to-date: /home/lion/intellicar/ros2_ws/install/carla_ros_scenario_runner_types/include/carla_ros_scenario_runner_types/msg/detail/carla_scenario__type_support.h
[15.032s] -- Up-to-date: /home/lion/intellicar/ros2_ws/install/carla_ros_scenario_runner_types/include/carla_ros_scenario_runner_types/msg/detail/carla_scenario__struct.h
[15.032s] -- Up-to-date: /home/lion/intellicar/ros2_ws/install/carla_ros_scenario_runner_types/include/carla_ros_scenario_runner_types/msg/detail/carla_scenario_list__type_support.h
[15.033s] -- Up-to-date: /home/lion/intellicar/ros2_ws/install/carla_ros_scenario_runner_types/include/carla_ros_scenario_runner_types/msg/detail/carla_scenario_runner_status__functions.c
[15.033s] -- Up-to-date: /home/lion/intellicar/ros2_ws/install/carla_ros_scenario_runner_types/include/carla_ros_scenario_runner_types/msg/detail/carla_scenario__functions.c
[15.033s] -- Up-to-date: /home/lion/intellicar/ros2_ws/install/carla_ros_scenario_runner_types/include/carla_ros_scenario_runner_types/msg/detail/carla_scenario_runner_status__type_support.h
[15.033s] -- Up-to-date: /home/lion/intellicar/ros2_ws/install/carla_ros_scenario_runner_types/include/carla_ros_scenario_runner_types/msg/detail/carla_scenario_list__functions.c
[15.033s] -- Up-to-date: /home/lion/intellicar/ros2_ws/install/carla_ros_scenario_runner_types/include/carla_ros_scenario_runner_types/msg/detail/carla_scenario__functions.h
[15.034s] -- Up-to-date: /home/lion/intellicar/ros2_ws/install/carla_ros_scenario_runner_types/include/carla_ros_scenario_runner_types/msg/detail/carla_scenario_runner_status__functions.h
[15.034s] -- Up-to-date: /home/lion/intellicar/ros2_ws/install/carla_ros_scenario_runner_types/include/carla_ros_scenario_runner_types/msg/detail/carla_scenario_list__functions.h
[15.034s] -- Up-to-date: /home/lion/intellicar/ros2_ws/install/carla_ros_scenario_runner_types/include/carla_ros_scenario_runner_types/msg/detail/carla_scenario_runner_status__struct.h
[15.036s] -- Up-to-date: /home/lion/intellicar/ros2_ws/install/carla_ros_scenario_runner_types/include/carla_ros_scenario_runner_types/msg/carla_scenario.h
[15.037s] -- Up-to-date: /home/lion/intellicar/ros2_ws/install/carla_ros_scenario_runner_types/include/carla_ros_scenario_runner_types/msg/carla_scenario_list.h
[15.037s] -- Up-to-date: /home/lion/intellicar/ros2_ws/install/carla_ros_scenario_runner_types/include/carla_ros_scenario_runner_types/msg/rosidl_generator_c__visibility_control.h
[15.039s] -- Up-to-date: /home/lion/intellicar/ros2_ws/install/carla_ros_scenario_runner_types/include/carla_ros_scenario_runner_types/msg/carla_scenario_runner_status.h
[15.039s] -- Up-to-date: /home/lion/intellicar/ros2_ws/install/carla_ros_scenario_runner_types/include/carla_ros_scenario_runner_types/srv
[15.039s] -- Up-to-date: /home/lion/intellicar/ros2_ws/install/carla_ros_scenario_runner_types/include/carla_ros_scenario_runner_types/srv/detail
[15.039s] -- Up-to-date: /home/lion/intellicar/ros2_ws/install/carla_ros_scenario_runner_types/include/carla_ros_scenario_runner_types/srv/detail/execute_scenario__type_support.h
[15.039s] -- Up-to-date: /home/lion/intellicar/ros2_ws/install/carla_ros_scenario_runner_types/include/carla_ros_scenario_runner_types/srv/detail/execute_scenario__functions.c
[15.039s] -- Up-to-date: /home/lion/intellicar/ros2_ws/install/carla_ros_scenario_runner_types/include/carla_ros_scenario_runner_types/srv/detail/execute_scenario__functions.h
[15.040s] -- Up-to-date: /home/lion/intellicar/ros2_ws/install/carla_ros_scenario_runner_types/include/carla_ros_scenario_runner_types/srv/detail/execute_scenario__struct.h
[15.040s] -- Up-to-date: /home/lion/intellicar/ros2_ws/install/carla_ros_scenario_runner_types/include/carla_ros_scenario_runner_types/srv/execute_scenario.h
[15.040s] -- Up-to-date: /home/lion/intellicar/ros2_ws/install/carla_ros_scenario_runner_types/share/carla_ros_scenario_runner_types/environment/library_path.sh
[15.040s] -- Up-to-date: /home/lion/intellicar/ros2_ws/install/carla_ros_scenario_runner_types/share/carla_ros_scenario_runner_types/environment/library_path.dsv
[15.040s] -- Up-to-date: /home/lion/intellicar/ros2_ws/install/carla_ros_scenario_runner_types/lib/libcarla_ros_scenario_runner_types__rosidl_generator_c.so
[15.041s] -- Up-to-date: /home/lion/intellicar/ros2_ws/install/carla_ros_scenario_runner_types/include/carla_ros_scenario_runner_types
[15.042s] -- Up-to-date: /home/lion/intellicar/ros2_ws/install/carla_ros_scenario_runner_types/include/carla_ros_scenario_runner_types/msg
[15.043s] -- Up-to-date: /home/lion/intellicar/ros2_ws/install/carla_ros_scenario_runner_types/include/carla_ros_scenario_runner_types/msg/detail
[15.043s] -- Up-to-date: /home/lion/intellicar/ros2_ws/install/carla_ros_scenario_runner_types/include/carla_ros_scenario_runner_types/msg/detail/carla_scenario_runner_status__rosidl_typesupport_fastrtps_c.h
[15.043s] -- Up-to-date: /home/lion/intellicar/ros2_ws/install/carla_ros_scenario_runner_types/include/carla_ros_scenario_runner_types/msg/detail/carla_scenario__rosidl_typesupport_fastrtps_c.h
[15.043s] -- Up-to-date: /home/lion/intellicar/ros2_ws/install/carla_ros_scenario_runner_types/include/carla_ros_scenario_runner_types/msg/detail/carla_scenario_list__rosidl_typesupport_fastrtps_c.h
[15.043s] -- Up-to-date: /home/lion/intellicar/ros2_ws/install/carla_ros_scenario_runner_types/include/carla_ros_scenario_runner_types/msg/rosidl_typesupport_fastrtps_c__visibility_control.h
[15.043s] -- Up-to-date: /home/lion/intellicar/ros2_ws/install/carla_ros_scenario_runner_types/include/carla_ros_scenario_runner_types/srv
[15.043s] -- Up-to-date: /home/lion/intellicar/ros2_ws/install/carla_ros_scenario_runner_types/include/carla_ros_scenario_runner_types/srv/detail
[15.044s] -- Up-to-date: /home/lion/intellicar/ros2_ws/install/carla_ros_scenario_runner_types/include/carla_ros_scenario_runner_types/srv/detail/execute_scenario__rosidl_typesupport_fastrtps_c.h
[15.044s] -- Up-to-date: /home/lion/intellicar/ros2_ws/install/carla_ros_scenario_runner_types/lib/libcarla_ros_scenario_runner_types__rosidl_typesupport_fastrtps_c.so
[15.045s] -- Up-to-date: /home/lion/intellicar/ros2_ws/install/carla_ros_scenario_runner_types/include/carla_ros_scenario_runner_types
[15.045s] -- Up-to-date: /home/lion/intellicar/ros2_ws/install/carla_ros_scenario_runner_types/include/carla_ros_scenario_runner_types/msg
[15.052s] -- Up-to-date: /home/lion/intellicar/ros2_ws/install/carla_ros_scenario_runner_types/include/carla_ros_scenario_runner_types/msg/detail
[15.053s] -- Up-to-date: /home/lion/intellicar/ros2_ws/install/carla_ros_scenario_runner_types/include/carla_ros_scenario_runner_types/msg/detail/dds_fastrtps
[15.053s] -- Up-to-date: /home/lion/intellicar/ros2_ws/install/carla_ros_scenario_runner_types/include/carla_ros_scenario_runner_types/msg/detail/carla_scenario__rosidl_typesupport_fastrtps_cpp.hpp
[15.053s] -- Up-to-date: /home/lion/intellicar/ros2_ws/install/carla_ros_scenario_runner_types/include/carla_ros_scenario_runner_types/msg/detail/carla_scenario_runner_status__rosidl_typesupport_fastrtps_cpp.hpp
[15.053s] -- Up-to-date: /home/lion/intellicar/ros2_ws/install/carla_ros_scenario_runner_types/include/carla_ros_scenario_runner_types/msg/detail/carla_scenario_list__rosidl_typesupport_fastrtps_cpp.hpp
[15.054s] -- Up-to-date: /home/lion/intellicar/ros2_ws/install/carla_ros_scenario_runner_types/include/carla_ros_scenario_runner_types/msg/rosidl_typesupport_fastrtps_cpp__visibility_control.h
[15.054s] -- Up-to-date: /home/lion/intellicar/ros2_ws/install/carla_ros_scenario_runner_types/include/carla_ros_scenario_runner_types/srv
[15.054s] -- Up-to-date: /home/lion/intellicar/ros2_ws/install/carla_ros_scenario_runner_types/include/carla_ros_scenario_runner_types/srv/detail
[15.054s] -- Up-to-date: /home/lion/intellicar/ros2_ws/install/carla_ros_scenario_runner_types/include/carla_ros_scenario_runner_types/srv/detail/execute_scenario__rosidl_typesupport_fastrtps_cpp.hpp
[15.054s] -- Up-to-date: /home/lion/intellicar/ros2_ws/install/carla_ros_scenario_runner_types/include/carla_ros_scenario_runner_types/srv/detail/dds_fastrtps
[15.054s] -- Up-to-date: /home/lion/intellicar/ros2_ws/install/carla_ros_scenario_runner_types/lib/libcarla_ros_scenario_runner_types__rosidl_typesupport_fastrtps_cpp.so
[15.054s] -- Up-to-date: /home/lion/intellicar/ros2_ws/install/carla_ros_scenario_runner_types/include/carla_ros_scenario_runner_types
[15.054s] -- Up-to-date: /home/lion/intellicar/ros2_ws/install/carla_ros_scenario_runner_types/include/carla_ros_scenario_runner_types/msg
[15.054s] -- Up-to-date: /home/lion/intellicar/ros2_ws/install/carla_ros_scenario_runner_types/include/carla_ros_scenario_runner_types/msg/detail
[15.054s] -- Up-to-date: /home/lion/intellicar/ros2_ws/install/carla_ros_scenario_runner_types/include/carla_ros_scenario_runner_types/msg/detail/carla_scenario__rosidl_typesupport_introspection_c.h
[15.054s] -- Up-to-date: /home/lion/intellicar/ros2_ws/install/carla_ros_scenario_runner_types/include/carla_ros_scenario_runner_types/msg/detail/carla_scenario_runner_status__type_support.c
[15.054s] -- Up-to-date: /home/lion/intellicar/ros2_ws/install/carla_ros_scenario_runner_types/include/carla_ros_scenario_runner_types/msg/detail/carla_scenario__type_support.c
[15.054s] -- Up-to-date: /home/lion/intellicar/ros2_ws/install/carla_ros_scenario_runner_types/include/carla_ros_scenario_runner_types/msg/detail/carla_scenario_list__type_support.c
[15.055s] -- Up-to-date: /home/lion/intellicar/ros2_ws/install/carla_ros_scenario_runner_types/include/carla_ros_scenario_runner_types/msg/detail/carla_scenario_runner_status__rosidl_typesupport_introspection_c.h
[15.055s] -- Up-to-date: /home/lion/intellicar/ros2_ws/install/carla_ros_scenario_runner_types/include/carla_ros_scenario_runner_types/msg/detail/carla_scenario_list__rosidl_typesupport_introspection_c.h
[15.055s] -- Up-to-date: /home/lion/intellicar/ros2_ws/install/carla_ros_scenario_runner_types/include/carla_ros_scenario_runner_types/msg/rosidl_typesupport_introspection_c__visibility_control.h
[15.055s] -- Up-to-date: /home/lion/intellicar/ros2_ws/install/carla_ros_scenario_runner_types/include/carla_ros_scenario_runner_types/srv
[15.055s] -- Up-to-date: /home/lion/intellicar/ros2_ws/install/carla_ros_scenario_runner_types/include/carla_ros_scenario_runner_types/srv/detail
[15.055s] -- Up-to-date: /home/lion/intellicar/ros2_ws/install/carla_ros_scenario_runner_types/include/carla_ros_scenario_runner_types/srv/detail/execute_scenario__rosidl_typesupport_introspection_c.h
[15.055s] -- Up-to-date: /home/lion/intellicar/ros2_ws/install/carla_ros_scenario_runner_types/include/carla_ros_scenario_runner_types/srv/detail/execute_scenario__type_support.c
[15.055s] -- Up-to-date: /home/lion/intellicar/ros2_ws/install/carla_ros_scenario_runner_types/lib/libcarla_ros_scenario_runner_types__rosidl_typesupport_introspection_c.so
[15.055s] -- Up-to-date: /home/lion/intellicar/ros2_ws/install/carla_ros_scenario_runner_types/lib/libcarla_ros_scenario_runner_types__rosidl_typesupport_c.so
[15.055s] -- Up-to-date: /home/lion/intellicar/ros2_ws/install/carla_ros_scenario_runner_types/include/carla_ros_scenario_runner_types
[15.055s] -- Up-to-date: /home/lion/intellicar/ros2_ws/install/carla_ros_scenario_runner_types/include/carla_ros_scenario_runner_types/msg
[15.055s] -- Up-to-date: /home/lion/intellicar/ros2_ws/install/carla_ros_scenario_runner_types/include/carla_ros_scenario_runner_types/msg/rosidl_generator_cpp__visibility_control.hpp
[15.055s] -- Up-to-date: /home/lion/intellicar/ros2_ws/install/carla_ros_scenario_runner_types/include/carla_ros_scenario_runner_types/msg/detail
[15.055s] -- Up-to-date: /home/lion/intellicar/ros2_ws/install/carla_ros_scenario_runner_types/include/carla_ros_scenario_runner_types/msg/detail/carla_scenario_list__traits.hpp
[15.056s] -- Up-to-date: /home/lion/intellicar/ros2_ws/install/carla_ros_scenario_runner_types/include/carla_ros_scenario_runner_types/msg/detail/carla_scenario__type_support.hpp
[15.056s] -- Up-to-date: /home/lion/intellicar/ros2_ws/install/carla_ros_scenario_runner_types/include/carla_ros_scenario_runner_types/msg/detail/carla_scenario__traits.hpp
[15.056s] -- Up-to-date: /home/lion/intellicar/ros2_ws/install/carla_ros_scenario_runner_types/include/carla_ros_scenario_runner_types/msg/detail/carla_scenario_runner_status__struct.hpp
[15.056s] -- Up-to-date: /home/lion/intellicar/ros2_ws/install/carla_ros_scenario_runner_types/include/carla_ros_scenario_runner_types/msg/detail/carla_scenario_list__struct.hpp
[15.056s] -- Up-to-date: /home/lion/intellicar/ros2_ws/install/carla_ros_scenario_runner_types/include/carla_ros_scenario_runner_types/msg/detail/carla_scenario_runner_status__traits.hpp
[15.056s] -- Up-to-date: /home/lion/intellicar/ros2_ws/install/carla_ros_scenario_runner_types/include/carla_ros_scenario_runner_types/msg/detail/carla_scenario_list__type_support.hpp
[15.056s] -- Up-to-date: /home/lion/intellicar/ros2_ws/install/carla_ros_scenario_runner_types/include/carla_ros_scenario_runner_types/msg/detail/carla_scenario__builder.hpp
[15.056s] -- Up-to-date: /home/lion/intellicar/ros2_ws/install/carla_ros_scenario_runner_types/include/carla_ros_scenario_runner_types/msg/detail/carla_scenario__struct.hpp
[15.056s] -- Up-to-date: /home/lion/intellicar/ros2_ws/install/carla_ros_scenario_runner_types/include/carla_ros_scenario_runner_types/msg/detail/carla_scenario_list__builder.hpp
[15.056s] -- Up-to-date: /home/lion/intellicar/ros2_ws/install/carla_ros_scenario_runner_types/include/carla_ros_scenario_runner_types/msg/detail/carla_scenario_runner_status__type_support.hpp
[15.056s] -- Up-to-date: /home/lion/intellicar/ros2_ws/install/carla_ros_scenario_runner_types/include/carla_ros_scenario_runner_types/msg/detail/carla_scenario_runner_status__builder.hpp
[15.056s] -- Up-to-date: /home/lion/intellicar/ros2_ws/install/carla_ros_scenario_runner_types/include/carla_ros_scenario_runner_types/msg/carla_scenario_list.hpp
[15.056s] -- Up-to-date: /home/lion/intellicar/ros2_ws/install/carla_ros_scenario_runner_types/include/carla_ros_scenario_runner_types/msg/carla_scenario_runner_status.hpp
[15.056s] -- Up-to-date: /home/lion/intellicar/ros2_ws/install/carla_ros_scenario_runner_types/include/carla_ros_scenario_runner_types/msg/carla_scenario.hpp
[15.056s] -- Up-to-date: /home/lion/intellicar/ros2_ws/install/carla_ros_scenario_runner_types/include/carla_ros_scenario_runner_types/srv
[15.057s] -- Up-to-date: /home/lion/intellicar/ros2_ws/install/carla_ros_scenario_runner_types/include/carla_ros_scenario_runner_types/srv/execute_scenario.hpp
[15.057s] -- Up-to-date: /home/lion/intellicar/ros2_ws/install/carla_ros_scenario_runner_types/include/carla_ros_scenario_runner_types/srv/detail
[15.057s] -- Up-to-date: /home/lion/intellicar/ros2_ws/install/carla_ros_scenario_runner_types/include/carla_ros_scenario_runner_types/srv/detail/execute_scenario__traits.hpp
[15.057s] -- Up-to-date: /home/lion/intellicar/ros2_ws/install/carla_ros_scenario_runner_types/include/carla_ros_scenario_runner_types/srv/detail/execute_scenario__type_support.hpp
[15.057s] -- Up-to-date: /home/lion/intellicar/ros2_ws/install/carla_ros_scenario_runner_types/include/carla_ros_scenario_runner_types/srv/detail/execute_scenario__builder.hpp
[15.057s] -- Up-to-date: /home/lion/intellicar/ros2_ws/install/carla_ros_scenario_runner_types/include/carla_ros_scenario_runner_types/srv/detail/execute_scenario__struct.hpp
[15.057s] -- Up-to-date: /home/lion/intellicar/ros2_ws/install/carla_ros_scenario_runner_types/include/carla_ros_scenario_runner_types
[15.057s] -- Up-to-date: /home/lion/intellicar/ros2_ws/install/carla_ros_scenario_runner_types/include/carla_ros_scenario_runner_types/msg
[15.057s] -- Up-to-date: /home/lion/intellicar/ros2_ws/install/carla_ros_scenario_runner_types/include/carla_ros_scenario_runner_types/msg/detail
[15.057s] -- Up-to-date: /home/lion/intellicar/ros2_ws/install/carla_ros_scenario_runner_types/include/carla_ros_scenario_runner_types/msg/detail/carla_scenario__rosidl_typesupport_introspection_cpp.hpp
[15.057s] -- Up-to-date: /home/lion/intellicar/ros2_ws/install/carla_ros_scenario_runner_types/include/carla_ros_scenario_runner_types/msg/detail/carla_scenario__type_support.cpp
[15.057s] -- Up-to-date: /home/lion/intellicar/ros2_ws/install/carla_ros_scenario_runner_types/include/carla_ros_scenario_runner_types/msg/detail/carla_scenario_list__rosidl_typesupport_introspection_cpp.hpp
[15.057s] -- Up-to-date: /home/lion/intellicar/ros2_ws/install/carla_ros_scenario_runner_types/include/carla_ros_scenario_runner_types/msg/detail/carla_scenario_runner_status__type_support.cpp
[15.057s] -- Up-to-date: /home/lion/intellicar/ros2_ws/install/carla_ros_scenario_runner_types/include/carla_ros_scenario_runner_types/msg/detail/carla_scenario_runner_status__rosidl_typesupport_introspection_cpp.hpp
[15.059s] -- Up-to-date: /home/lion/intellicar/ros2_ws/install/carla_ros_scenario_runner_types/include/carla_ros_scenario_runner_types/msg/detail/carla_scenario_list__type_support.cpp
[15.059s] -- Up-to-date: /home/lion/intellicar/ros2_ws/install/carla_ros_scenario_runner_types/include/carla_ros_scenario_runner_types/srv
[15.059s] -- Up-to-date: /home/lion/intellicar/ros2_ws/install/carla_ros_scenario_runner_types/include/carla_ros_scenario_runner_types/srv/detail
[15.059s] -- Up-to-date: /home/lion/intellicar/ros2_ws/install/carla_ros_scenario_runner_types/include/carla_ros_scenario_runner_types/srv/detail/execute_scenario__type_support.cpp
[15.059s] -- Up-to-date: /home/lion/intellicar/ros2_ws/install/carla_ros_scenario_runner_types/include/carla_ros_scenario_runner_types/srv/detail/execute_scenario__rosidl_typesupport_introspection_cpp.hpp
[15.059s] -- Up-to-date: /home/lion/intellicar/ros2_ws/install/carla_ros_scenario_runner_types/lib/libcarla_ros_scenario_runner_types__rosidl_typesupport_introspection_cpp.so
[15.059s] -- Up-to-date: /home/lion/intellicar/ros2_ws/install/carla_ros_scenario_runner_types/lib/libcarla_ros_scenario_runner_types__rosidl_typesupport_cpp.so
[15.059s] -- Up-to-date: /home/lion/intellicar/ros2_ws/install/carla_ros_scenario_runner_types/share/carla_ros_scenario_runner_types/environment/pythonpath.sh
[15.059s] -- Up-to-date: /home/lion/intellicar/ros2_ws/install/carla_ros_scenario_runner_types/share/carla_ros_scenario_runner_types/environment/pythonpath.dsv
[15.059s] -- Up-to-date: /home/lion/intellicar/ros2_ws/install/carla_ros_scenario_runner_types/lib/python3.8/site-packages/carla_ros_scenario_runner_types/__init__.py
[15.093s] -- Up-to-date: /home/lion/intellicar/ros2_ws/install/carla_ros_scenario_runner_types/lib/python3.8/site-packages/carla_ros_scenario_runner_types/msg
[15.093s] -- Up-to-date: /home/lion/intellicar/ros2_ws/install/carla_ros_scenario_runner_types/lib/python3.8/site-packages/carla_ros_scenario_runner_types/msg/_carla_scenario_list.py
[15.093s] -- Up-to-date: /home/lion/intellicar/ros2_ws/install/carla_ros_scenario_runner_types/lib/python3.8/site-packages/carla_ros_scenario_runner_types/msg/_carla_scenario_s.c
[15.093s] -- Up-to-date: /home/lion/intellicar/ros2_ws/install/carla_ros_scenario_runner_types/lib/python3.8/site-packages/carla_ros_scenario_runner_types/msg/_carla_scenario.py
[15.094s] -- Up-to-date: /home/lion/intellicar/ros2_ws/install/carla_ros_scenario_runner_types/lib/python3.8/site-packages/carla_ros_scenario_runner_types/msg/__init__.py
[15.094s] -- Up-to-date: /home/lion/intellicar/ros2_ws/install/carla_ros_scenario_runner_types/lib/python3.8/site-packages/carla_ros_scenario_runner_types/msg/_carla_scenario_runner_status_s.c
[15.094s] -- Up-to-date: /home/lion/intellicar/ros2_ws/install/carla_ros_scenario_runner_types/lib/python3.8/site-packages/carla_ros_scenario_runner_types/msg/_carla_scenario_runner_status.py
[15.094s] -- Up-to-date: /home/lion/intellicar/ros2_ws/install/carla_ros_scenario_runner_types/lib/python3.8/site-packages/carla_ros_scenario_runner_types/msg/_carla_scenario_list_s.c
[15.095s] -- Up-to-date: /home/lion/intellicar/ros2_ws/install/carla_ros_scenario_runner_types/lib/python3.8/site-packages/carla_ros_scenario_runner_types/srv
[15.095s] -- Up-to-date: /home/lion/intellicar/ros2_ws/install/carla_ros_scenario_runner_types/lib/python3.8/site-packages/carla_ros_scenario_runner_types/srv/_execute_scenario_s.c
[15.095s] -- Up-to-date: /home/lion/intellicar/ros2_ws/install/carla_ros_scenario_runner_types/lib/python3.8/site-packages/carla_ros_scenario_runner_types/srv/__init__.py
[15.096s] -- Up-to-date: /home/lion/intellicar/ros2_ws/install/carla_ros_scenario_runner_types/lib/python3.8/site-packages/carla_ros_scenario_runner_types/srv/_execute_scenario.py
[15.096s] -- Up-to-date: /home/lion/intellicar/ros2_ws/install/carla_ros_scenario_runner_types/lib/python3.8/site-packages/carla_ros_scenario_runner_types/carla_ros_scenario_runner_types_s__rosidl_typesupport_fastrtps_c.cpython-38-x86_64-linux-gnu.so
[15.096s] -- Up-to-date: /home/lion/intellicar/ros2_ws/install/carla_ros_scenario_runner_types/lib/python3.8/site-packages/carla_ros_scenario_runner_types/carla_ros_scenario_runner_types_s__rosidl_typesupport_introspection_c.cpython-38-x86_64-linux-gnu.so
[15.097s] -- Up-to-date: /home/lion/intellicar/ros2_ws/install/carla_ros_scenario_runner_types/lib/python3.8/site-packages/carla_ros_scenario_runner_types/carla_ros_scenario_runner_types_s__rosidl_typesupport_c.cpython-38-x86_64-linux-gnu.so
[15.099s] -- Up-to-date: /home/lion/intellicar/ros2_ws/install/carla_ros_scenario_runner_types/lib/libcarla_ros_scenario_runner_types__python.so
[15.099s] -- Up-to-date: /home/lion/intellicar/ros2_ws/install/carla_ros_scenario_runner_types/share/carla_ros_scenario_runner_types/msg/CarlaScenario.idl
[15.100s] -- Up-to-date: /home/lion/intellicar/ros2_ws/install/carla_ros_scenario_runner_types/share/carla_ros_scenario_runner_types/msg/CarlaScenarioList.idl
[15.101s] -- Up-to-date: /home/lion/intellicar/ros2_ws/install/carla_ros_scenario_runner_types/share/carla_ros_scenario_runner_types/msg/CarlaScenarioRunnerStatus.idl
[15.101s] -- Up-to-date: /home/lion/intellicar/ros2_ws/install/carla_ros_scenario_runner_types/share/carla_ros_scenario_runner_types/srv/ExecuteScenario.idl
[15.101s] -- Up-to-date: /home/lion/intellicar/ros2_ws/install/carla_ros_scenario_runner_types/share/carla_ros_scenario_runner_types/msg/CarlaScenario.msg
[15.103s] -- Up-to-date: /home/lion/intellicar/ros2_ws/install/carla_ros_scenario_runner_types/share/carla_ros_scenario_runner_types/msg/CarlaScenarioList.msg
[15.103s] -- Up-to-date: /home/lion/intellicar/ros2_ws/install/carla_ros_scenario_runner_types/share/carla_ros_scenario_runner_types/msg/CarlaScenarioRunnerStatus.msg
[15.103s] -- Up-to-date: /home/lion/intellicar/ros2_ws/install/carla_ros_scenario_runner_types/share/carla_ros_scenario_runner_types/srv/ExecuteScenario.srv
[15.103s] -- Up-to-date: /home/lion/intellicar/ros2_ws/install/carla_ros_scenario_runner_types/share/carla_ros_scenario_runner_types/srv/ExecuteScenario_Request.msg
[15.104s] -- Up-to-date: /home/lion/intellicar/ros2_ws/install/carla_ros_scenario_runner_types/share/carla_ros_scenario_runner_types/srv/ExecuteScenario_Response.msg
[15.104s] -- Up-to-date: /home/lion/intellicar/ros2_ws/install/carla_ros_scenario_runner_types/share/ament_index/resource_index/package_run_dependencies/carla_ros_scenario_runner_types
[15.104s] -- Up-to-date: /home/lion/intellicar/ros2_ws/install/carla_ros_scenario_runner_types/share/ament_index/resource_index/parent_prefix_path/carla_ros_scenario_runner_types
[15.104s] -- Up-to-date: /home/lion/intellicar/ros2_ws/install/carla_ros_scenario_runner_types/share/carla_ros_scenario_runner_types/environment/ament_prefix_path.sh
[15.104s] -- Up-to-date: /home/lion/intellicar/ros2_ws/install/carla_ros_scenario_runner_types/share/carla_ros_scenario_runner_types/environment/ament_prefix_path.dsv
[15.104s] -- Up-to-date: /home/lion/intellicar/ros2_ws/install/carla_ros_scenario_runner_types/share/carla_ros_scenario_runner_types/environment/path.sh
[15.104s] -- Up-to-date: /home/lion/intellicar/ros2_ws/install/carla_ros_scenario_runner_types/share/carla_ros_scenario_runner_types/environment/path.dsv
[15.104s] -- Up-to-date: /home/lion/intellicar/ros2_ws/install/carla_ros_scenario_runner_types/share/carla_ros_scenario_runner_types/local_setup.bash
[15.105s] -- Up-to-date: /home/lion/intellicar/ros2_ws/install/carla_ros_scenario_runner_types/share/carla_ros_scenario_runner_types/local_setup.sh
[15.106s] -- Up-to-date: /home/lion/intellicar/ros2_ws/install/carla_ros_scenario_runner_types/share/carla_ros_scenario_runner_types/local_setup.zsh
[15.106s] -- Up-to-date: /home/lion/intellicar/ros2_ws/install/carla_ros_scenario_runner_types/share/carla_ros_scenario_runner_types/local_setup.dsv
[15.106s] -- Installing: /home/lion/intellicar/ros2_ws/install/carla_ros_scenario_runner_types/share/carla_ros_scenario_runner_types/package.dsv
[15.106s] -- Up-to-date: /home/lion/intellicar/ros2_ws/install/carla_ros_scenario_runner_types/share/ament_index/resource_index/packages/carla_ros_scenario_runner_types
[15.106s] -- Up-to-date: /home/lion/intellicar/ros2_ws/install/carla_ros_scenario_runner_types/share/carla_ros_scenario_runner_types/cmake/carla_ros_scenario_runner_types__rosidl_generator_cExport.cmake
[15.106s] -- Up-to-date: /home/lion/intellicar/ros2_ws/install/carla_ros_scenario_runner_types/share/carla_ros_scenario_runner_types/cmake/carla_ros_scenario_runner_types__rosidl_generator_cExport-noconfig.cmake
[15.106s] -- Up-to-date: /home/lion/intellicar/ros2_ws/install/carla_ros_scenario_runner_types/share/carla_ros_scenario_runner_types/cmake/carla_ros_scenario_runner_types__rosidl_typesupport_introspection_cExport.cmake
[15.107s] -- Up-to-date: /home/lion/intellicar/ros2_ws/install/carla_ros_scenario_runner_types/share/carla_ros_scenario_runner_types/cmake/carla_ros_scenario_runner_types__rosidl_typesupport_introspection_cExport-noconfig.cmake
[15.107s] -- Up-to-date: /home/lion/intellicar/ros2_ws/install/carla_ros_scenario_runner_types/share/carla_ros_scenario_runner_types/cmake/carla_ros_scenario_runner_types__rosidl_typesupport_cExport.cmake
[15.107s] -- Up-to-date: /home/lion/intellicar/ros2_ws/install/carla_ros_scenario_runner_types/share/carla_ros_scenario_runner_types/cmake/carla_ros_scenario_runner_types__rosidl_typesupport_cExport-noconfig.cmake
[15.107s] -- Up-to-date: /home/lion/intellicar/ros2_ws/install/carla_ros_scenario_runner_types/share/carla_ros_scenario_runner_types/cmake/carla_ros_scenario_runner_types__rosidl_generator_cppExport.cmake
[15.107s] -- Up-to-date: /home/lion/intellicar/ros2_ws/install/carla_ros_scenario_runner_types/share/carla_ros_scenario_runner_types/cmake/carla_ros_scenario_runner_types__rosidl_typesupport_introspection_cppExport.cmake
[15.108s] -- Up-to-date: /home/lion/intellicar/ros2_ws/install/carla_ros_scenario_runner_types/share/carla_ros_scenario_runner_types/cmake/carla_ros_scenario_runner_types__rosidl_typesupport_introspection_cppExport-noconfig.cmake
[15.108s] -- Up-to-date: /home/lion/intellicar/ros2_ws/install/carla_ros_scenario_runner_types/share/carla_ros_scenario_runner_types/cmake/carla_ros_scenario_runner_types__rosidl_typesupport_cppExport.cmake
[15.108s] -- Up-to-date: /home/lion/intellicar/ros2_ws/install/carla_ros_scenario_runner_types/share/carla_ros_scenario_runner_types/cmake/carla_ros_scenario_runner_types__rosidl_typesupport_cppExport-noconfig.cmake
[15.109s] -- Up-to-date: /home/lion/intellicar/ros2_ws/install/carla_ros_scenario_runner_types/share/carla_ros_scenario_runner_types/cmake/rosidl_cmake-extras.cmake
[15.109s] -- Up-to-date: /home/lion/intellicar/ros2_ws/install/carla_ros_scenario_runner_types/share/carla_ros_scenario_runner_types/cmake/ament_cmake_export_dependencies-extras.cmake
[15.110s] -- Up-to-date: /home/lion/intellicar/ros2_ws/install/carla_ros_scenario_runner_types/share/carla_ros_scenario_runner_types/cmake/ament_cmake_export_libraries-extras.cmake
[15.110s] -- Up-to-date: /home/lion/intellicar/ros2_ws/install/carla_ros_scenario_runner_types/share/carla_ros_scenario_runner_types/cmake/ament_cmake_export_targets-extras.cmake
[15.111s] -- Up-to-date: /home/lion/intellicar/ros2_ws/install/carla_ros_scenario_runner_types/share/carla_ros_scenario_runner_types/cmake/ament_cmake_export_include_directories-extras.cmake
[15.111s] -- Up-to-date: /home/lion/intellicar/ros2_ws/install/carla_ros_scenario_runner_types/share/carla_ros_scenario_runner_types/cmake/rosidl_cmake_export_typesupport_libraries-extras.cmake
[15.112s] -- Up-to-date: /home/lion/intellicar/ros2_ws/install/carla_ros_scenario_runner_types/share/carla_ros_scenario_runner_types/cmake/rosidl_cmake_export_typesupport_targets-extras.cmake
[15.112s] -- Up-to-date: /home/lion/intellicar/ros2_ws/install/carla_ros_scenario_runner_types/share/carla_ros_scenario_runner_types/cmake/carla_ros_scenario_runner_typesConfig.cmake
[15.112s] -- Up-to-date: /home/lion/intellicar/ros2_ws/install/carla_ros_scenario_runner_types/share/carla_ros_scenario_runner_types/cmake/carla_ros_scenario_runner_typesConfig-version.cmake
[15.112s] -- Up-to-date: /home/lion/intellicar/ros2_ws/install/carla_ros_scenario_runner_types/share/carla_ros_scenario_runner_types/package.xml
[16.973s] Invoked command in '/home/lion/intellicar/ros2_ws/build/carla_ros_scenario_runner_types' returned '0': CMAKE_PREFIX_PATH=${CMAKE_PREFIX_PATH}:/home/lion/intellicar/ros2_ws/install/yolo_detection:/home/lion/intellicar/ros2_ws/install/traffic_light_task:/home/lion/intellicar/ros2_ws/install/carla_ad_demo:/home/lion/intellicar/ros2_ws/install/rqt_carla_control:/home/lion/intellicar/ros2_ws/install/carla_waypoint_publisher:/home/lion/intellicar/ros2_ws/install/carla_ackermann_control:/home/lion/intellicar/ros2_ws/install/carla_ros_bridge:/home/lion/intellicar/ros2_ws/install/carla_spawn_objects:/home/lion/intellicar/ros2_ws/install/carla_manual_control:/home/lion/intellicar/ros2_ws/install/carla_ad_agent:/home/lion/intellicar/ros2_ws/install/ros_compatibility:/home/lion/intellicar/ros2_ws/install/carla_walker_agent:/home/lion/intellicar/ros2_ws/install/carla_twist_to_control:/home/lion/intellicar/ros2_ws/install/carla_ros_scenario_runner:/home/lion/intellicar/ros2_ws/install/carla_common:/opt/ros/foxy /usr/bin/cmake --install /home/lion/intellicar/ros2_ws/build/carla_ros_scenario_runner_types
