[7.081s] Invoking command in '/home/lion/intellicar/ros2_ws/build/gamepad_driver': CMAKE_PREFIX_PATH=${CMAKE_PREFIX_PATH}:/home/lion/intellicar/ros2_ws/install/carla_ad_demo:/home/lion/intellicar/ros2_ws/install/rqt_carla_control:/home/lion/intellicar/ros2_ws/install/carla_waypoint_publisher:/home/lion/intellicar/ros2_ws/install/carla_ackermann_control:/home/lion/intellicar/ros2_ws/install/carla_ros_bridge:/home/lion/intellicar/ros2_ws/install/carla_spawn_objects:/home/lion/intellicar/ros2_ws/install/carla_manual_control:/home/lion/intellicar/ros2_ws/install/carla_ad_agent:/home/lion/intellicar/ros2_ws/install/ros_compatibility:/home/lion/intellicar/ros2_ws/install/carla_walker_agent:/home/lion/intellicar/ros2_ws/install/carla_twist_to_control:/home/lion/intellicar/ros2_ws/install/carla_ros_scenario_runner:/home/lion/intellicar/ros2_ws/install/carla_common:/opt/ros/foxy /usr/bin/cmake --build /home/lion/intellicar/ros2_ws/build/gamepad_driver -- -j16 -l16
[9.907s] [100%] Built target gamepad_driver_node
[9.909s] Invoked command in '/home/lion/intellicar/ros2_ws/build/gamepad_driver' returned '0': CMAKE_PREFIX_PATH=${CMAKE_PREFIX_PATH}:/home/lion/intellicar/ros2_ws/install/carla_ad_demo:/home/lion/intellicar/ros2_ws/install/rqt_carla_control:/home/lion/intellicar/ros2_ws/install/carla_waypoint_publisher:/home/lion/intellicar/ros2_ws/install/carla_ackermann_control:/home/lion/intellicar/ros2_ws/install/carla_ros_bridge:/home/lion/intellicar/ros2_ws/install/carla_spawn_objects:/home/lion/intellicar/ros2_ws/install/carla_manual_control:/home/lion/intellicar/ros2_ws/install/carla_ad_agent:/home/lion/intellicar/ros2_ws/install/ros_compatibility:/home/lion/intellicar/ros2_ws/install/carla_walker_agent:/home/lion/intellicar/ros2_ws/install/carla_twist_to_control:/home/lion/intellicar/ros2_ws/install/carla_ros_scenario_runner:/home/lion/intellicar/ros2_ws/install/carla_common:/opt/ros/foxy /usr/bin/cmake --build /home/lion/intellicar/ros2_ws/build/gamepad_driver -- -j16 -l16
[10.012s] Invoking command in '/home/lion/intellicar/ros2_ws/build/gamepad_driver': CMAKE_PREFIX_PATH=${CMAKE_PREFIX_PATH}:/home/lion/intellicar/ros2_ws/install/carla_ad_demo:/home/lion/intellicar/ros2_ws/install/rqt_carla_control:/home/lion/intellicar/ros2_ws/install/carla_waypoint_publisher:/home/lion/intellicar/ros2_ws/install/carla_ackermann_control:/home/lion/intellicar/ros2_ws/install/carla_ros_bridge:/home/lion/intellicar/ros2_ws/install/carla_spawn_objects:/home/lion/intellicar/ros2_ws/install/carla_manual_control:/home/lion/intellicar/ros2_ws/install/carla_ad_agent:/home/lion/intellicar/ros2_ws/install/ros_compatibility:/home/lion/intellicar/ros2_ws/install/carla_walker_agent:/home/lion/intellicar/ros2_ws/install/carla_twist_to_control:/home/lion/intellicar/ros2_ws/install/carla_ros_scenario_runner:/home/lion/intellicar/ros2_ws/install/carla_common:/opt/ros/foxy /usr/bin/cmake --install /home/lion/intellicar/ros2_ws/build/gamepad_driver
[10.041s] -- Install configuration: ""
[10.041s] -- Installing: /home/lion/intellicar/ros2_ws/install/gamepad_driver/lib/gamepad_driver/gamepad_driver_node
[10.046s] -- Set runtime path of "/home/lion/intellicar/ros2_ws/install/gamepad_driver/lib/gamepad_driver/gamepad_driver_node" to ""
[10.052s] -- Installing: /home/lion/intellicar/ros2_ws/install/gamepad_driver/share/ament_index/resource_index/package_run_dependencies/gamepad_driver
[10.052s] -- Installing: /home/lion/intellicar/ros2_ws/install/gamepad_driver/share/ament_index/resource_index/parent_prefix_path/gamepad_driver
[10.052s] -- Installing: /home/lion/intellicar/ros2_ws/install/gamepad_driver/share/gamepad_driver/environment/ament_prefix_path.sh
[10.052s] -- Installing: /home/lion/intellicar/ros2_ws/install/gamepad_driver/share/gamepad_driver/environment/ament_prefix_path.dsv
[10.052s] -- Installing: /home/lion/intellicar/ros2_ws/install/gamepad_driver/share/gamepad_driver/environment/path.sh
[10.052s] -- Installing: /home/lion/intellicar/ros2_ws/install/gamepad_driver/share/gamepad_driver/environment/path.dsv
[10.052s] -- Installing: /home/lion/intellicar/ros2_ws/install/gamepad_driver/share/gamepad_driver/local_setup.bash
[10.052s] -- Installing: /home/lion/intellicar/ros2_ws/install/gamepad_driver/share/gamepad_driver/local_setup.sh
[10.052s] -- Installing: /home/lion/intellicar/ros2_ws/install/gamepad_driver/share/gamepad_driver/local_setup.zsh
[10.052s] -- Installing: /home/lion/intellicar/ros2_ws/install/gamepad_driver/share/gamepad_driver/local_setup.dsv
[10.053s] -- Installing: /home/lion/intellicar/ros2_ws/install/gamepad_driver/share/gamepad_driver/package.dsv
[10.053s] -- Installing: /home/lion/intellicar/ros2_ws/install/gamepad_driver/share/ament_index/resource_index/packages/gamepad_driver
[10.053s] -- Installing: /home/lion/intellicar/ros2_ws/install/gamepad_driver/share/gamepad_driver/cmake/gamepad_driverConfig.cmake
[10.053s] -- Installing: /home/lion/intellicar/ros2_ws/install/gamepad_driver/share/gamepad_driver/cmake/gamepad_driverConfig-version.cmake
[10.053s] -- Installing: /home/lion/intellicar/ros2_ws/install/gamepad_driver/share/gamepad_driver/package.xml
[10.058s] Invoked command in '/home/lion/intellicar/ros2_ws/build/gamepad_driver' returned '0': CMAKE_PREFIX_PATH=${CMAKE_PREFIX_PATH}:/home/lion/intellicar/ros2_ws/install/carla_ad_demo:/home/lion/intellicar/ros2_ws/install/rqt_carla_control:/home/lion/intellicar/ros2_ws/install/carla_waypoint_publisher:/home/lion/intellicar/ros2_ws/install/carla_ackermann_control:/home/lion/intellicar/ros2_ws/install/carla_ros_bridge:/home/lion/intellicar/ros2_ws/install/carla_spawn_objects:/home/lion/intellicar/ros2_ws/install/carla_manual_control:/home/lion/intellicar/ros2_ws/install/carla_ad_agent:/home/lion/intellicar/ros2_ws/install/ros_compatibility:/home/lion/intellicar/ros2_ws/install/carla_walker_agent:/home/lion/intellicar/ros2_ws/install/carla_twist_to_control:/home/lion/intellicar/ros2_ws/install/carla_ros_scenario_runner:/home/lion/intellicar/ros2_ws/install/carla_common:/opt/ros/foxy /usr/bin/cmake --install /home/lion/intellicar/ros2_ws/build/gamepad_driver
