[6.571s] Invoking command in '/home/lion/intellicar/ros2_ws/build/traffic_light_task': /usr/bin/cmake /home/lion/intellicar/ros2_ws/src/traffic_light_task -DCATKIN_INSTALL_INTO_PREFIX_ROOT=0 -DCMAKE_INSTALL_PREFIX=/home/lion/intellicar/ros2_ws/install/traffic_light_task
[6.737s] -- The C compiler identification is GNU 9.4.0
[6.919s] -- The CXX compiler identification is GNU 9.4.0
[6.925s] -- Check for working C compiler: /usr/bin/cc
[7.147s] -- Check for working C compiler: /usr/bin/cc -- works
[7.147s] -- Detecting C compiler ABI info
[7.322s] -- Detecting C compiler ABI info - done
[7.348s] -- Detecting C compile features
[7.350s] -- Detecting C compile features - done
[7.355s] -- Check for working CXX compiler: /usr/bin/c++
[7.623s] -- Check for working CXX compiler: /usr/bin/c++ -- works
[7.624s] -- Detecting CXX compiler ABI info
[7.837s] -- Detecting CXX compiler ABI info - done
[7.867s] -- Detecting CXX compile features
[7.868s] -- Detecting CXX compile features - done
[7.902s] CMake Error at CMakeLists.txt:10 (find_package):
[7.902s] -- Configuring incomplete, errors occurred!
[7.902s] See also "/home/lion/intellicar/ros2_ws/build/traffic_light_task/CMakeFiles/CMakeOutput.log".
[7.903s]   By not providing "Findcatkin.cmake" in CMAKE_MODULE_PATH this project has
[7.904s]   asked CMake to find a package configuration file provided by "catkin", but
[7.904s]   CMake did not find one.
[7.905s] 
[7.905s]   Could not find a package configuration file provided by "catkin" with any
[7.905s]   of the following names:
[7.905s] 
[7.906s]     catkinConfig.cmake
[7.906s]     catkin-config.cmake
[7.906s] 
[7.906s]   Add the installation prefix of "catkin" to CMAKE_PREFIX_PATH or set
[7.906s]   "catkin_DIR" to a directory containing one of the above files.  If "catkin"
[7.906s]   provides a separate development package or SDK, be sure it has been
[7.906s]   installed.
[7.906s] 
[7.906s] 
[10.022s] Invoked command in '/home/lion/intellicar/ros2_ws/build/traffic_light_task' returned '1': /usr/bin/cmake /home/lion/intellicar/ros2_ws/src/traffic_light_task -DCATKIN_INSTALL_INTO_PREFIX_ROOT=0 -DCMAKE_INSTALL_PREFIX=/home/lion/intellicar/ros2_ws/install/traffic_light_task
