[8.626s] Invoking command in '/home/lion/intellicar/ros2_ws/build/carla_msgs': CMAKE_PREFIX_PATH=${CMAKE_PREFIX_PATH}:/home/lion/intellicar/ros2_ws/install/yolo_detection:/home/lion/intellicar/ros2_ws/install/traffic_light_task:/home/lion/intellicar/ros2_ws/install/carla_ad_demo:/home/lion/intellicar/ros2_ws/install/rqt_carla_control:/home/lion/intellicar/ros2_ws/install/carla_waypoint_publisher:/home/lion/intellicar/ros2_ws/install/carla_ackermann_control:/home/lion/intellicar/ros2_ws/install/carla_ros_bridge:/home/lion/intellicar/ros2_ws/install/carla_spawn_objects:/home/lion/intellicar/ros2_ws/install/carla_manual_control:/home/lion/intellicar/ros2_ws/install/carla_ad_agent:/home/lion/intellicar/ros2_ws/install/ros_compatibility:/home/lion/intellicar/ros2_ws/install/carla_walker_agent:/home/lion/intellicar/ros2_ws/install/carla_twist_to_control:/home/lion/intellicar/ros2_ws/install/carla_ros_scenario_runner:/home/lion/intellicar/ros2_ws/install/carla_common:/opt/ros/foxy /usr/bin/cmake --build /home/lion/intellicar/ros2_ws/build/carla_msgs -- -j16 -l16
[15.426s] [  0%] Built target carla_msgs__cpp
[15.426s] [ 12%] Built target carla_msgs__rosidl_generator_c
[15.426s] [ 24%] Built target carla_msgs__rosidl_typesupport_fastrtps_cpp
[15.426s] [ 36%] Built target carla_msgs__rosidl_typesupport_c
[15.426s] [ 48%] Built target carla_msgs__rosidl_typesupport_fastrtps_c
[15.426s] [ 60%] Built target carla_msgs__rosidl_typesupport_introspection_c
[15.427s] [ 72%] Built target carla_msgs__rosidl_typesupport_cpp
[15.427s] [ 85%] Built target carla_msgs__rosidl_typesupport_introspection_cpp
[15.427s] [ 85%] Built target carla_msgs
[15.427s] [ 86%] Built target carla_msgs__py
[15.427s] [ 97%] Built target carla_msgs__python
[15.427s] [ 98%] Built target carla_msgs__rosidl_typesupport_c__pyext
[15.427s] [ 99%] Built target carla_msgs__rosidl_typesupport_fastrtps_c__pyext
[15.427s] [100%] Built target carla_msgs__rosidl_typesupport_introspection_c__pyext
[15.438s] Invoked command in '/home/lion/intellicar/ros2_ws/build/carla_msgs' returned '0': CMAKE_PREFIX_PATH=${CMAKE_PREFIX_PATH}:/home/lion/intellicar/ros2_ws/install/yolo_detection:/home/lion/intellicar/ros2_ws/install/traffic_light_task:/home/lion/intellicar/ros2_ws/install/carla_ad_demo:/home/lion/intellicar/ros2_ws/install/rqt_carla_control:/home/lion/intellicar/ros2_ws/install/carla_waypoint_publisher:/home/lion/intellicar/ros2_ws/install/carla_ackermann_control:/home/lion/intellicar/ros2_ws/install/carla_ros_bridge:/home/lion/intellicar/ros2_ws/install/carla_spawn_objects:/home/lion/intellicar/ros2_ws/install/carla_manual_control:/home/lion/intellicar/ros2_ws/install/carla_ad_agent:/home/lion/intellicar/ros2_ws/install/ros_compatibility:/home/lion/intellicar/ros2_ws/install/carla_walker_agent:/home/lion/intellicar/ros2_ws/install/carla_twist_to_control:/home/lion/intellicar/ros2_ws/install/carla_ros_scenario_runner:/home/lion/intellicar/ros2_ws/install/carla_common:/opt/ros/foxy /usr/bin/cmake --build /home/lion/intellicar/ros2_ws/build/carla_msgs -- -j16 -l16
[16.850s] Invoking command in '/home/lion/intellicar/ros2_ws/build/carla_msgs': CMAKE_PREFIX_PATH=${CMAKE_PREFIX_PATH}:/home/lion/intellicar/ros2_ws/install/yolo_detection:/home/lion/intellicar/ros2_ws/install/traffic_light_task:/home/lion/intellicar/ros2_ws/install/carla_ad_demo:/home/lion/intellicar/ros2_ws/install/rqt_carla_control:/home/lion/intellicar/ros2_ws/install/carla_waypoint_publisher:/home/lion/intellicar/ros2_ws/install/carla_ackermann_control:/home/lion/intellicar/ros2_ws/install/carla_ros_bridge:/home/lion/intellicar/ros2_ws/install/carla_spawn_objects:/home/lion/intellicar/ros2_ws/install/carla_manual_control:/home/lion/intellicar/ros2_ws/install/carla_ad_agent:/home/lion/intellicar/ros2_ws/install/ros_compatibility:/home/lion/intellicar/ros2_ws/install/carla_walker_agent:/home/lion/intellicar/ros2_ws/install/carla_twist_to_control:/home/lion/intellicar/ros2_ws/install/carla_ros_scenario_runner:/home/lion/intellicar/ros2_ws/install/carla_common:/opt/ros/foxy /usr/bin/cmake --install /home/lion/intellicar/ros2_ws/build/carla_msgs
[16.894s] -- Install configuration: ""
[16.895s] -- Up-to-date: /home/lion/intellicar/ros2_ws/install/carla_msgs/share/ament_index/resource_index/rosidl_interfaces/carla_msgs
[16.899s] -- Up-to-date: /home/lion/intellicar/ros2_ws/install/carla_msgs/include/carla_msgs
[16.900s] -- Up-to-date: /home/lion/intellicar/ros2_ws/install/carla_msgs/include/carla_msgs/msg
[16.900s] -- Up-to-date: /home/lion/intellicar/ros2_ws/install/carla_msgs/include/carla_msgs/msg/carla_bounding_box.h
[16.901s] -- Up-to-date: /home/lion/intellicar/ros2_ws/install/carla_msgs/include/carla_msgs/msg/carla_ego_vehicle_status.h
[16.901s] -- Up-to-date: /home/lion/intellicar/ros2_ws/install/carla_msgs/include/carla_msgs/msg/carla_ego_vehicle_info_wheel.h
[16.902s] -- Up-to-date: /home/lion/intellicar/ros2_ws/install/carla_msgs/include/carla_msgs/msg/carla_walker_control.h
[16.903s] -- Up-to-date: /home/lion/intellicar/ros2_ws/install/carla_msgs/include/carla_msgs/msg/detail
[16.903s] -- Up-to-date: /home/lion/intellicar/ros2_ws/install/carla_msgs/include/carla_msgs/msg/detail/carla_lane_invasion_event__functions.h
[16.904s] -- Up-to-date: /home/lion/intellicar/ros2_ws/install/carla_msgs/include/carla_msgs/msg/detail/carla_control__functions.h
[16.904s] -- Up-to-date: /home/lion/intellicar/ros2_ws/install/carla_msgs/include/carla_msgs/msg/detail/carla_traffic_light_status__type_support.h
[16.905s] -- Up-to-date: /home/lion/intellicar/ros2_ws/install/carla_msgs/include/carla_msgs/msg/detail/carla_actor_list__functions.h
[16.906s] -- Up-to-date: /home/lion/intellicar/ros2_ws/install/carla_msgs/include/carla_msgs/msg/detail/carla_traffic_light_status__functions.c
[16.906s] -- Up-to-date: /home/lion/intellicar/ros2_ws/install/carla_msgs/include/carla_msgs/msg/detail/carla_walker_control__type_support.h
[16.907s] -- Up-to-date: /home/lion/intellicar/ros2_ws/install/carla_msgs/include/carla_msgs/msg/detail/carla_world_info__functions.c
[16.908s] -- Up-to-date: /home/lion/intellicar/ros2_ws/install/carla_msgs/include/carla_msgs/msg/detail/carla_control__type_support.h
[16.908s] -- Up-to-date: /home/lion/intellicar/ros2_ws/install/carla_msgs/include/carla_msgs/msg/detail/carla_traffic_light_info__struct.h
[16.909s] -- Up-to-date: /home/lion/intellicar/ros2_ws/install/carla_msgs/include/carla_msgs/msg/detail/carla_walker_control__struct.h
[16.909s] -- Up-to-date: /home/lion/intellicar/ros2_ws/install/carla_msgs/include/carla_msgs/msg/detail/carla_ego_vehicle_info__functions.c
[16.910s] -- Up-to-date: /home/lion/intellicar/ros2_ws/install/carla_msgs/include/carla_msgs/msg/detail/carla_weather_parameters__struct.h
[16.911s] -- Up-to-date: /home/lion/intellicar/ros2_ws/install/carla_msgs/include/carla_msgs/msg/detail/carla_collision_event__type_support.h
[16.911s] -- Up-to-date: /home/lion/intellicar/ros2_ws/install/carla_msgs/include/carla_msgs/msg/detail/carla_ego_vehicle_info_wheel__type_support.h
[16.912s] -- Up-to-date: /home/lion/intellicar/ros2_ws/install/carla_msgs/include/carla_msgs/msg/detail/carla_traffic_light_info_list__struct.h
[16.914s] -- Up-to-date: /home/lion/intellicar/ros2_ws/install/carla_msgs/include/carla_msgs/msg/detail/carla_traffic_light_info_list__type_support.h
[16.917s] -- Up-to-date: /home/lion/intellicar/ros2_ws/install/carla_msgs/include/carla_msgs/msg/detail/carla_world_info__functions.h
[16.917s] -- Up-to-date: /home/lion/intellicar/ros2_ws/install/carla_msgs/include/carla_msgs/msg/detail/carla_traffic_light_status_list__type_support.h
[16.917s] -- Up-to-date: /home/lion/intellicar/ros2_ws/install/carla_msgs/include/carla_msgs/msg/detail/carla_actor_info__struct.h
[16.918s] -- Up-to-date: /home/lion/intellicar/ros2_ws/install/carla_msgs/include/carla_msgs/msg/detail/carla_actor_info__type_support.h
[16.918s] -- Up-to-date: /home/lion/intellicar/ros2_ws/install/carla_msgs/include/carla_msgs/msg/detail/carla_status__type_support.h
[16.918s] -- Up-to-date: /home/lion/intellicar/ros2_ws/install/carla_msgs/include/carla_msgs/msg/detail/carla_ego_vehicle_info_wheel__functions.h
[16.918s] -- Up-to-date: /home/lion/intellicar/ros2_ws/install/carla_msgs/include/carla_msgs/msg/detail/carla_control__struct.h
[16.918s] -- Up-to-date: /home/lion/intellicar/ros2_ws/install/carla_msgs/include/carla_msgs/msg/detail/carla_actor_list__struct.h
[16.918s] -- Up-to-date: /home/lion/intellicar/ros2_ws/install/carla_msgs/include/carla_msgs/msg/detail/carla_collision_event__functions.h
[16.918s] -- Up-to-date: /home/lion/intellicar/ros2_ws/install/carla_msgs/include/carla_msgs/msg/detail/carla_bounding_box__type_support.h
[16.918s] -- Up-to-date: /home/lion/intellicar/ros2_ws/install/carla_msgs/include/carla_msgs/msg/detail/carla_status__struct.h
[16.919s] -- Up-to-date: /home/lion/intellicar/ros2_ws/install/carla_msgs/include/carla_msgs/msg/detail/carla_traffic_light_info_list__functions.c
[16.919s] -- Up-to-date: /home/lion/intellicar/ros2_ws/install/carla_msgs/include/carla_msgs/msg/detail/carla_ego_vehicle_control__functions.c
[16.919s] -- Up-to-date: /home/lion/intellicar/ros2_ws/install/carla_msgs/include/carla_msgs/msg/detail/carla_status__functions.c
[16.919s] -- Up-to-date: /home/lion/intellicar/ros2_ws/install/carla_msgs/include/carla_msgs/msg/detail/carla_traffic_light_info_list__functions.h
[16.919s] -- Up-to-date: /home/lion/intellicar/ros2_ws/install/carla_msgs/include/carla_msgs/msg/detail/carla_ego_vehicle_info__struct.h
[16.919s] -- Up-to-date: /home/lion/intellicar/ros2_ws/install/carla_msgs/include/carla_msgs/msg/detail/carla_ego_vehicle_status__functions.c
[16.919s] -- Up-to-date: /home/lion/intellicar/ros2_ws/install/carla_msgs/include/carla_msgs/msg/detail/carla_traffic_light_info__functions.c
[16.919s] -- Up-to-date: /home/lion/intellicar/ros2_ws/install/carla_msgs/include/carla_msgs/msg/detail/carla_weather_parameters__functions.h
[16.919s] -- Up-to-date: /home/lion/intellicar/ros2_ws/install/carla_msgs/include/carla_msgs/msg/detail/carla_bounding_box__functions.h
[16.919s] -- Up-to-date: /home/lion/intellicar/ros2_ws/install/carla_msgs/include/carla_msgs/msg/detail/carla_ego_vehicle_control__type_support.h
[16.920s] -- Up-to-date: /home/lion/intellicar/ros2_ws/install/carla_msgs/include/carla_msgs/msg/detail/carla_bounding_box__struct.h
[16.920s] -- Up-to-date: /home/lion/intellicar/ros2_ws/install/carla_msgs/include/carla_msgs/msg/detail/carla_traffic_light_info__functions.h
[16.920s] -- Up-to-date: /home/lion/intellicar/ros2_ws/install/carla_msgs/include/carla_msgs/msg/detail/carla_lane_invasion_event__struct.h
[16.920s] -- Up-to-date: /home/lion/intellicar/ros2_ws/install/carla_msgs/include/carla_msgs/msg/detail/carla_actor_info__functions.c
[16.920s] -- Up-to-date: /home/lion/intellicar/ros2_ws/install/carla_msgs/include/carla_msgs/msg/detail/carla_actor_list__type_support.h
[16.920s] -- Up-to-date: /home/lion/intellicar/ros2_ws/install/carla_msgs/include/carla_msgs/msg/detail/carla_collision_event__functions.c
[16.920s] -- Up-to-date: /home/lion/intellicar/ros2_ws/install/carla_msgs/include/carla_msgs/msg/detail/carla_ego_vehicle_info_wheel__functions.c
[16.921s] -- Up-to-date: /home/lion/intellicar/ros2_ws/install/carla_msgs/include/carla_msgs/msg/detail/carla_status__functions.h
[16.921s] -- Up-to-date: /home/lion/intellicar/ros2_ws/install/carla_msgs/include/carla_msgs/msg/detail/carla_ego_vehicle_control__functions.h
[16.921s] -- Up-to-date: /home/lion/intellicar/ros2_ws/install/carla_msgs/include/carla_msgs/msg/detail/carla_actor_list__functions.c
[16.921s] -- Up-to-date: /home/lion/intellicar/ros2_ws/install/carla_msgs/include/carla_msgs/msg/detail/carla_lane_invasion_event__functions.c
[16.921s] -- Up-to-date: /home/lion/intellicar/ros2_ws/install/carla_msgs/include/carla_msgs/msg/detail/carla_ego_vehicle_status__struct.h
[16.921s] -- Up-to-date: /home/lion/intellicar/ros2_ws/install/carla_msgs/include/carla_msgs/msg/detail/carla_traffic_light_info__type_support.h
[16.921s] -- Up-to-date: /home/lion/intellicar/ros2_ws/install/carla_msgs/include/carla_msgs/msg/detail/carla_actor_info__functions.h
[16.922s] -- Up-to-date: /home/lion/intellicar/ros2_ws/install/carla_msgs/include/carla_msgs/msg/detail/carla_world_info__type_support.h
[16.922s] -- Up-to-date: /home/lion/intellicar/ros2_ws/install/carla_msgs/include/carla_msgs/msg/detail/carla_bounding_box__functions.c
[16.922s] -- Up-to-date: /home/lion/intellicar/ros2_ws/install/carla_msgs/include/carla_msgs/msg/detail/carla_ego_vehicle_info__functions.h
[16.922s] -- Up-to-date: /home/lion/intellicar/ros2_ws/install/carla_msgs/include/carla_msgs/msg/detail/carla_ego_vehicle_control__struct.h
[16.922s] -- Up-to-date: /home/lion/intellicar/ros2_ws/install/carla_msgs/include/carla_msgs/msg/detail/carla_traffic_light_status_list__functions.c
[16.922s] -- Up-to-date: /home/lion/intellicar/ros2_ws/install/carla_msgs/include/carla_msgs/msg/detail/carla_ego_vehicle_info__type_support.h
[16.922s] -- Up-to-date: /home/lion/intellicar/ros2_ws/install/carla_msgs/include/carla_msgs/msg/detail/carla_collision_event__struct.h
[16.923s] -- Up-to-date: /home/lion/intellicar/ros2_ws/install/carla_msgs/include/carla_msgs/msg/detail/carla_ego_vehicle_status__type_support.h
[16.923s] -- Up-to-date: /home/lion/intellicar/ros2_ws/install/carla_msgs/include/carla_msgs/msg/detail/carla_weather_parameters__functions.c
[16.923s] -- Up-to-date: /home/lion/intellicar/ros2_ws/install/carla_msgs/include/carla_msgs/msg/detail/carla_traffic_light_status__struct.h
[16.923s] -- Up-to-date: /home/lion/intellicar/ros2_ws/install/carla_msgs/include/carla_msgs/msg/detail/carla_ego_vehicle_info_wheel__struct.h
[16.923s] -- Up-to-date: /home/lion/intellicar/ros2_ws/install/carla_msgs/include/carla_msgs/msg/detail/carla_traffic_light_status_list__struct.h
[16.923s] -- Up-to-date: /home/lion/intellicar/ros2_ws/install/carla_msgs/include/carla_msgs/msg/detail/carla_traffic_light_status_list__functions.h
[16.923s] -- Up-to-date: /home/lion/intellicar/ros2_ws/install/carla_msgs/include/carla_msgs/msg/detail/carla_world_info__struct.h
[16.923s] -- Up-to-date: /home/lion/intellicar/ros2_ws/install/carla_msgs/include/carla_msgs/msg/detail/carla_walker_control__functions.c
[16.923s] -- Up-to-date: /home/lion/intellicar/ros2_ws/install/carla_msgs/include/carla_msgs/msg/detail/carla_weather_parameters__type_support.h
[16.924s] -- Up-to-date: /home/lion/intellicar/ros2_ws/install/carla_msgs/include/carla_msgs/msg/detail/carla_traffic_light_status__functions.h
[16.924s] -- Up-to-date: /home/lion/intellicar/ros2_ws/install/carla_msgs/include/carla_msgs/msg/detail/carla_control__functions.c
[16.924s] -- Up-to-date: /home/lion/intellicar/ros2_ws/install/carla_msgs/include/carla_msgs/msg/detail/carla_walker_control__functions.h
[16.924s] -- Up-to-date: /home/lion/intellicar/ros2_ws/install/carla_msgs/include/carla_msgs/msg/detail/carla_ego_vehicle_status__functions.h
[16.925s] -- Up-to-date: /home/lion/intellicar/ros2_ws/install/carla_msgs/include/carla_msgs/msg/detail/carla_lane_invasion_event__type_support.h
[16.925s] -- Up-to-date: /home/lion/intellicar/ros2_ws/install/carla_msgs/include/carla_msgs/msg/carla_status.h
[16.925s] -- Up-to-date: /home/lion/intellicar/ros2_ws/install/carla_msgs/include/carla_msgs/msg/carla_traffic_light_info.h
[16.925s] -- Up-to-date: /home/lion/intellicar/ros2_ws/install/carla_msgs/include/carla_msgs/msg/carla_actor_info.h
[16.925s] -- Up-to-date: /home/lion/intellicar/ros2_ws/install/carla_msgs/include/carla_msgs/msg/carla_lane_invasion_event.h
[16.925s] -- Up-to-date: /home/lion/intellicar/ros2_ws/install/carla_msgs/include/carla_msgs/msg/carla_ego_vehicle_info.h
[16.925s] -- Up-to-date: /home/lion/intellicar/ros2_ws/install/carla_msgs/include/carla_msgs/msg/carla_ego_vehicle_control.h
[16.926s] -- Up-to-date: /home/lion/intellicar/ros2_ws/install/carla_msgs/include/carla_msgs/msg/carla_collision_event.h
[16.926s] -- Up-to-date: /home/lion/intellicar/ros2_ws/install/carla_msgs/include/carla_msgs/msg/carla_traffic_light_info_list.h
[16.926s] -- Up-to-date: /home/lion/intellicar/ros2_ws/install/carla_msgs/include/carla_msgs/msg/carla_traffic_light_status_list.h
[16.926s] -- Up-to-date: /home/lion/intellicar/ros2_ws/install/carla_msgs/include/carla_msgs/msg/carla_weather_parameters.h
[16.926s] -- Up-to-date: /home/lion/intellicar/ros2_ws/install/carla_msgs/include/carla_msgs/msg/carla_traffic_light_status.h
[16.926s] -- Up-to-date: /home/lion/intellicar/ros2_ws/install/carla_msgs/include/carla_msgs/msg/carla_actor_list.h
[16.926s] -- Up-to-date: /home/lion/intellicar/ros2_ws/install/carla_msgs/include/carla_msgs/msg/rosidl_generator_c__visibility_control.h
[16.926s] -- Up-to-date: /home/lion/intellicar/ros2_ws/install/carla_msgs/include/carla_msgs/msg/carla_control.h
[16.926s] -- Up-to-date: /home/lion/intellicar/ros2_ws/install/carla_msgs/include/carla_msgs/msg/carla_world_info.h
[16.926s] -- Up-to-date: /home/lion/intellicar/ros2_ws/install/carla_msgs/include/carla_msgs/srv
[16.927s] -- Up-to-date: /home/lion/intellicar/ros2_ws/install/carla_msgs/include/carla_msgs/srv/detail
[16.927s] -- Up-to-date: /home/lion/intellicar/ros2_ws/install/carla_msgs/include/carla_msgs/srv/detail/spawn_object__functions.c
[16.927s] -- Up-to-date: /home/lion/intellicar/ros2_ws/install/carla_msgs/include/carla_msgs/srv/detail/destroy_object__type_support.h
[16.927s] -- Up-to-date: /home/lion/intellicar/ros2_ws/install/carla_msgs/include/carla_msgs/srv/detail/spawn_object__functions.h
[16.927s] -- Up-to-date: /home/lion/intellicar/ros2_ws/install/carla_msgs/include/carla_msgs/srv/detail/get_blueprints__functions.h
[16.929s] -- Up-to-date: /home/lion/intellicar/ros2_ws/install/carla_msgs/include/carla_msgs/srv/detail/get_blueprints__struct.h
[16.930s] -- Up-to-date: /home/lion/intellicar/ros2_ws/install/carla_msgs/include/carla_msgs/srv/detail/spawn_object__type_support.h
[16.930s] -- Up-to-date: /home/lion/intellicar/ros2_ws/install/carla_msgs/include/carla_msgs/srv/detail/destroy_object__functions.c
[16.930s] -- Up-to-date: /home/lion/intellicar/ros2_ws/install/carla_msgs/include/carla_msgs/srv/detail/spawn_object__struct.h
[16.930s] -- Up-to-date: /home/lion/intellicar/ros2_ws/install/carla_msgs/include/carla_msgs/srv/detail/get_blueprints__functions.c
[16.931s] -- Up-to-date: /home/lion/intellicar/ros2_ws/install/carla_msgs/include/carla_msgs/srv/detail/destroy_object__functions.h
[16.931s] -- Up-to-date: /home/lion/intellicar/ros2_ws/install/carla_msgs/include/carla_msgs/srv/detail/get_blueprints__type_support.h
[16.931s] -- Up-to-date: /home/lion/intellicar/ros2_ws/install/carla_msgs/include/carla_msgs/srv/detail/destroy_object__struct.h
[16.931s] -- Up-to-date: /home/lion/intellicar/ros2_ws/install/carla_msgs/include/carla_msgs/srv/destroy_object.h
[16.931s] -- Up-to-date: /home/lion/intellicar/ros2_ws/install/carla_msgs/include/carla_msgs/srv/spawn_object.h
[16.932s] -- Up-to-date: /home/lion/intellicar/ros2_ws/install/carla_msgs/include/carla_msgs/srv/get_blueprints.h
[16.932s] -- Up-to-date: /home/lion/intellicar/ros2_ws/install/carla_msgs/share/carla_msgs/environment/library_path.sh
[16.932s] -- Up-to-date: /home/lion/intellicar/ros2_ws/install/carla_msgs/share/carla_msgs/environment/library_path.dsv
[16.932s] -- Up-to-date: /home/lion/intellicar/ros2_ws/install/carla_msgs/lib/libcarla_msgs__rosidl_generator_c.so
[16.932s] -- Up-to-date: /home/lion/intellicar/ros2_ws/install/carla_msgs/include/carla_msgs
[16.932s] -- Up-to-date: /home/lion/intellicar/ros2_ws/install/carla_msgs/include/carla_msgs/msg
[16.932s] -- Up-to-date: /home/lion/intellicar/ros2_ws/install/carla_msgs/include/carla_msgs/msg/detail
[16.932s] -- Up-to-date: /home/lion/intellicar/ros2_ws/install/carla_msgs/include/carla_msgs/msg/detail/carla_traffic_light_info_list__rosidl_typesupport_fastrtps_c.h
[16.932s] -- Up-to-date: /home/lion/intellicar/ros2_ws/install/carla_msgs/include/carla_msgs/msg/detail/carla_status__rosidl_typesupport_fastrtps_c.h
[16.933s] -- Up-to-date: /home/lion/intellicar/ros2_ws/install/carla_msgs/include/carla_msgs/msg/detail/carla_collision_event__rosidl_typesupport_fastrtps_c.h
[16.933s] -- Up-to-date: /home/lion/intellicar/ros2_ws/install/carla_msgs/include/carla_msgs/msg/detail/carla_traffic_light_status__rosidl_typesupport_fastrtps_c.h
[16.933s] -- Up-to-date: /home/lion/intellicar/ros2_ws/install/carla_msgs/include/carla_msgs/msg/detail/carla_walker_control__rosidl_typesupport_fastrtps_c.h
[16.933s] -- Up-to-date: /home/lion/intellicar/ros2_ws/install/carla_msgs/include/carla_msgs/msg/detail/carla_ego_vehicle_info_wheel__rosidl_typesupport_fastrtps_c.h
[16.933s] -- Up-to-date: /home/lion/intellicar/ros2_ws/install/carla_msgs/include/carla_msgs/msg/detail/carla_lane_invasion_event__rosidl_typesupport_fastrtps_c.h
[16.933s] -- Up-to-date: /home/lion/intellicar/ros2_ws/install/carla_msgs/include/carla_msgs/msg/detail/carla_actor_list__rosidl_typesupport_fastrtps_c.h
[16.933s] -- Up-to-date: /home/lion/intellicar/ros2_ws/install/carla_msgs/include/carla_msgs/msg/detail/carla_actor_info__rosidl_typesupport_fastrtps_c.h
[16.933s] -- Up-to-date: /home/lion/intellicar/ros2_ws/install/carla_msgs/include/carla_msgs/msg/detail/carla_traffic_light_info__rosidl_typesupport_fastrtps_c.h
[16.933s] -- Up-to-date: /home/lion/intellicar/ros2_ws/install/carla_msgs/include/carla_msgs/msg/detail/carla_control__rosidl_typesupport_fastrtps_c.h
[16.933s] -- Up-to-date: /home/lion/intellicar/ros2_ws/install/carla_msgs/include/carla_msgs/msg/detail/carla_traffic_light_status_list__rosidl_typesupport_fastrtps_c.h
[16.934s] -- Up-to-date: /home/lion/intellicar/ros2_ws/install/carla_msgs/include/carla_msgs/msg/detail/carla_ego_vehicle_status__rosidl_typesupport_fastrtps_c.h
[16.934s] -- Up-to-date: /home/lion/intellicar/ros2_ws/install/carla_msgs/include/carla_msgs/msg/detail/carla_ego_vehicle_info__rosidl_typesupport_fastrtps_c.h
[16.934s] -- Up-to-date: /home/lion/intellicar/ros2_ws/install/carla_msgs/include/carla_msgs/msg/detail/carla_ego_vehicle_control__rosidl_typesupport_fastrtps_c.h
[16.934s] -- Up-to-date: /home/lion/intellicar/ros2_ws/install/carla_msgs/include/carla_msgs/msg/detail/carla_weather_parameters__rosidl_typesupport_fastrtps_c.h
[16.934s] -- Up-to-date: /home/lion/intellicar/ros2_ws/install/carla_msgs/include/carla_msgs/msg/detail/carla_bounding_box__rosidl_typesupport_fastrtps_c.h
[16.934s] -- Up-to-date: /home/lion/intellicar/ros2_ws/install/carla_msgs/include/carla_msgs/msg/detail/carla_world_info__rosidl_typesupport_fastrtps_c.h
[16.934s] -- Up-to-date: /home/lion/intellicar/ros2_ws/install/carla_msgs/include/carla_msgs/msg/rosidl_typesupport_fastrtps_c__visibility_control.h
[16.934s] -- Up-to-date: /home/lion/intellicar/ros2_ws/install/carla_msgs/include/carla_msgs/srv
[16.935s] -- Up-to-date: /home/lion/intellicar/ros2_ws/install/carla_msgs/include/carla_msgs/srv/detail
[16.935s] -- Up-to-date: /home/lion/intellicar/ros2_ws/install/carla_msgs/include/carla_msgs/srv/detail/destroy_object__rosidl_typesupport_fastrtps_c.h
[16.935s] -- Up-to-date: /home/lion/intellicar/ros2_ws/install/carla_msgs/include/carla_msgs/srv/detail/get_blueprints__rosidl_typesupport_fastrtps_c.h
[16.935s] -- Up-to-date: /home/lion/intellicar/ros2_ws/install/carla_msgs/include/carla_msgs/srv/detail/spawn_object__rosidl_typesupport_fastrtps_c.h
[16.935s] -- Up-to-date: /home/lion/intellicar/ros2_ws/install/carla_msgs/lib/libcarla_msgs__rosidl_typesupport_fastrtps_c.so
[16.935s] -- Up-to-date: /home/lion/intellicar/ros2_ws/install/carla_msgs/include/carla_msgs
[16.935s] -- Up-to-date: /home/lion/intellicar/ros2_ws/install/carla_msgs/include/carla_msgs/msg
[16.935s] -- Up-to-date: /home/lion/intellicar/ros2_ws/install/carla_msgs/include/carla_msgs/msg/detail
[16.935s] -- Up-to-date: /home/lion/intellicar/ros2_ws/install/carla_msgs/include/carla_msgs/msg/detail/carla_ego_vehicle_status__rosidl_typesupport_fastrtps_cpp.hpp
[16.935s] -- Up-to-date: /home/lion/intellicar/ros2_ws/install/carla_msgs/include/carla_msgs/msg/detail/carla_walker_control__rosidl_typesupport_fastrtps_cpp.hpp
[16.936s] -- Up-to-date: /home/lion/intellicar/ros2_ws/install/carla_msgs/include/carla_msgs/msg/detail/carla_actor_info__rosidl_typesupport_fastrtps_cpp.hpp
[16.936s] -- Up-to-date: /home/lion/intellicar/ros2_ws/install/carla_msgs/include/carla_msgs/msg/detail/carla_status__rosidl_typesupport_fastrtps_cpp.hpp
[16.936s] -- Up-to-date: /home/lion/intellicar/ros2_ws/install/carla_msgs/include/carla_msgs/msg/detail/dds_fastrtps
[16.936s] -- Up-to-date: /home/lion/intellicar/ros2_ws/install/carla_msgs/include/carla_msgs/msg/detail/carla_ego_vehicle_info__rosidl_typesupport_fastrtps_cpp.hpp
[16.936s] -- Up-to-date: /home/lion/intellicar/ros2_ws/install/carla_msgs/include/carla_msgs/msg/detail/carla_bounding_box__rosidl_typesupport_fastrtps_cpp.hpp
[16.936s] -- Up-to-date: /home/lion/intellicar/ros2_ws/install/carla_msgs/include/carla_msgs/msg/detail/carla_traffic_light_status__rosidl_typesupport_fastrtps_cpp.hpp
[16.936s] -- Up-to-date: /home/lion/intellicar/ros2_ws/install/carla_msgs/include/carla_msgs/msg/detail/carla_weather_parameters__rosidl_typesupport_fastrtps_cpp.hpp
[16.936s] -- Up-to-date: /home/lion/intellicar/ros2_ws/install/carla_msgs/include/carla_msgs/msg/detail/carla_actor_list__rosidl_typesupport_fastrtps_cpp.hpp
[16.936s] -- Up-to-date: /home/lion/intellicar/ros2_ws/install/carla_msgs/include/carla_msgs/msg/detail/carla_traffic_light_info__rosidl_typesupport_fastrtps_cpp.hpp
[16.937s] -- Up-to-date: /home/lion/intellicar/ros2_ws/install/carla_msgs/include/carla_msgs/msg/detail/carla_collision_event__rosidl_typesupport_fastrtps_cpp.hpp
[16.937s] -- Up-to-date: /home/lion/intellicar/ros2_ws/install/carla_msgs/include/carla_msgs/msg/detail/carla_lane_invasion_event__rosidl_typesupport_fastrtps_cpp.hpp
[16.937s] -- Up-to-date: /home/lion/intellicar/ros2_ws/install/carla_msgs/include/carla_msgs/msg/detail/carla_world_info__rosidl_typesupport_fastrtps_cpp.hpp
[16.937s] -- Up-to-date: /home/lion/intellicar/ros2_ws/install/carla_msgs/include/carla_msgs/msg/detail/carla_ego_vehicle_control__rosidl_typesupport_fastrtps_cpp.hpp
[16.937s] -- Up-to-date: /home/lion/intellicar/ros2_ws/install/carla_msgs/include/carla_msgs/msg/detail/carla_traffic_light_info_list__rosidl_typesupport_fastrtps_cpp.hpp
[16.937s] -- Up-to-date: /home/lion/intellicar/ros2_ws/install/carla_msgs/include/carla_msgs/msg/detail/carla_traffic_light_status_list__rosidl_typesupport_fastrtps_cpp.hpp
[16.937s] -- Up-to-date: /home/lion/intellicar/ros2_ws/install/carla_msgs/include/carla_msgs/msg/detail/carla_ego_vehicle_info_wheel__rosidl_typesupport_fastrtps_cpp.hpp
[16.937s] -- Up-to-date: /home/lion/intellicar/ros2_ws/install/carla_msgs/include/carla_msgs/msg/detail/carla_control__rosidl_typesupport_fastrtps_cpp.hpp
[16.937s] -- Up-to-date: /home/lion/intellicar/ros2_ws/install/carla_msgs/include/carla_msgs/msg/rosidl_typesupport_fastrtps_cpp__visibility_control.h
[16.944s] -- Up-to-date: /home/lion/intellicar/ros2_ws/install/carla_msgs/include/carla_msgs/srv
[16.944s] -- Up-to-date: /home/lion/intellicar/ros2_ws/install/carla_msgs/include/carla_msgs/srv/detail
[16.944s] -- Up-to-date: /home/lion/intellicar/ros2_ws/install/carla_msgs/include/carla_msgs/srv/detail/dds_fastrtps
[16.944s] -- Up-to-date: /home/lion/intellicar/ros2_ws/install/carla_msgs/include/carla_msgs/srv/detail/destroy_object__rosidl_typesupport_fastrtps_cpp.hpp
[16.944s] -- Up-to-date: /home/lion/intellicar/ros2_ws/install/carla_msgs/include/carla_msgs/srv/detail/get_blueprints__rosidl_typesupport_fastrtps_cpp.hpp
[16.944s] -- Up-to-date: /home/lion/intellicar/ros2_ws/install/carla_msgs/include/carla_msgs/srv/detail/spawn_object__rosidl_typesupport_fastrtps_cpp.hpp
[16.944s] -- Up-to-date: /home/lion/intellicar/ros2_ws/install/carla_msgs/lib/libcarla_msgs__rosidl_typesupport_fastrtps_cpp.so
[16.944s] -- Up-to-date: /home/lion/intellicar/ros2_ws/install/carla_msgs/include/carla_msgs
[16.945s] -- Up-to-date: /home/lion/intellicar/ros2_ws/install/carla_msgs/include/carla_msgs/msg
[16.945s] -- Up-to-date: /home/lion/intellicar/ros2_ws/install/carla_msgs/include/carla_msgs/msg/detail
[16.945s] -- Up-to-date: /home/lion/intellicar/ros2_ws/install/carla_msgs/include/carla_msgs/msg/detail/carla_traffic_light_info__type_support.c
[16.945s] -- Up-to-date: /home/lion/intellicar/ros2_ws/install/carla_msgs/include/carla_msgs/msg/detail/carla_weather_parameters__type_support.c
[16.945s] -- Up-to-date: /home/lion/intellicar/ros2_ws/install/carla_msgs/include/carla_msgs/msg/detail/carla_walker_control__type_support.c
[16.945s] -- Up-to-date: /home/lion/intellicar/ros2_ws/install/carla_msgs/include/carla_msgs/msg/detail/carla_ego_vehicle_info__rosidl_typesupport_introspection_c.h
[16.945s] -- Up-to-date: /home/lion/intellicar/ros2_ws/install/carla_msgs/include/carla_msgs/msg/detail/carla_traffic_light_info_list__type_support.c
[16.945s] -- Up-to-date: /home/lion/intellicar/ros2_ws/install/carla_msgs/include/carla_msgs/msg/detail/carla_weather_parameters__rosidl_typesupport_introspection_c.h
[16.945s] -- Up-to-date: /home/lion/intellicar/ros2_ws/install/carla_msgs/include/carla_msgs/msg/detail/carla_bounding_box__type_support.c
[16.945s] -- Up-to-date: /home/lion/intellicar/ros2_ws/install/carla_msgs/include/carla_msgs/msg/detail/carla_traffic_light_status__rosidl_typesupport_introspection_c.h
[16.945s] -- Up-to-date: /home/lion/intellicar/ros2_ws/install/carla_msgs/include/carla_msgs/msg/detail/carla_actor_list__type_support.c
[16.945s] -- Up-to-date: /home/lion/intellicar/ros2_ws/install/carla_msgs/include/carla_msgs/msg/detail/carla_status__type_support.c
[16.946s] -- Up-to-date: /home/lion/intellicar/ros2_ws/install/carla_msgs/include/carla_msgs/msg/detail/carla_walker_control__rosidl_typesupport_introspection_c.h
[16.946s] -- Up-to-date: /home/lion/intellicar/ros2_ws/install/carla_msgs/include/carla_msgs/msg/detail/carla_actor_info__type_support.c
[16.947s] -- Up-to-date: /home/lion/intellicar/ros2_ws/install/carla_msgs/include/carla_msgs/msg/detail/carla_ego_vehicle_info_wheel__type_support.c
[16.947s] -- Up-to-date: /home/lion/intellicar/ros2_ws/install/carla_msgs/include/carla_msgs/msg/detail/carla_control__type_support.c
[16.947s] -- Up-to-date: /home/lion/intellicar/ros2_ws/install/carla_msgs/include/carla_msgs/msg/detail/carla_ego_vehicle_info__type_support.c
[16.947s] -- Up-to-date: /home/lion/intellicar/ros2_ws/install/carla_msgs/include/carla_msgs/msg/detail/carla_traffic_light_status_list__rosidl_typesupport_introspection_c.h
[16.947s] -- Up-to-date: /home/lion/intellicar/ros2_ws/install/carla_msgs/include/carla_msgs/msg/detail/carla_lane_invasion_event__rosidl_typesupport_introspection_c.h
[16.947s] -- Up-to-date: /home/lion/intellicar/ros2_ws/install/carla_msgs/include/carla_msgs/msg/detail/carla_world_info__rosidl_typesupport_introspection_c.h
[16.947s] -- Up-to-date: /home/lion/intellicar/ros2_ws/install/carla_msgs/include/carla_msgs/msg/detail/carla_control__rosidl_typesupport_introspection_c.h
[16.948s] -- Up-to-date: /home/lion/intellicar/ros2_ws/install/carla_msgs/include/carla_msgs/msg/detail/carla_actor_list__rosidl_typesupport_introspection_c.h
[16.948s] -- Up-to-date: /home/lion/intellicar/ros2_ws/install/carla_msgs/include/carla_msgs/msg/detail/carla_world_info__type_support.c
[16.948s] -- Up-to-date: /home/lion/intellicar/ros2_ws/install/carla_msgs/include/carla_msgs/msg/detail/carla_traffic_light_status_list__type_support.c
[16.948s] -- Up-to-date: /home/lion/intellicar/ros2_ws/install/carla_msgs/include/carla_msgs/msg/detail/carla_ego_vehicle_control__type_support.c
[16.948s] -- Up-to-date: /home/lion/intellicar/ros2_ws/install/carla_msgs/include/carla_msgs/msg/detail/carla_lane_invasion_event__type_support.c
[16.948s] -- Up-to-date: /home/lion/intellicar/ros2_ws/install/carla_msgs/include/carla_msgs/msg/detail/carla_collision_event__rosidl_typesupport_introspection_c.h
[16.948s] -- Up-to-date: /home/lion/intellicar/ros2_ws/install/carla_msgs/include/carla_msgs/msg/detail/carla_ego_vehicle_control__rosidl_typesupport_introspection_c.h
[16.948s] -- Up-to-date: /home/lion/intellicar/ros2_ws/install/carla_msgs/include/carla_msgs/msg/detail/carla_bounding_box__rosidl_typesupport_introspection_c.h
[16.948s] -- Up-to-date: /home/lion/intellicar/ros2_ws/install/carla_msgs/include/carla_msgs/msg/detail/carla_traffic_light_info_list__rosidl_typesupport_introspection_c.h
[16.949s] -- Up-to-date: /home/lion/intellicar/ros2_ws/install/carla_msgs/include/carla_msgs/msg/detail/carla_traffic_light_status__type_support.c
[16.949s] -- Up-to-date: /home/lion/intellicar/ros2_ws/install/carla_msgs/include/carla_msgs/msg/detail/carla_ego_vehicle_info_wheel__rosidl_typesupport_introspection_c.h
[16.949s] -- Up-to-date: /home/lion/intellicar/ros2_ws/install/carla_msgs/include/carla_msgs/msg/detail/carla_ego_vehicle_status__type_support.c
[16.949s] -- Up-to-date: /home/lion/intellicar/ros2_ws/install/carla_msgs/include/carla_msgs/msg/detail/carla_status__rosidl_typesupport_introspection_c.h
[16.949s] -- Up-to-date: /home/lion/intellicar/ros2_ws/install/carla_msgs/include/carla_msgs/msg/detail/carla_traffic_light_info__rosidl_typesupport_introspection_c.h
[16.960s] -- Up-to-date: /home/lion/intellicar/ros2_ws/install/carla_msgs/include/carla_msgs/msg/detail/carla_ego_vehicle_status__rosidl_typesupport_introspection_c.h
[16.974s] -- Up-to-date: /home/lion/intellicar/ros2_ws/install/carla_msgs/include/carla_msgs/msg/detail/carla_collision_event__type_support.c
[16.974s] -- Up-to-date: /home/lion/intellicar/ros2_ws/install/carla_msgs/include/carla_msgs/msg/detail/carla_actor_info__rosidl_typesupport_introspection_c.h
[16.974s] -- Up-to-date: /home/lion/intellicar/ros2_ws/install/carla_msgs/include/carla_msgs/msg/rosidl_typesupport_introspection_c__visibility_control.h
[16.974s] -- Up-to-date: /home/lion/intellicar/ros2_ws/install/carla_msgs/include/carla_msgs/srv
[16.974s] -- Up-to-date: /home/lion/intellicar/ros2_ws/install/carla_msgs/include/carla_msgs/srv/detail
[16.974s] -- Up-to-date: /home/lion/intellicar/ros2_ws/install/carla_msgs/include/carla_msgs/srv/detail/spawn_object__type_support.c
[16.974s] -- Up-to-date: /home/lion/intellicar/ros2_ws/install/carla_msgs/include/carla_msgs/srv/detail/destroy_object__type_support.c
[16.974s] -- Up-to-date: /home/lion/intellicar/ros2_ws/install/carla_msgs/include/carla_msgs/srv/detail/get_blueprints__type_support.c
[16.974s] -- Up-to-date: /home/lion/intellicar/ros2_ws/install/carla_msgs/include/carla_msgs/srv/detail/get_blueprints__rosidl_typesupport_introspection_c.h
[16.974s] -- Up-to-date: /home/lion/intellicar/ros2_ws/install/carla_msgs/include/carla_msgs/srv/detail/destroy_object__rosidl_typesupport_introspection_c.h
[16.975s] -- Up-to-date: /home/lion/intellicar/ros2_ws/install/carla_msgs/include/carla_msgs/srv/detail/spawn_object__rosidl_typesupport_introspection_c.h
[16.975s] -- Up-to-date: /home/lion/intellicar/ros2_ws/install/carla_msgs/lib/libcarla_msgs__rosidl_typesupport_introspection_c.so
[16.975s] -- Up-to-date: /home/lion/intellicar/ros2_ws/install/carla_msgs/lib/libcarla_msgs__rosidl_typesupport_c.so
[16.975s] -- Up-to-date: /home/lion/intellicar/ros2_ws/install/carla_msgs/include/carla_msgs
[16.975s] -- Up-to-date: /home/lion/intellicar/ros2_ws/install/carla_msgs/include/carla_msgs/msg
[16.975s] -- Up-to-date: /home/lion/intellicar/ros2_ws/install/carla_msgs/include/carla_msgs/msg/carla_traffic_light_info_list.hpp
[16.975s] -- Up-to-date: /home/lion/intellicar/ros2_ws/install/carla_msgs/include/carla_msgs/msg/carla_status.hpp
[16.982s] -- Up-to-date: /home/lion/intellicar/ros2_ws/install/carla_msgs/include/carla_msgs/msg/rosidl_generator_cpp__visibility_control.hpp
[16.982s] -- Up-to-date: /home/lion/intellicar/ros2_ws/install/carla_msgs/include/carla_msgs/msg/detail
[16.982s] -- Up-to-date: /home/lion/intellicar/ros2_ws/install/carla_msgs/include/carla_msgs/msg/detail/carla_ego_vehicle_info__type_support.hpp
[16.983s] -- Up-to-date: /home/lion/intellicar/ros2_ws/install/carla_msgs/include/carla_msgs/msg/detail/carla_lane_invasion_event__builder.hpp
[16.983s] -- Up-to-date: /home/lion/intellicar/ros2_ws/install/carla_msgs/include/carla_msgs/msg/detail/carla_actor_list__traits.hpp
[16.984s] -- Up-to-date: /home/lion/intellicar/ros2_ws/install/carla_msgs/include/carla_msgs/msg/detail/carla_status__traits.hpp
[16.984s] -- Up-to-date: /home/lion/intellicar/ros2_ws/install/carla_msgs/include/carla_msgs/msg/detail/carla_collision_event__builder.hpp
[16.990s] -- Up-to-date: /home/lion/intellicar/ros2_ws/install/carla_msgs/include/carla_msgs/msg/detail/carla_bounding_box__struct.hpp
[16.990s] -- Up-to-date: /home/lion/intellicar/ros2_ws/install/carla_msgs/include/carla_msgs/msg/detail/carla_traffic_light_status_list__builder.hpp
[16.991s] -- Up-to-date: /home/lion/intellicar/ros2_ws/install/carla_msgs/include/carla_msgs/msg/detail/carla_actor_info__traits.hpp
[16.991s] -- Up-to-date: /home/lion/intellicar/ros2_ws/install/carla_msgs/include/carla_msgs/msg/detail/carla_traffic_light_status__struct.hpp
[16.992s] -- Up-to-date: /home/lion/intellicar/ros2_ws/install/carla_msgs/include/carla_msgs/msg/detail/carla_traffic_light_info__traits.hpp
[16.992s] -- Up-to-date: /home/lion/intellicar/ros2_ws/install/carla_msgs/include/carla_msgs/msg/detail/carla_world_info__traits.hpp
[17.003s] -- Up-to-date: /home/lion/intellicar/ros2_ws/install/carla_msgs/include/carla_msgs/msg/detail/carla_traffic_light_status_list__type_support.hpp
[17.004s] -- Up-to-date: /home/lion/intellicar/ros2_ws/install/carla_msgs/include/carla_msgs/msg/detail/carla_ego_vehicle_status__builder.hpp
[17.004s] -- Up-to-date: /home/lion/intellicar/ros2_ws/install/carla_msgs/include/carla_msgs/msg/detail/carla_status__type_support.hpp
[17.004s] -- Up-to-date: /home/lion/intellicar/ros2_ws/install/carla_msgs/include/carla_msgs/msg/detail/carla_ego_vehicle_control__builder.hpp
[17.004s] -- Up-to-date: /home/lion/intellicar/ros2_ws/install/carla_msgs/include/carla_msgs/msg/detail/carla_ego_vehicle_control__type_support.hpp
[17.004s] -- Up-to-date: /home/lion/intellicar/ros2_ws/install/carla_msgs/include/carla_msgs/msg/detail/carla_traffic_light_status_list__traits.hpp
[17.004s] -- Up-to-date: /home/lion/intellicar/ros2_ws/install/carla_msgs/include/carla_msgs/msg/detail/carla_lane_invasion_event__struct.hpp
[17.004s] -- Up-to-date: /home/lion/intellicar/ros2_ws/install/carla_msgs/include/carla_msgs/msg/detail/carla_control__type_support.hpp
[17.004s] -- Up-to-date: /home/lion/intellicar/ros2_ws/install/carla_msgs/include/carla_msgs/msg/detail/carla_ego_vehicle_info_wheel__type_support.hpp
[17.004s] -- Up-to-date: /home/lion/intellicar/ros2_ws/install/carla_msgs/include/carla_msgs/msg/detail/carla_ego_vehicle_status__traits.hpp
[17.004s] -- Up-to-date: /home/lion/intellicar/ros2_ws/install/carla_msgs/include/carla_msgs/msg/detail/carla_walker_control__builder.hpp
[17.005s] -- Up-to-date: /home/lion/intellicar/ros2_ws/install/carla_msgs/include/carla_msgs/msg/detail/carla_collision_event__struct.hpp
[17.005s] -- Up-to-date: /home/lion/intellicar/ros2_ws/install/carla_msgs/include/carla_msgs/msg/detail/carla_status__builder.hpp
[17.005s] -- Up-to-date: /home/lion/intellicar/ros2_ws/install/carla_msgs/include/carla_msgs/msg/detail/carla_traffic_light_info_list__type_support.hpp
[17.005s] -- Up-to-date: /home/lion/intellicar/ros2_ws/install/carla_msgs/include/carla_msgs/msg/detail/carla_ego_vehicle_info__struct.hpp
[17.005s] -- Up-to-date: /home/lion/intellicar/ros2_ws/install/carla_msgs/include/carla_msgs/msg/detail/carla_ego_vehicle_control__struct.hpp
[17.005s] -- Up-to-date: /home/lion/intellicar/ros2_ws/install/carla_msgs/include/carla_msgs/msg/detail/carla_bounding_box__builder.hpp
[17.005s] -- Up-to-date: /home/lion/intellicar/ros2_ws/install/carla_msgs/include/carla_msgs/msg/detail/carla_traffic_light_info__struct.hpp
[17.005s] -- Up-to-date: /home/lion/intellicar/ros2_ws/install/carla_msgs/include/carla_msgs/msg/detail/carla_traffic_light_info_list__traits.hpp
[17.005s] -- Up-to-date: /home/lion/intellicar/ros2_ws/install/carla_msgs/include/carla_msgs/msg/detail/carla_traffic_light_status_list__struct.hpp
[17.005s] -- Up-to-date: /home/lion/intellicar/ros2_ws/install/carla_msgs/include/carla_msgs/msg/detail/carla_actor_info__struct.hpp
[17.006s] -- Up-to-date: /home/lion/intellicar/ros2_ws/install/carla_msgs/include/carla_msgs/msg/detail/carla_walker_control__traits.hpp
[17.006s] -- Up-to-date: /home/lion/intellicar/ros2_ws/install/carla_msgs/include/carla_msgs/msg/detail/carla_traffic_light_status__type_support.hpp
[17.007s] -- Up-to-date: /home/lion/intellicar/ros2_ws/install/carla_msgs/include/carla_msgs/msg/detail/carla_actor_list__type_support.hpp
[17.007s] -- Up-to-date: /home/lion/intellicar/ros2_ws/install/carla_msgs/include/carla_msgs/msg/detail/carla_control__struct.hpp
[17.007s] -- Up-to-date: /home/lion/intellicar/ros2_ws/install/carla_msgs/include/carla_msgs/msg/detail/carla_walker_control__type_support.hpp
[17.008s] -- Up-to-date: /home/lion/intellicar/ros2_ws/install/carla_msgs/include/carla_msgs/msg/detail/carla_ego_vehicle_info__traits.hpp
[17.008s] -- Up-to-date: /home/lion/intellicar/ros2_ws/install/carla_msgs/include/carla_msgs/msg/detail/carla_ego_vehicle_status__type_support.hpp
[17.008s] -- Up-to-date: /home/lion/intellicar/ros2_ws/install/carla_msgs/include/carla_msgs/msg/detail/carla_ego_vehicle_control__traits.hpp
[17.008s] -- Up-to-date: /home/lion/intellicar/ros2_ws/install/carla_msgs/include/carla_msgs/msg/detail/carla_world_info__type_support.hpp
[17.008s] -- Up-to-date: /home/lion/intellicar/ros2_ws/install/carla_msgs/include/carla_msgs/msg/detail/carla_weather_parameters__builder.hpp
[17.008s] -- Up-to-date: /home/lion/intellicar/ros2_ws/install/carla_msgs/include/carla_msgs/msg/detail/carla_world_info__builder.hpp
[17.008s] -- Up-to-date: /home/lion/intellicar/ros2_ws/install/carla_msgs/include/carla_msgs/msg/detail/carla_status__struct.hpp
[17.008s] -- Up-to-date: /home/lion/intellicar/ros2_ws/install/carla_msgs/include/carla_msgs/msg/detail/carla_collision_event__traits.hpp
[17.008s] -- Up-to-date: /home/lion/intellicar/ros2_ws/install/carla_msgs/include/carla_msgs/msg/detail/carla_ego_vehicle_info_wheel__builder.hpp
[17.008s] -- Up-to-date: /home/lion/intellicar/ros2_ws/install/carla_msgs/include/carla_msgs/msg/detail/carla_control__builder.hpp
[17.008s] -- Up-to-date: /home/lion/intellicar/ros2_ws/install/carla_msgs/include/carla_msgs/msg/detail/carla_lane_invasion_event__type_support.hpp
[17.008s] -- Up-to-date: /home/lion/intellicar/ros2_ws/install/carla_msgs/include/carla_msgs/msg/detail/carla_traffic_light_status__traits.hpp
[17.008s] -- Up-to-date: /home/lion/intellicar/ros2_ws/install/carla_msgs/include/carla_msgs/msg/detail/carla_control__traits.hpp
[17.008s] -- Up-to-date: /home/lion/intellicar/ros2_ws/install/carla_msgs/include/carla_msgs/msg/detail/carla_traffic_light_status__builder.hpp
[17.009s] -- Up-to-date: /home/lion/intellicar/ros2_ws/install/carla_msgs/include/carla_msgs/msg/detail/carla_traffic_light_info_list__struct.hpp
[17.009s] -- Up-to-date: /home/lion/intellicar/ros2_ws/install/carla_msgs/include/carla_msgs/msg/detail/carla_lane_invasion_event__traits.hpp
[17.009s] -- Up-to-date: /home/lion/intellicar/ros2_ws/install/carla_msgs/include/carla_msgs/msg/detail/carla_actor_list__builder.hpp
[17.009s] -- Up-to-date: /home/lion/intellicar/ros2_ws/install/carla_msgs/include/carla_msgs/msg/detail/carla_weather_parameters__traits.hpp
[17.009s] -- Up-to-date: /home/lion/intellicar/ros2_ws/install/carla_msgs/include/carla_msgs/msg/detail/carla_world_info__struct.hpp
[17.009s] -- Up-to-date: /home/lion/intellicar/ros2_ws/install/carla_msgs/include/carla_msgs/msg/detail/carla_traffic_light_info__builder.hpp
[17.009s] -- Up-to-date: /home/lion/intellicar/ros2_ws/install/carla_msgs/include/carla_msgs/msg/detail/carla_ego_vehicle_info_wheel__struct.hpp
[17.009s] -- Up-to-date: /home/lion/intellicar/ros2_ws/install/carla_msgs/include/carla_msgs/msg/detail/carla_ego_vehicle_status__struct.hpp
[17.009s] -- Up-to-date: /home/lion/intellicar/ros2_ws/install/carla_msgs/include/carla_msgs/msg/detail/carla_actor_info__builder.hpp
[17.009s] -- Up-to-date: /home/lion/intellicar/ros2_ws/install/carla_msgs/include/carla_msgs/msg/detail/carla_collision_event__type_support.hpp
[17.009s] -- Up-to-date: /home/lion/intellicar/ros2_ws/install/carla_msgs/include/carla_msgs/msg/detail/carla_actor_info__type_support.hpp
[17.009s] -- Up-to-date: /home/lion/intellicar/ros2_ws/install/carla_msgs/include/carla_msgs/msg/detail/carla_bounding_box__type_support.hpp
[17.009s] -- Up-to-date: /home/lion/intellicar/ros2_ws/install/carla_msgs/include/carla_msgs/msg/detail/carla_actor_list__struct.hpp
[17.010s] -- Up-to-date: /home/lion/intellicar/ros2_ws/install/carla_msgs/include/carla_msgs/msg/detail/carla_traffic_light_info__type_support.hpp
[17.010s] -- Up-to-date: /home/lion/intellicar/ros2_ws/install/carla_msgs/include/carla_msgs/msg/detail/carla_bounding_box__traits.hpp
[17.010s] -- Up-to-date: /home/lion/intellicar/ros2_ws/install/carla_msgs/include/carla_msgs/msg/detail/carla_ego_vehicle_info_wheel__traits.hpp
[17.010s] -- Up-to-date: /home/lion/intellicar/ros2_ws/install/carla_msgs/include/carla_msgs/msg/detail/carla_walker_control__struct.hpp
[17.010s] -- Up-to-date: /home/lion/intellicar/ros2_ws/install/carla_msgs/include/carla_msgs/msg/detail/carla_traffic_light_info_list__builder.hpp
[17.010s] -- Up-to-date: /home/lion/intellicar/ros2_ws/install/carla_msgs/include/carla_msgs/msg/detail/carla_weather_parameters__struct.hpp
[17.010s] -- Up-to-date: /home/lion/intellicar/ros2_ws/install/carla_msgs/include/carla_msgs/msg/detail/carla_ego_vehicle_info__builder.hpp
[17.010s] -- Up-to-date: /home/lion/intellicar/ros2_ws/install/carla_msgs/include/carla_msgs/msg/detail/carla_weather_parameters__type_support.hpp
[17.010s] -- Up-to-date: /home/lion/intellicar/ros2_ws/install/carla_msgs/include/carla_msgs/msg/carla_traffic_light_status.hpp
[17.011s] -- Up-to-date: /home/lion/intellicar/ros2_ws/install/carla_msgs/include/carla_msgs/msg/carla_ego_vehicle_info.hpp
[17.011s] -- Up-to-date: /home/lion/intellicar/ros2_ws/install/carla_msgs/include/carla_msgs/msg/carla_traffic_light_info.hpp
[17.011s] -- Up-to-date: /home/lion/intellicar/ros2_ws/install/carla_msgs/include/carla_msgs/msg/carla_actor_info.hpp
[17.043s] -- Up-to-date: /home/lion/intellicar/ros2_ws/install/carla_msgs/include/carla_msgs/msg/carla_traffic_light_status_list.hpp
[17.043s] -- Up-to-date: /home/lion/intellicar/ros2_ws/install/carla_msgs/include/carla_msgs/msg/carla_weather_parameters.hpp
[17.043s] -- Up-to-date: /home/lion/intellicar/ros2_ws/install/carla_msgs/include/carla_msgs/msg/carla_bounding_box.hpp
[17.043s] -- Up-to-date: /home/lion/intellicar/ros2_ws/install/carla_msgs/include/carla_msgs/msg/carla_actor_list.hpp
[17.043s] -- Up-to-date: /home/lion/intellicar/ros2_ws/install/carla_msgs/include/carla_msgs/msg/carla_world_info.hpp
[17.043s] -- Up-to-date: /home/lion/intellicar/ros2_ws/install/carla_msgs/include/carla_msgs/msg/carla_ego_vehicle_control.hpp
[17.044s] -- Up-to-date: /home/lion/intellicar/ros2_ws/install/carla_msgs/include/carla_msgs/msg/carla_walker_control.hpp
[17.044s] -- Up-to-date: /home/lion/intellicar/ros2_ws/install/carla_msgs/include/carla_msgs/msg/carla_ego_vehicle_info_wheel.hpp
[17.044s] -- Up-to-date: /home/lion/intellicar/ros2_ws/install/carla_msgs/include/carla_msgs/msg/carla_ego_vehicle_status.hpp
[17.044s] -- Up-to-date: /home/lion/intellicar/ros2_ws/install/carla_msgs/include/carla_msgs/msg/carla_control.hpp
[17.044s] -- Up-to-date: /home/lion/intellicar/ros2_ws/install/carla_msgs/include/carla_msgs/msg/carla_collision_event.hpp
[17.044s] -- Up-to-date: /home/lion/intellicar/ros2_ws/install/carla_msgs/include/carla_msgs/msg/carla_lane_invasion_event.hpp
[17.044s] -- Up-to-date: /home/lion/intellicar/ros2_ws/install/carla_msgs/include/carla_msgs/srv
[17.044s] -- Up-to-date: /home/lion/intellicar/ros2_ws/install/carla_msgs/include/carla_msgs/srv/detail
[17.044s] -- Up-to-date: /home/lion/intellicar/ros2_ws/install/carla_msgs/include/carla_msgs/srv/detail/destroy_object__builder.hpp
[17.045s] -- Up-to-date: /home/lion/intellicar/ros2_ws/install/carla_msgs/include/carla_msgs/srv/detail/get_blueprints__traits.hpp
[17.045s] -- Up-to-date: /home/lion/intellicar/ros2_ws/install/carla_msgs/include/carla_msgs/srv/detail/spawn_object__type_support.hpp
[17.045s] -- Up-to-date: /home/lion/intellicar/ros2_ws/install/carla_msgs/include/carla_msgs/srv/detail/get_blueprints__builder.hpp
[17.045s] -- Up-to-date: /home/lion/intellicar/ros2_ws/install/carla_msgs/include/carla_msgs/srv/detail/spawn_object__struct.hpp
[17.045s] -- Up-to-date: /home/lion/intellicar/ros2_ws/install/carla_msgs/include/carla_msgs/srv/detail/spawn_object__traits.hpp
[17.045s] -- Up-to-date: /home/lion/intellicar/ros2_ws/install/carla_msgs/include/carla_msgs/srv/detail/destroy_object__traits.hpp
[17.045s] -- Up-to-date: /home/lion/intellicar/ros2_ws/install/carla_msgs/include/carla_msgs/srv/detail/get_blueprints__struct.hpp
[17.045s] -- Up-to-date: /home/lion/intellicar/ros2_ws/install/carla_msgs/include/carla_msgs/srv/detail/spawn_object__builder.hpp
[17.045s] -- Up-to-date: /home/lion/intellicar/ros2_ws/install/carla_msgs/include/carla_msgs/srv/detail/destroy_object__type_support.hpp
[17.045s] -- Up-to-date: /home/lion/intellicar/ros2_ws/install/carla_msgs/include/carla_msgs/srv/detail/get_blueprints__type_support.hpp
[17.045s] -- Up-to-date: /home/lion/intellicar/ros2_ws/install/carla_msgs/include/carla_msgs/srv/detail/destroy_object__struct.hpp
[17.045s] -- Up-to-date: /home/lion/intellicar/ros2_ws/install/carla_msgs/include/carla_msgs/srv/destroy_object.hpp
[17.045s] -- Up-to-date: /home/lion/intellicar/ros2_ws/install/carla_msgs/include/carla_msgs/srv/get_blueprints.hpp
[17.045s] -- Up-to-date: /home/lion/intellicar/ros2_ws/install/carla_msgs/include/carla_msgs/srv/spawn_object.hpp
[17.046s] -- Up-to-date: /home/lion/intellicar/ros2_ws/install/carla_msgs/include/carla_msgs
[17.046s] -- Up-to-date: /home/lion/intellicar/ros2_ws/install/carla_msgs/include/carla_msgs/msg
[17.046s] -- Up-to-date: /home/lion/intellicar/ros2_ws/install/carla_msgs/include/carla_msgs/msg/detail
[17.046s] -- Up-to-date: /home/lion/intellicar/ros2_ws/install/carla_msgs/include/carla_msgs/msg/detail/carla_traffic_light_status__rosidl_typesupport_introspection_cpp.hpp
[17.046s] -- Up-to-date: /home/lion/intellicar/ros2_ws/install/carla_msgs/include/carla_msgs/msg/detail/carla_world_info__type_support.cpp
[17.046s] -- Up-to-date: /home/lion/intellicar/ros2_ws/install/carla_msgs/include/carla_msgs/msg/detail/carla_ego_vehicle_info_wheel__type_support.cpp
[17.047s] -- Up-to-date: /home/lion/intellicar/ros2_ws/install/carla_msgs/include/carla_msgs/msg/detail/carla_lane_invasion_event__rosidl_typesupport_introspection_cpp.hpp
[17.047s] -- Up-to-date: /home/lion/intellicar/ros2_ws/install/carla_msgs/include/carla_msgs/msg/detail/carla_ego_vehicle_control__type_support.cpp
[17.047s] -- Up-to-date: /home/lion/intellicar/ros2_ws/install/carla_msgs/include/carla_msgs/msg/detail/carla_weather_parameters__type_support.cpp
[17.047s] -- Up-to-date: /home/lion/intellicar/ros2_ws/install/carla_msgs/include/carla_msgs/msg/detail/carla_ego_vehicle_status__rosidl_typesupport_introspection_cpp.hpp
[17.047s] -- Up-to-date: /home/lion/intellicar/ros2_ws/install/carla_msgs/include/carla_msgs/msg/detail/carla_traffic_light_info_list__type_support.cpp
[17.047s] -- Up-to-date: /home/lion/intellicar/ros2_ws/install/carla_msgs/include/carla_msgs/msg/detail/carla_ego_vehicle_info__rosidl_typesupport_introspection_cpp.hpp
[17.047s] -- Up-to-date: /home/lion/intellicar/ros2_ws/install/carla_msgs/include/carla_msgs/msg/detail/carla_bounding_box__rosidl_typesupport_introspection_cpp.hpp
[17.048s] -- Up-to-date: /home/lion/intellicar/ros2_ws/install/carla_msgs/include/carla_msgs/msg/detail/carla_actor_list__rosidl_typesupport_introspection_cpp.hpp
[17.048s] -- Up-to-date: /home/lion/intellicar/ros2_ws/install/carla_msgs/include/carla_msgs/msg/detail/carla_ego_vehicle_status__type_support.cpp
[17.049s] -- Up-to-date: /home/lion/intellicar/ros2_ws/install/carla_msgs/include/carla_msgs/msg/detail/carla_lane_invasion_event__type_support.cpp
[17.049s] -- Up-to-date: /home/lion/intellicar/ros2_ws/install/carla_msgs/include/carla_msgs/msg/detail/carla_control__rosidl_typesupport_introspection_cpp.hpp
[17.049s] -- Up-to-date: /home/lion/intellicar/ros2_ws/install/carla_msgs/include/carla_msgs/msg/detail/carla_control__type_support.cpp
[17.050s] -- Up-to-date: /home/lion/intellicar/ros2_ws/install/carla_msgs/include/carla_msgs/msg/detail/carla_walker_control__rosidl_typesupport_introspection_cpp.hpp
[17.050s] -- Up-to-date: /home/lion/intellicar/ros2_ws/install/carla_msgs/include/carla_msgs/msg/detail/carla_traffic_light_info__rosidl_typesupport_introspection_cpp.hpp
[17.050s] -- Up-to-date: /home/lion/intellicar/ros2_ws/install/carla_msgs/include/carla_msgs/msg/detail/carla_traffic_light_status_list__rosidl_typesupport_introspection_cpp.hpp
[17.050s] -- Up-to-date: /home/lion/intellicar/ros2_ws/install/carla_msgs/include/carla_msgs/msg/detail/carla_actor_info__type_support.cpp
[17.051s] -- Up-to-date: /home/lion/intellicar/ros2_ws/install/carla_msgs/include/carla_msgs/msg/detail/carla_weather_parameters__rosidl_typesupport_introspection_cpp.hpp
[17.051s] -- Up-to-date: /home/lion/intellicar/ros2_ws/install/carla_msgs/include/carla_msgs/msg/detail/carla_bounding_box__type_support.cpp
[17.051s] -- Up-to-date: /home/lion/intellicar/ros2_ws/install/carla_msgs/include/carla_msgs/msg/detail/carla_ego_vehicle_info__type_support.cpp
[17.052s] -- Up-to-date: /home/lion/intellicar/ros2_ws/install/carla_msgs/include/carla_msgs/msg/detail/carla_traffic_light_status_list__type_support.cpp
[17.053s] -- Up-to-date: /home/lion/intellicar/ros2_ws/install/carla_msgs/include/carla_msgs/msg/detail/carla_actor_info__rosidl_typesupport_introspection_cpp.hpp
[17.053s] -- Up-to-date: /home/lion/intellicar/ros2_ws/install/carla_msgs/include/carla_msgs/msg/detail/carla_status__rosidl_typesupport_introspection_cpp.hpp
[17.053s] -- Up-to-date: /home/lion/intellicar/ros2_ws/install/carla_msgs/include/carla_msgs/msg/detail/carla_world_info__rosidl_typesupport_introspection_cpp.hpp
[17.053s] -- Up-to-date: /home/lion/intellicar/ros2_ws/install/carla_msgs/include/carla_msgs/msg/detail/carla_traffic_light_info__type_support.cpp
[17.053s] -- Up-to-date: /home/lion/intellicar/ros2_ws/install/carla_msgs/include/carla_msgs/msg/detail/carla_ego_vehicle_info_wheel__rosidl_typesupport_introspection_cpp.hpp
[17.053s] -- Up-to-date: /home/lion/intellicar/ros2_ws/install/carla_msgs/include/carla_msgs/msg/detail/carla_traffic_light_info_list__rosidl_typesupport_introspection_cpp.hpp
[17.054s] -- Up-to-date: /home/lion/intellicar/ros2_ws/install/carla_msgs/include/carla_msgs/msg/detail/carla_status__type_support.cpp
[17.054s] -- Up-to-date: /home/lion/intellicar/ros2_ws/install/carla_msgs/include/carla_msgs/msg/detail/carla_traffic_light_status__type_support.cpp
[17.054s] -- Up-to-date: /home/lion/intellicar/ros2_ws/install/carla_msgs/include/carla_msgs/msg/detail/carla_collision_event__type_support.cpp
[17.054s] -- Up-to-date: /home/lion/intellicar/ros2_ws/install/carla_msgs/include/carla_msgs/msg/detail/carla_ego_vehicle_control__rosidl_typesupport_introspection_cpp.hpp
[17.054s] -- Up-to-date: /home/lion/intellicar/ros2_ws/install/carla_msgs/include/carla_msgs/msg/detail/carla_collision_event__rosidl_typesupport_introspection_cpp.hpp
[17.054s] -- Up-to-date: /home/lion/intellicar/ros2_ws/install/carla_msgs/include/carla_msgs/msg/detail/carla_actor_list__type_support.cpp
[17.054s] -- Up-to-date: /home/lion/intellicar/ros2_ws/install/carla_msgs/include/carla_msgs/msg/detail/carla_walker_control__type_support.cpp
[17.054s] -- Up-to-date: /home/lion/intellicar/ros2_ws/install/carla_msgs/include/carla_msgs/srv
[17.054s] -- Up-to-date: /home/lion/intellicar/ros2_ws/install/carla_msgs/include/carla_msgs/srv/detail
[17.054s] -- Up-to-date: /home/lion/intellicar/ros2_ws/install/carla_msgs/include/carla_msgs/srv/detail/spawn_object__rosidl_typesupport_introspection_cpp.hpp
[17.055s] -- Up-to-date: /home/lion/intellicar/ros2_ws/install/carla_msgs/include/carla_msgs/srv/detail/spawn_object__type_support.cpp
[17.056s] -- Up-to-date: /home/lion/intellicar/ros2_ws/install/carla_msgs/include/carla_msgs/srv/detail/destroy_object__type_support.cpp
[17.056s] -- Up-to-date: /home/lion/intellicar/ros2_ws/install/carla_msgs/include/carla_msgs/srv/detail/get_blueprints__rosidl_typesupport_introspection_cpp.hpp
[17.056s] -- Up-to-date: /home/lion/intellicar/ros2_ws/install/carla_msgs/include/carla_msgs/srv/detail/destroy_object__rosidl_typesupport_introspection_cpp.hpp
[17.056s] -- Up-to-date: /home/lion/intellicar/ros2_ws/install/carla_msgs/include/carla_msgs/srv/detail/get_blueprints__type_support.cpp
[17.056s] -- Up-to-date: /home/lion/intellicar/ros2_ws/install/carla_msgs/lib/libcarla_msgs__rosidl_typesupport_introspection_cpp.so
[17.057s] -- Up-to-date: /home/lion/intellicar/ros2_ws/install/carla_msgs/lib/libcarla_msgs__rosidl_typesupport_cpp.so
[17.057s] -- Up-to-date: /home/lion/intellicar/ros2_ws/install/carla_msgs/share/carla_msgs/environment/pythonpath.sh
[17.057s] -- Up-to-date: /home/lion/intellicar/ros2_ws/install/carla_msgs/share/carla_msgs/environment/pythonpath.dsv
[17.057s] -- Up-to-date: /home/lion/intellicar/ros2_ws/install/carla_msgs/lib/python3.8/site-packages/carla_msgs/__init__.py
[17.080s] -- Up-to-date: /home/lion/intellicar/ros2_ws/install/carla_msgs/lib/python3.8/site-packages/carla_msgs/msg
[17.081s] -- Up-to-date: /home/lion/intellicar/ros2_ws/install/carla_msgs/lib/python3.8/site-packages/carla_msgs/msg/_carla_ego_vehicle_info_s.c
[17.081s] -- Up-to-date: /home/lion/intellicar/ros2_ws/install/carla_msgs/lib/python3.8/site-packages/carla_msgs/msg/_carla_actor_info.py
[17.081s] -- Up-to-date: /home/lion/intellicar/ros2_ws/install/carla_msgs/lib/python3.8/site-packages/carla_msgs/msg/_carla_weather_parameters_s.c
[17.082s] -- Up-to-date: /home/lion/intellicar/ros2_ws/install/carla_msgs/lib/python3.8/site-packages/carla_msgs/msg/_carla_lane_invasion_event.py
[17.082s] -- Up-to-date: /home/lion/intellicar/ros2_ws/install/carla_msgs/lib/python3.8/site-packages/carla_msgs/msg/_carla_world_info.py
[17.082s] -- Up-to-date: /home/lion/intellicar/ros2_ws/install/carla_msgs/lib/python3.8/site-packages/carla_msgs/msg/_carla_weather_parameters.py
[17.084s] -- Up-to-date: /home/lion/intellicar/ros2_ws/install/carla_msgs/lib/python3.8/site-packages/carla_msgs/msg/_carla_ego_vehicle_info_wheel.py
[17.084s] -- Up-to-date: /home/lion/intellicar/ros2_ws/install/carla_msgs/lib/python3.8/site-packages/carla_msgs/msg/_carla_collision_event.py
[17.085s] -- Up-to-date: /home/lion/intellicar/ros2_ws/install/carla_msgs/lib/python3.8/site-packages/carla_msgs/msg/_carla_traffic_light_info_list.py
[17.085s] -- Up-to-date: /home/lion/intellicar/ros2_ws/install/carla_msgs/lib/python3.8/site-packages/carla_msgs/msg/_carla_bounding_box_s.c
[17.085s] -- Up-to-date: /home/lion/intellicar/ros2_ws/install/carla_msgs/lib/python3.8/site-packages/carla_msgs/msg/_carla_actor_list_s.c
[17.085s] -- Up-to-date: /home/lion/intellicar/ros2_ws/install/carla_msgs/lib/python3.8/site-packages/carla_msgs/msg/_carla_ego_vehicle_control.py
[17.085s] -- Up-to-date: /home/lion/intellicar/ros2_ws/install/carla_msgs/lib/python3.8/site-packages/carla_msgs/msg/_carla_bounding_box.py
[17.085s] -- Up-to-date: /home/lion/intellicar/ros2_ws/install/carla_msgs/lib/python3.8/site-packages/carla_msgs/msg/_carla_walker_control_s.c
[17.085s] -- Up-to-date: /home/lion/intellicar/ros2_ws/install/carla_msgs/lib/python3.8/site-packages/carla_msgs/msg/_carla_collision_event_s.c
[17.085s] -- Up-to-date: /home/lion/intellicar/ros2_ws/install/carla_msgs/lib/python3.8/site-packages/carla_msgs/msg/_carla_ego_vehicle_info_wheel_s.c
[17.085s] -- Up-to-date: /home/lion/intellicar/ros2_ws/install/carla_msgs/lib/python3.8/site-packages/carla_msgs/msg/__init__.py
[17.085s] -- Up-to-date: /home/lion/intellicar/ros2_ws/install/carla_msgs/lib/python3.8/site-packages/carla_msgs/msg/_carla_control_s.c
[17.086s] -- Up-to-date: /home/lion/intellicar/ros2_ws/install/carla_msgs/lib/python3.8/site-packages/carla_msgs/msg/_carla_walker_control.py
[17.086s] -- Up-to-date: /home/lion/intellicar/ros2_ws/install/carla_msgs/lib/python3.8/site-packages/carla_msgs/msg/_carla_ego_vehicle_control_s.c
[17.086s] -- Up-to-date: /home/lion/intellicar/ros2_ws/install/carla_msgs/lib/python3.8/site-packages/carla_msgs/msg/_carla_traffic_light_status_list_s.c
[17.086s] -- Up-to-date: /home/lion/intellicar/ros2_ws/install/carla_msgs/lib/python3.8/site-packages/carla_msgs/msg/_carla_control.py
[17.086s] -- Up-to-date: /home/lion/intellicar/ros2_ws/install/carla_msgs/lib/python3.8/site-packages/carla_msgs/msg/_carla_world_info_s.c
[17.086s] -- Up-to-date: /home/lion/intellicar/ros2_ws/install/carla_msgs/lib/python3.8/site-packages/carla_msgs/msg/_carla_lane_invasion_event_s.c
[17.086s] -- Up-to-date: /home/lion/intellicar/ros2_ws/install/carla_msgs/lib/python3.8/site-packages/carla_msgs/msg/_carla_traffic_light_info_s.c
[17.086s] -- Up-to-date: /home/lion/intellicar/ros2_ws/install/carla_msgs/lib/python3.8/site-packages/carla_msgs/msg/_carla_traffic_light_info_list_s.c
[17.086s] -- Up-to-date: /home/lion/intellicar/ros2_ws/install/carla_msgs/lib/python3.8/site-packages/carla_msgs/msg/_carla_traffic_light_status.py
[17.087s] -- Up-to-date: /home/lion/intellicar/ros2_ws/install/carla_msgs/lib/python3.8/site-packages/carla_msgs/msg/_carla_actor_list.py
[17.087s] -- Up-to-date: /home/lion/intellicar/ros2_ws/install/carla_msgs/lib/python3.8/site-packages/carla_msgs/msg/_carla_traffic_light_info.py
[17.087s] -- Up-to-date: /home/lion/intellicar/ros2_ws/install/carla_msgs/lib/python3.8/site-packages/carla_msgs/msg/_carla_ego_vehicle_info.py
[17.087s] -- Up-to-date: /home/lion/intellicar/ros2_ws/install/carla_msgs/lib/python3.8/site-packages/carla_msgs/msg/_carla_traffic_light_status_s.c
[17.087s] -- Up-to-date: /home/lion/intellicar/ros2_ws/install/carla_msgs/lib/python3.8/site-packages/carla_msgs/msg/_carla_traffic_light_status_list.py
[17.087s] -- Up-to-date: /home/lion/intellicar/ros2_ws/install/carla_msgs/lib/python3.8/site-packages/carla_msgs/msg/_carla_status_s.c
[17.087s] -- Up-to-date: /home/lion/intellicar/ros2_ws/install/carla_msgs/lib/python3.8/site-packages/carla_msgs/msg/_carla_ego_vehicle_status_s.c
[17.087s] -- Up-to-date: /home/lion/intellicar/ros2_ws/install/carla_msgs/lib/python3.8/site-packages/carla_msgs/msg/_carla_actor_info_s.c
[17.088s] -- Up-to-date: /home/lion/intellicar/ros2_ws/install/carla_msgs/lib/python3.8/site-packages/carla_msgs/msg/_carla_ego_vehicle_status.py
[17.088s] -- Up-to-date: /home/lion/intellicar/ros2_ws/install/carla_msgs/lib/python3.8/site-packages/carla_msgs/msg/_carla_status.py
[17.088s] -- Up-to-date: /home/lion/intellicar/ros2_ws/install/carla_msgs/lib/python3.8/site-packages/carla_msgs/srv
[17.088s] -- Up-to-date: /home/lion/intellicar/ros2_ws/install/carla_msgs/lib/python3.8/site-packages/carla_msgs/srv/_spawn_object_s.c
[17.088s] -- Up-to-date: /home/lion/intellicar/ros2_ws/install/carla_msgs/lib/python3.8/site-packages/carla_msgs/srv/_destroy_object_s.c
[17.088s] -- Up-to-date: /home/lion/intellicar/ros2_ws/install/carla_msgs/lib/python3.8/site-packages/carla_msgs/srv/__init__.py
[17.088s] -- Up-to-date: /home/lion/intellicar/ros2_ws/install/carla_msgs/lib/python3.8/site-packages/carla_msgs/srv/_destroy_object.py
[17.089s] -- Up-to-date: /home/lion/intellicar/ros2_ws/install/carla_msgs/lib/python3.8/site-packages/carla_msgs/srv/_get_blueprints.py
[17.089s] -- Up-to-date: /home/lion/intellicar/ros2_ws/install/carla_msgs/lib/python3.8/site-packages/carla_msgs/srv/_get_blueprints_s.c
[17.089s] -- Up-to-date: /home/lion/intellicar/ros2_ws/install/carla_msgs/lib/python3.8/site-packages/carla_msgs/srv/_spawn_object.py
[17.092s] -- Up-to-date: /home/lion/intellicar/ros2_ws/install/carla_msgs/lib/python3.8/site-packages/carla_msgs/carla_msgs_s__rosidl_typesupport_fastrtps_c.cpython-38-x86_64-linux-gnu.so
[17.093s] -- Up-to-date: /home/lion/intellicar/ros2_ws/install/carla_msgs/lib/python3.8/site-packages/carla_msgs/carla_msgs_s__rosidl_typesupport_introspection_c.cpython-38-x86_64-linux-gnu.so
[17.093s] -- Up-to-date: /home/lion/intellicar/ros2_ws/install/carla_msgs/lib/python3.8/site-packages/carla_msgs/carla_msgs_s__rosidl_typesupport_c.cpython-38-x86_64-linux-gnu.so
[17.093s] -- Up-to-date: /home/lion/intellicar/ros2_ws/install/carla_msgs/lib/libcarla_msgs__python.so
[17.094s] -- Up-to-date: /home/lion/intellicar/ros2_ws/install/carla_msgs/share/carla_msgs/msg/CarlaBoundingBox.idl
[17.095s] -- Up-to-date: /home/lion/intellicar/ros2_ws/install/carla_msgs/share/carla_msgs/msg/CarlaEgoVehicleControl.idl
[17.096s] -- Up-to-date: /home/lion/intellicar/ros2_ws/install/carla_msgs/share/carla_msgs/msg/CarlaEgoVehicleStatus.idl
[17.096s] -- Up-to-date: /home/lion/intellicar/ros2_ws/install/carla_msgs/share/carla_msgs/msg/CarlaEgoVehicleInfoWheel.idl
[17.097s] -- Up-to-date: /home/lion/intellicar/ros2_ws/install/carla_msgs/share/carla_msgs/msg/CarlaEgoVehicleInfo.idl
[17.097s] -- Up-to-date: /home/lion/intellicar/ros2_ws/install/carla_msgs/share/carla_msgs/msg/CarlaCollisionEvent.idl
[17.097s] -- Up-to-date: /home/lion/intellicar/ros2_ws/install/carla_msgs/share/carla_msgs/msg/CarlaLaneInvasionEvent.idl
[17.098s] -- Up-to-date: /home/lion/intellicar/ros2_ws/install/carla_msgs/share/carla_msgs/msg/CarlaWorldInfo.idl
[17.098s] -- Up-to-date: /home/lion/intellicar/ros2_ws/install/carla_msgs/share/carla_msgs/msg/CarlaActorInfo.idl
[17.098s] -- Up-to-date: /home/lion/intellicar/ros2_ws/install/carla_msgs/share/carla_msgs/msg/CarlaActorList.idl
[17.098s] -- Up-to-date: /home/lion/intellicar/ros2_ws/install/carla_msgs/share/carla_msgs/msg/CarlaControl.idl
[17.098s] -- Up-to-date: /home/lion/intellicar/ros2_ws/install/carla_msgs/share/carla_msgs/msg/CarlaStatus.idl
[17.098s] -- Up-to-date: /home/lion/intellicar/ros2_ws/install/carla_msgs/share/carla_msgs/msg/CarlaTrafficLightInfo.idl
[17.098s] -- Up-to-date: /home/lion/intellicar/ros2_ws/install/carla_msgs/share/carla_msgs/msg/CarlaTrafficLightInfoList.idl
[17.098s] -- Up-to-date: /home/lion/intellicar/ros2_ws/install/carla_msgs/share/carla_msgs/msg/CarlaTrafficLightStatus.idl
[17.098s] -- Up-to-date: /home/lion/intellicar/ros2_ws/install/carla_msgs/share/carla_msgs/msg/CarlaTrafficLightStatusList.idl
[17.099s] -- Up-to-date: /home/lion/intellicar/ros2_ws/install/carla_msgs/share/carla_msgs/msg/CarlaWalkerControl.idl
[17.099s] -- Up-to-date: /home/lion/intellicar/ros2_ws/install/carla_msgs/share/carla_msgs/msg/CarlaWeatherParameters.idl
[17.099s] -- Up-to-date: /home/lion/intellicar/ros2_ws/install/carla_msgs/share/carla_msgs/srv/SpawnObject.idl
[17.100s] -- Up-to-date: /home/lion/intellicar/ros2_ws/install/carla_msgs/share/carla_msgs/srv/DestroyObject.idl
[17.100s] -- Up-to-date: /home/lion/intellicar/ros2_ws/install/carla_msgs/share/carla_msgs/srv/GetBlueprints.idl
[17.101s] -- Up-to-date: /home/lion/intellicar/ros2_ws/install/carla_msgs/share/carla_msgs/msg/CarlaBoundingBox.msg
[17.101s] -- Up-to-date: /home/lion/intellicar/ros2_ws/install/carla_msgs/share/carla_msgs/msg/CarlaEgoVehicleControl.msg
[17.103s] -- Up-to-date: /home/lion/intellicar/ros2_ws/install/carla_msgs/share/carla_msgs/msg/CarlaEgoVehicleStatus.msg
[17.103s] -- Up-to-date: /home/lion/intellicar/ros2_ws/install/carla_msgs/share/carla_msgs/msg/CarlaEgoVehicleInfoWheel.msg
[17.103s] -- Up-to-date: /home/lion/intellicar/ros2_ws/install/carla_msgs/share/carla_msgs/msg/CarlaEgoVehicleInfo.msg
[17.103s] -- Up-to-date: /home/lion/intellicar/ros2_ws/install/carla_msgs/share/carla_msgs/msg/CarlaCollisionEvent.msg
[17.104s] -- Up-to-date: /home/lion/intellicar/ros2_ws/install/carla_msgs/share/carla_msgs/msg/CarlaLaneInvasionEvent.msg
[17.104s] -- Up-to-date: /home/lion/intellicar/ros2_ws/install/carla_msgs/share/carla_msgs/msg/CarlaWorldInfo.msg
[17.104s] -- Up-to-date: /home/lion/intellicar/ros2_ws/install/carla_msgs/share/carla_msgs/msg/CarlaActorInfo.msg
[17.104s] -- Up-to-date: /home/lion/intellicar/ros2_ws/install/carla_msgs/share/carla_msgs/msg/CarlaActorList.msg
[17.104s] -- Up-to-date: /home/lion/intellicar/ros2_ws/install/carla_msgs/share/carla_msgs/msg/CarlaControl.msg
[17.105s] -- Up-to-date: /home/lion/intellicar/ros2_ws/install/carla_msgs/share/carla_msgs/msg/CarlaStatus.msg
[17.105s] -- Up-to-date: /home/lion/intellicar/ros2_ws/install/carla_msgs/share/carla_msgs/msg/CarlaTrafficLightInfo.msg
[17.106s] -- Up-to-date: /home/lion/intellicar/ros2_ws/install/carla_msgs/share/carla_msgs/msg/CarlaTrafficLightInfoList.msg
[17.106s] -- Up-to-date: /home/lion/intellicar/ros2_ws/install/carla_msgs/share/carla_msgs/msg/CarlaTrafficLightStatus.msg
[17.106s] -- Up-to-date: /home/lion/intellicar/ros2_ws/install/carla_msgs/share/carla_msgs/msg/CarlaTrafficLightStatusList.msg
[17.107s] -- Up-to-date: /home/lion/intellicar/ros2_ws/install/carla_msgs/share/carla_msgs/msg/CarlaWalkerControl.msg
[17.107s] -- Up-to-date: /home/lion/intellicar/ros2_ws/install/carla_msgs/share/carla_msgs/msg/CarlaWeatherParameters.msg
[17.107s] -- Up-to-date: /home/lion/intellicar/ros2_ws/install/carla_msgs/share/carla_msgs/srv/SpawnObject.srv
[17.107s] -- Up-to-date: /home/lion/intellicar/ros2_ws/install/carla_msgs/share/carla_msgs/srv/SpawnObject_Request.msg
[17.107s] -- Up-to-date: /home/lion/intellicar/ros2_ws/install/carla_msgs/share/carla_msgs/srv/SpawnObject_Response.msg
[17.107s] -- Up-to-date: /home/lion/intellicar/ros2_ws/install/carla_msgs/share/carla_msgs/srv/DestroyObject.srv
[17.107s] -- Up-to-date: /home/lion/intellicar/ros2_ws/install/carla_msgs/share/carla_msgs/srv/DestroyObject_Request.msg
[17.107s] -- Up-to-date: /home/lion/intellicar/ros2_ws/install/carla_msgs/share/carla_msgs/srv/DestroyObject_Response.msg
[17.107s] -- Up-to-date: /home/lion/intellicar/ros2_ws/install/carla_msgs/share/carla_msgs/srv/GetBlueprints.srv
[17.107s] -- Up-to-date: /home/lion/intellicar/ros2_ws/install/carla_msgs/share/carla_msgs/srv/GetBlueprints_Request.msg
[17.107s] -- Up-to-date: /home/lion/intellicar/ros2_ws/install/carla_msgs/share/carla_msgs/srv/GetBlueprints_Response.msg
[17.107s] -- Up-to-date: /home/lion/intellicar/ros2_ws/install/carla_msgs/share/ament_index/resource_index/package_run_dependencies/carla_msgs
[17.107s] -- Up-to-date: /home/lion/intellicar/ros2_ws/install/carla_msgs/share/ament_index/resource_index/parent_prefix_path/carla_msgs
[17.108s] -- Up-to-date: /home/lion/intellicar/ros2_ws/install/carla_msgs/share/carla_msgs/environment/ament_prefix_path.sh
[17.108s] -- Up-to-date: /home/lion/intellicar/ros2_ws/install/carla_msgs/share/carla_msgs/environment/ament_prefix_path.dsv
[17.108s] -- Up-to-date: /home/lion/intellicar/ros2_ws/install/carla_msgs/share/carla_msgs/environment/path.sh
[17.108s] -- Up-to-date: /home/lion/intellicar/ros2_ws/install/carla_msgs/share/carla_msgs/environment/path.dsv
[17.108s] -- Up-to-date: /home/lion/intellicar/ros2_ws/install/carla_msgs/share/carla_msgs/local_setup.bash
[17.108s] -- Up-to-date: /home/lion/intellicar/ros2_ws/install/carla_msgs/share/carla_msgs/local_setup.sh
[17.108s] -- Up-to-date: /home/lion/intellicar/ros2_ws/install/carla_msgs/share/carla_msgs/local_setup.zsh
[17.108s] -- Up-to-date: /home/lion/intellicar/ros2_ws/install/carla_msgs/share/carla_msgs/local_setup.dsv
[17.108s] -- Installing: /home/lion/intellicar/ros2_ws/install/carla_msgs/share/carla_msgs/package.dsv
[17.108s] -- Up-to-date: /home/lion/intellicar/ros2_ws/install/carla_msgs/share/ament_index/resource_index/packages/carla_msgs
[17.108s] -- Up-to-date: /home/lion/intellicar/ros2_ws/install/carla_msgs/share/carla_msgs/cmake/carla_msgs__rosidl_generator_cExport.cmake
[17.108s] -- Up-to-date: /home/lion/intellicar/ros2_ws/install/carla_msgs/share/carla_msgs/cmake/carla_msgs__rosidl_generator_cExport-noconfig.cmake
[17.108s] -- Up-to-date: /home/lion/intellicar/ros2_ws/install/carla_msgs/share/carla_msgs/cmake/carla_msgs__rosidl_typesupport_introspection_cExport.cmake
[17.108s] -- Up-to-date: /home/lion/intellicar/ros2_ws/install/carla_msgs/share/carla_msgs/cmake/carla_msgs__rosidl_typesupport_introspection_cExport-noconfig.cmake
[17.109s] -- Up-to-date: /home/lion/intellicar/ros2_ws/install/carla_msgs/share/carla_msgs/cmake/carla_msgs__rosidl_typesupport_cExport.cmake
[17.109s] -- Up-to-date: /home/lion/intellicar/ros2_ws/install/carla_msgs/share/carla_msgs/cmake/carla_msgs__rosidl_typesupport_cExport-noconfig.cmake
[17.109s] -- Up-to-date: /home/lion/intellicar/ros2_ws/install/carla_msgs/share/carla_msgs/cmake/carla_msgs__rosidl_generator_cppExport.cmake
[17.109s] -- Up-to-date: /home/lion/intellicar/ros2_ws/install/carla_msgs/share/carla_msgs/cmake/carla_msgs__rosidl_typesupport_introspection_cppExport.cmake
[17.109s] -- Up-to-date: /home/lion/intellicar/ros2_ws/install/carla_msgs/share/carla_msgs/cmake/carla_msgs__rosidl_typesupport_introspection_cppExport-noconfig.cmake
[17.109s] -- Up-to-date: /home/lion/intellicar/ros2_ws/install/carla_msgs/share/carla_msgs/cmake/carla_msgs__rosidl_typesupport_cppExport.cmake
[17.109s] -- Up-to-date: /home/lion/intellicar/ros2_ws/install/carla_msgs/share/carla_msgs/cmake/carla_msgs__rosidl_typesupport_cppExport-noconfig.cmake
[17.109s] -- Up-to-date: /home/lion/intellicar/ros2_ws/install/carla_msgs/share/carla_msgs/cmake/rosidl_cmake-extras.cmake
[17.110s] -- Up-to-date: /home/lion/intellicar/ros2_ws/install/carla_msgs/share/carla_msgs/cmake/ament_cmake_export_dependencies-extras.cmake
[17.110s] -- Up-to-date: /home/lion/intellicar/ros2_ws/install/carla_msgs/share/carla_msgs/cmake/ament_cmake_export_libraries-extras.cmake
[17.110s] -- Up-to-date: /home/lion/intellicar/ros2_ws/install/carla_msgs/share/carla_msgs/cmake/ament_cmake_export_targets-extras.cmake
[17.113s] -- Up-to-date: /home/lion/intellicar/ros2_ws/install/carla_msgs/share/carla_msgs/cmake/ament_cmake_export_include_directories-extras.cmake
[17.114s] -- Up-to-date: /home/lion/intellicar/ros2_ws/install/carla_msgs/share/carla_msgs/cmake/rosidl_cmake_export_typesupport_libraries-extras.cmake
[17.115s] -- Up-to-date: /home/lion/intellicar/ros2_ws/install/carla_msgs/share/carla_msgs/cmake/rosidl_cmake_export_typesupport_targets-extras.cmake
[17.115s] -- Up-to-date: /home/lion/intellicar/ros2_ws/install/carla_msgs/share/carla_msgs/cmake/carla_msgsConfig.cmake
[17.115s] -- Up-to-date: /home/lion/intellicar/ros2_ws/install/carla_msgs/share/carla_msgs/cmake/carla_msgsConfig-version.cmake
[17.115s] -- Up-to-date: /home/lion/intellicar/ros2_ws/install/carla_msgs/share/carla_msgs/package.xml
[20.159s] Invoked command in '/home/lion/intellicar/ros2_ws/build/carla_msgs' returned '0': CMAKE_PREFIX_PATH=${CMAKE_PREFIX_PATH}:/home/lion/intellicar/ros2_ws/install/yolo_detection:/home/lion/intellicar/ros2_ws/install/traffic_light_task:/home/lion/intellicar/ros2_ws/install/carla_ad_demo:/home/lion/intellicar/ros2_ws/install/rqt_carla_control:/home/lion/intellicar/ros2_ws/install/carla_waypoint_publisher:/home/lion/intellicar/ros2_ws/install/carla_ackermann_control:/home/lion/intellicar/ros2_ws/install/carla_ros_bridge:/home/lion/intellicar/ros2_ws/install/carla_spawn_objects:/home/lion/intellicar/ros2_ws/install/carla_manual_control:/home/lion/intellicar/ros2_ws/install/carla_ad_agent:/home/lion/intellicar/ros2_ws/install/ros_compatibility:/home/lion/intellicar/ros2_ws/install/carla_walker_agent:/home/lion/intellicar/ros2_ws/install/carla_twist_to_control:/home/lion/intellicar/ros2_ws/install/carla_ros_scenario_runner:/home/lion/intellicar/ros2_ws/install/carla_common:/opt/ros/foxy /usr/bin/cmake --install /home/lion/intellicar/ros2_ws/build/carla_msgs
